15:31:11.364 [main                     ] DEBUG Logger               - Configured Logger
15:31:11.417 [main                     ] DEBUG GameApplication      - Logging settings
Title: Rhythm Knight
Version: Pre-Alpha 1
Width: 1920
Height: 1080
Fullscreen: false
Intro: false
Profiling: false
Single step:false
App Mode: DEVELOPER
Menu Key: ESCAPE
Stage Style: DECORATED
Scene Factory: class GameApp$1

15:31:12.043 [JavaFX Application Thread] DEBUG FXGLApplication      - Initializing FXGL
15:31:12.046 [JavaFX Application Thread] INFO  Engine               - FXGL-11.16 (25.05.2021 08.16) on MAC (J:11.0.8 FX:16)
15:31:12.047 [JavaFX Application Thread] DEBUG Engine               - JRE Vendor Name: Oracle Corporation
15:31:12.048 [JavaFX Application Thread] DEBUG Engine               - Running on OS: Mac OS X version 10.16
15:31:12.048 [JavaFX Application Thread] DEBUG Engine               - Architecture: x86_64
15:31:12.049 [JavaFX Application Thread] INFO  Engine               - Source code and latest versions at: https://github.com/AlmasB/FXGL
15:31:12.050 [JavaFX Application Thread] INFO  Engine               -              Join the FXGL chat at: https://gitter.im/AlmasB/FXGL
15:31:12.290 [JavaFX Application Thread] DEBUG PrimaryStageWindow   - Creating a JavaFX scene
15:31:12.291 [JavaFX Application Thread] DEBUG PrimaryStageWindow   - Target size > screen size
15:31:12.364 [JavaFX Application Thread] DEBUG PrimaryStageWindow   - Target settings size: 1920.0 x 1080.0
15:31:12.365 [JavaFX Application Thread] DEBUG PrimaryStageWindow   - Scaled scene size:    1400.0 x 801.0
15:31:12.365 [JavaFX Application Thread] DEBUG PrimaryStageWindow   - Scaled ratio: (0.7291666666666666, 0.7416666666666667)
15:31:12.366 [JavaFX Application Thread] DEBUG PrimaryStageWindow   - Set initial scene to FXGLStartupScene
15:31:12.375 [JavaFX Application Thread] DEBUG PrimaryStageWindow   - Opening main window
15:31:12.840 [JavaFX Application Thread] DEBUG PrimaryStageWindow   - Window border size: (0.0, 28.0)
15:31:12.840 [JavaFX Application Thread] DEBUG PrimaryStageWindow   - Scaled size: 1400.0 x 801.0
15:31:12.840 [JavaFX Application Thread] DEBUG PrimaryStageWindow   - Scaled ratio: (0.7291666666666666, 0.7416666666666667)
15:31:12.841 [JavaFX Application Thread] DEBUG PrimaryStageWindow   - Scene size: 1400.0 x 801.0
15:31:12.841 [JavaFX Application Thread] DEBUG PrimaryStageWindow   - Stage size: 1400.0 x 829.0
15:31:12.848 [FXGL Background Thread 1 ] DEBUG Engine               - Initializing environment variables
15:31:12.911 [FXGL Background Thread 1 ] DEBUG FXGLAssetLoaderServi - User app class for loading assets: class GameApp
15:31:12.912 [FXGL Background Thread 1 ] DEBUG GameApplicationServi - Applying CSS: fxgl_dark.css
15:31:12.913 [FXGL Background Thread 1 ] DEBUG FXGLAssetLoaderServi - Loading from file system: jar:file:/Users/kylefry/.m2/repository/com/github/almasb/fxgl/11.16/fxgl-11.16.jar!/fxglassets/ui/css/fxgl_dark.css
15:31:12.995 [FXGL Background Thread 1 ] DEBUG GameApplicationServi - Initializing application scenes
15:31:13.521 [FXGL Background Thread 1 ] DEBUG GameWorld            - Game world initialized
15:31:13.606 [FXGL Background Thread 1 ] DEBUG PhysicsWorld         - Physics world initialized: appHeight=1080, physics.ppm=50.0
15:31:13.607 [FXGL Background Thread 1 ] DEBUG PhysicsWorld         - Using strategy: BRUTE_FORCE
15:31:13.609 [FXGL Background Thread 1 ] DEBUG GameScene            - Game scene initialized: 1920x1080
15:31:13.616 [FXGL Background Thread 1 ] DEBUG FXGLAssetLoaderServi - Loading from file system: file:/Users/kylefry/Desktop/RhythmKnight/Project/target/classes/assets/textures/logo-with-menu.png
15:31:13.813 [FXGL Background Thread 1 ] DEBUG FXGL.DefaultMenu     - createMenuBodyGameMenu()
15:31:13.823 [FXGL Background Thread 1 ] DEBUG FXGL.DefaultMenu     - createOptionsMenu()
15:31:13.828 [FXGL Background Thread 1 ] DEBUG FXGLAssetLoaderServi - Loading from file system: jar:file:/Users/kylefry/.m2/repository/com/github/almasb/fxgl/11.16/fxgl-11.16.jar!/fxglassets/textures/particles/smoke.png
15:31:13.914 [FXGL Background Thread 1 ] DEBUG FXGLAssetLoaderServi - Loading from file system: jar:file:/Users/kylefry/.m2/repository/com/github/almasb/fxgl/11.16/fxgl-11.16.jar!/fxglassets/textures/particles/trace_horizontal.png
15:31:13.936 [FXGL Background Thread 1 ] DEBUG GameApplicationServi - Application scenes initialized
15:31:13.947 [FXGL Background Thread 1 ] DEBUG SystemBundleService  - Loading FXGL system data
15:31:13.950 [FXGL Background Thread 1 ] DEBUG FileSystemAccess     - Reading from: /Users/kylefry/Desktop/RhythmKnight/Project/system/fxgl.bundle
15:31:13.956 [FXGL Background Thread 1 ] DEBUG SystemBundleService  - Bundle FXGL: {}
15:31:13.956 [FXGL Background Thread 1 ] DEBUG UpdaterService       - Checking for updates
15:31:13.960 [FXGL Background Thread 4 ] DEBUG FXGLApplication      - Loading fonts
15:31:13.961 [FXGL Background Thread 4 ] DEBUG FXGLAssetLoaderServi - Loading from file system: jar:file:/Users/kylefry/.m2/repository/com/github/almasb/fxgl/11.16/fxgl-11.16.jar!/fxglassets/ui/fonts/VarelaRound-Regular.ttf
15:31:13.962 [FXGL Background Thread 1 ] DEBUG FXGLApplication      - Loading default localization
15:31:13.963 [FXGL Background Thread 1 ] DEBUG FXGLAssetLoaderServi - Loading from file system: jar:file:/Users/kylefry/.m2/repository/com/github/almasb/fxgl/11.16/fxgl-11.16.jar!/fxglassets/languages/english.lang
15:31:13.980 [FXGL Background Thread 1 ] INFO  FXGLApplication      - FXGL initialization took: 1.132 sec
15:31:13.983 [JavaFX Application Thread] DEBUG FXGLAssetLoaderServi - Loading from file system: jar:file:/Users/kylefry/.m2/repository/com/github/almasb/fxgl/11.16/fxgl-11.16.jar!/fxglassets/textures/fxgl_icon.png
15:31:13.989 [FXGL Background Thread 4 ] DEBUG FXGLAssetLoaderServi - Loading from file system: jar:file:/Users/kylefry/.m2/repository/com/github/almasb/fxgl/11.16/fxgl-11.16.jar!/fxglassets/ui/fonts/Abel-Regular.ttf
15:31:13.992 [FXGL Background Thread 4 ] DEBUG FXGLAssetLoaderServi - Loading from file system: jar:file:/Users/kylefry/.m2/repository/com/github/almasb/fxgl/11.16/fxgl-11.16.jar!/fxglassets/ui/fonts/lucida_console.ttf
15:31:13.999 [FXGL Background Thread 4 ] DEBUG FXGLAssetLoaderServi - Loading from file system: jar:file:/Users/kylefry/.m2/repository/com/github/almasb/fxgl/11.16/fxgl-11.16.jar!/fxglassets/ui/fonts/Courier-Prime.ttf
15:31:14.005 [JavaFX Application Thread] DEBUG FXGLAssetLoaderServi - Loading from file system: jar:file:/Users/kylefry/.m2/repository/com/github/almasb/fxgl/11.16/fxgl-11.16.jar!/fxglassets/textures/fxgl_default_cursor.png
15:31:14.020 [JavaFX Application Thread] DEBUG Input                - Registered new binding: Screenshot - CTRL+8
15:31:14.021 [JavaFX Application Thread] DEBUG Input                - Registered new binding: System info dump - CTRL+9
15:31:14.021 [JavaFX Application Thread] DEBUG Input                - Registered new binding: Restart - CTRL+R
15:31:14.022 [JavaFX Application Thread] DEBUG Input                - Registered new binding: Toggle Debug Camera - CTRL+C
15:31:14.024 [JavaFX Application Thread] DEBUG LoopRunner           - Starting loop
15:31:14.024 [JavaFX Application Thread] DEBUG LoopRunner           - Initializing JavaFX AnimationTimerLoop
15:31:14.027 [JavaFX Application Thread] DEBUG Input                - Clearing active input actions
15:31:14.037 [JavaFX Application Thread] DEBUG GameApplicationServi - Removing overlay from FXGLStartupScene and adding to FXGLMainMenuDummyScene
15:31:14.037 [JavaFX Application Thread] DEBUG PrimaryStageWindow   - FXGLStartupScene -> FXGLMainMenuDummyScene
15:31:14.037 [JavaFX Application Thread] DEBUG PrimaryStageWindow   - Push state: AppMainMenu
15:31:14.037 [JavaFX Application Thread] DEBUG Input                - Clearing active input actions
15:31:14.043 [JavaFX Application Thread] DEBUG GameApplicationServi - Removing overlay from FXGLMainMenuDummyScene and adding to AppMainMenu
15:31:14.043 [JavaFX Application Thread] DEBUG PrimaryStageWindow   - FXGLMainMenuDummyScene -> AppMainMenu
15:31:14.069 [JavaFX Application Thread] DEBUG FXGLApplication      - Registering font factories with UI factory
15:31:14.886 [JavaFX Application Thread] DEBUG FXGLAssetLoaderServi - Loading from file system: file:/Users/kylefry/Desktop/RhythmKnight/Project/target/classes/assets/sounds/SelectSFX.mp3
15:31:15.913 [JavaFX Application Thread] DEBUG FXGLAssetLoaderServi - Loading from file system: file:/Users/kylefry/Desktop/RhythmKnight/Project/target/classes/assets/textures/configUI.png
15:31:16.964 [FXGL Background Thread 3 ] DEBUG Engine               - Logging environment variables
15:31:16.965 [FXGL Background Thread 3 ] DEBUG Engine               - achievements: []
15:31:16.965 [FXGL Background Thread 3 ] DEBUG Engine               - actualHeight: 801.0
15:31:16.966 [FXGL Background Thread 3 ] DEBUG Engine               - actualHeightProperty: ReadOnlyDoubleProperty [value: 801.0]
15:31:16.966 [FXGL Background Thread 3 ] DEBUG Engine               - actualWidth: 1400.0
15:31:16.966 [FXGL Background Thread 3 ] DEBUG Engine               - actualWidthProperty: ReadOnlyDoubleProperty [value: 1400.0]
15:31:16.966 [FXGL Background Thread 3 ] DEBUG Engine               - appIcon: fxgl_icon.png
15:31:16.966 [FXGL Background Thread 3 ] DEBUG Engine               - applicationMode: DEVELOPER
15:31:16.967 [FXGL Background Thread 3 ] DEBUG Engine               - cSSList: [fxgl_dark.css]
15:31:16.967 [FXGL Background Thread 3 ] DEBUG Engine               - collisionDetectionStrategy: BRUTE_FORCE
15:31:16.967 [FXGL Background Thread 3 ] DEBUG Engine               - configClass: Optional.empty
15:31:16.967 [FXGL Background Thread 3 ] DEBUG Engine               - credits: []
15:31:16.967 [FXGL Background Thread 3 ] DEBUG Engine               - defaultCursor: CursorInfo(imageName=fxgl_default_cursor.png, hotspotX=7.0, hotspotY=6.0)
15:31:16.967 [FXGL Background Thread 3 ] DEBUG Engine               - devBBoxColorProperty: ObjectProperty [value: 0xff0000ff]
15:31:16.968 [FXGL Background Thread 3 ] DEBUG Engine               - devEnableDebugCameraProperty: BooleanProperty [value: false]
15:31:16.968 [FXGL Background Thread 3 ] DEBUG Engine               - devSensorColorProperty: ObjectProperty [value: 0xffff00ff]
15:31:16.968 [FXGL Background Thread 3 ] DEBUG Engine               - devShowBBoxProperty: BooleanProperty [value: false]
15:31:16.968 [FXGL Background Thread 3 ] DEBUG Engine               - devShowPositionProperty: BooleanProperty [value: false]
15:31:16.969 [FXGL Background Thread 3 ] DEBUG Engine               - enabledMenuItems: []
15:31:16.969 [FXGL Background Thread 3 ] DEBUG Engine               - engineServices: [class com.almasb.fxgl.app.services.FXGLAssetLoaderService, class com.almasb.fxgl.app.FXGLApplication$GameApplicationService, class com.almasb.fxgl.app.services.FXGLDialogService, class com.almasb.fxgl.app.services.IOTaskExecutorService, class com.almasb.fxgl.io.FileSystemService, class com.almasb.fxgl.localization.LocalizationService, class com.almasb.fxgl.app.services.SystemBundleService, class com.almasb.fxgl.profile.SaveLoadService, class com.almasb.fxgl.ui.FXGLUIFactoryServiceProvider, class com.almasb.fxgl.ui.FXGLDialogFactoryServiceProvider, class com.almasb.fxgl.audio.AudioPlayer, class com.almasb.fxgl.notification.impl.NotificationServiceProvider, class com.almasb.fxgl.achievement.AchievementService, class com.almasb.fxgl.cutscene.CutsceneService, class com.almasb.fxgl.minigames.MiniGameService, class com.almasb.fxgl.net.NetService, class com.almasb.fxgl.app.services.UpdaterService, class com.almasb.fxgl.dev.DevService]
15:31:16.969 [FXGL Background Thread 3 ] DEBUG Engine               - fontGame: Abel-Regular.ttf
15:31:16.969 [FXGL Background Thread 3 ] DEBUG Engine               - fontMono: lucida_console.ttf
15:31:16.970 [FXGL Background Thread 3 ] DEBUG Engine               - fontText: Courier-Prime.ttf
15:31:16.970 [FXGL Background Thread 3 ] DEBUG Engine               - fontUI: VarelaRound-Regular.ttf
15:31:16.970 [FXGL Background Thread 3 ] DEBUG Engine               - fullScreen: BooleanProperty [value: false]
15:31:16.970 [FXGL Background Thread 3 ] DEBUG Engine               - gameDifficulty: MEDIUM
15:31:16.970 [FXGL Background Thread 3 ] DEBUG Engine               - gameDifficultyProperty: ObjectProperty [value: MEDIUM]
15:31:16.971 [FXGL Background Thread 3 ] DEBUG Engine               - globalMusicVolume: 0.5
15:31:16.971 [FXGL Background Thread 3 ] DEBUG Engine               - globalMusicVolumeProperty: DoubleProperty [value: 0.5]
15:31:16.971 [FXGL Background Thread 3 ] DEBUG Engine               - globalSoundVolume: 0.5
15:31:16.971 [FXGL Background Thread 3 ] DEBUG Engine               - globalSoundVolumeProperty: DoubleProperty [value: 0.5]
15:31:16.972 [FXGL Background Thread 3 ] DEBUG Engine               - height: 1080
15:31:16.972 [FXGL Background Thread 3 ] DEBUG Engine               - is3D: false
15:31:16.972 [FXGL Background Thread 3 ] DEBUG Engine               - isAndroid: false
15:31:16.972 [FXGL Background Thread 3 ] DEBUG Engine               - isBrowser: false
15:31:16.972 [FXGL Background Thread 3 ] DEBUG Engine               - isClickFeedbackEnabled: false
15:31:16.973 [FXGL Background Thread 3 ] DEBUG Engine               - isCloseConfirmation: false
15:31:16.973 [FXGL Background Thread 3 ] DEBUG Engine               - isDesktop: true
15:31:16.973 [FXGL Background Thread 3 ] DEBUG Engine               - isDeveloperMenuEnabled: false
15:31:16.973 [FXGL Background Thread 3 ] DEBUG Engine               - isEntityPreloadEnabled: true
15:31:16.973 [FXGL Background Thread 3 ] DEBUG Engine               - isExperimentalTiledLargeMap: false
15:31:16.973 [FXGL Background Thread 3 ] DEBUG Engine               - isFileSystemWriteAllowed: true
15:31:16.973 [FXGL Background Thread 3 ] DEBUG Engine               - isFullScreenAllowed: false
15:31:16.973 [FXGL Background Thread 3 ] DEBUG Engine               - isFullScreenFromStart: false
15:31:16.974 [FXGL Background Thread 3 ] DEBUG Engine               - isGameMenuEnabled: true
15:31:16.974 [FXGL Background Thread 3 ] DEBUG Engine               - isIOS: false
15:31:16.974 [FXGL Background Thread 3 ] DEBUG Engine               - isIntroEnabled: false
15:31:16.974 [FXGL Background Thread 3 ] DEBUG Engine               - isLinux: false
15:31:16.974 [FXGL Background Thread 3 ] DEBUG Engine               - isMac: true
15:31:16.974 [FXGL Background Thread 3 ] DEBUG Engine               - isMainMenuEnabled: true
15:31:16.974 [FXGL Background Thread 3 ] DEBUG Engine               - isManualResizeEnabled: false
15:31:16.974 [FXGL Background Thread 3 ] DEBUG Engine               - isMobile: false
15:31:16.974 [FXGL Background Thread 3 ] DEBUG Engine               - isNative: false
15:31:16.975 [FXGL Background Thread 3 ] DEBUG Engine               - isPreserveResizeRatio: false
15:31:16.975 [FXGL Background Thread 3 ] DEBUG Engine               - isProfilingEnabled: false
15:31:16.975 [FXGL Background Thread 3 ] DEBUG Engine               - isScaleAffectedOnResize: true
15:31:16.975 [FXGL Background Thread 3 ] DEBUG Engine               - isSingleStep: false
15:31:16.975 [FXGL Background Thread 3 ] DEBUG Engine               - isUserProfileEnabled: false
15:31:16.975 [FXGL Background Thread 3 ] DEBUG Engine               - isWindows: false
15:31:16.975 [FXGL Background Thread 3 ] DEBUG Engine               - language: ObjectProperty [value: ENGLISH]
15:31:16.975 [FXGL Background Thread 3 ] DEBUG Engine               - menuKey: ESCAPE
15:31:16.976 [FXGL Background Thread 3 ] DEBUG Engine               - mouseSensitivity: 0.2
15:31:16.976 [FXGL Background Thread 3 ] DEBUG Engine               - notificationViewClass: class com.almasb.fxgl.notification.view.XboxNotificationView
15:31:16.976 [FXGL Background Thread 3 ] DEBUG Engine               - pixelsPerMeter: 50.0
15:31:16.976 [FXGL Background Thread 3 ] DEBUG Engine               - platform: MAC
15:31:16.976 [FXGL Background Thread 3 ] DEBUG Engine               - prefHeightProperty: ReadOnlyDoubleProperty [value: 1080.0]
15:31:16.976 [FXGL Background Thread 3 ] DEBUG Engine               - prefWidthProperty: ReadOnlyDoubleProperty [value: 1920.0]
15:31:16.977 [FXGL Background Thread 3 ] DEBUG Engine               - profileDir: profiles/
15:31:16.977 [FXGL Background Thread 3 ] DEBUG Engine               - profileName: StringProperty [value: DEFAULT]
15:31:16.977 [FXGL Background Thread 3 ] DEBUG Engine               - randomSeed: -1
15:31:16.977 [FXGL Background Thread 3 ] DEBUG Engine               - runtimeInfo: RuntimeInfo(platform=MAC, version=11.16, build=25.05.2021 08.16)
15:31:16.977 [FXGL Background Thread 3 ] DEBUG Engine               - saveFileExt: sav
15:31:16.977 [FXGL Background Thread 3 ] DEBUG Engine               - scaledHeightProp$fxgl: DoubleProperty [bound, value: 801.0]
15:31:16.977 [FXGL Background Thread 3 ] DEBUG Engine               - scaledWidthProp$fxgl: DoubleProperty [bound, value: 1400.0]
15:31:16.978 [FXGL Background Thread 3 ] DEBUG Engine               - sceneFactory: GameApp$1@4a75df3c
15:31:16.978 [FXGL Background Thread 3 ] DEBUG Engine               - secondsIn24h: 60
15:31:16.978 [FXGL Background Thread 3 ] DEBUG Engine               - soundMenuBack: menu/back.wav
15:31:16.978 [FXGL Background Thread 3 ] DEBUG Engine               - soundMenuPress: menu/press.wav
15:31:16.978 [FXGL Background Thread 3 ] DEBUG Engine               - soundMenuSelect: menu/select.wav
15:31:16.978 [FXGL Background Thread 3 ] DEBUG Engine               - soundNotification: core/notification.wav
15:31:16.978 [FXGL Background Thread 3 ] DEBUG Engine               - stageStyle: DECORATED
15:31:16.978 [FXGL Background Thread 3 ] DEBUG Engine               - supportedLanguages: [ENGLISH, FRENCH, GERMAN, HUNGARIAN, RUSSIAN]
15:31:16.978 [FXGL Background Thread 3 ] DEBUG Engine               - ticksPerSecond: -1
15:31:16.978 [FXGL Background Thread 3 ] DEBUG Engine               - title: Rhythm Knight
15:31:16.978 [FXGL Background Thread 3 ] DEBUG Engine               - urlGithub: https://github.com/AlmasB/FXGL
15:31:16.978 [FXGL Background Thread 3 ] DEBUG Engine               - urlLeaderboard: http://fxgl-top.herokuapp.com/
15:31:16.978 [FXGL Background Thread 3 ] DEBUG Engine               - urlPOM: https://raw.githubusercontent.com/AlmasB/FXGL/release/README.md
15:31:16.978 [FXGL Background Thread 3 ] DEBUG Engine               - userAppClass: class GameApp
15:31:16.978 [FXGL Background Thread 3 ] DEBUG Engine               - version: Pre-Alpha 1
15:31:16.978 [FXGL Background Thread 3 ] DEBUG Engine               - versionCheckDays: 7
15:31:16.979 [FXGL Background Thread 3 ] DEBUG Engine               - width: 1920
15:31:16.979 [FXGL Background Thread 3 ] DEBUG Engine               - Logging services
15:31:16.979 [FXGL Background Thread 3 ] DEBUG Engine               - class com.almasb.fxgl.app.services.FXGLAssetLoaderService
15:31:16.979 [FXGL Background Thread 3 ] DEBUG Engine               - class com.almasb.fxgl.app.FXGLApplication$GameApplicationService
15:31:16.979 [FXGL Background Thread 3 ] DEBUG Engine               - class com.almasb.fxgl.app.services.FXGLDialogService
15:31:16.979 [FXGL Background Thread 3 ] DEBUG Engine               - class com.almasb.fxgl.app.services.IOTaskExecutorService
15:31:16.979 [FXGL Background Thread 3 ] DEBUG Engine               - class com.almasb.fxgl.io.FileSystemService
15:31:16.979 [FXGL Background Thread 3 ] DEBUG Engine               - class com.almasb.fxgl.localization.LocalizationService
15:31:16.979 [FXGL Background Thread 3 ] DEBUG Engine               - class com.almasb.fxgl.app.services.SystemBundleService
15:31:16.979 [FXGL Background Thread 3 ] DEBUG Engine               - class com.almasb.fxgl.profile.SaveLoadService
15:31:16.979 [FXGL Background Thread 3 ] DEBUG Engine               - class com.almasb.fxgl.ui.FXGLUIFactoryServiceProvider
15:31:16.979 [FXGL Background Thread 3 ] DEBUG Engine               - class com.almasb.fxgl.ui.FXGLDialogFactoryServiceProvider
15:31:16.979 [FXGL Background Thread 3 ] DEBUG Engine               - class com.almasb.fxgl.audio.AudioPlayer
15:31:16.979 [FXGL Background Thread 3 ] DEBUG Engine               - class com.almasb.fxgl.notification.impl.NotificationServiceProvider
15:31:16.979 [FXGL Background Thread 3 ] DEBUG Engine               - class com.almasb.fxgl.achievement.AchievementService
15:31:16.980 [FXGL Background Thread 3 ] DEBUG Engine               - class com.almasb.fxgl.cutscene.CutsceneService
15:31:16.980 [FXGL Background Thread 3 ] DEBUG Engine               - class com.almasb.fxgl.minigames.MiniGameService
15:31:16.980 [FXGL Background Thread 3 ] DEBUG Engine               - class com.almasb.fxgl.net.NetService
15:31:16.980 [FXGL Background Thread 3 ] DEBUG Engine               - class com.almasb.fxgl.app.services.UpdaterService
15:31:16.980 [FXGL Background Thread 3 ] DEBUG Engine               - class com.almasb.fxgl.dev.DevService
15:31:23.278 [JavaFX Application Thread] DEBUG Menu                 - fireNewGame()
15:31:23.278 [JavaFX Application Thread] DEBUG GameApplicationServi - Starting new game
15:31:23.278 [JavaFX Application Thread] DEBUG PrimaryStageWindow   - Pop state: AppMainMenu
15:31:23.278 [JavaFX Application Thread] DEBUG Input                - Clearing active input actions
15:31:23.279 [JavaFX Application Thread] DEBUG GameApplicationServi - Removing overlay from AppMainMenu and adding to FXGLMainMenuDummyScene
15:31:23.279 [JavaFX Application Thread] DEBUG PrimaryStageWindow   - FXGLMainMenuDummyScene <- AppMainMenu
15:31:23.280 [JavaFX Application Thread] DEBUG Input                - Clearing active input actions
15:31:23.290 [JavaFX Application Thread] DEBUG GameApplicationServi - Removing overlay from FXGLMainMenuDummyScene and adding to FXGLLoadingScene
15:31:23.290 [JavaFX Application Thread] DEBUG PrimaryStageWindow   - FXGLMainMenuDummyScene -> FXGLLoadingScene
15:31:23.290 [JavaFX Application Thread] DEBUG GameApplicationServi - Clearing previous game
15:31:23.291 [JavaFX Application Thread] DEBUG GameScene            - Clearing game scene
15:31:23.291 [JavaFX Application Thread] DEBUG GameWorld            - Clearing game world
15:31:23.291 [JavaFX Application Thread] DEBUG PhysicsWorld         - Clearing physics world
15:31:23.292 [FXGL Background Thread 2 ] DEBUG FXGLApplication      - Initializing game
15:31:23.393 [FXGL Background Thread 2 ] DEBUG FXGLAssetLoaderServi - Loading from file system: file:/Users/kylefry/Desktop/RhythmKnight/Project/target/classes/assets/textures/cutout.png
15:31:23.425 [FXGL Background Thread 2 ] DEBUG FXGLAssetLoaderServi - Loading from file system: file:/Users/kylefry/Desktop/RhythmKnight/Project/target/classes/assets/textures/unvisited.png
15:31:23.427 [FXGL Background Thread 2 ] DEBUG FXGLAssetLoaderServi - Loading from file system: file:/Users/kylefry/Desktop/RhythmKnight/Project/target/classes/assets/textures/player.png
15:31:23.430 [FXGL Background Thread 2 ] DEBUG FXGLAssetLoaderServi - Loading from file system: file:/Users/kylefry/Desktop/RhythmKnight/Project/target/classes/assets/textures/rhythm-knight.png
15:31:23.440 [FXGL Background Thread 2 ] DEBUG FXGLAssetLoaderServi - Loading from file system: file:/Users/kylefry/Desktop/RhythmKnight/Project/target/classes/assets/textures/Level1-1Dungeon.png
15:31:23.547 [FXGL Background Thread 2 ] DEBUG FXGLAssetLoaderServi - Loading from file system: file:/Users/kylefry/Desktop/RhythmKnight/Project/target/classes/assets/textures/Level1-1Layout.png
15:31:23.580 [FXGL Background Thread 2 ] DEBUG FXGLAssetLoaderServi - Loading from file system: file:/Users/kylefry/Desktop/RhythmKnight/Project/target/classes/assets/textures/UI-Layout.png
15:31:23.615 [FXGL Background Thread 2 ] INFO  FXGLApplication      - Game initialization took: 0.323 sec
15:31:23.616 [JavaFX Application Thread] DEBUG Input                - Clearing active input actions
15:31:23.620 [JavaFX Application Thread] DEBUG GameApplicationServi - Removing overlay from FXGLLoadingScene and adding to GameScene
15:31:23.621 [JavaFX Application Thread] DEBUG PrimaryStageWindow   - FXGLLoadingScene -> GameScene
15:31:23.623 [JavaFX Application Thread] DEBUG FXGLAssetLoaderServi - Loading from file system: file:/Users/kylefry/Desktop/RhythmKnight/Project/target/classes/assets/sounds/snare01.wav
15:31:39.209 [JavaFX Application Thread] DEBUG FXGLApplication      - Exiting FXGL
15:31:39.210 [JavaFX Application Thread] DEBUG LoopRunner           - Stopping loop
15:31:39.210 [JavaFX Application Thread] DEBUG SystemBundleService  - Saving FXGL system data
15:31:39.211 [JavaFX Application Thread] DEBUG FileSystemAccess     - Writing to: /Users/kylefry/Desktop/RhythmKnight/Project/system/fxgl.bundle
15:31:39.213 [JavaFX Application Thread] DEBUG Async                - Shutting down background threads
15:31:39.213 [JavaFX Application Thread] DEBUG PrimaryStageWindow   - Closing main window
15:31:39.218 [JavaFX Application Thread] DEBUG Logger               - Closing Logger
