10:11:18.514 [main                     ] DEBUG Logger               - Configured Logger
10:11:18.541 [main                     ] DEBUG GameApplication      - Logging settings
Title: Rhythm Knight
Version: Pre-Alpha 1
Width: 1920
Height: 1080
Fullscreen: false
Intro: false
Profiling: false
Single step:false
App Mode: DEVELOPER
Menu Key: ESCAPE
Stage Style: DECORATED
Scene Factory: class GameApp$1

10:11:19.150 [JavaFX Application Thread] DEBUG FXGLApplication      - Initializing FXGL
10:11:19.154 [JavaFX Application Thread] INFO  Engine               - FXGL-11.16 (25.05.2021 08.16) on MAC (J:11.0.8 FX:16)
10:11:19.154 [JavaFX Application Thread] DEBUG Engine               - JRE Vendor Name: Oracle Corporation
10:11:19.155 [JavaFX Application Thread] DEBUG Engine               - Running on OS: Mac OS X version 10.16
10:11:19.155 [JavaFX Application Thread] DEBUG Engine               - Architecture: x86_64
10:11:19.156 [JavaFX Application Thread] INFO  Engine               - Source code and latest versions at: https://github.com/AlmasB/FXGL
10:11:19.156 [JavaFX Application Thread] INFO  Engine               -              Join the FXGL chat at: https://gitter.im/AlmasB/FXGL
10:11:19.375 [JavaFX Application Thread] DEBUG PrimaryStageWindow   - Creating a JavaFX scene
10:11:19.376 [JavaFX Application Thread] DEBUG PrimaryStageWindow   - Target size > screen size
10:11:19.472 [JavaFX Application Thread] DEBUG PrimaryStageWindow   - Target settings size: 1920.0 x 1080.0
10:11:19.473 [JavaFX Application Thread] DEBUG PrimaryStageWindow   - Scaled scene size:    1400.0 x 801.0
10:11:19.473 [JavaFX Application Thread] DEBUG PrimaryStageWindow   - Scaled ratio: (0.7291666666666666, 0.7416666666666667)
10:11:19.474 [JavaFX Application Thread] DEBUG PrimaryStageWindow   - Set initial scene to FXGLStartupScene
10:11:19.483 [JavaFX Application Thread] DEBUG PrimaryStageWindow   - Opening main window
10:11:19.804 [JavaFX Application Thread] DEBUG PrimaryStageWindow   - Window border size: (0.0, 28.0)
10:11:19.804 [JavaFX Application Thread] DEBUG PrimaryStageWindow   - Scaled size: 1400.0 x 801.0
10:11:19.804 [JavaFX Application Thread] DEBUG PrimaryStageWindow   - Scaled ratio: (0.7291666666666666, 0.7416666666666667)
10:11:19.804 [JavaFX Application Thread] DEBUG PrimaryStageWindow   - Scene size: 1400.0 x 801.0
10:11:19.804 [JavaFX Application Thread] DEBUG PrimaryStageWindow   - Stage size: 1400.0 x 829.0
10:11:19.813 [FXGL Background Thread 1 ] DEBUG Engine               - Initializing environment variables
10:11:19.871 [FXGL Background Thread 1 ] DEBUG FXGLAssetLoaderServi - User app class for loading assets: class GameApp
10:11:19.872 [FXGL Background Thread 1 ] DEBUG GameApplicationServi - Applying CSS: fxgl_dark.css
10:11:19.873 [FXGL Background Thread 1 ] DEBUG FXGLAssetLoaderServi - Loading from file system: jar:file:/Users/kylefry/.m2/repository/com/github/almasb/fxgl/11.16/fxgl-11.16.jar!/fxglassets/ui/css/fxgl_dark.css
10:11:19.954 [FXGL Background Thread 1 ] DEBUG GameApplicationServi - Initializing application scenes
10:11:20.444 [FXGL Background Thread 1 ] DEBUG GameWorld            - Game world initialized
10:11:20.519 [FXGL Background Thread 1 ] DEBUG PhysicsWorld         - Physics world initialized: appHeight=1080, physics.ppm=50.0
10:11:20.519 [FXGL Background Thread 1 ] DEBUG PhysicsWorld         - Using strategy: BRUTE_FORCE
10:11:20.522 [FXGL Background Thread 1 ] DEBUG GameScene            - Game scene initialized: 1920x1080
10:11:20.529 [FXGL Background Thread 1 ] DEBUG FXGLAssetLoaderServi - Loading from file system: file:/Users/kylefry/Desktop/RhythmKnight/Project/target/classes/assets/textures/logo-with-menu.png
10:11:20.674 [FXGL Background Thread 1 ] DEBUG FXGL.DefaultMenu     - createMenuBodyGameMenu()
10:11:20.685 [FXGL Background Thread 1 ] DEBUG FXGL.DefaultMenu     - createOptionsMenu()
10:11:20.693 [FXGL Background Thread 1 ] DEBUG FXGLAssetLoaderServi - Loading from file system: jar:file:/Users/kylefry/.m2/repository/com/github/almasb/fxgl/11.16/fxgl-11.16.jar!/fxglassets/textures/particles/smoke.png
10:11:20.797 [FXGL Background Thread 1 ] DEBUG FXGLAssetLoaderServi - Loading from file system: jar:file:/Users/kylefry/.m2/repository/com/github/almasb/fxgl/11.16/fxgl-11.16.jar!/fxglassets/textures/particles/trace_horizontal.png
10:11:20.824 [FXGL Background Thread 1 ] DEBUG GameApplicationServi - Application scenes initialized
10:11:20.836 [FXGL Background Thread 1 ] DEBUG SystemBundleService  - Loading FXGL system data
10:11:20.840 [FXGL Background Thread 1 ] DEBUG FileSystemAccess     - Reading from: /Users/kylefry/Desktop/RhythmKnight/Project/system/fxgl.bundle
10:11:20.845 [FXGL Background Thread 1 ] DEBUG SystemBundleService  - Bundle FXGL: {}
10:11:20.846 [FXGL Background Thread 1 ] DEBUG UpdaterService       - Checking for updates
10:11:20.849 [FXGL Background Thread 4 ] DEBUG FXGLApplication      - Loading fonts
10:11:20.850 [FXGL Background Thread 1 ] DEBUG FXGLApplication      - Loading default localization
10:11:20.850 [FXGL Background Thread 4 ] DEBUG FXGLAssetLoaderServi - Loading from file system: jar:file:/Users/kylefry/.m2/repository/com/github/almasb/fxgl/11.16/fxgl-11.16.jar!/fxglassets/ui/fonts/VarelaRound-Regular.ttf
10:11:20.852 [FXGL Background Thread 1 ] DEBUG FXGLAssetLoaderServi - Loading from file system: jar:file:/Users/kylefry/.m2/repository/com/github/almasb/fxgl/11.16/fxgl-11.16.jar!/fxglassets/languages/english.lang
10:11:20.878 [FXGL Background Thread 4 ] DEBUG FXGLAssetLoaderServi - Loading from file system: jar:file:/Users/kylefry/.m2/repository/com/github/almasb/fxgl/11.16/fxgl-11.16.jar!/fxglassets/ui/fonts/Abel-Regular.ttf
10:11:20.886 [FXGL Background Thread 4 ] DEBUG FXGLAssetLoaderServi - Loading from file system: jar:file:/Users/kylefry/.m2/repository/com/github/almasb/fxgl/11.16/fxgl-11.16.jar!/fxglassets/ui/fonts/lucida_console.ttf
10:11:20.891 [FXGL Background Thread 4 ] DEBUG FXGLAssetLoaderServi - Loading from file system: jar:file:/Users/kylefry/.m2/repository/com/github/almasb/fxgl/11.16/fxgl-11.16.jar!/fxglassets/ui/fonts/Courier-Prime.ttf
10:11:20.896 [JavaFX Application Thread] DEBUG FXGLApplication      - Registering font factories with UI factory
10:11:20.903 [FXGL Background Thread 1 ] INFO  FXGLApplication      - FXGL initialization took: 1.089 sec
10:11:20.904 [JavaFX Application Thread] DEBUG FXGLAssetLoaderServi - Loading from file system: jar:file:/Users/kylefry/.m2/repository/com/github/almasb/fxgl/11.16/fxgl-11.16.jar!/fxglassets/textures/fxgl_icon.png
10:11:20.940 [JavaFX Application Thread] DEBUG FXGLAssetLoaderServi - Loading from file system: jar:file:/Users/kylefry/.m2/repository/com/github/almasb/fxgl/11.16/fxgl-11.16.jar!/fxglassets/textures/fxgl_default_cursor.png
10:11:20.971 [JavaFX Application Thread] DEBUG Input                - Registered new binding: Screenshot - CTRL+8
10:11:20.972 [JavaFX Application Thread] DEBUG Input                - Registered new binding: System info dump - CTRL+9
10:11:20.972 [JavaFX Application Thread] DEBUG Input                - Registered new binding: Restart - CTRL+R
10:11:20.973 [JavaFX Application Thread] DEBUG Input                - Registered new binding: Toggle Debug Camera - CTRL+C
10:11:20.975 [JavaFX Application Thread] DEBUG LoopRunner           - Starting loop
10:11:20.975 [JavaFX Application Thread] DEBUG LoopRunner           - Initializing JavaFX AnimationTimerLoop
10:11:20.978 [JavaFX Application Thread] DEBUG Input                - Clearing active input actions
10:11:20.988 [JavaFX Application Thread] DEBUG GameApplicationServi - Removing overlay from FXGLStartupScene and adding to FXGLMainMenuDummyScene
10:11:20.988 [JavaFX Application Thread] DEBUG PrimaryStageWindow   - FXGLStartupScene -> FXGLMainMenuDummyScene
10:11:20.988 [JavaFX Application Thread] DEBUG PrimaryStageWindow   - Push state: AppMainMenu
10:11:20.989 [JavaFX Application Thread] DEBUG Input                - Clearing active input actions
10:11:20.996 [JavaFX Application Thread] DEBUG GameApplicationServi - Removing overlay from FXGLMainMenuDummyScene and adding to AppMainMenu
10:11:20.996 [JavaFX Application Thread] DEBUG PrimaryStageWindow   - FXGLMainMenuDummyScene -> AppMainMenu
10:11:23.815 [JavaFX Application Thread] DEBUG FXGLApplication      - Exiting FXGL
10:11:23.815 [JavaFX Application Thread] DEBUG LoopRunner           - Stopping loop
10:11:23.815 [JavaFX Application Thread] DEBUG SystemBundleService  - Saving FXGL system data
10:11:23.819 [JavaFX Application Thread] DEBUG FileSystemAccess     - Writing to: /Users/kylefry/Desktop/RhythmKnight/Project/system/fxgl.bundle
10:11:23.821 [JavaFX Application Thread] DEBUG Async                - Shutting down background threads
10:11:23.821 [JavaFX Application Thread] DEBUG PrimaryStageWindow   - Closing main window
10:11:23.829 [JavaFX Application Thread] DEBUG Logger               - Closing Logger
