12:15:53.879 [main                     ] DEBUG Logger               - Configured Logger
12:15:53.910 [main                     ] DEBUG GameApplication      - Logging settings
Title: Rhythm Knight
Version: Pre-Alpha 1
Width: 1920
Height: 1080
Fullscreen: false
Intro: false
Profiling: false
Single step:false
App Mode: DEVELOPER
Menu Key: ESCAPE
Stage Style: DECORATED
Scene Factory: class GameApp$1

12:15:54.511 [JavaFX Application Thread] DEBUG FXGLApplication      - Initializing FXGL
12:15:54.514 [JavaFX Application Thread] INFO  Engine               - FXGL-11.16 (25.05.2021 08.16) on MAC (J:11.0.8 FX:16)
12:15:54.514 [JavaFX Application Thread] DEBUG Engine               - JRE Vendor Name: Oracle Corporation
12:15:54.514 [JavaFX Application Thread] DEBUG Engine               - Running on OS: Mac OS X version 10.16
12:15:54.515 [JavaFX Application Thread] DEBUG Engine               - Architecture: x86_64
12:15:54.515 [JavaFX Application Thread] INFO  Engine               - Source code and latest versions at: https://github.com/AlmasB/FXGL
12:15:54.515 [JavaFX Application Thread] INFO  Engine               -              Join the FXGL chat at: https://gitter.im/AlmasB/FXGL
12:15:54.744 [JavaFX Application Thread] DEBUG PrimaryStageWindow   - Creating a JavaFX scene
12:15:54.745 [JavaFX Application Thread] DEBUG PrimaryStageWindow   - Target size > screen size
12:15:54.938 [JavaFX Application Thread] DEBUG PrimaryStageWindow   - Target settings size: 1920.0 x 1080.0
12:15:54.939 [JavaFX Application Thread] DEBUG PrimaryStageWindow   - Scaled scene size:    1400.0 x 801.0
12:15:54.939 [JavaFX Application Thread] DEBUG PrimaryStageWindow   - Scaled ratio: (0.7291666666666666, 0.7416666666666667)
12:15:54.940 [JavaFX Application Thread] DEBUG PrimaryStageWindow   - Set initial scene to FXGLStartupScene
12:15:54.956 [JavaFX Application Thread] DEBUG PrimaryStageWindow   - Opening main window
12:15:55.248 [JavaFX Application Thread] DEBUG PrimaryStageWindow   - Window border size: (0.0, 28.0)
12:15:55.248 [JavaFX Application Thread] DEBUG PrimaryStageWindow   - Scaled size: 1400.0 x 801.0
12:15:55.248 [JavaFX Application Thread] DEBUG PrimaryStageWindow   - Scaled ratio: (0.7291666666666666, 0.7416666666666667)
12:15:55.249 [JavaFX Application Thread] DEBUG PrimaryStageWindow   - Scene size: 1400.0 x 801.0
12:15:55.249 [JavaFX Application Thread] DEBUG PrimaryStageWindow   - Stage size: 1400.0 x 829.0
12:15:55.256 [FXGL Background Thread 1 ] DEBUG Engine               - Initializing environment variables
12:15:55.306 [FXGL Background Thread 1 ] DEBUG FXGLAssetLoaderServi - User app class for loading assets: class GameApp
12:15:55.306 [FXGL Background Thread 1 ] DEBUG GameApplicationServi - Applying CSS: fxgl_dark.css
12:15:55.308 [FXGL Background Thread 1 ] DEBUG FXGLAssetLoaderServi - Loading from file system: jar:file:/Users/kylefry/.m2/repository/com/github/almasb/fxgl/11.16/fxgl-11.16.jar!/fxglassets/ui/css/fxgl_dark.css
12:15:55.396 [FXGL Background Thread 1 ] DEBUG GameApplicationServi - Initializing application scenes
12:15:55.866 [FXGL Background Thread 1 ] DEBUG GameWorld            - Game world initialized
12:15:55.943 [FXGL Background Thread 1 ] DEBUG PhysicsWorld         - Physics world initialized: appHeight=1080, physics.ppm=50.0
12:15:55.943 [FXGL Background Thread 1 ] DEBUG PhysicsWorld         - Using strategy: BRUTE_FORCE
12:15:55.946 [FXGL Background Thread 1 ] DEBUG GameScene            - Game scene initialized: 1920x1080
12:15:55.952 [FXGL Background Thread 1 ] DEBUG FXGLAssetLoaderServi - Loading from file system: file:/Users/kylefry/Desktop/RhythmKnight/Project/target/classes/assets/textures/logo-with-menu.png
12:15:56.088 [FXGL Background Thread 1 ] DEBUG FXGLAssetLoaderServi - Loading from file system: file:/Users/kylefry/Desktop/RhythmKnight/Project/target/classes/assets/textures/rest.png
12:15:56.100 [FXGL Background Thread 1 ] DEBUG FXGL.DefaultMenu     - createMenuBodyGameMenu()
12:15:56.111 [FXGL Background Thread 1 ] DEBUG FXGL.DefaultMenu     - createOptionsMenu()
12:15:56.119 [FXGL Background Thread 1 ] DEBUG FXGLAssetLoaderServi - Loading from file system: jar:file:/Users/kylefry/.m2/repository/com/github/almasb/fxgl/11.16/fxgl-11.16.jar!/fxglassets/textures/particles/smoke.png
12:15:56.225 [FXGL Background Thread 1 ] DEBUG FXGLAssetLoaderServi - Loading from file system: jar:file:/Users/kylefry/.m2/repository/com/github/almasb/fxgl/11.16/fxgl-11.16.jar!/fxglassets/textures/particles/trace_horizontal.png
12:15:56.250 [FXGL Background Thread 1 ] DEBUG GameApplicationServi - Application scenes initialized
12:15:56.259 [FXGL Background Thread 1 ] DEBUG SystemBundleService  - Loading FXGL system data
12:15:56.262 [FXGL Background Thread 1 ] DEBUG FileSystemAccess     - Reading from: /Users/kylefry/Desktop/RhythmKnight/Project/system/fxgl.bundle
12:15:56.267 [FXGL Background Thread 1 ] DEBUG SystemBundleService  - Bundle FXGL: {}
12:15:56.268 [FXGL Background Thread 1 ] DEBUG UpdaterService       - Checking for updates
12:15:56.272 [FXGL Background Thread 4 ] DEBUG FXGLApplication      - Loading fonts
12:15:56.272 [FXGL Background Thread 1 ] DEBUG FXGLApplication      - Loading default localization
12:15:56.273 [FXGL Background Thread 4 ] DEBUG FXGLAssetLoaderServi - Loading from file system: jar:file:/Users/kylefry/.m2/repository/com/github/almasb/fxgl/11.16/fxgl-11.16.jar!/fxglassets/ui/fonts/VarelaRound-Regular.ttf
12:15:56.273 [FXGL Background Thread 1 ] DEBUG FXGLAssetLoaderServi - Loading from file system: jar:file:/Users/kylefry/.m2/repository/com/github/almasb/fxgl/11.16/fxgl-11.16.jar!/fxglassets/languages/english.lang
12:15:56.292 [FXGL Background Thread 1 ] INFO  FXGLApplication      - FXGL initialization took: 1.035 sec
12:15:56.293 [JavaFX Application Thread] DEBUG FXGLAssetLoaderServi - Loading from file system: jar:file:/Users/kylefry/.m2/repository/com/github/almasb/fxgl/11.16/fxgl-11.16.jar!/fxglassets/textures/fxgl_icon.png
12:15:56.297 [FXGL Background Thread 4 ] DEBUG FXGLAssetLoaderServi - Loading from file system: jar:file:/Users/kylefry/.m2/repository/com/github/almasb/fxgl/11.16/fxgl-11.16.jar!/fxglassets/ui/fonts/Abel-Regular.ttf
12:15:56.309 [FXGL Background Thread 4 ] DEBUG FXGLAssetLoaderServi - Loading from file system: jar:file:/Users/kylefry/.m2/repository/com/github/almasb/fxgl/11.16/fxgl-11.16.jar!/fxglassets/ui/fonts/lucida_console.ttf
12:15:56.313 [FXGL Background Thread 4 ] DEBUG FXGLAssetLoaderServi - Loading from file system: jar:file:/Users/kylefry/.m2/repository/com/github/almasb/fxgl/11.16/fxgl-11.16.jar!/fxglassets/ui/fonts/Courier-Prime.ttf
12:15:56.328 [JavaFX Application Thread] DEBUG FXGLAssetLoaderServi - Loading from file system: jar:file:/Users/kylefry/.m2/repository/com/github/almasb/fxgl/11.16/fxgl-11.16.jar!/fxglassets/textures/fxgl_default_cursor.png
12:15:56.345 [JavaFX Application Thread] DEBUG Input                - Registered new binding: Screenshot - CTRL+8
12:15:56.346 [JavaFX Application Thread] DEBUG Input                - Registered new binding: System info dump - CTRL+9
12:15:56.346 [JavaFX Application Thread] DEBUG Input                - Registered new binding: Restart - CTRL+R
12:15:56.347 [JavaFX Application Thread] DEBUG Input                - Registered new binding: Toggle Debug Camera - CTRL+C
12:15:56.349 [JavaFX Application Thread] DEBUG LoopRunner           - Starting loop
12:15:56.349 [JavaFX Application Thread] DEBUG LoopRunner           - Initializing JavaFX AnimationTimerLoop
12:15:56.351 [JavaFX Application Thread] DEBUG Input                - Clearing active input actions
12:15:56.360 [JavaFX Application Thread] DEBUG GameApplicationServi - Removing overlay from FXGLStartupScene and adding to FXGLMainMenuDummyScene
12:15:56.360 [JavaFX Application Thread] DEBUG PrimaryStageWindow   - FXGLStartupScene -> FXGLMainMenuDummyScene
12:15:56.360 [JavaFX Application Thread] DEBUG PrimaryStageWindow   - Push state: AppMainMenu
12:15:56.360 [JavaFX Application Thread] DEBUG Input                - Clearing active input actions
12:15:56.366 [JavaFX Application Thread] DEBUG GameApplicationServi - Removing overlay from FXGLMainMenuDummyScene and adding to AppMainMenu
12:15:56.367 [JavaFX Application Thread] DEBUG PrimaryStageWindow   - FXGLMainMenuDummyScene -> AppMainMenu
12:15:56.393 [JavaFX Application Thread] DEBUG FXGLApplication      - Registering font factories with UI factory
12:15:57.522 [JavaFX Application Thread] DEBUG Menu                 - fireNewGame()
12:15:57.522 [JavaFX Application Thread] DEBUG GameApplicationServi - Starting new game
12:15:57.522 [JavaFX Application Thread] DEBUG PrimaryStageWindow   - Pop state: AppMainMenu
12:15:57.522 [JavaFX Application Thread] DEBUG Input                - Clearing active input actions
12:15:57.523 [JavaFX Application Thread] DEBUG GameApplicationServi - Removing overlay from AppMainMenu and adding to FXGLMainMenuDummyScene
12:15:57.524 [JavaFX Application Thread] DEBUG PrimaryStageWindow   - FXGLMainMenuDummyScene <- AppMainMenu
12:15:57.524 [JavaFX Application Thread] DEBUG Input                - Clearing active input actions
12:15:57.535 [JavaFX Application Thread] DEBUG GameApplicationServi - Removing overlay from FXGLMainMenuDummyScene and adding to FXGLLoadingScene
12:15:57.536 [JavaFX Application Thread] DEBUG PrimaryStageWindow   - FXGLMainMenuDummyScene -> FXGLLoadingScene
12:15:57.536 [JavaFX Application Thread] DEBUG GameApplicationServi - Clearing previous game
12:15:57.536 [JavaFX Application Thread] DEBUG GameScene            - Clearing game scene
12:15:57.536 [JavaFX Application Thread] DEBUG GameWorld            - Clearing game world
12:15:57.536 [JavaFX Application Thread] DEBUG PhysicsWorld         - Clearing physics world
12:15:57.537 [FXGL Background Thread 2 ] DEBUG FXGLApplication      - Initializing game
12:15:57.955 [FXGL Background Thread 2 ] DEBUG FXGLAssetLoaderServi - Loading from file system: file:/Users/kylefry/Desktop/RhythmKnight/Project/target/classes/assets/textures/cutout.png
12:15:57.988 [FXGL Background Thread 2 ] DEBUG FXGLAssetLoaderServi - Loading from file system: file:/Users/kylefry/Desktop/RhythmKnight/Project/target/classes/assets/sounds/snare01.wav
12:15:58.040 [FXGL Background Thread 2 ] DEBUG FXGLAssetLoaderServi - Loading from file system: file:/Users/kylefry/Desktop/RhythmKnight/Project/target/classes/assets/textures/unvisited.png
12:15:58.047 [FXGL Background Thread 2 ] DEBUG FXGLAssetLoaderServi - Loading from file system: file:/Users/kylefry/Desktop/RhythmKnight/Project/target/classes/assets/textures/TutorialTilemap.png
12:15:58.087 [FXGL Background Thread 2 ] INFO  FXGLApplication      - Game initialization took: 0.549 sec
12:15:58.282 [JavaFX Application Thread] DEBUG Input                - Clearing active input actions
12:15:58.291 [JavaFX Application Thread] DEBUG GameApplicationServi - Removing overlay from FXGLLoadingScene and adding to GameScene
12:15:58.291 [JavaFX Application Thread] DEBUG PrimaryStageWindow   - FXGLLoadingScene -> GameScene
12:15:59.272 [FXGL Background Thread 3 ] DEBUG Engine               - Logging environment variables
12:15:59.274 [FXGL Background Thread 3 ] DEBUG Engine               - achievements: []
12:15:59.275 [FXGL Background Thread 3 ] DEBUG Engine               - actualHeight: 801.0
12:15:59.275 [FXGL Background Thread 3 ] DEBUG Engine               - actualHeightProperty: ReadOnlyDoubleProperty [value: 801.0]
12:15:59.275 [FXGL Background Thread 3 ] DEBUG Engine               - actualWidth: 1400.0
12:15:59.276 [FXGL Background Thread 3 ] DEBUG Engine               - actualWidthProperty: ReadOnlyDoubleProperty [value: 1400.0]
12:15:59.276 [FXGL Background Thread 3 ] DEBUG Engine               - appIcon: fxgl_icon.png
12:15:59.276 [FXGL Background Thread 3 ] DEBUG Engine               - applicationMode: DEVELOPER
12:15:59.276 [FXGL Background Thread 3 ] DEBUG Engine               - cSSList: [fxgl_dark.css]
12:15:59.276 [FXGL Background Thread 3 ] DEBUG Engine               - collisionDetectionStrategy: BRUTE_FORCE
12:15:59.276 [FXGL Background Thread 3 ] DEBUG Engine               - configClass: Optional.empty
12:15:59.276 [FXGL Background Thread 3 ] DEBUG Engine               - credits: []
12:15:59.276 [FXGL Background Thread 3 ] DEBUG Engine               - defaultCursor: CursorInfo(imageName=fxgl_default_cursor.png, hotspotX=7.0, hotspotY=6.0)
12:15:59.277 [FXGL Background Thread 3 ] DEBUG Engine               - devBBoxColorProperty: ObjectProperty [value: 0xff0000ff]
12:15:59.277 [FXGL Background Thread 3 ] DEBUG Engine               - devEnableDebugCameraProperty: BooleanProperty [value: false]
12:15:59.277 [FXGL Background Thread 3 ] DEBUG Engine               - devSensorColorProperty: ObjectProperty [value: 0xffff00ff]
12:15:59.278 [FXGL Background Thread 3 ] DEBUG Engine               - devShowBBoxProperty: BooleanProperty [value: false]
12:15:59.278 [FXGL Background Thread 3 ] DEBUG Engine               - devShowPositionProperty: BooleanProperty [value: false]
12:15:59.278 [FXGL Background Thread 3 ] DEBUG Engine               - enabledMenuItems: []
12:15:59.279 [FXGL Background Thread 3 ] DEBUG Engine               - engineServices: [class com.almasb.fxgl.app.services.FXGLAssetLoaderService, class com.almasb.fxgl.app.FXGLApplication$GameApplicationService, class com.almasb.fxgl.app.services.FXGLDialogService, class com.almasb.fxgl.app.services.IOTaskExecutorService, class com.almasb.fxgl.io.FileSystemService, class com.almasb.fxgl.localization.LocalizationService, class com.almasb.fxgl.app.services.SystemBundleService, class com.almasb.fxgl.profile.SaveLoadService, class com.almasb.fxgl.ui.FXGLUIFactoryServiceProvider, class com.almasb.fxgl.ui.FXGLDialogFactoryServiceProvider, class com.almasb.fxgl.audio.AudioPlayer, class com.almasb.fxgl.notification.impl.NotificationServiceProvider, class com.almasb.fxgl.achievement.AchievementService, class com.almasb.fxgl.cutscene.CutsceneService, class com.almasb.fxgl.minigames.MiniGameService, class com.almasb.fxgl.net.NetService, class com.almasb.fxgl.app.services.UpdaterService, class com.almasb.fxgl.dev.DevService]
12:15:59.279 [FXGL Background Thread 3 ] DEBUG Engine               - fontGame: Abel-Regular.ttf
12:15:59.279 [FXGL Background Thread 3 ] DEBUG Engine               - fontMono: lucida_console.ttf
12:15:59.280 [FXGL Background Thread 3 ] DEBUG Engine               - fontText: Courier-Prime.ttf
12:15:59.280 [FXGL Background Thread 3 ] DEBUG Engine               - fontUI: VarelaRound-Regular.ttf
12:15:59.280 [FXGL Background Thread 3 ] DEBUG Engine               - fullScreen: BooleanProperty [value: false]
12:15:59.280 [FXGL Background Thread 3 ] DEBUG Engine               - gameDifficulty: MEDIUM
12:15:59.280 [FXGL Background Thread 3 ] DEBUG Engine               - gameDifficultyProperty: ObjectProperty [value: MEDIUM]
12:15:59.281 [FXGL Background Thread 3 ] DEBUG Engine               - globalMusicVolume: 0.5
12:15:59.281 [FXGL Background Thread 3 ] DEBUG Engine               - globalMusicVolumeProperty: DoubleProperty [value: 0.5]
12:15:59.281 [FXGL Background Thread 3 ] DEBUG Engine               - globalSoundVolume: 0.5
12:15:59.281 [FXGL Background Thread 3 ] DEBUG Engine               - globalSoundVolumeProperty: DoubleProperty [value: 0.5]
12:15:59.281 [FXGL Background Thread 3 ] DEBUG Engine               - height: 1080
12:15:59.282 [FXGL Background Thread 3 ] DEBUG Engine               - is3D: false
12:15:59.283 [FXGL Background Thread 3 ] DEBUG Engine               - isAndroid: false
12:15:59.283 [FXGL Background Thread 3 ] DEBUG Engine               - isBrowser: false
12:15:59.284 [FXGL Background Thread 3 ] DEBUG Engine               - isClickFeedbackEnabled: false
12:15:59.284 [FXGL Background Thread 3 ] DEBUG Engine               - isCloseConfirmation: false
12:15:59.284 [FXGL Background Thread 3 ] DEBUG Engine               - isDesktop: true
12:15:59.284 [FXGL Background Thread 3 ] DEBUG Engine               - isDeveloperMenuEnabled: false
12:15:59.285 [FXGL Background Thread 3 ] DEBUG Engine               - isEntityPreloadEnabled: true
12:15:59.285 [FXGL Background Thread 3 ] DEBUG Engine               - isExperimentalTiledLargeMap: false
12:15:59.285 [FXGL Background Thread 3 ] DEBUG Engine               - isFileSystemWriteAllowed: true
12:15:59.285 [FXGL Background Thread 3 ] DEBUG Engine               - isFullScreenAllowed: false
12:15:59.285 [FXGL Background Thread 3 ] DEBUG Engine               - isFullScreenFromStart: false
12:15:59.285 [FXGL Background Thread 3 ] DEBUG Engine               - isGameMenuEnabled: true
12:15:59.286 [FXGL Background Thread 3 ] DEBUG Engine               - isIOS: false
12:15:59.286 [FXGL Background Thread 3 ] DEBUG Engine               - isIntroEnabled: false
12:15:59.286 [FXGL Background Thread 3 ] DEBUG Engine               - isLinux: false
12:15:59.286 [FXGL Background Thread 3 ] DEBUG Engine               - isMac: true
12:15:59.286 [FXGL Background Thread 3 ] DEBUG Engine               - isMainMenuEnabled: true
12:15:59.286 [FXGL Background Thread 3 ] DEBUG Engine               - isManualResizeEnabled: false
12:15:59.286 [FXGL Background Thread 3 ] DEBUG Engine               - isMobile: false
12:15:59.287 [FXGL Background Thread 3 ] DEBUG Engine               - isNative: false
12:15:59.287 [FXGL Background Thread 3 ] DEBUG Engine               - isPreserveResizeRatio: false
12:15:59.287 [FXGL Background Thread 3 ] DEBUG Engine               - isProfilingEnabled: false
12:15:59.287 [FXGL Background Thread 3 ] DEBUG Engine               - isScaleAffectedOnResize: true
12:15:59.287 [FXGL Background Thread 3 ] DEBUG Engine               - isSingleStep: false
12:15:59.287 [FXGL Background Thread 3 ] DEBUG Engine               - isUserProfileEnabled: false
12:15:59.287 [FXGL Background Thread 3 ] DEBUG Engine               - isWindows: false
12:15:59.287 [FXGL Background Thread 3 ] DEBUG Engine               - language: ObjectProperty [value: ENGLISH]
12:15:59.287 [FXGL Background Thread 3 ] DEBUG Engine               - menuKey: ESCAPE
12:15:59.288 [FXGL Background Thread 3 ] DEBUG Engine               - mouseSensitivity: 0.2
12:15:59.288 [FXGL Background Thread 3 ] DEBUG Engine               - notificationViewClass: class com.almasb.fxgl.notification.view.XboxNotificationView
12:15:59.288 [FXGL Background Thread 3 ] DEBUG Engine               - pixelsPerMeter: 50.0
12:15:59.288 [FXGL Background Thread 3 ] DEBUG Engine               - platform: MAC
12:15:59.288 [FXGL Background Thread 3 ] DEBUG Engine               - prefHeightProperty: ReadOnlyDoubleProperty [value: 1080.0]
12:15:59.289 [FXGL Background Thread 3 ] DEBUG Engine               - prefWidthProperty: ReadOnlyDoubleProperty [value: 1920.0]
12:15:59.289 [FXGL Background Thread 3 ] DEBUG Engine               - profileDir: profiles/
12:15:59.289 [FXGL Background Thread 3 ] DEBUG Engine               - profileName: StringProperty [value: DEFAULT]
12:15:59.289 [FXGL Background Thread 3 ] DEBUG Engine               - randomSeed: -1
12:15:59.290 [FXGL Background Thread 3 ] DEBUG Engine               - runtimeInfo: RuntimeInfo(platform=MAC, version=11.16, build=25.05.2021 08.16)
12:15:59.290 [FXGL Background Thread 3 ] DEBUG Engine               - saveFileExt: sav
12:15:59.291 [FXGL Background Thread 3 ] DEBUG Engine               - scaledHeightProp$fxgl: DoubleProperty [bound, value: 801.0]
12:15:59.291 [FXGL Background Thread 3 ] DEBUG Engine               - scaledWidthProp$fxgl: DoubleProperty [bound, value: 1400.0]
12:15:59.292 [FXGL Background Thread 3 ] DEBUG Engine               - sceneFactory: GameApp$1@21049573
12:15:59.292 [FXGL Background Thread 3 ] DEBUG Engine               - secondsIn24h: 60
12:15:59.292 [FXGL Background Thread 3 ] DEBUG Engine               - soundMenuBack: menu/back.wav
12:15:59.293 [FXGL Background Thread 3 ] DEBUG Engine               - soundMenuPress: menu/press.wav
12:15:59.293 [FXGL Background Thread 3 ] DEBUG Engine               - soundMenuSelect: menu/select.wav
12:15:59.294 [FXGL Background Thread 3 ] DEBUG Engine               - soundNotification: core/notification.wav
12:15:59.294 [FXGL Background Thread 3 ] DEBUG Engine               - stageStyle: DECORATED
12:15:59.294 [FXGL Background Thread 3 ] DEBUG Engine               - supportedLanguages: [ENGLISH, FRENCH, GERMAN, HUNGARIAN, RUSSIAN]
12:15:59.294 [FXGL Background Thread 3 ] DEBUG Engine               - ticksPerSecond: -1
12:15:59.294 [FXGL Background Thread 3 ] DEBUG Engine               - title: Rhythm Knight
12:15:59.294 [FXGL Background Thread 3 ] DEBUG Engine               - urlGithub: https://github.com/AlmasB/FXGL
12:15:59.294 [FXGL Background Thread 3 ] DEBUG Engine               - urlLeaderboard: http://fxgl-top.herokuapp.com/
12:15:59.294 [FXGL Background Thread 3 ] DEBUG Engine               - urlPOM: https://raw.githubusercontent.com/AlmasB/FXGL/release/README.md
12:15:59.295 [FXGL Background Thread 3 ] DEBUG Engine               - userAppClass: class GameApp
12:15:59.295 [FXGL Background Thread 3 ] DEBUG Engine               - version: Pre-Alpha 1
12:15:59.295 [FXGL Background Thread 3 ] DEBUG Engine               - versionCheckDays: 7
12:15:59.295 [FXGL Background Thread 3 ] DEBUG Engine               - width: 1920
12:15:59.295 [FXGL Background Thread 3 ] DEBUG Engine               - Logging services
12:15:59.295 [FXGL Background Thread 3 ] DEBUG Engine               - class com.almasb.fxgl.app.services.FXGLAssetLoaderService
12:15:59.295 [FXGL Background Thread 3 ] DEBUG Engine               - class com.almasb.fxgl.app.FXGLApplication$GameApplicationService
12:15:59.295 [FXGL Background Thread 3 ] DEBUG Engine               - class com.almasb.fxgl.app.services.FXGLDialogService
12:15:59.295 [FXGL Background Thread 3 ] DEBUG Engine               - class com.almasb.fxgl.app.services.IOTaskExecutorService
12:15:59.296 [FXGL Background Thread 3 ] DEBUG Engine               - class com.almasb.fxgl.io.FileSystemService
12:15:59.296 [FXGL Background Thread 3 ] DEBUG Engine               - class com.almasb.fxgl.localization.LocalizationService
12:15:59.296 [FXGL Background Thread 3 ] DEBUG Engine               - class com.almasb.fxgl.app.services.SystemBundleService
12:15:59.296 [FXGL Background Thread 3 ] DEBUG Engine               - class com.almasb.fxgl.profile.SaveLoadService
12:15:59.296 [FXGL Background Thread 3 ] DEBUG Engine               - class com.almasb.fxgl.ui.FXGLUIFactoryServiceProvider
12:15:59.296 [FXGL Background Thread 3 ] DEBUG Engine               - class com.almasb.fxgl.ui.FXGLDialogFactoryServiceProvider
12:15:59.296 [FXGL Background Thread 3 ] DEBUG Engine               - class com.almasb.fxgl.audio.AudioPlayer
12:15:59.297 [FXGL Background Thread 3 ] DEBUG Engine               - class com.almasb.fxgl.notification.impl.NotificationServiceProvider
12:15:59.297 [FXGL Background Thread 3 ] DEBUG Engine               - class com.almasb.fxgl.achievement.AchievementService
12:15:59.297 [FXGL Background Thread 3 ] DEBUG Engine               - class com.almasb.fxgl.cutscene.CutsceneService
12:15:59.297 [FXGL Background Thread 3 ] DEBUG Engine               - class com.almasb.fxgl.minigames.MiniGameService
12:15:59.297 [FXGL Background Thread 3 ] DEBUG Engine               - class com.almasb.fxgl.net.NetService
12:15:59.297 [FXGL Background Thread 3 ] DEBUG Engine               - class com.almasb.fxgl.app.services.UpdaterService
12:15:59.297 [FXGL Background Thread 3 ] DEBUG Engine               - class com.almasb.fxgl.dev.DevService
12:15:59.579 [JavaFX Application Thread] DEBUG LoopRunner           - Stopping loop
12:15:59.580 [JavaFX Application Thread] FATAL FXGLApplication      - Uncaught Exception:
java.lang.NullPointerException
	at Conductor.lambda$checkRhythm$2(Conductor.java:76)
	at com.sun.javafx.event.CompositeEventHandler.dispatchBubblingEvent(CompositeEventHandler.java:86)
	at com.sun.javafx.event.EventHandlerManager.dispatchBubblingEvent(EventHandlerManager.java:234)
	at com.sun.javafx.event.EventHandlerManager.dispatchBubblingEvent(EventHandlerManager.java:191)
	at com.sun.javafx.event.CompositeEventDispatcher.dispatchBubblingEvent(CompositeEventDispatcher.java:59)
	at com.sun.javafx.event.BasicEventDispatcher.dispatchEvent(BasicEventDispatcher.java:58)
	at com.sun.javafx.event.EventDispatchChainImpl.dispatchEvent(EventDispatchChainImpl.java:114)
	at com.sun.javafx.event.BasicEventDispatcher.dispatchEvent(BasicEventDispatcher.java:56)
	at com.sun.javafx.event.EventDispatchChainImpl.dispatchEvent(EventDispatchChainImpl.java:114)
	at com.sun.javafx.event.BasicEventDispatcher.dispatchEvent(BasicEventDispatcher.java:56)
	at com.sun.javafx.event.EventDispatchChainImpl.dispatchEvent(EventDispatchChainImpl.java:114)
	at com.sun.javafx.event.EventUtil.fireEventImpl(EventUtil.java:74)
	at com.sun.javafx.event.EventUtil.fireEvent(EventUtil.java:54)
	at javafx.event.Event.fireEvent(Event.java:198)
	at javafx.scene.Scene$ClickGenerator.postProcess(Scene.java:3563)
	at javafx.scene.Scene$MouseHandler.process(Scene.java:3865)
	at javafx.scene.Scene.processMouseEvent(Scene.java:1851)
	at javafx.scene.Scene$ScenePeerListener.mouseEvent(Scene.java:2584)
	at com.sun.javafx.tk.quantum.GlassViewEventHandler$MouseEventNotification.run(GlassViewEventHandler.java:409)
	at com.sun.javafx.tk.quantum.GlassViewEventHandler$MouseEventNotification.run(GlassViewEventHandler.java:299)
	at java.base/java.security.AccessController.doPrivileged(Native Method)
	at com.sun.javafx.tk.quantum.GlassViewEventHandler.lambda$handleMouseEvent$2(GlassViewEventHandler.java:447)
	at com.sun.javafx.tk.quantum.QuantumToolkit.runWithoutRenderLock(QuantumToolkit.java:412)
	at com.sun.javafx.tk.quantum.GlassViewEventHandler.handleMouseEvent(GlassViewEventHandler.java:446)
	at com.sun.glass.ui.View.handleMouseEvent(View.java:556)
	at com.sun.glass.ui.View.notifyMouse(View.java:942)
	at com.sun.glass.ui.mac.MacView.notifyMouse(MacView.java:127)

12:15:59.581 [JavaFX Application Thread] FATAL FXGLApplication      - Application will now exit
12:15:59.593 [JavaFX Application Thread] DEBUG PrimaryStageWindow   - Push state: ErrorSubScene
12:15:59.593 [JavaFX Application Thread] DEBUG Input                - Clearing active input actions
12:15:59.595 [JavaFX Application Thread] DEBUG GameApplicationServi - Removing overlay from GameScene and adding to ErrorSubScene
12:15:59.595 [JavaFX Application Thread] DEBUG PrimaryStageWindow   - GameScene -> ErrorSubScene
12:16:03.983 [JavaFX Application Thread] DEBUG FXGLApplication      - Exiting FXGL
12:16:03.983 [JavaFX Application Thread] DEBUG Async                - Shutting down background threads
12:16:03.983 [JavaFX Application Thread] DEBUG PrimaryStageWindow   - Closing main window
12:16:03.991 [JavaFX Application Thread] DEBUG Logger               - Closing Logger
