18:40:54.523 [main                     ] DEBUG Logger               - Configured Logger
18:40:54.530 [main                     ] DEBUG GameApplication      - Logging settings
Title: Rhythm Knight
Version: Milestone 2
Width: 1920
Height: 1080
Fullscreen: false
Intro: false
Profiling: false
Single step:false
App Mode: DEVELOPER
Menu Key: ESCAPE
Stage Style: DECORATED
Scene Factory: class GameApp$1

18:40:54.997 [JavaFX Application Thread] DEBUG FXGLApplication      - Initializing FXGL
18:40:54.999 [JavaFX Application Thread] INFO  Engine               - FXGL-11.16 (25.05.2021 08.16) on MAC (J:16.0.1 FX:16)
18:40:54.999 [JavaFX Application Thread] DEBUG Engine               - JRE Vendor Name: Oracle Corporation
18:40:55.000 [JavaFX Application Thread] DEBUG Engine               - Running on OS: Mac OS X version 11.4
18:40:55.000 [JavaFX Application Thread] DEBUG Engine               - Architecture: x86_64
18:40:55.000 [JavaFX Application Thread] INFO  Engine               - Source code and latest versions at: https://github.com/AlmasB/FXGL
18:40:55.000 [JavaFX Application Thread] INFO  Engine               -              Join the FXGL chat at: https://gitter.im/AlmasB/FXGL
18:40:55.202 [JavaFX Application Thread] DEBUG PrimaryStageWindow   - Creating a JavaFX scene
18:40:55.202 [JavaFX Application Thread] DEBUG PrimaryStageWindow   - Target size > screen size
18:40:55.292 [JavaFX Application Thread] DEBUG PrimaryStageWindow   - Target settings size: 1920.0 x 1080.0
18:40:55.292 [JavaFX Application Thread] DEBUG PrimaryStageWindow   - Scaled scene size:    1400.0 x 801.0
18:40:55.293 [JavaFX Application Thread] DEBUG PrimaryStageWindow   - Scaled ratio: (0.7291666666666666, 0.7416666666666667)
18:40:55.296 [JavaFX Application Thread] DEBUG PrimaryStageWindow   - Set initial scene to FXGLStartupScene
18:40:55.304 [JavaFX Application Thread] DEBUG PrimaryStageWindow   - Opening main window
18:40:55.588 [JavaFX Application Thread] DEBUG PrimaryStageWindow   - Window border size: (0.0, 28.0)
18:40:55.589 [JavaFX Application Thread] DEBUG PrimaryStageWindow   - Scaled size: 1400.0 x 801.0
18:40:55.589 [JavaFX Application Thread] DEBUG PrimaryStageWindow   - Scaled ratio: (0.7291666666666666, 0.7416666666666667)
18:40:55.589 [JavaFX Application Thread] DEBUG PrimaryStageWindow   - Scene size: 1400.0 x 801.0
18:40:55.589 [JavaFX Application Thread] DEBUG PrimaryStageWindow   - Stage size: 1400.0 x 829.0
18:40:55.601 [FXGL Background Thread 1 ] DEBUG Engine               - Initializing environment variables
18:40:55.644 [FXGL Background Thread 1 ] DEBUG FXGLAssetLoaderServi - User app class for loading assets: class GameApp
18:40:55.645 [FXGL Background Thread 1 ] DEBUG GameApplicationServi - Applying CSS: fxgl_dark.css
18:40:55.646 [FXGL Background Thread 1 ] DEBUG FXGLAssetLoaderServi - Loading from file system: jar:file:/Users/kylefry/.m2/repository/com/github/almasb/fxgl/11.16/fxgl-11.16.jar!/fxglassets/ui/css/fxgl_dark.css
18:40:55.725 [FXGL Background Thread 1 ] DEBUG GameApplicationServi - Initializing application scenes
18:40:56.205 [FXGL Background Thread 1 ] DEBUG GameWorld            - Game world initialized
18:40:56.271 [FXGL Background Thread 1 ] DEBUG PhysicsWorld         - Physics world initialized: appHeight=1080, physics.ppm=50.0
18:40:56.272 [FXGL Background Thread 1 ] DEBUG PhysicsWorld         - Using strategy: BRUTE_FORCE
18:40:56.275 [FXGL Background Thread 1 ] DEBUG GameScene            - Game scene initialized: 1920x1080
18:40:56.284 [FXGL Background Thread 1 ] DEBUG FXGLAssetLoaderServi - Loading from file system: file:/Users/kylefry/Desktop/RhythmKnight/Project/target/classes/assets/textures/logo-with-menu.png
18:40:56.444 [FXGL Background Thread 1 ] DEBUG FXGL.DefaultMenu     - createMenuBodyGameMenu()
18:40:56.457 [FXGL Background Thread 1 ] DEBUG FXGL.DefaultMenu     - createOptionsMenu()
18:40:56.462 [FXGL Background Thread 1 ] DEBUG FXGLAssetLoaderServi - Loading from file system: jar:file:/Users/kylefry/.m2/repository/com/github/almasb/fxgl/11.16/fxgl-11.16.jar!/fxglassets/textures/particles/smoke.png
18:40:56.560 [FXGL Background Thread 1 ] DEBUG FXGLAssetLoaderServi - Loading from file system: jar:file:/Users/kylefry/.m2/repository/com/github/almasb/fxgl/11.16/fxgl-11.16.jar!/fxglassets/textures/particles/trace_horizontal.png
18:40:56.639 [FXGL Background Thread 1 ] DEBUG GameApplicationServi - Application scenes initialized
18:40:56.655 [FXGL Background Thread 1 ] DEBUG SystemBundleService  - Loading FXGL system data
18:40:56.660 [FXGL Background Thread 1 ] DEBUG FileSystemAccess     - Reading from: /Users/kylefry/Desktop/RhythmKnight/Project/system/fxgl.bundle
18:40:56.669 [FXGL Background Thread 1 ] DEBUG SystemBundleService  - Bundle FXGL: {}
18:40:56.669 [FXGL Background Thread 1 ] DEBUG UpdaterService       - Checking for updates
18:40:56.674 [FXGL Background Thread 1 ] DEBUG FXGLApplication      - Loading default localization
18:40:56.675 [FXGL Background Thread 1 ] DEBUG FXGLAssetLoaderServi - Loading from file system: jar:file:/Users/kylefry/.m2/repository/com/github/almasb/fxgl/11.16/fxgl-11.16.jar!/fxglassets/languages/english.lang
18:40:56.673 [FXGL Background Thread 4 ] DEBUG FXGLApplication      - Loading fonts
18:40:56.676 [FXGL Background Thread 4 ] DEBUG FXGLAssetLoaderServi - Loading from file system: jar:file:/Users/kylefry/.m2/repository/com/github/almasb/fxgl/11.16/fxgl-11.16.jar!/fxglassets/ui/fonts/VarelaRound-Regular.ttf
18:40:56.710 [FXGL Background Thread 4 ] DEBUG FXGLAssetLoaderServi - Loading from file system: jar:file:/Users/kylefry/.m2/repository/com/github/almasb/fxgl/11.16/fxgl-11.16.jar!/fxglassets/ui/fonts/Abel-Regular.ttf
18:40:56.713 [FXGL Background Thread 4 ] DEBUG FXGLAssetLoaderServi - Loading from file system: jar:file:/Users/kylefry/.m2/repository/com/github/almasb/fxgl/11.16/fxgl-11.16.jar!/fxglassets/ui/fonts/lucida_console.ttf
18:40:56.727 [FXGL Background Thread 4 ] DEBUG FXGLAssetLoaderServi - Loading from file system: jar:file:/Users/kylefry/.m2/repository/com/github/almasb/fxgl/11.16/fxgl-11.16.jar!/fxglassets/ui/fonts/Courier-Prime.ttf
18:40:56.732 [JavaFX Application Thread] DEBUG FXGLApplication      - Registering font factories with UI factory
18:40:56.743 [FXGL Background Thread 1 ] INFO  FXGLApplication      - FXGL initialization took: 1.142 sec
18:40:56.747 [JavaFX Application Thread] DEBUG FXGLAssetLoaderServi - Loading from file system: jar:file:/Users/kylefry/.m2/repository/com/github/almasb/fxgl/11.16/fxgl-11.16.jar!/fxglassets/textures/fxgl_icon.png
18:40:56.773 [JavaFX Application Thread] DEBUG FXGLAssetLoaderServi - Loading from file system: jar:file:/Users/kylefry/.m2/repository/com/github/almasb/fxgl/11.16/fxgl-11.16.jar!/fxglassets/textures/fxgl_default_cursor.png
18:40:56.875 [JavaFX Application Thread] DEBUG Input                - Registered new binding: Screenshot - CTRL+8
18:40:56.876 [JavaFX Application Thread] DEBUG Input                - Registered new binding: System info dump - CTRL+9
18:40:56.876 [JavaFX Application Thread] DEBUG Input                - Registered new binding: Restart - CTRL+R
18:40:56.877 [JavaFX Application Thread] DEBUG Input                - Registered new binding: Toggle Debug Camera - CTRL+C
18:40:56.879 [JavaFX Application Thread] DEBUG LoopRunner           - Starting loop
18:40:56.879 [JavaFX Application Thread] DEBUG LoopRunner           - Initializing JavaFX AnimationTimerLoop
18:40:56.882 [JavaFX Application Thread] DEBUG Input                - Clearing active input actions
18:40:56.891 [JavaFX Application Thread] DEBUG GameApplicationServi - Removing overlay from FXGLStartupScene and adding to FXGLMainMenuDummyScene
18:40:56.891 [JavaFX Application Thread] DEBUG PrimaryStageWindow   - FXGLStartupScene -> FXGLMainMenuDummyScene
18:40:56.891 [JavaFX Application Thread] DEBUG PrimaryStageWindow   - Push state: AppMainMenu
18:40:56.892 [JavaFX Application Thread] DEBUG Input                - Clearing active input actions
18:40:56.898 [JavaFX Application Thread] DEBUG GameApplicationServi - Removing overlay from FXGLMainMenuDummyScene and adding to AppMainMenu
18:40:56.899 [JavaFX Application Thread] DEBUG PrimaryStageWindow   - FXGLMainMenuDummyScene -> AppMainMenu
18:40:57.626 [JavaFX Application Thread] DEBUG FXGLAssetLoaderServi - Loading from file system: file:/Users/kylefry/Desktop/RhythmKnight/Project/target/classes/assets/sounds/SelectSFX.mp3
18:40:58.236 [JavaFX Application Thread] DEBUG FXGLAssetLoaderServi - Loading from file system: file:/Users/kylefry/Desktop/RhythmKnight/Project/target/classes/assets/textures/configUI.png
18:40:58.252 [JavaFX Application Thread] DEBUG FXGLAssetLoaderServi - Loading from file system: file:/Users/kylefry/Desktop/RhythmKnight/Project/target/classes/assets/textures/rhythm-knight.png
18:40:59.676 [FXGL Background Thread 3 ] DEBUG Engine               - Logging environment variables
18:40:59.676 [FXGL Background Thread 3 ] DEBUG Engine               - achievements: []
18:40:59.677 [FXGL Background Thread 3 ] DEBUG Engine               - actualHeight: 801.0
18:40:59.677 [FXGL Background Thread 3 ] DEBUG Engine               - actualHeightProperty: ReadOnlyDoubleProperty [value: 801.0]
18:40:59.677 [FXGL Background Thread 3 ] DEBUG Engine               - actualWidth: 1400.0
18:40:59.677 [FXGL Background Thread 3 ] DEBUG Engine               - actualWidthProperty: ReadOnlyDoubleProperty [value: 1400.0]
18:40:59.677 [FXGL Background Thread 3 ] DEBUG Engine               - appIcon: fxgl_icon.png
18:40:59.678 [FXGL Background Thread 3 ] DEBUG Engine               - applicationMode: DEVELOPER
18:40:59.678 [FXGL Background Thread 3 ] DEBUG Engine               - cSSList: [fxgl_dark.css]
18:40:59.678 [FXGL Background Thread 3 ] DEBUG Engine               - collisionDetectionStrategy: BRUTE_FORCE
18:40:59.678 [FXGL Background Thread 3 ] DEBUG Engine               - configClass: Optional.empty
18:40:59.678 [FXGL Background Thread 3 ] DEBUG Engine               - credits: []
18:40:59.678 [FXGL Background Thread 3 ] DEBUG Engine               - defaultCursor: CursorInfo(imageName=fxgl_default_cursor.png, hotspotX=7.0, hotspotY=6.0)
18:40:59.678 [FXGL Background Thread 3 ] DEBUG Engine               - devBBoxColorProperty: ObjectProperty [value: 0xff0000ff]
18:40:59.678 [FXGL Background Thread 3 ] DEBUG Engine               - devEnableDebugCameraProperty: BooleanProperty [value: false]
18:40:59.679 [FXGL Background Thread 3 ] DEBUG Engine               - devSensorColorProperty: ObjectProperty [value: 0xffff00ff]
18:40:59.679 [FXGL Background Thread 3 ] DEBUG Engine               - devShowBBoxProperty: BooleanProperty [value: false]
18:40:59.679 [FXGL Background Thread 3 ] DEBUG Engine               - devShowPositionProperty: BooleanProperty [value: false]
18:40:59.679 [FXGL Background Thread 3 ] DEBUG Engine               - enabledMenuItems: []
18:40:59.679 [FXGL Background Thread 3 ] DEBUG Engine               - engineServices: [class com.almasb.fxgl.app.services.FXGLAssetLoaderService, class com.almasb.fxgl.app.FXGLApplication$GameApplicationService, class com.almasb.fxgl.app.services.FXGLDialogService, class com.almasb.fxgl.app.services.IOTaskExecutorService, class com.almasb.fxgl.io.FileSystemService, class com.almasb.fxgl.localization.LocalizationService, class com.almasb.fxgl.app.services.SystemBundleService, class com.almasb.fxgl.profile.SaveLoadService, class com.almasb.fxgl.ui.FXGLUIFactoryServiceProvider, class com.almasb.fxgl.ui.FXGLDialogFactoryServiceProvider, class com.almasb.fxgl.audio.AudioPlayer, class com.almasb.fxgl.notification.impl.NotificationServiceProvider, class com.almasb.fxgl.achievement.AchievementService, class com.almasb.fxgl.cutscene.CutsceneService, class com.almasb.fxgl.minigames.MiniGameService, class com.almasb.fxgl.net.NetService, class com.almasb.fxgl.app.services.UpdaterService, class com.almasb.fxgl.dev.DevService]
18:40:59.679 [FXGL Background Thread 3 ] DEBUG Engine               - fontGame: Abel-Regular.ttf
18:40:59.679 [FXGL Background Thread 3 ] DEBUG Engine               - fontMono: lucida_console.ttf
18:40:59.679 [FXGL Background Thread 3 ] DEBUG Engine               - fontText: Courier-Prime.ttf
18:40:59.679 [FXGL Background Thread 3 ] DEBUG Engine               - fontUI: VarelaRound-Regular.ttf
18:40:59.680 [FXGL Background Thread 3 ] DEBUG Engine               - fullScreen: BooleanProperty [value: false]
18:40:59.680 [FXGL Background Thread 3 ] DEBUG Engine               - gameDifficulty: MEDIUM
18:40:59.680 [FXGL Background Thread 3 ] DEBUG Engine               - gameDifficultyProperty: ObjectProperty [value: MEDIUM]
18:40:59.680 [FXGL Background Thread 3 ] DEBUG Engine               - globalMusicVolume: 0.5
18:40:59.680 [FXGL Background Thread 3 ] DEBUG Engine               - globalMusicVolumeProperty: DoubleProperty [value: 0.5]
18:40:59.680 [FXGL Background Thread 3 ] DEBUG Engine               - globalSoundVolume: 0.5
18:40:59.680 [FXGL Background Thread 3 ] DEBUG Engine               - globalSoundVolumeProperty: DoubleProperty [value: 0.5]
18:40:59.680 [FXGL Background Thread 3 ] DEBUG Engine               - height: 1080
18:40:59.681 [FXGL Background Thread 3 ] DEBUG Engine               - is3D: false
18:40:59.681 [FXGL Background Thread 3 ] DEBUG Engine               - isAndroid: false
18:40:59.681 [FXGL Background Thread 3 ] DEBUG Engine               - isBrowser: false
18:40:59.681 [FXGL Background Thread 3 ] DEBUG Engine               - isClickFeedbackEnabled: false
18:40:59.681 [FXGL Background Thread 3 ] DEBUG Engine               - isCloseConfirmation: false
18:40:59.681 [FXGL Background Thread 3 ] DEBUG Engine               - isDesktop: true
18:40:59.682 [FXGL Background Thread 3 ] DEBUG Engine               - isDeveloperMenuEnabled: false
18:40:59.682 [FXGL Background Thread 3 ] DEBUG Engine               - isEntityPreloadEnabled: true
18:40:59.682 [FXGL Background Thread 3 ] DEBUG Engine               - isExperimentalTiledLargeMap: false
18:40:59.682 [FXGL Background Thread 3 ] DEBUG Engine               - isFileSystemWriteAllowed: true
18:40:59.682 [FXGL Background Thread 3 ] DEBUG Engine               - isFullScreenAllowed: false
18:40:59.682 [FXGL Background Thread 3 ] DEBUG Engine               - isFullScreenFromStart: false
18:40:59.682 [FXGL Background Thread 3 ] DEBUG Engine               - isGameMenuEnabled: true
18:40:59.682 [FXGL Background Thread 3 ] DEBUG Engine               - isIOS: false
18:40:59.682 [FXGL Background Thread 3 ] DEBUG Engine               - isIntroEnabled: false
18:40:59.682 [FXGL Background Thread 3 ] DEBUG Engine               - isLinux: false
18:40:59.682 [FXGL Background Thread 3 ] DEBUG Engine               - isMac: true
18:40:59.683 [FXGL Background Thread 3 ] DEBUG Engine               - isMainMenuEnabled: true
18:40:59.683 [FXGL Background Thread 3 ] DEBUG Engine               - isManualResizeEnabled: false
18:40:59.683 [FXGL Background Thread 3 ] DEBUG Engine               - isMobile: false
18:40:59.683 [FXGL Background Thread 3 ] DEBUG Engine               - isNative: false
18:40:59.683 [FXGL Background Thread 3 ] DEBUG Engine               - isPreserveResizeRatio: false
18:40:59.683 [FXGL Background Thread 3 ] DEBUG Engine               - isProfilingEnabled: false
18:40:59.683 [FXGL Background Thread 3 ] DEBUG Engine               - isScaleAffectedOnResize: true
18:40:59.684 [FXGL Background Thread 3 ] DEBUG Engine               - isSingleStep: false
18:40:59.684 [FXGL Background Thread 3 ] DEBUG Engine               - isUserProfileEnabled: false
18:40:59.684 [FXGL Background Thread 3 ] DEBUG Engine               - isWindows: false
18:40:59.684 [FXGL Background Thread 3 ] DEBUG Engine               - language: ObjectProperty [value: ENGLISH]
18:40:59.684 [FXGL Background Thread 3 ] DEBUG Engine               - menuKey: ESCAPE
18:40:59.684 [FXGL Background Thread 3 ] DEBUG Engine               - mouseSensitivity: 0.2
18:40:59.684 [FXGL Background Thread 3 ] DEBUG Engine               - notificationViewClass: class com.almasb.fxgl.notification.view.XboxNotificationView
18:40:59.684 [FXGL Background Thread 3 ] DEBUG Engine               - pixelsPerMeter: 50.0
18:40:59.685 [FXGL Background Thread 3 ] DEBUG Engine               - platform: MAC
18:40:59.685 [FXGL Background Thread 3 ] DEBUG Engine               - prefHeightProperty: ReadOnlyDoubleProperty [value: 1080.0]
18:40:59.685 [FXGL Background Thread 3 ] DEBUG Engine               - prefWidthProperty: ReadOnlyDoubleProperty [value: 1920.0]
18:40:59.685 [FXGL Background Thread 3 ] DEBUG Engine               - profileDir: profiles/
18:40:59.685 [FXGL Background Thread 3 ] DEBUG Engine               - profileName: StringProperty [value: DEFAULT]
18:40:59.685 [FXGL Background Thread 3 ] DEBUG Engine               - randomSeed: -1
18:40:59.685 [FXGL Background Thread 3 ] DEBUG Engine               - runtimeInfo: RuntimeInfo(platform=MAC, version=11.16, build=25.05.2021 08.16)
18:40:59.686 [FXGL Background Thread 3 ] DEBUG Engine               - saveFileExt: sav
18:40:59.686 [FXGL Background Thread 3 ] DEBUG Engine               - scaledHeightProp$fxgl: DoubleProperty [bound, value: 801.0]
18:40:59.686 [FXGL Background Thread 3 ] DEBUG Engine               - scaledWidthProp$fxgl: DoubleProperty [bound, value: 1400.0]
18:40:59.686 [FXGL Background Thread 3 ] DEBUG Engine               - sceneFactory: GameApp$1@13541817
18:40:59.687 [FXGL Background Thread 3 ] DEBUG Engine               - secondsIn24h: 60
18:40:59.687 [FXGL Background Thread 3 ] DEBUG Engine               - soundMenuBack: menu/back.wav
18:40:59.687 [FXGL Background Thread 3 ] DEBUG Engine               - soundMenuPress: menu/press.wav
18:40:59.688 [FXGL Background Thread 3 ] DEBUG Engine               - soundMenuSelect: menu/select.wav
18:40:59.688 [FXGL Background Thread 3 ] DEBUG Engine               - soundNotification: core/notification.wav
18:40:59.688 [FXGL Background Thread 3 ] DEBUG Engine               - stageStyle: DECORATED
18:40:59.688 [FXGL Background Thread 3 ] DEBUG Engine               - supportedLanguages: [ENGLISH, FRENCH, GERMAN, HUNGARIAN, RUSSIAN]
18:40:59.688 [FXGL Background Thread 3 ] DEBUG Engine               - ticksPerSecond: -1
18:40:59.688 [FXGL Background Thread 3 ] DEBUG Engine               - title: Rhythm Knight
18:40:59.688 [FXGL Background Thread 3 ] DEBUG Engine               - urlGithub: https://github.com/AlmasB/FXGL
18:40:59.688 [FXGL Background Thread 3 ] DEBUG Engine               - urlLeaderboard: http://fxgl-top.herokuapp.com/
18:40:59.689 [FXGL Background Thread 3 ] DEBUG Engine               - urlPOM: https://raw.githubusercontent.com/AlmasB/FXGL/release/README.md
18:40:59.689 [FXGL Background Thread 3 ] DEBUG Engine               - userAppClass: class GameApp
18:40:59.689 [FXGL Background Thread 3 ] DEBUG Engine               - version: Milestone 2
18:40:59.689 [FXGL Background Thread 3 ] DEBUG Engine               - versionCheckDays: 7
18:40:59.689 [FXGL Background Thread 3 ] DEBUG Engine               - width: 1920
18:40:59.689 [FXGL Background Thread 3 ] DEBUG Engine               - Logging services
18:40:59.689 [FXGL Background Thread 3 ] DEBUG Engine               - class com.almasb.fxgl.app.services.FXGLAssetLoaderService
18:40:59.689 [FXGL Background Thread 3 ] DEBUG Engine               - class com.almasb.fxgl.app.FXGLApplication$GameApplicationService
18:40:59.690 [FXGL Background Thread 3 ] DEBUG Engine               - class com.almasb.fxgl.app.services.FXGLDialogService
18:40:59.690 [FXGL Background Thread 3 ] DEBUG Engine               - class com.almasb.fxgl.app.services.IOTaskExecutorService
18:40:59.690 [FXGL Background Thread 3 ] DEBUG Engine               - class com.almasb.fxgl.io.FileSystemService
18:40:59.690 [FXGL Background Thread 3 ] DEBUG Engine               - class com.almasb.fxgl.localization.LocalizationService
18:40:59.690 [FXGL Background Thread 3 ] DEBUG Engine               - class com.almasb.fxgl.app.services.SystemBundleService
18:40:59.690 [FXGL Background Thread 3 ] DEBUG Engine               - class com.almasb.fxgl.profile.SaveLoadService
18:40:59.690 [FXGL Background Thread 3 ] DEBUG Engine               - class com.almasb.fxgl.ui.FXGLUIFactoryServiceProvider
18:40:59.690 [FXGL Background Thread 3 ] DEBUG Engine               - class com.almasb.fxgl.ui.FXGLDialogFactoryServiceProvider
18:40:59.690 [FXGL Background Thread 3 ] DEBUG Engine               - class com.almasb.fxgl.audio.AudioPlayer
18:40:59.690 [FXGL Background Thread 3 ] DEBUG Engine               - class com.almasb.fxgl.notification.impl.NotificationServiceProvider
18:40:59.690 [FXGL Background Thread 3 ] DEBUG Engine               - class com.almasb.fxgl.achievement.AchievementService
18:40:59.690 [FXGL Background Thread 3 ] DEBUG Engine               - class com.almasb.fxgl.cutscene.CutsceneService
18:40:59.690 [FXGL Background Thread 3 ] DEBUG Engine               - class com.almasb.fxgl.minigames.MiniGameService
18:40:59.690 [FXGL Background Thread 3 ] DEBUG Engine               - class com.almasb.fxgl.net.NetService
18:40:59.691 [FXGL Background Thread 3 ] DEBUG Engine               - class com.almasb.fxgl.app.services.UpdaterService
18:40:59.691 [FXGL Background Thread 3 ] DEBUG Engine               - class com.almasb.fxgl.dev.DevService
18:41:04.900 [JavaFX Application Thread] DEBUG Menu                 - fireNewGame()
18:41:04.900 [JavaFX Application Thread] DEBUG GameApplicationServi - Starting new game
18:41:04.901 [JavaFX Application Thread] DEBUG PrimaryStageWindow   - Pop state: AppMainMenu
18:41:04.901 [JavaFX Application Thread] DEBUG Input                - Clearing active input actions
18:41:04.902 [JavaFX Application Thread] DEBUG GameApplicationServi - Removing overlay from AppMainMenu and adding to FXGLMainMenuDummyScene
18:41:04.902 [JavaFX Application Thread] DEBUG PrimaryStageWindow   - FXGLMainMenuDummyScene <- AppMainMenu
18:41:04.902 [JavaFX Application Thread] DEBUG Input                - Clearing active input actions
18:41:04.913 [JavaFX Application Thread] DEBUG GameApplicationServi - Removing overlay from FXGLMainMenuDummyScene and adding to FXGLLoadingScene
18:41:04.913 [JavaFX Application Thread] DEBUG PrimaryStageWindow   - FXGLMainMenuDummyScene -> FXGLLoadingScene
18:41:04.914 [JavaFX Application Thread] DEBUG GameApplicationServi - Clearing previous game
18:41:04.914 [JavaFX Application Thread] DEBUG GameScene            - Clearing game scene
18:41:04.914 [JavaFX Application Thread] DEBUG GameWorld            - Clearing game world
18:41:04.914 [JavaFX Application Thread] DEBUG PhysicsWorld         - Clearing physics world
18:41:04.917 [FXGL Background Thread 2 ] DEBUG FXGLApplication      - Initializing game
18:41:04.990 [FXGL Background Thread 2 ] DEBUG FXGLAssetLoaderServi - Loading from file system: file:/Users/kylefry/Desktop/RhythmKnight/Project/target/classes/assets/textures/weapons/weapon2.png
18:41:04.993 [FXGL Background Thread 2 ] DEBUG FXGLAssetLoaderServi - Loading from file system: file:/Users/kylefry/Desktop/RhythmKnight/Project/target/classes/assets/textures/cutout.png
18:41:05.044 [FXGL Background Thread 2 ] DEBUG FXGLAssetLoaderServi - Loading from file system: file:/Users/kylefry/Desktop/RhythmKnight/Project/target/classes/assets/textures/unvisited.png
18:41:05.046 [FXGL Background Thread 2 ] DEBUG FXGLAssetLoaderServi - Loading from file system: file:/Users/kylefry/Desktop/RhythmKnight/Project/target/classes/assets/textures/player.png
18:41:05.047 [FXGL Background Thread 2 ] DEBUG FXGLAssetLoaderServi - Loading from file system: file:/Users/kylefry/Desktop/RhythmKnight/Project/target/classes/assets/textures/stairs.png
18:41:05.053 [FXGL Background Thread 2 ] DEBUG FXGLAssetLoaderServi - Loading from file system: file:/Users/kylefry/Desktop/RhythmKnight/Project/target/classes/assets/textures/Level1-1Layout.png
18:41:05.163 [FXGL Background Thread 2 ] DEBUG FXGLAssetLoaderServi - Loading from file system: file:/Users/kylefry/Desktop/RhythmKnight/Project/target/classes/assets/textures/UI-Layout.png
18:41:05.216 [FXGL Background Thread 2 ] INFO  FXGLApplication      - Game initialization took: 0.299 sec
18:41:05.217 [JavaFX Application Thread] DEBUG Input                - Clearing active input actions
18:41:05.221 [JavaFX Application Thread] DEBUG GameApplicationServi - Removing overlay from FXGLLoadingScene and adding to GameScene
18:41:05.221 [JavaFX Application Thread] DEBUG PrimaryStageWindow   - FXGLLoadingScene -> GameScene
18:41:05.221 [JavaFX Application Thread] DEBUG FXGLAssetLoaderServi - Loading from file system: file:/Users/kylefry/Desktop/RhythmKnight/Project/target/classes/assets/sounds/snare01.wav
18:41:07.607 [JavaFX Application Thread] DEBUG FXGLApplication      - Exiting FXGL
18:41:07.607 [JavaFX Application Thread] DEBUG LoopRunner           - Stopping loop
18:41:07.607 [JavaFX Application Thread] DEBUG SystemBundleService  - Saving FXGL system data
18:41:07.612 [JavaFX Application Thread] DEBUG FileSystemAccess     - Writing to: /Users/kylefry/Desktop/RhythmKnight/Project/system/fxgl.bundle
18:41:07.614 [JavaFX Application Thread] DEBUG Async                - Shutting down background threads
18:41:07.614 [JavaFX Application Thread] DEBUG PrimaryStageWindow   - Closing main window
18:41:07.618 [JavaFX Application Thread] DEBUG Logger               - Closing Logger
