10:58:04.577 [main                     ] DEBUG Logger               - Configured Logger
10:58:04.588 [main                     ] DEBUG GameApplication      - Logging settings
Title: Rhythm Knight
Version: Pre-Alpha 1
Width: 1920
Height: 1080
Fullscreen: false
Intro: false
Profiling: false
Single step:false
App Mode: DEVELOPER
Menu Key: ESCAPE
Stage Style: DECORATED
Scene Factory: class GameApp$1

10:58:05.120 [JavaFX Application Thread] DEBUG FXGLApplication      - Initializing FXGL
10:58:05.122 [JavaFX Application Thread] INFO  Engine               - FXGL-11.16 (25.05.2021 08.16) on MAC (J:16.0.1 FX:16)
10:58:05.123 [JavaFX Application Thread] DEBUG Engine               - JRE Vendor Name: Oracle Corporation
10:58:05.123 [JavaFX Application Thread] DEBUG Engine               - Running on OS: Mac OS X version 11.4
10:58:05.123 [JavaFX Application Thread] DEBUG Engine               - Architecture: x86_64
10:58:05.123 [JavaFX Application Thread] INFO  Engine               - Source code and latest versions at: https://github.com/AlmasB/FXGL
10:58:05.124 [JavaFX Application Thread] INFO  Engine               -              Join the FXGL chat at: https://gitter.im/AlmasB/FXGL
10:58:05.337 [JavaFX Application Thread] DEBUG PrimaryStageWindow   - Creating a JavaFX scene
10:58:05.338 [JavaFX Application Thread] DEBUG PrimaryStageWindow   - Target size > screen size
10:58:05.438 [JavaFX Application Thread] DEBUG PrimaryStageWindow   - Target settings size: 1920.0 x 1080.0
10:58:05.438 [JavaFX Application Thread] DEBUG PrimaryStageWindow   - Scaled scene size:    1400.0 x 801.0
10:58:05.438 [JavaFX Application Thread] DEBUG PrimaryStageWindow   - Scaled ratio: (0.7291666666666666, 0.7416666666666667)
10:58:05.439 [JavaFX Application Thread] DEBUG PrimaryStageWindow   - Set initial scene to FXGLStartupScene
10:58:05.470 [JavaFX Application Thread] DEBUG PrimaryStageWindow   - Opening main window
10:58:05.803 [JavaFX Application Thread] DEBUG PrimaryStageWindow   - Window border size: (0.0, 28.0)
10:58:05.803 [JavaFX Application Thread] DEBUG PrimaryStageWindow   - Scaled size: 1400.0 x 801.0
10:58:05.803 [JavaFX Application Thread] DEBUG PrimaryStageWindow   - Scaled ratio: (0.7291666666666666, 0.7416666666666667)
10:58:05.804 [JavaFX Application Thread] DEBUG PrimaryStageWindow   - Scene size: 1400.0 x 801.0
10:58:05.804 [JavaFX Application Thread] DEBUG PrimaryStageWindow   - Stage size: 1400.0 x 829.0
10:58:05.815 [FXGL Background Thread 1 ] DEBUG Engine               - Initializing environment variables
10:58:05.881 [FXGL Background Thread 1 ] DEBUG FXGLAssetLoaderServi - User app class for loading assets: class GameApp
10:58:05.881 [FXGL Background Thread 1 ] DEBUG GameApplicationServi - Applying CSS: fxgl_dark.css
10:58:05.882 [FXGL Background Thread 1 ] DEBUG FXGLAssetLoaderServi - Loading from file system: jar:file:/Users/kylefry/.m2/repository/com/github/almasb/fxgl/11.16/fxgl-11.16.jar!/fxglassets/ui/css/fxgl_dark.css
10:58:05.952 [FXGL Background Thread 1 ] DEBUG GameApplicationServi - Initializing application scenes
10:58:06.641 [FXGL Background Thread 1 ] DEBUG GameWorld            - Game world initialized
10:58:06.747 [FXGL Background Thread 1 ] DEBUG PhysicsWorld         - Physics world initialized: appHeight=1080, physics.ppm=50.0
10:58:06.748 [FXGL Background Thread 1 ] DEBUG PhysicsWorld         - Using strategy: BRUTE_FORCE
10:58:06.751 [FXGL Background Thread 1 ] DEBUG GameScene            - Game scene initialized: 1920x1080
10:58:06.758 [FXGL Background Thread 1 ] DEBUG FXGLAssetLoaderServi - Loading from file system: file:/Users/kylefry/Desktop/RhythmKnight/Project/target/classes/assets/textures/logo-with-menu.png
10:58:07.009 [FXGL Background Thread 1 ] DEBUG FXGLAssetLoaderServi - Loading from file system: file:/Users/kylefry/Desktop/RhythmKnight/Project/target/classes/assets/textures/rest.png
10:58:07.026 [FXGL Background Thread 1 ] DEBUG FXGL.DefaultMenu     - createMenuBodyGameMenu()
10:58:07.041 [FXGL Background Thread 1 ] DEBUG FXGL.DefaultMenu     - createOptionsMenu()
10:58:07.049 [FXGL Background Thread 1 ] DEBUG FXGLAssetLoaderServi - Loading from file system: jar:file:/Users/kylefry/.m2/repository/com/github/almasb/fxgl/11.16/fxgl-11.16.jar!/fxglassets/textures/particles/smoke.png
10:58:07.159 [FXGL Background Thread 1 ] DEBUG FXGLAssetLoaderServi - Loading from file system: jar:file:/Users/kylefry/.m2/repository/com/github/almasb/fxgl/11.16/fxgl-11.16.jar!/fxglassets/textures/particles/trace_horizontal.png
10:58:07.183 [FXGL Background Thread 1 ] DEBUG GameApplicationServi - Application scenes initialized
10:58:07.195 [FXGL Background Thread 1 ] DEBUG SystemBundleService  - Loading FXGL system data
10:58:07.202 [FXGL Background Thread 1 ] DEBUG FileSystemAccess     - Reading from: /Users/kylefry/Desktop/RhythmKnight/Project/system/fxgl.bundle
10:58:07.214 [FXGL Background Thread 1 ] DEBUG SystemBundleService  - Bundle FXGL: {}
10:58:07.214 [FXGL Background Thread 1 ] DEBUG UpdaterService       - Checking for updates
10:58:07.219 [FXGL Background Thread 4 ] DEBUG FXGLApplication      - Loading fonts
10:58:07.219 [FXGL Background Thread 1 ] DEBUG FXGLApplication      - Loading default localization
10:58:07.220 [FXGL Background Thread 4 ] DEBUG FXGLAssetLoaderServi - Loading from file system: jar:file:/Users/kylefry/.m2/repository/com/github/almasb/fxgl/11.16/fxgl-11.16.jar!/fxglassets/ui/fonts/VarelaRound-Regular.ttf
10:58:07.221 [FXGL Background Thread 1 ] DEBUG FXGLAssetLoaderServi - Loading from file system: jar:file:/Users/kylefry/.m2/repository/com/github/almasb/fxgl/11.16/fxgl-11.16.jar!/fxglassets/languages/english.lang
10:58:07.244 [FXGL Background Thread 4 ] DEBUG FXGLAssetLoaderServi - Loading from file system: jar:file:/Users/kylefry/.m2/repository/com/github/almasb/fxgl/11.16/fxgl-11.16.jar!/fxglassets/ui/fonts/Abel-Regular.ttf
10:58:07.253 [FXGL Background Thread 4 ] DEBUG FXGLAssetLoaderServi - Loading from file system: jar:file:/Users/kylefry/.m2/repository/com/github/almasb/fxgl/11.16/fxgl-11.16.jar!/fxglassets/ui/fonts/lucida_console.ttf
10:58:07.259 [FXGL Background Thread 1 ] INFO  FXGLApplication      - FXGL initialization took: 1.444 sec
10:58:07.262 [JavaFX Application Thread] DEBUG FXGLAssetLoaderServi - Loading from file system: jar:file:/Users/kylefry/.m2/repository/com/github/almasb/fxgl/11.16/fxgl-11.16.jar!/fxglassets/textures/fxgl_icon.png
10:58:07.261 [FXGL Background Thread 4 ] DEBUG FXGLAssetLoaderServi - Loading from file system: jar:file:/Users/kylefry/.m2/repository/com/github/almasb/fxgl/11.16/fxgl-11.16.jar!/fxglassets/ui/fonts/Courier-Prime.ttf
10:58:07.292 [JavaFX Application Thread] DEBUG FXGLAssetLoaderServi - Loading from file system: jar:file:/Users/kylefry/.m2/repository/com/github/almasb/fxgl/11.16/fxgl-11.16.jar!/fxglassets/textures/fxgl_default_cursor.png
10:58:07.306 [JavaFX Application Thread] DEBUG Input                - Registered new binding: Screenshot - CTRL+8
10:58:07.308 [JavaFX Application Thread] DEBUG Input                - Registered new binding: System info dump - CTRL+9
10:58:07.308 [JavaFX Application Thread] DEBUG Input                - Registered new binding: Restart - CTRL+R
10:58:07.309 [JavaFX Application Thread] DEBUG Input                - Registered new binding: Toggle Debug Camera - CTRL+C
10:58:07.312 [JavaFX Application Thread] DEBUG LoopRunner           - Starting loop
10:58:07.312 [JavaFX Application Thread] DEBUG LoopRunner           - Initializing JavaFX AnimationTimerLoop
10:58:07.315 [JavaFX Application Thread] DEBUG Input                - Clearing active input actions
10:58:07.323 [JavaFX Application Thread] DEBUG GameApplicationServi - Removing overlay from FXGLStartupScene and adding to FXGLMainMenuDummyScene
10:58:07.324 [JavaFX Application Thread] DEBUG PrimaryStageWindow   - FXGLStartupScene -> FXGLMainMenuDummyScene
10:58:07.324 [JavaFX Application Thread] DEBUG PrimaryStageWindow   - Push state: AppMainMenu
10:58:07.324 [JavaFX Application Thread] DEBUG Input                - Clearing active input actions
10:58:07.333 [JavaFX Application Thread] DEBUG GameApplicationServi - Removing overlay from FXGLMainMenuDummyScene and adding to AppMainMenu
10:58:07.334 [JavaFX Application Thread] DEBUG PrimaryStageWindow   - FXGLMainMenuDummyScene -> AppMainMenu
10:58:07.362 [JavaFX Application Thread] DEBUG FXGLApplication      - Registering font factories with UI factory
10:58:08.609 [JavaFX Application Thread] DEBUG Menu                 - fireNewGame()
10:58:08.609 [JavaFX Application Thread] DEBUG GameApplicationServi - Starting new game
10:58:08.609 [JavaFX Application Thread] DEBUG PrimaryStageWindow   - Pop state: AppMainMenu
10:58:08.609 [JavaFX Application Thread] DEBUG Input                - Clearing active input actions
10:58:08.610 [JavaFX Application Thread] DEBUG GameApplicationServi - Removing overlay from AppMainMenu and adding to FXGLMainMenuDummyScene
10:58:08.611 [JavaFX Application Thread] DEBUG PrimaryStageWindow   - FXGLMainMenuDummyScene <- AppMainMenu
10:58:08.611 [JavaFX Application Thread] DEBUG Input                - Clearing active input actions
10:58:08.621 [JavaFX Application Thread] DEBUG GameApplicationServi - Removing overlay from FXGLMainMenuDummyScene and adding to FXGLLoadingScene
10:58:08.621 [JavaFX Application Thread] DEBUG PrimaryStageWindow   - FXGLMainMenuDummyScene -> FXGLLoadingScene
10:58:08.621 [JavaFX Application Thread] DEBUG GameApplicationServi - Clearing previous game
10:58:08.622 [JavaFX Application Thread] DEBUG GameScene            - Clearing game scene
10:58:08.622 [JavaFX Application Thread] DEBUG GameWorld            - Clearing game world
10:58:08.622 [JavaFX Application Thread] DEBUG PhysicsWorld         - Clearing physics world
10:58:08.624 [FXGL Background Thread 2 ] DEBUG FXGLApplication      - Initializing game
10:58:10.221 [FXGL Background Thread 3 ] DEBUG Engine               - Logging environment variables
10:58:10.221 [FXGL Background Thread 3 ] DEBUG Engine               - achievements: []
10:58:10.222 [FXGL Background Thread 3 ] DEBUG Engine               - actualHeight: 801.0
10:58:10.222 [FXGL Background Thread 3 ] DEBUG Engine               - actualHeightProperty: ReadOnlyDoubleProperty [value: 801.0]
10:58:10.222 [FXGL Background Thread 3 ] DEBUG Engine               - actualWidth: 1400.0
10:58:10.222 [FXGL Background Thread 3 ] DEBUG Engine               - actualWidthProperty: ReadOnlyDoubleProperty [value: 1400.0]
10:58:10.223 [FXGL Background Thread 3 ] DEBUG Engine               - appIcon: fxgl_icon.png
10:58:10.224 [FXGL Background Thread 3 ] DEBUG Engine               - applicationMode: DEVELOPER
10:58:10.224 [FXGL Background Thread 3 ] DEBUG Engine               - cSSList: [fxgl_dark.css]
10:58:10.225 [FXGL Background Thread 3 ] DEBUG Engine               - collisionDetectionStrategy: BRUTE_FORCE
10:58:10.225 [FXGL Background Thread 3 ] DEBUG Engine               - configClass: Optional.empty
10:58:10.225 [FXGL Background Thread 3 ] DEBUG Engine               - credits: []
10:58:10.225 [FXGL Background Thread 3 ] DEBUG Engine               - defaultCursor: CursorInfo(imageName=fxgl_default_cursor.png, hotspotX=7.0, hotspotY=6.0)
10:58:10.226 [FXGL Background Thread 3 ] DEBUG Engine               - devBBoxColorProperty: ObjectProperty [value: 0xff0000ff]
10:58:10.226 [FXGL Background Thread 3 ] DEBUG Engine               - devEnableDebugCameraProperty: BooleanProperty [value: false]
10:58:10.227 [FXGL Background Thread 3 ] DEBUG Engine               - devSensorColorProperty: ObjectProperty [value: 0xffff00ff]
10:58:10.227 [FXGL Background Thread 3 ] DEBUG Engine               - devShowBBoxProperty: BooleanProperty [value: false]
10:58:10.227 [FXGL Background Thread 3 ] DEBUG Engine               - devShowPositionProperty: BooleanProperty [value: false]
10:58:10.227 [FXGL Background Thread 3 ] DEBUG Engine               - enabledMenuItems: []
10:58:10.228 [FXGL Background Thread 3 ] DEBUG Engine               - engineServices: [class com.almasb.fxgl.app.services.FXGLAssetLoaderService, class com.almasb.fxgl.app.FXGLApplication$GameApplicationService, class com.almasb.fxgl.app.services.FXGLDialogService, class com.almasb.fxgl.app.services.IOTaskExecutorService, class com.almasb.fxgl.io.FileSystemService, class com.almasb.fxgl.localization.LocalizationService, class com.almasb.fxgl.app.services.SystemBundleService, class com.almasb.fxgl.profile.SaveLoadService, class com.almasb.fxgl.ui.FXGLUIFactoryServiceProvider, class com.almasb.fxgl.ui.FXGLDialogFactoryServiceProvider, class com.almasb.fxgl.audio.AudioPlayer, class com.almasb.fxgl.notification.impl.NotificationServiceProvider, class com.almasb.fxgl.achievement.AchievementService, class com.almasb.fxgl.cutscene.CutsceneService, class com.almasb.fxgl.minigames.MiniGameService, class com.almasb.fxgl.net.NetService, class com.almasb.fxgl.app.services.UpdaterService, class com.almasb.fxgl.dev.DevService]
10:58:10.228 [FXGL Background Thread 3 ] DEBUG Engine               - fontGame: Abel-Regular.ttf
10:58:10.229 [FXGL Background Thread 3 ] DEBUG Engine               - fontMono: lucida_console.ttf
10:58:10.229 [FXGL Background Thread 3 ] DEBUG Engine               - fontText: Courier-Prime.ttf
10:58:10.229 [FXGL Background Thread 3 ] DEBUG Engine               - fontUI: VarelaRound-Regular.ttf
10:58:10.230 [FXGL Background Thread 3 ] DEBUG Engine               - fullScreen: BooleanProperty [value: false]
10:58:10.230 [FXGL Background Thread 3 ] DEBUG Engine               - gameDifficulty: MEDIUM
10:58:10.230 [FXGL Background Thread 3 ] DEBUG Engine               - gameDifficultyProperty: ObjectProperty [value: MEDIUM]
10:58:10.231 [FXGL Background Thread 3 ] DEBUG Engine               - globalMusicVolume: 0.5
10:58:10.231 [FXGL Background Thread 3 ] DEBUG Engine               - globalMusicVolumeProperty: DoubleProperty [value: 0.5]
10:58:10.232 [FXGL Background Thread 3 ] DEBUG Engine               - globalSoundVolume: 0.5
10:58:10.232 [FXGL Background Thread 3 ] DEBUG Engine               - globalSoundVolumeProperty: DoubleProperty [value: 0.5]
10:58:10.232 [FXGL Background Thread 3 ] DEBUG Engine               - height: 1080
10:58:10.232 [FXGL Background Thread 3 ] DEBUG Engine               - is3D: false
10:58:10.232 [FXGL Background Thread 3 ] DEBUG Engine               - isAndroid: false
10:58:10.233 [FXGL Background Thread 3 ] DEBUG Engine               - isBrowser: false
10:58:10.233 [FXGL Background Thread 3 ] DEBUG Engine               - isClickFeedbackEnabled: false
10:58:10.233 [FXGL Background Thread 3 ] DEBUG Engine               - isCloseConfirmation: false
10:58:10.233 [FXGL Background Thread 3 ] DEBUG Engine               - isDesktop: true
10:58:10.233 [FXGL Background Thread 3 ] DEBUG Engine               - isDeveloperMenuEnabled: false
10:58:10.234 [FXGL Background Thread 3 ] DEBUG Engine               - isEntityPreloadEnabled: true
10:58:10.234 [FXGL Background Thread 3 ] DEBUG Engine               - isExperimentalTiledLargeMap: false
10:58:10.234 [FXGL Background Thread 3 ] DEBUG Engine               - isFileSystemWriteAllowed: true
10:58:10.234 [FXGL Background Thread 3 ] DEBUG Engine               - isFullScreenAllowed: false
10:58:10.235 [FXGL Background Thread 3 ] DEBUG Engine               - isFullScreenFromStart: false
10:58:10.235 [FXGL Background Thread 3 ] DEBUG Engine               - isGameMenuEnabled: true
10:58:10.235 [FXGL Background Thread 3 ] DEBUG Engine               - isIOS: false
10:58:10.236 [FXGL Background Thread 3 ] DEBUG Engine               - isIntroEnabled: false
10:58:10.236 [FXGL Background Thread 3 ] DEBUG Engine               - isLinux: false
10:58:10.236 [FXGL Background Thread 3 ] DEBUG Engine               - isMac: true
10:58:10.237 [FXGL Background Thread 3 ] DEBUG Engine               - isMainMenuEnabled: true
10:58:10.237 [FXGL Background Thread 3 ] DEBUG Engine               - isManualResizeEnabled: false
10:58:10.237 [FXGL Background Thread 3 ] DEBUG Engine               - isMobile: false
10:58:10.237 [FXGL Background Thread 3 ] DEBUG Engine               - isNative: false
10:58:10.238 [FXGL Background Thread 3 ] DEBUG Engine               - isPreserveResizeRatio: false
10:58:10.238 [FXGL Background Thread 3 ] DEBUG Engine               - isProfilingEnabled: false
10:58:10.238 [FXGL Background Thread 3 ] DEBUG Engine               - isScaleAffectedOnResize: true
10:58:10.239 [FXGL Background Thread 3 ] DEBUG Engine               - isSingleStep: false
10:58:10.239 [FXGL Background Thread 3 ] DEBUG Engine               - isUserProfileEnabled: false
10:58:10.240 [FXGL Background Thread 3 ] DEBUG Engine               - isWindows: false
10:58:10.240 [FXGL Background Thread 3 ] DEBUG Engine               - language: ObjectProperty [value: ENGLISH]
10:58:10.240 [FXGL Background Thread 3 ] DEBUG Engine               - menuKey: ESCAPE
10:58:10.240 [FXGL Background Thread 3 ] DEBUG Engine               - mouseSensitivity: 0.2
10:58:10.240 [FXGL Background Thread 3 ] DEBUG Engine               - notificationViewClass: class com.almasb.fxgl.notification.view.XboxNotificationView
10:58:10.241 [FXGL Background Thread 3 ] DEBUG Engine               - pixelsPerMeter: 50.0
10:58:10.241 [FXGL Background Thread 3 ] DEBUG Engine               - platform: MAC
10:58:10.241 [FXGL Background Thread 3 ] DEBUG Engine               - prefHeightProperty: ReadOnlyDoubleProperty [value: 1080.0]
10:58:10.241 [FXGL Background Thread 3 ] DEBUG Engine               - prefWidthProperty: ReadOnlyDoubleProperty [value: 1920.0]
10:58:10.241 [FXGL Background Thread 3 ] DEBUG Engine               - profileDir: profiles/
10:58:10.242 [FXGL Background Thread 3 ] DEBUG Engine               - profileName: StringProperty [value: DEFAULT]
10:58:10.242 [FXGL Background Thread 3 ] DEBUG Engine               - randomSeed: -1
10:58:10.242 [FXGL Background Thread 3 ] DEBUG Engine               - runtimeInfo: RuntimeInfo(platform=MAC, version=11.16, build=25.05.2021 08.16)
10:58:10.242 [FXGL Background Thread 3 ] DEBUG Engine               - saveFileExt: sav
10:58:10.243 [FXGL Background Thread 3 ] DEBUG Engine               - scaledHeightProp$fxgl: DoubleProperty [bound, value: 801.0]
10:58:10.243 [FXGL Background Thread 3 ] DEBUG Engine               - scaledWidthProp$fxgl: DoubleProperty [bound, value: 1400.0]
10:58:10.243 [FXGL Background Thread 3 ] DEBUG Engine               - sceneFactory: GameApp$1@3965cee
10:58:10.243 [FXGL Background Thread 3 ] DEBUG Engine               - secondsIn24h: 60
10:58:10.243 [FXGL Background Thread 3 ] DEBUG Engine               - soundMenuBack: menu/back.wav
10:58:10.243 [FXGL Background Thread 3 ] DEBUG Engine               - soundMenuPress: menu/press.wav
10:58:10.243 [FXGL Background Thread 3 ] DEBUG Engine               - soundMenuSelect: menu/select.wav
10:58:10.243 [FXGL Background Thread 3 ] DEBUG Engine               - soundNotification: core/notification.wav
10:58:10.244 [FXGL Background Thread 3 ] DEBUG Engine               - stageStyle: DECORATED
10:58:10.244 [FXGL Background Thread 3 ] DEBUG Engine               - supportedLanguages: [ENGLISH, FRENCH, GERMAN, HUNGARIAN, RUSSIAN]
10:58:10.244 [FXGL Background Thread 3 ] DEBUG Engine               - ticksPerSecond: -1
10:58:10.244 [FXGL Background Thread 3 ] DEBUG Engine               - title: Rhythm Knight
10:58:10.244 [FXGL Background Thread 3 ] DEBUG Engine               - urlGithub: https://github.com/AlmasB/FXGL
10:58:10.244 [FXGL Background Thread 3 ] DEBUG Engine               - urlLeaderboard: http://fxgl-top.herokuapp.com/
10:58:10.244 [FXGL Background Thread 3 ] DEBUG Engine               - urlPOM: https://raw.githubusercontent.com/AlmasB/FXGL/release/README.md
10:58:10.245 [FXGL Background Thread 3 ] DEBUG Engine               - userAppClass: class GameApp
10:58:10.245 [FXGL Background Thread 3 ] DEBUG Engine               - version: Pre-Alpha 1
10:58:10.245 [FXGL Background Thread 3 ] DEBUG Engine               - versionCheckDays: 7
10:58:10.245 [FXGL Background Thread 3 ] DEBUG Engine               - width: 1920
10:58:10.245 [FXGL Background Thread 3 ] DEBUG Engine               - Logging services
10:58:10.246 [FXGL Background Thread 3 ] DEBUG Engine               - class com.almasb.fxgl.app.services.FXGLAssetLoaderService
10:58:10.246 [FXGL Background Thread 3 ] DEBUG Engine               - class com.almasb.fxgl.app.FXGLApplication$GameApplicationService
10:58:10.246 [FXGL Background Thread 3 ] DEBUG Engine               - class com.almasb.fxgl.app.services.FXGLDialogService
10:58:10.246 [FXGL Background Thread 3 ] DEBUG Engine               - class com.almasb.fxgl.app.services.IOTaskExecutorService
10:58:10.246 [FXGL Background Thread 3 ] DEBUG Engine               - class com.almasb.fxgl.io.FileSystemService
10:58:10.246 [FXGL Background Thread 3 ] DEBUG Engine               - class com.almasb.fxgl.localization.LocalizationService
10:58:10.246 [FXGL Background Thread 3 ] DEBUG Engine               - class com.almasb.fxgl.app.services.SystemBundleService
10:58:10.246 [FXGL Background Thread 3 ] DEBUG Engine               - class com.almasb.fxgl.profile.SaveLoadService
10:58:10.246 [FXGL Background Thread 3 ] DEBUG Engine               - class com.almasb.fxgl.ui.FXGLUIFactoryServiceProvider
10:58:10.247 [FXGL Background Thread 3 ] DEBUG Engine               - class com.almasb.fxgl.ui.FXGLDialogFactoryServiceProvider
10:58:10.247 [FXGL Background Thread 3 ] DEBUG Engine               - class com.almasb.fxgl.audio.AudioPlayer
10:58:10.247 [FXGL Background Thread 3 ] DEBUG Engine               - class com.almasb.fxgl.notification.impl.NotificationServiceProvider
10:58:10.247 [FXGL Background Thread 3 ] DEBUG Engine               - class com.almasb.fxgl.achievement.AchievementService
10:58:10.247 [FXGL Background Thread 3 ] DEBUG Engine               - class com.almasb.fxgl.cutscene.CutsceneService
10:58:10.247 [FXGL Background Thread 3 ] DEBUG Engine               - class com.almasb.fxgl.minigames.MiniGameService
10:58:10.248 [FXGL Background Thread 3 ] DEBUG Engine               - class com.almasb.fxgl.net.NetService
10:58:10.248 [FXGL Background Thread 3 ] DEBUG Engine               - class com.almasb.fxgl.app.services.UpdaterService
10:58:10.248 [FXGL Background Thread 3 ] DEBUG Engine               - class com.almasb.fxgl.dev.DevService
10:58:12.776 [JavaFX Application Thread] DEBUG LoopRunner           - Stopping loop
10:58:12.778 [JavaFX Application Thread] FATAL FXGLApplication      - Uncaught Exception:
java.lang.RuntimeException: Initialization failed
	at com.almasb.fxgl.app.FXGLApplication$InitAppTask.failed(FXGLApplication.kt:343)
	at javafx.concurrent.Task.setState(Task.java:710)
	at javafx.concurrent.Task$TaskCallable.lambda$call$2(Task.java:1455)
	at com.sun.javafx.application.PlatformImpl.lambda$runLater$10(PlatformImpl.java:447)
	at java.base/java.security.AccessController.doPrivileged(AccessController.java:391)
	at com.sun.javafx.application.PlatformImpl.lambda$runLater$11(PlatformImpl.java:446)
	at com.sun.glass.ui.InvokeLaterDispatcher$Future.run(InvokeLaterDispatcher.java:96)
Caused by: MediaException: MEDIA_UNAVAILABLE : /Users/kylefry/Desktop/RhythmKnight/Project/src/main/resources/sounds/Diodes.mp3 (No such file or directory)
	at javafx.scene.media.Media.<init>(Media.java:407)
	at GameApp.initGame(GameApp.java:66)
	at com.almasb.fxgl.app.FXGLApplication$InitAppTask.initGame(FXGLApplication.kt:339)
	at com.almasb.fxgl.app.FXGLApplication$InitAppTask.call(FXGLApplication.kt:319)
	at com.almasb.fxgl.app.FXGLApplication$InitAppTask.call(FXGLApplication.kt:311)
	at javafx.concurrent.Task$TaskCallable.call(Task.java:1425)
	at java.base/java.util.concurrent.FutureTask.run(FutureTask.java:264)
	at java.base/java.util.concurrent.Executors$RunnableAdapter.call(Executors.java:515)
	at java.base/java.util.concurrent.FutureTask.run(FutureTask.java:264)
	at java.base/java.util.concurrent.ThreadPoolExecutor.runWorker(ThreadPoolExecutor.java:1130)
	at java.base/java.util.concurrent.ThreadPoolExecutor$Worker.run(ThreadPoolExecutor.java:630)
	at java.base/java.lang.Thread.run(Thread.java:831)

10:58:12.778 [JavaFX Application Thread] FATAL FXGLApplication      - Application will now exit
10:58:12.798 [JavaFX Application Thread] DEBUG PrimaryStageWindow   - Push state: ErrorSubScene
10:58:12.798 [JavaFX Application Thread] DEBUG Input                - Clearing active input actions
10:58:12.803 [JavaFX Application Thread] DEBUG GameApplicationServi - Removing overlay from FXGLLoadingScene and adding to ErrorSubScene
10:58:12.803 [JavaFX Application Thread] DEBUG PrimaryStageWindow   - FXGLLoadingScene -> ErrorSubScene
10:58:31.483 [JavaFX Application Thread] DEBUG FXGLApplication      - Exiting FXGL
10:58:31.483 [JavaFX Application Thread] DEBUG Async                - Shutting down background threads
10:58:31.483 [JavaFX Application Thread] DEBUG PrimaryStageWindow   - Closing main window
10:58:31.490 [JavaFX Application Thread] DEBUG Logger               - Closing Logger
