16:14:48.943 [main                     ] DEBUG Logger               - Configured Logger
16:14:48.976 [main                     ] DEBUG GameApplication      - Logging settings
Title: Rhythm Knight
Version: Milestone 2
Width: 1920
Height: 1080
Fullscreen: false
Intro: false
Profiling: false
Single step:false
App Mode: DEVELOPER
Menu Key: ESCAPE
Stage Style: DECORATED
Scene Factory: class GameApp$1

16:14:49.545 [JavaFX Application Thread] DEBUG FXGLApplication      - Initializing FXGL
16:14:49.547 [JavaFX Application Thread] INFO  Engine               - FXGL-11.16 (25.05.2021 08.16) on MAC (J:11.0.8 FX:16)
16:14:49.548 [JavaFX Application Thread] DEBUG Engine               - JRE Vendor Name: Oracle Corporation
16:14:49.548 [JavaFX Application Thread] DEBUG Engine               - Running on OS: Mac OS X version 10.16
16:14:49.548 [JavaFX Application Thread] DEBUG Engine               - Architecture: x86_64
16:14:49.548 [JavaFX Application Thread] INFO  Engine               - Source code and latest versions at: https://github.com/AlmasB/FXGL
16:14:49.548 [JavaFX Application Thread] INFO  Engine               -              Join the FXGL chat at: https://gitter.im/AlmasB/FXGL
16:14:49.834 [JavaFX Application Thread] DEBUG PrimaryStageWindow   - Creating a JavaFX scene
16:14:49.835 [JavaFX Application Thread] DEBUG PrimaryStageWindow   - Target size > screen size
16:14:49.903 [JavaFX Application Thread] DEBUG PrimaryStageWindow   - Target settings size: 1920.0 x 1080.0
16:14:49.904 [JavaFX Application Thread] DEBUG PrimaryStageWindow   - Scaled scene size:    1400.0 x 801.0
16:14:49.904 [JavaFX Application Thread] DEBUG PrimaryStageWindow   - Scaled ratio: (0.7291666666666666, 0.7416666666666667)
16:14:49.905 [JavaFX Application Thread] DEBUG PrimaryStageWindow   - Set initial scene to FXGLStartupScene
16:14:49.915 [JavaFX Application Thread] DEBUG PrimaryStageWindow   - Opening main window
16:14:50.268 [JavaFX Application Thread] DEBUG PrimaryStageWindow   - Window border size: (0.0, 28.0)
16:14:50.268 [JavaFX Application Thread] DEBUG PrimaryStageWindow   - Scaled size: 1400.0 x 801.0
16:14:50.268 [JavaFX Application Thread] DEBUG PrimaryStageWindow   - Scaled ratio: (0.7291666666666666, 0.7416666666666667)
16:14:50.268 [JavaFX Application Thread] DEBUG PrimaryStageWindow   - Scene size: 1400.0 x 801.0
16:14:50.268 [JavaFX Application Thread] DEBUG PrimaryStageWindow   - Stage size: 1400.0 x 829.0
16:14:50.276 [FXGL Background Thread 1 ] DEBUG Engine               - Initializing environment variables
16:14:50.334 [FXGL Background Thread 1 ] DEBUG FXGLAssetLoaderServi - User app class for loading assets: class GameApp
16:14:50.334 [FXGL Background Thread 1 ] DEBUG GameApplicationServi - Applying CSS: fxgl_dark.css
16:14:50.335 [FXGL Background Thread 1 ] DEBUG FXGLAssetLoaderServi - Loading from file system: jar:file:/Users/kylefry/.m2/repository/com/github/almasb/fxgl/11.16/fxgl-11.16.jar!/fxglassets/ui/css/fxgl_dark.css
16:14:50.409 [FXGL Background Thread 1 ] DEBUG GameApplicationServi - Initializing application scenes
16:14:51.002 [FXGL Background Thread 1 ] DEBUG GameWorld            - Game world initialized
16:14:51.077 [FXGL Background Thread 1 ] DEBUG PhysicsWorld         - Physics world initialized: appHeight=1080, physics.ppm=50.0
16:14:51.077 [FXGL Background Thread 1 ] DEBUG PhysicsWorld         - Using strategy: BRUTE_FORCE
16:14:51.080 [FXGL Background Thread 1 ] DEBUG GameScene            - Game scene initialized: 1920x1080
16:14:51.089 [FXGL Background Thread 1 ] DEBUG FXGLAssetLoaderServi - Loading from file system: file:/Users/kylefry/Desktop/RhythmKnight/Project/target/classes/assets/textures/logo-with-menu.png
16:14:51.247 [FXGL Background Thread 1 ] DEBUG FXGL.DefaultMenu     - createMenuBodyGameMenu()
16:14:51.258 [FXGL Background Thread 1 ] DEBUG FXGL.DefaultMenu     - createOptionsMenu()
16:14:51.264 [FXGL Background Thread 1 ] DEBUG FXGLAssetLoaderServi - Loading from file system: jar:file:/Users/kylefry/.m2/repository/com/github/almasb/fxgl/11.16/fxgl-11.16.jar!/fxglassets/textures/particles/smoke.png
16:14:51.369 [FXGL Background Thread 1 ] DEBUG FXGLAssetLoaderServi - Loading from file system: jar:file:/Users/kylefry/.m2/repository/com/github/almasb/fxgl/11.16/fxgl-11.16.jar!/fxglassets/textures/particles/trace_horizontal.png
16:14:51.401 [FXGL Background Thread 1 ] DEBUG GameApplicationServi - Application scenes initialized
16:14:51.411 [FXGL Background Thread 1 ] DEBUG SystemBundleService  - Loading FXGL system data
16:14:51.415 [FXGL Background Thread 1 ] DEBUG FileSystemAccess     - Reading from: /Users/kylefry/Desktop/RhythmKnight/Project/system/fxgl.bundle
16:14:51.421 [FXGL Background Thread 1 ] DEBUG SystemBundleService  - Bundle FXGL: {}
16:14:51.421 [FXGL Background Thread 1 ] DEBUG UpdaterService       - Checking for updates
16:14:51.427 [FXGL Background Thread 1 ] DEBUG FXGLApplication      - Loading default localization
16:14:51.428 [FXGL Background Thread 1 ] DEBUG FXGLAssetLoaderServi - Loading from file system: jar:file:/Users/kylefry/.m2/repository/com/github/almasb/fxgl/11.16/fxgl-11.16.jar!/fxglassets/languages/english.lang
16:14:51.429 [FXGL Background Thread 4 ] DEBUG FXGLApplication      - Loading fonts
16:14:51.430 [FXGL Background Thread 4 ] DEBUG FXGLAssetLoaderServi - Loading from file system: jar:file:/Users/kylefry/.m2/repository/com/github/almasb/fxgl/11.16/fxgl-11.16.jar!/fxglassets/ui/fonts/VarelaRound-Regular.ttf
16:14:51.447 [FXGL Background Thread 1 ] INFO  FXGLApplication      - FXGL initialization took: 1.171 sec
16:14:51.450 [JavaFX Application Thread] DEBUG FXGLAssetLoaderServi - Loading from file system: jar:file:/Users/kylefry/.m2/repository/com/github/almasb/fxgl/11.16/fxgl-11.16.jar!/fxglassets/textures/fxgl_icon.png
16:14:51.465 [FXGL Background Thread 4 ] DEBUG FXGLAssetLoaderServi - Loading from file system: jar:file:/Users/kylefry/.m2/repository/com/github/almasb/fxgl/11.16/fxgl-11.16.jar!/fxglassets/ui/fonts/Abel-Regular.ttf
16:14:51.469 [FXGL Background Thread 4 ] DEBUG FXGLAssetLoaderServi - Loading from file system: jar:file:/Users/kylefry/.m2/repository/com/github/almasb/fxgl/11.16/fxgl-11.16.jar!/fxglassets/ui/fonts/lucida_console.ttf
16:14:51.477 [FXGL Background Thread 4 ] DEBUG FXGLAssetLoaderServi - Loading from file system: jar:file:/Users/kylefry/.m2/repository/com/github/almasb/fxgl/11.16/fxgl-11.16.jar!/fxglassets/ui/fonts/Courier-Prime.ttf
16:14:51.488 [JavaFX Application Thread] DEBUG FXGLAssetLoaderServi - Loading from file system: jar:file:/Users/kylefry/.m2/repository/com/github/almasb/fxgl/11.16/fxgl-11.16.jar!/fxglassets/textures/fxgl_default_cursor.png
16:14:51.506 [JavaFX Application Thread] DEBUG Input                - Registered new binding: Screenshot - CTRL+8
16:14:51.506 [JavaFX Application Thread] DEBUG Input                - Registered new binding: System info dump - CTRL+9
16:14:51.507 [JavaFX Application Thread] DEBUG Input                - Registered new binding: Restart - CTRL+R
16:14:51.507 [JavaFX Application Thread] DEBUG Input                - Registered new binding: Toggle Debug Camera - CTRL+C
16:14:51.510 [JavaFX Application Thread] DEBUG LoopRunner           - Starting loop
16:14:51.510 [JavaFX Application Thread] DEBUG LoopRunner           - Initializing JavaFX AnimationTimerLoop
16:14:51.513 [JavaFX Application Thread] DEBUG Input                - Clearing active input actions
16:14:51.521 [JavaFX Application Thread] DEBUG GameApplicationServi - Removing overlay from FXGLStartupScene and adding to FXGLMainMenuDummyScene
16:14:51.522 [JavaFX Application Thread] DEBUG PrimaryStageWindow   - FXGLStartupScene -> FXGLMainMenuDummyScene
16:14:51.522 [JavaFX Application Thread] DEBUG PrimaryStageWindow   - Push state: AppMainMenu
16:14:51.522 [JavaFX Application Thread] DEBUG Input                - Clearing active input actions
16:14:51.528 [JavaFX Application Thread] DEBUG GameApplicationServi - Removing overlay from FXGLMainMenuDummyScene and adding to AppMainMenu
16:14:51.529 [JavaFX Application Thread] DEBUG PrimaryStageWindow   - FXGLMainMenuDummyScene -> AppMainMenu
16:14:51.557 [JavaFX Application Thread] DEBUG FXGLApplication      - Registering font factories with UI factory
16:14:52.252 [JavaFX Application Thread] DEBUG FXGLAssetLoaderServi - Loading from file system: file:/Users/kylefry/Desktop/RhythmKnight/Project/target/classes/assets/sounds/SelectSFX.mp3
16:14:53.264 [JavaFX Application Thread] DEBUG FXGLAssetLoaderServi - Loading from file system: file:/Users/kylefry/Desktop/RhythmKnight/Project/target/classes/assets/textures/configUI.png
16:14:54.428 [FXGL Background Thread 3 ] DEBUG Engine               - Logging environment variables
16:14:54.429 [FXGL Background Thread 3 ] DEBUG Engine               - achievements: []
16:14:54.429 [FXGL Background Thread 3 ] DEBUG Engine               - actualHeight: 801.0
16:14:54.429 [FXGL Background Thread 3 ] DEBUG Engine               - actualHeightProperty: ReadOnlyDoubleProperty [value: 801.0]
16:14:54.429 [FXGL Background Thread 3 ] DEBUG Engine               - actualWidth: 1400.0
16:14:54.429 [FXGL Background Thread 3 ] DEBUG Engine               - actualWidthProperty: ReadOnlyDoubleProperty [value: 1400.0]
16:14:54.430 [FXGL Background Thread 3 ] DEBUG Engine               - appIcon: fxgl_icon.png
16:14:54.430 [FXGL Background Thread 3 ] DEBUG Engine               - applicationMode: DEVELOPER
16:14:54.430 [FXGL Background Thread 3 ] DEBUG Engine               - cSSList: [fxgl_dark.css]
16:14:54.430 [FXGL Background Thread 3 ] DEBUG Engine               - collisionDetectionStrategy: BRUTE_FORCE
16:14:54.430 [FXGL Background Thread 3 ] DEBUG Engine               - configClass: Optional.empty
16:14:54.431 [FXGL Background Thread 3 ] DEBUG Engine               - credits: []
16:14:54.431 [FXGL Background Thread 3 ] DEBUG Engine               - defaultCursor: CursorInfo(imageName=fxgl_default_cursor.png, hotspotX=7.0, hotspotY=6.0)
16:14:54.431 [FXGL Background Thread 3 ] DEBUG Engine               - devBBoxColorProperty: ObjectProperty [value: 0xff0000ff]
16:14:54.431 [FXGL Background Thread 3 ] DEBUG Engine               - devEnableDebugCameraProperty: BooleanProperty [value: false]
16:14:54.431 [FXGL Background Thread 3 ] DEBUG Engine               - devSensorColorProperty: ObjectProperty [value: 0xffff00ff]
16:14:54.432 [FXGL Background Thread 3 ] DEBUG Engine               - devShowBBoxProperty: BooleanProperty [value: false]
16:14:54.432 [FXGL Background Thread 3 ] DEBUG Engine               - devShowPositionProperty: BooleanProperty [value: false]
16:14:54.432 [FXGL Background Thread 3 ] DEBUG Engine               - enabledMenuItems: []
16:14:54.432 [FXGL Background Thread 3 ] DEBUG Engine               - engineServices: [class com.almasb.fxgl.app.services.FXGLAssetLoaderService, class com.almasb.fxgl.app.FXGLApplication$GameApplicationService, class com.almasb.fxgl.app.services.FXGLDialogService, class com.almasb.fxgl.app.services.IOTaskExecutorService, class com.almasb.fxgl.io.FileSystemService, class com.almasb.fxgl.localization.LocalizationService, class com.almasb.fxgl.app.services.SystemBundleService, class com.almasb.fxgl.profile.SaveLoadService, class com.almasb.fxgl.ui.FXGLUIFactoryServiceProvider, class com.almasb.fxgl.ui.FXGLDialogFactoryServiceProvider, class com.almasb.fxgl.audio.AudioPlayer, class com.almasb.fxgl.notification.impl.NotificationServiceProvider, class com.almasb.fxgl.achievement.AchievementService, class com.almasb.fxgl.cutscene.CutsceneService, class com.almasb.fxgl.minigames.MiniGameService, class com.almasb.fxgl.net.NetService, class com.almasb.fxgl.app.services.UpdaterService, class com.almasb.fxgl.dev.DevService]
16:14:54.432 [FXGL Background Thread 3 ] DEBUG Engine               - fontGame: Abel-Regular.ttf
16:14:54.432 [FXGL Background Thread 3 ] DEBUG Engine               - fontMono: lucida_console.ttf
16:14:54.432 [FXGL Background Thread 3 ] DEBUG Engine               - fontText: Courier-Prime.ttf
16:14:54.432 [FXGL Background Thread 3 ] DEBUG Engine               - fontUI: VarelaRound-Regular.ttf
16:14:54.432 [FXGL Background Thread 3 ] DEBUG Engine               - fullScreen: BooleanProperty [value: false]
16:14:54.432 [FXGL Background Thread 3 ] DEBUG Engine               - gameDifficulty: MEDIUM
16:14:54.432 [FXGL Background Thread 3 ] DEBUG Engine               - gameDifficultyProperty: ObjectProperty [value: MEDIUM]
16:14:54.433 [FXGL Background Thread 3 ] DEBUG Engine               - globalMusicVolume: 0.5
16:14:54.433 [FXGL Background Thread 3 ] DEBUG Engine               - globalMusicVolumeProperty: DoubleProperty [value: 0.5]
16:14:54.433 [FXGL Background Thread 3 ] DEBUG Engine               - globalSoundVolume: 0.5
16:14:54.433 [FXGL Background Thread 3 ] DEBUG Engine               - globalSoundVolumeProperty: DoubleProperty [value: 0.5]
16:14:54.433 [FXGL Background Thread 3 ] DEBUG Engine               - height: 1080
16:14:54.433 [FXGL Background Thread 3 ] DEBUG Engine               - is3D: false
16:14:54.433 [FXGL Background Thread 3 ] DEBUG Engine               - isAndroid: false
16:14:54.434 [FXGL Background Thread 3 ] DEBUG Engine               - isBrowser: false
16:14:54.434 [FXGL Background Thread 3 ] DEBUG Engine               - isClickFeedbackEnabled: false
16:14:54.434 [FXGL Background Thread 3 ] DEBUG Engine               - isCloseConfirmation: false
16:14:54.434 [FXGL Background Thread 3 ] DEBUG Engine               - isDesktop: true
16:14:54.434 [FXGL Background Thread 3 ] DEBUG Engine               - isDeveloperMenuEnabled: false
16:14:54.434 [FXGL Background Thread 3 ] DEBUG Engine               - isEntityPreloadEnabled: true
16:14:54.434 [FXGL Background Thread 3 ] DEBUG Engine               - isExperimentalTiledLargeMap: false
16:14:54.435 [FXGL Background Thread 3 ] DEBUG Engine               - isFileSystemWriteAllowed: true
16:14:54.435 [FXGL Background Thread 3 ] DEBUG Engine               - isFullScreenAllowed: false
16:14:54.435 [FXGL Background Thread 3 ] DEBUG Engine               - isFullScreenFromStart: false
16:14:54.435 [FXGL Background Thread 3 ] DEBUG Engine               - isGameMenuEnabled: true
16:14:54.435 [FXGL Background Thread 3 ] DEBUG Engine               - isIOS: false
16:14:54.435 [FXGL Background Thread 3 ] DEBUG Engine               - isIntroEnabled: false
16:14:54.435 [FXGL Background Thread 3 ] DEBUG Engine               - isLinux: false
16:14:54.435 [FXGL Background Thread 3 ] DEBUG Engine               - isMac: true
16:14:54.435 [FXGL Background Thread 3 ] DEBUG Engine               - isMainMenuEnabled: true
16:14:54.435 [FXGL Background Thread 3 ] DEBUG Engine               - isManualResizeEnabled: false
16:14:54.436 [FXGL Background Thread 3 ] DEBUG Engine               - isMobile: false
16:14:54.436 [FXGL Background Thread 3 ] DEBUG Engine               - isNative: false
16:14:54.436 [FXGL Background Thread 3 ] DEBUG Engine               - isPreserveResizeRatio: false
16:14:54.436 [FXGL Background Thread 3 ] DEBUG Engine               - isProfilingEnabled: false
16:14:54.436 [FXGL Background Thread 3 ] DEBUG Engine               - isScaleAffectedOnResize: true
16:14:54.436 [FXGL Background Thread 3 ] DEBUG Engine               - isSingleStep: false
16:14:54.436 [FXGL Background Thread 3 ] DEBUG Engine               - isUserProfileEnabled: false
16:14:54.436 [FXGL Background Thread 3 ] DEBUG Engine               - isWindows: false
16:14:54.436 [FXGL Background Thread 3 ] DEBUG Engine               - language: ObjectProperty [value: ENGLISH]
16:14:54.437 [FXGL Background Thread 3 ] DEBUG Engine               - menuKey: ESCAPE
16:14:54.437 [FXGL Background Thread 3 ] DEBUG Engine               - mouseSensitivity: 0.2
16:14:54.437 [FXGL Background Thread 3 ] DEBUG Engine               - notificationViewClass: class com.almasb.fxgl.notification.view.XboxNotificationView
16:14:54.437 [FXGL Background Thread 3 ] DEBUG Engine               - pixelsPerMeter: 50.0
16:14:54.437 [FXGL Background Thread 3 ] DEBUG Engine               - platform: MAC
16:14:54.437 [FXGL Background Thread 3 ] DEBUG Engine               - prefHeightProperty: ReadOnlyDoubleProperty [value: 1080.0]
16:14:54.437 [FXGL Background Thread 3 ] DEBUG Engine               - prefWidthProperty: ReadOnlyDoubleProperty [value: 1920.0]
16:14:54.437 [FXGL Background Thread 3 ] DEBUG Engine               - profileDir: profiles/
16:14:54.437 [FXGL Background Thread 3 ] DEBUG Engine               - profileName: StringProperty [value: DEFAULT]
16:14:54.438 [FXGL Background Thread 3 ] DEBUG Engine               - randomSeed: -1
16:14:54.438 [FXGL Background Thread 3 ] DEBUG Engine               - runtimeInfo: RuntimeInfo(platform=MAC, version=11.16, build=25.05.2021 08.16)
16:14:54.438 [FXGL Background Thread 3 ] DEBUG Engine               - saveFileExt: sav
16:14:54.438 [FXGL Background Thread 3 ] DEBUG Engine               - scaledHeightProp$fxgl: DoubleProperty [bound, value: 801.0]
16:14:54.439 [FXGL Background Thread 3 ] DEBUG Engine               - scaledWidthProp$fxgl: DoubleProperty [bound, value: 1400.0]
16:14:54.439 [FXGL Background Thread 3 ] DEBUG Engine               - sceneFactory: GameApp$1@61ea7ea7
16:14:54.439 [FXGL Background Thread 3 ] DEBUG Engine               - secondsIn24h: 60
16:14:54.439 [FXGL Background Thread 3 ] DEBUG Engine               - soundMenuBack: menu/back.wav
16:14:54.440 [FXGL Background Thread 3 ] DEBUG Engine               - soundMenuPress: menu/press.wav
16:14:54.441 [FXGL Background Thread 3 ] DEBUG Engine               - soundMenuSelect: menu/select.wav
16:14:54.441 [FXGL Background Thread 3 ] DEBUG Engine               - soundNotification: core/notification.wav
16:14:54.442 [FXGL Background Thread 3 ] DEBUG Engine               - stageStyle: DECORATED
16:14:54.443 [FXGL Background Thread 3 ] DEBUG Engine               - supportedLanguages: [ENGLISH, FRENCH, GERMAN, HUNGARIAN, RUSSIAN]
16:14:54.444 [FXGL Background Thread 3 ] DEBUG Engine               - ticksPerSecond: -1
16:14:54.445 [FXGL Background Thread 3 ] DEBUG Engine               - title: Rhythm Knight
16:14:54.445 [FXGL Background Thread 3 ] DEBUG Engine               - urlGithub: https://github.com/AlmasB/FXGL
16:14:54.445 [FXGL Background Thread 3 ] DEBUG Engine               - urlLeaderboard: http://fxgl-top.herokuapp.com/
16:14:54.446 [FXGL Background Thread 3 ] DEBUG Engine               - urlPOM: https://raw.githubusercontent.com/AlmasB/FXGL/release/README.md
16:14:54.446 [FXGL Background Thread 3 ] DEBUG Engine               - userAppClass: class GameApp
16:14:54.446 [FXGL Background Thread 3 ] DEBUG Engine               - version: Milestone 2
16:14:54.447 [FXGL Background Thread 3 ] DEBUG Engine               - versionCheckDays: 7
16:14:54.447 [FXGL Background Thread 3 ] DEBUG Engine               - width: 1920
16:14:54.447 [FXGL Background Thread 3 ] DEBUG Engine               - Logging services
16:14:54.447 [FXGL Background Thread 3 ] DEBUG Engine               - class com.almasb.fxgl.app.services.FXGLAssetLoaderService
16:14:54.447 [FXGL Background Thread 3 ] DEBUG Engine               - class com.almasb.fxgl.app.FXGLApplication$GameApplicationService
16:14:54.447 [FXGL Background Thread 3 ] DEBUG Engine               - class com.almasb.fxgl.app.services.FXGLDialogService
16:14:54.447 [FXGL Background Thread 3 ] DEBUG Engine               - class com.almasb.fxgl.app.services.IOTaskExecutorService
16:14:54.448 [FXGL Background Thread 3 ] DEBUG Engine               - class com.almasb.fxgl.io.FileSystemService
16:14:54.448 [FXGL Background Thread 3 ] DEBUG Engine               - class com.almasb.fxgl.localization.LocalizationService
16:14:54.448 [FXGL Background Thread 3 ] DEBUG Engine               - class com.almasb.fxgl.app.services.SystemBundleService
16:14:54.448 [FXGL Background Thread 3 ] DEBUG Engine               - class com.almasb.fxgl.profile.SaveLoadService
16:14:54.448 [FXGL Background Thread 3 ] DEBUG Engine               - class com.almasb.fxgl.ui.FXGLUIFactoryServiceProvider
16:14:54.448 [FXGL Background Thread 3 ] DEBUG Engine               - class com.almasb.fxgl.ui.FXGLDialogFactoryServiceProvider
16:14:54.448 [FXGL Background Thread 3 ] DEBUG Engine               - class com.almasb.fxgl.audio.AudioPlayer
16:14:54.448 [FXGL Background Thread 3 ] DEBUG Engine               - class com.almasb.fxgl.notification.impl.NotificationServiceProvider
16:14:54.448 [FXGL Background Thread 3 ] DEBUG Engine               - class com.almasb.fxgl.achievement.AchievementService
16:14:54.448 [FXGL Background Thread 3 ] DEBUG Engine               - class com.almasb.fxgl.cutscene.CutsceneService
16:14:54.449 [FXGL Background Thread 3 ] DEBUG Engine               - class com.almasb.fxgl.minigames.MiniGameService
16:14:54.449 [FXGL Background Thread 3 ] DEBUG Engine               - class com.almasb.fxgl.net.NetService
16:14:54.449 [FXGL Background Thread 3 ] DEBUG Engine               - class com.almasb.fxgl.app.services.UpdaterService
16:14:54.449 [FXGL Background Thread 3 ] DEBUG Engine               - class com.almasb.fxgl.dev.DevService
16:15:00.377 [JavaFX Application Thread] DEBUG Menu                 - fireNewGame()
16:15:00.377 [JavaFX Application Thread] DEBUG GameApplicationServi - Starting new game
16:15:00.378 [JavaFX Application Thread] DEBUG PrimaryStageWindow   - Pop state: AppMainMenu
16:15:00.378 [JavaFX Application Thread] DEBUG Input                - Clearing active input actions
16:15:00.378 [JavaFX Application Thread] DEBUG GameApplicationServi - Removing overlay from AppMainMenu and adding to FXGLMainMenuDummyScene
16:15:00.379 [JavaFX Application Thread] DEBUG PrimaryStageWindow   - FXGLMainMenuDummyScene <- AppMainMenu
16:15:00.379 [JavaFX Application Thread] DEBUG Input                - Clearing active input actions
16:15:00.394 [JavaFX Application Thread] DEBUG GameApplicationServi - Removing overlay from FXGLMainMenuDummyScene and adding to FXGLLoadingScene
16:15:00.394 [JavaFX Application Thread] DEBUG PrimaryStageWindow   - FXGLMainMenuDummyScene -> FXGLLoadingScene
16:15:00.394 [JavaFX Application Thread] DEBUG GameApplicationServi - Clearing previous game
16:15:00.394 [JavaFX Application Thread] DEBUG GameScene            - Clearing game scene
16:15:00.394 [JavaFX Application Thread] DEBUG GameWorld            - Clearing game world
16:15:00.395 [JavaFX Application Thread] DEBUG PhysicsWorld         - Clearing physics world
16:15:00.396 [FXGL Background Thread 2 ] DEBUG FXGLApplication      - Initializing game
16:15:00.534 [FXGL Background Thread 2 ] DEBUG FXGLAssetLoaderServi - Loading from file system: file:/Users/kylefry/Desktop/RhythmKnight/Project/target/classes/assets/textures/cutout.png
16:15:00.591 [FXGL Background Thread 2 ] DEBUG FXGLAssetLoaderServi - Loading from file system: file:/Users/kylefry/Desktop/RhythmKnight/Project/target/classes/assets/textures/unvisited.png
16:15:00.594 [FXGL Background Thread 2 ] DEBUG FXGLAssetLoaderServi - Loading from file system: file:/Users/kylefry/Desktop/RhythmKnight/Project/target/classes/assets/textures/player.png
16:15:00.596 [FXGL Background Thread 2 ] DEBUG FXGLAssetLoaderServi - Loading from file system: file:/Users/kylefry/Desktop/RhythmKnight/Project/target/classes/assets/textures/stairs.png
16:15:00.601 [FXGL Background Thread 2 ] DEBUG FXGLAssetLoaderServi - Loading from file system: file:/Users/kylefry/Desktop/RhythmKnight/Project/target/classes/assets/textures/rhythm-knight.png
16:15:00.613 [FXGL Background Thread 2 ] DEBUG FXGLAssetLoaderServi - Loading from file system: file:/Users/kylefry/Desktop/RhythmKnight/Project/target/classes/assets/textures/Level1-1Layout.png
16:15:00.714 [FXGL Background Thread 2 ] DEBUG FXGLAssetLoaderServi - Loading from file system: file:/Users/kylefry/Desktop/RhythmKnight/Project/target/classes/assets/textures/UI-Layout.png
16:15:00.760 [FXGL Background Thread 2 ] INFO  FXGLApplication      - Game initialization took: 0.364 sec
16:15:00.761 [JavaFX Application Thread] DEBUG Input                - Clearing active input actions
16:15:00.767 [JavaFX Application Thread] DEBUG GameApplicationServi - Removing overlay from FXGLLoadingScene and adding to GameScene
16:15:00.767 [JavaFX Application Thread] DEBUG PrimaryStageWindow   - FXGLLoadingScene -> GameScene
16:15:00.769 [JavaFX Application Thread] DEBUG FXGLAssetLoaderServi - Loading from file system: file:/Users/kylefry/Desktop/RhythmKnight/Project/target/classes/assets/sounds/snare01.wav
16:15:01.954 [JavaFX Application Thread] DEBUG PrimaryStageWindow   - Push state: FXGLDefaultMenu
16:15:01.962 [JavaFX Application Thread] DEBUG Input                - Clearing active input actions
16:15:01.965 [JavaFX Application Thread] DEBUG GameApplicationServi - Removing overlay from GameScene and adding to FXGLDefaultMenu
16:15:01.965 [JavaFX Application Thread] DEBUG PrimaryStageWindow   - GameScene -> FXGLDefaultMenu
16:15:03.015 [JavaFX Application Thread] DEBUG PrimaryStageWindow   - Pop state: FXGLDefaultMenu
16:15:03.015 [JavaFX Application Thread] DEBUG Input                - Clearing active input actions
16:15:03.015 [JavaFX Application Thread] DEBUG GameApplicationServi - Removing overlay from FXGLDefaultMenu and adding to GameScene
16:15:03.016 [JavaFX Application Thread] DEBUG PrimaryStageWindow   - GameScene <- FXGLDefaultMenu
16:15:03.996 [JavaFX Application Thread] DEBUG FXGLApplication      - Exiting FXGL
16:15:03.996 [JavaFX Application Thread] DEBUG LoopRunner           - Stopping loop
16:15:03.996 [JavaFX Application Thread] DEBUG SystemBundleService  - Saving FXGL system data
16:15:04.006 [JavaFX Application Thread] DEBUG FileSystemAccess     - Writing to: /Users/kylefry/Desktop/RhythmKnight/Project/system/fxgl.bundle
16:15:04.007 [JavaFX Application Thread] DEBUG Async                - Shutting down background threads
16:15:04.008 [JavaFX Application Thread] DEBUG PrimaryStageWindow   - Closing main window
16:15:04.012 [JavaFX Application Thread] DEBUG Logger               - Closing Logger
