12:45:51.017 [main                     ] DEBUG Logger               - Configured Logger
12:45:51.023 [main                     ] DEBUG GameApplication      - Logging settings
Title: Rhythm Knight
Version: Pre-Alpha 1
Width: 1920
Height: 1080
Fullscreen: false
Intro: false
Profiling: false
Single step:false
App Mode: DEVELOPER
Menu Key: ESCAPE
Stage Style: DECORATED
Scene Factory: class GameApp$1

12:45:51.498 [JavaFX Application Thread] DEBUG FXGLApplication      - Initializing FXGL
12:45:51.501 [JavaFX Application Thread] INFO  Engine               - FXGL-11.16 (25.05.2021 08.16) on MAC (J:16.0.1 FX:16)
12:45:51.501 [JavaFX Application Thread] DEBUG Engine               - JRE Vendor Name: Oracle Corporation
12:45:51.502 [JavaFX Application Thread] DEBUG Engine               - Running on OS: Mac OS X version 11.4
12:45:51.502 [JavaFX Application Thread] DEBUG Engine               - Architecture: x86_64
12:45:51.502 [JavaFX Application Thread] INFO  Engine               - Source code and latest versions at: https://github.com/AlmasB/FXGL
12:45:51.503 [JavaFX Application Thread] INFO  Engine               -              Join the FXGL chat at: https://gitter.im/AlmasB/FXGL
12:45:51.630 [JavaFX Application Thread] DEBUG PrimaryStageWindow   - Creating a JavaFX scene
12:45:51.631 [JavaFX Application Thread] DEBUG PrimaryStageWindow   - Target size > screen size
12:45:51.693 [JavaFX Application Thread] DEBUG PrimaryStageWindow   - Target settings size: 1920.0 x 1080.0
12:45:51.693 [JavaFX Application Thread] DEBUG PrimaryStageWindow   - Scaled scene size:    1400.0 x 801.0
12:45:51.694 [JavaFX Application Thread] DEBUG PrimaryStageWindow   - Scaled ratio: (0.7291666666666666, 0.7416666666666667)
12:45:51.695 [JavaFX Application Thread] DEBUG PrimaryStageWindow   - Set initial scene to FXGLStartupScene
12:45:51.707 [JavaFX Application Thread] DEBUG PrimaryStageWindow   - Opening main window
12:45:51.987 [JavaFX Application Thread] DEBUG PrimaryStageWindow   - Window border size: (0.0, 28.0)
12:45:51.987 [JavaFX Application Thread] DEBUG PrimaryStageWindow   - Scaled size: 1400.0 x 801.0
12:45:51.987 [JavaFX Application Thread] DEBUG PrimaryStageWindow   - Scaled ratio: (0.7291666666666666, 0.7416666666666667)
12:45:51.987 [JavaFX Application Thread] DEBUG PrimaryStageWindow   - Scene size: 1400.0 x 801.0
12:45:51.987 [JavaFX Application Thread] DEBUG PrimaryStageWindow   - Stage size: 1400.0 x 829.0
12:45:51.996 [FXGL Background Thread 1 ] DEBUG Engine               - Initializing environment variables
12:45:52.071 [FXGL Background Thread 1 ] DEBUG FXGLAssetLoaderServi - User app class for loading assets: class GameApp
12:45:52.071 [FXGL Background Thread 1 ] DEBUG GameApplicationServi - Applying CSS: fxgl_dark.css
12:45:52.072 [FXGL Background Thread 1 ] DEBUG FXGLAssetLoaderServi - Loading from file system: jar:file:/Users/kylefry/.m2/repository/com/github/almasb/fxgl/11.16/fxgl-11.16.jar!/fxglassets/ui/css/fxgl_dark.css
12:45:52.175 [FXGL Background Thread 1 ] DEBUG GameApplicationServi - Initializing application scenes
12:45:52.644 [FXGL Background Thread 1 ] DEBUG GameWorld            - Game world initialized
12:45:52.703 [FXGL Background Thread 1 ] DEBUG PhysicsWorld         - Physics world initialized: appHeight=1080, physics.ppm=50.0
12:45:52.704 [FXGL Background Thread 1 ] DEBUG PhysicsWorld         - Using strategy: BRUTE_FORCE
12:45:52.706 [FXGL Background Thread 1 ] DEBUG GameScene            - Game scene initialized: 1920x1080
12:45:52.709 [FXGL Background Thread 1 ] DEBUG FXGLAssetLoaderServi - Loading from file system: file:/Users/kylefry/Desktop/RhythmKnight/Project/target/classes/assets/textures/main-menu.png
12:45:52.792 [FXGL Background Thread 1 ] DEBUG FXGLAssetLoaderServi - Loading from file system: file:/Users/kylefry/Desktop/RhythmKnight/Project/target/classes/assets/textures/rest.png
12:45:52.804 [FXGL Background Thread 1 ] DEBUG FXGL.DefaultMenu     - createMenuBodyGameMenu()
12:45:52.812 [FXGL Background Thread 1 ] DEBUG FXGL.DefaultMenu     - createOptionsMenu()
12:45:52.816 [FXGL Background Thread 1 ] DEBUG FXGLAssetLoaderServi - Loading from file system: jar:file:/Users/kylefry/.m2/repository/com/github/almasb/fxgl/11.16/fxgl-11.16.jar!/fxglassets/textures/particles/smoke.png
12:45:52.886 [FXGL Background Thread 1 ] DEBUG FXGLAssetLoaderServi - Loading from file system: jar:file:/Users/kylefry/.m2/repository/com/github/almasb/fxgl/11.16/fxgl-11.16.jar!/fxglassets/textures/particles/trace_horizontal.png
12:45:52.904 [FXGL Background Thread 1 ] DEBUG GameApplicationServi - Application scenes initialized
12:45:52.912 [FXGL Background Thread 1 ] DEBUG SystemBundleService  - Loading FXGL system data
12:45:52.915 [FXGL Background Thread 1 ] DEBUG FileSystemAccess     - Reading from: /Users/kylefry/Desktop/RhythmKnight/Project/system/fxgl.bundle
12:45:52.921 [FXGL Background Thread 1 ] DEBUG SystemBundleService  - Bundle FXGL: {}
12:45:52.921 [FXGL Background Thread 1 ] DEBUG UpdaterService       - Checking for updates
12:45:52.925 [FXGL Background Thread 4 ] DEBUG FXGLApplication      - Loading fonts
12:45:52.925 [FXGL Background Thread 1 ] DEBUG FXGLApplication      - Loading default localization
12:45:52.926 [FXGL Background Thread 4 ] DEBUG FXGLAssetLoaderServi - Loading from file system: jar:file:/Users/kylefry/.m2/repository/com/github/almasb/fxgl/11.16/fxgl-11.16.jar!/fxglassets/ui/fonts/VarelaRound-Regular.ttf
12:45:52.926 [FXGL Background Thread 1 ] DEBUG FXGLAssetLoaderServi - Loading from file system: jar:file:/Users/kylefry/.m2/repository/com/github/almasb/fxgl/11.16/fxgl-11.16.jar!/fxglassets/languages/english.lang
12:45:52.943 [FXGL Background Thread 1 ] INFO  FXGLApplication      - FXGL initialization took: 0.947 sec
12:45:52.944 [JavaFX Application Thread] DEBUG FXGLAssetLoaderServi - Loading from file system: jar:file:/Users/kylefry/.m2/repository/com/github/almasb/fxgl/11.16/fxgl-11.16.jar!/fxglassets/textures/fxgl_icon.png
12:45:52.947 [FXGL Background Thread 4 ] DEBUG FXGLAssetLoaderServi - Loading from file system: jar:file:/Users/kylefry/.m2/repository/com/github/almasb/fxgl/11.16/fxgl-11.16.jar!/fxglassets/ui/fonts/Abel-Regular.ttf
12:45:52.951 [FXGL Background Thread 4 ] DEBUG FXGLAssetLoaderServi - Loading from file system: jar:file:/Users/kylefry/.m2/repository/com/github/almasb/fxgl/11.16/fxgl-11.16.jar!/fxglassets/ui/fonts/lucida_console.ttf
12:45:52.957 [FXGL Background Thread 4 ] DEBUG FXGLAssetLoaderServi - Loading from file system: jar:file:/Users/kylefry/.m2/repository/com/github/almasb/fxgl/11.16/fxgl-11.16.jar!/fxglassets/ui/fonts/Courier-Prime.ttf
12:45:52.970 [JavaFX Application Thread] DEBUG FXGLAssetLoaderServi - Loading from file system: jar:file:/Users/kylefry/.m2/repository/com/github/almasb/fxgl/11.16/fxgl-11.16.jar!/fxglassets/textures/fxgl_default_cursor.png
12:45:52.980 [JavaFX Application Thread] DEBUG Input                - Registered new binding: Screenshot - CTRL+8
12:45:52.981 [JavaFX Application Thread] DEBUG Input                - Registered new binding: System info dump - CTRL+9
12:45:52.981 [JavaFX Application Thread] DEBUG Input                - Registered new binding: Restart - CTRL+R
12:45:52.981 [JavaFX Application Thread] DEBUG Input                - Registered new binding: Toggle Debug Camera - CTRL+C
12:45:52.983 [JavaFX Application Thread] DEBUG LoopRunner           - Starting loop
12:45:52.983 [JavaFX Application Thread] DEBUG LoopRunner           - Initializing JavaFX AnimationTimerLoop
12:45:52.986 [JavaFX Application Thread] DEBUG Input                - Clearing active input actions
12:45:52.995 [JavaFX Application Thread] DEBUG GameApplicationServi - Removing overlay from FXGLStartupScene and adding to FXGLMainMenuDummyScene
12:45:52.995 [JavaFX Application Thread] DEBUG PrimaryStageWindow   - FXGLStartupScene -> FXGLMainMenuDummyScene
12:45:52.996 [JavaFX Application Thread] DEBUG PrimaryStageWindow   - Push state: AppMainMenu
12:45:52.996 [JavaFX Application Thread] DEBUG Input                - Clearing active input actions
12:45:53.001 [JavaFX Application Thread] DEBUG GameApplicationServi - Removing overlay from FXGLMainMenuDummyScene and adding to AppMainMenu
12:45:53.002 [JavaFX Application Thread] DEBUG PrimaryStageWindow   - FXGLMainMenuDummyScene -> AppMainMenu
12:45:53.030 [JavaFX Application Thread] DEBUG FXGLApplication      - Registering font factories with UI factory
12:45:55.380 [JavaFX Application Thread] DEBUG FXGLApplication      - Exiting FXGL
12:45:55.380 [JavaFX Application Thread] DEBUG LoopRunner           - Stopping loop
12:45:55.380 [JavaFX Application Thread] DEBUG SystemBundleService  - Saving FXGL system data
12:45:55.382 [JavaFX Application Thread] DEBUG FileSystemAccess     - Writing to: /Users/kylefry/Desktop/RhythmKnight/Project/system/fxgl.bundle
12:45:55.384 [JavaFX Application Thread] DEBUG Async                - Shutting down background threads
12:45:55.384 [JavaFX Application Thread] DEBUG PrimaryStageWindow   - Closing main window
12:45:55.391 [JavaFX Application Thread] DEBUG Logger               - Closing Logger
