16:02:21.366 [main                     ] DEBUG Logger               - Configured Logger
16:02:21.403 [main                     ] DEBUG GameApplication      - Logging settings
Title: Rhythm Knight
Version: Milestone 2
Width: 1920
Height: 1080
Fullscreen: false
Intro: false
Profiling: false
Single step:false
App Mode: DEVELOPER
Menu Key: ESCAPE
Stage Style: DECORATED
Scene Factory: class GameApp$1

16:02:22.010 [JavaFX Application Thread] DEBUG FXGLApplication      - Initializing FXGL
16:02:22.013 [JavaFX Application Thread] INFO  Engine               - FXGL-11.16 (25.05.2021 08.16) on MAC (J:11.0.8 FX:16)
16:02:22.013 [JavaFX Application Thread] DEBUG Engine               - JRE Vendor Name: Oracle Corporation
16:02:22.014 [JavaFX Application Thread] DEBUG Engine               - Running on OS: Mac OS X version 10.16
16:02:22.014 [JavaFX Application Thread] DEBUG Engine               - Architecture: x86_64
16:02:22.014 [JavaFX Application Thread] INFO  Engine               - Source code and latest versions at: https://github.com/AlmasB/FXGL
16:02:22.014 [JavaFX Application Thread] INFO  Engine               -              Join the FXGL chat at: https://gitter.im/AlmasB/FXGL
16:02:22.236 [JavaFX Application Thread] DEBUG PrimaryStageWindow   - Creating a JavaFX scene
16:02:22.236 [JavaFX Application Thread] DEBUG PrimaryStageWindow   - Target size > screen size
16:02:22.334 [JavaFX Application Thread] DEBUG PrimaryStageWindow   - Target settings size: 1920.0 x 1080.0
16:02:22.334 [JavaFX Application Thread] DEBUG PrimaryStageWindow   - Scaled scene size:    1400.0 x 801.0
16:02:22.335 [JavaFX Application Thread] DEBUG PrimaryStageWindow   - Scaled ratio: (0.7291666666666666, 0.7416666666666667)
16:02:22.336 [JavaFX Application Thread] DEBUG PrimaryStageWindow   - Set initial scene to FXGLStartupScene
16:02:22.344 [JavaFX Application Thread] DEBUG PrimaryStageWindow   - Opening main window
16:02:22.586 [JavaFX Application Thread] DEBUG PrimaryStageWindow   - Window border size: (0.0, 28.0)
16:02:22.587 [JavaFX Application Thread] DEBUG PrimaryStageWindow   - Scaled size: 1400.0 x 801.0
16:02:22.587 [JavaFX Application Thread] DEBUG PrimaryStageWindow   - Scaled ratio: (0.7291666666666666, 0.7416666666666667)
16:02:22.587 [JavaFX Application Thread] DEBUG PrimaryStageWindow   - Scene size: 1400.0 x 801.0
16:02:22.587 [JavaFX Application Thread] DEBUG PrimaryStageWindow   - Stage size: 1400.0 x 829.0
16:02:22.600 [FXGL Background Thread 1 ] DEBUG Engine               - Initializing environment variables
16:02:22.664 [FXGL Background Thread 1 ] DEBUG FXGLAssetLoaderServi - User app class for loading assets: class GameApp
16:02:22.664 [FXGL Background Thread 1 ] DEBUG GameApplicationServi - Applying CSS: fxgl_dark.css
16:02:22.665 [FXGL Background Thread 1 ] DEBUG FXGLAssetLoaderServi - Loading from file system: jar:file:/Users/kylefry/.m2/repository/com/github/almasb/fxgl/11.16/fxgl-11.16.jar!/fxglassets/ui/css/fxgl_dark.css
16:02:22.798 [FXGL Background Thread 1 ] DEBUG GameApplicationServi - Initializing application scenes
16:02:23.330 [FXGL Background Thread 1 ] DEBUG GameWorld            - Game world initialized
16:02:23.408 [FXGL Background Thread 1 ] DEBUG PhysicsWorld         - Physics world initialized: appHeight=1080, physics.ppm=50.0
16:02:23.409 [FXGL Background Thread 1 ] DEBUG PhysicsWorld         - Using strategy: BRUTE_FORCE
16:02:23.411 [FXGL Background Thread 1 ] DEBUG GameScene            - Game scene initialized: 1920x1080
16:02:23.418 [FXGL Background Thread 1 ] DEBUG FXGLAssetLoaderServi - Loading from file system: file:/Users/kylefry/Desktop/RhythmKnight/Project/target/classes/assets/textures/logo-with-menu.png
16:02:23.640 [FXGL Background Thread 1 ] DEBUG FXGL.DefaultMenu     - createMenuBodyGameMenu()
16:02:23.651 [FXGL Background Thread 1 ] DEBUG FXGL.DefaultMenu     - createOptionsMenu()
16:02:23.658 [FXGL Background Thread 1 ] DEBUG FXGLAssetLoaderServi - Loading from file system: jar:file:/Users/kylefry/.m2/repository/com/github/almasb/fxgl/11.16/fxgl-11.16.jar!/fxglassets/textures/particles/smoke.png
16:02:23.775 [FXGL Background Thread 1 ] DEBUG FXGLAssetLoaderServi - Loading from file system: jar:file:/Users/kylefry/.m2/repository/com/github/almasb/fxgl/11.16/fxgl-11.16.jar!/fxglassets/textures/particles/trace_horizontal.png
16:02:23.798 [FXGL Background Thread 1 ] DEBUG GameApplicationServi - Application scenes initialized
16:02:23.811 [FXGL Background Thread 1 ] DEBUG SystemBundleService  - Loading FXGL system data
16:02:23.815 [FXGL Background Thread 1 ] DEBUG FileSystemAccess     - Reading from: /Users/kylefry/Desktop/RhythmKnight/Project/system/fxgl.bundle
16:02:23.823 [FXGL Background Thread 1 ] DEBUG SystemBundleService  - Bundle FXGL: {}
16:02:23.824 [FXGL Background Thread 1 ] DEBUG UpdaterService       - Checking for updates
16:02:23.828 [FXGL Background Thread 4 ] DEBUG FXGLApplication      - Loading fonts
16:02:23.829 [FXGL Background Thread 4 ] DEBUG FXGLAssetLoaderServi - Loading from file system: jar:file:/Users/kylefry/.m2/repository/com/github/almasb/fxgl/11.16/fxgl-11.16.jar!/fxglassets/ui/fonts/VarelaRound-Regular.ttf
16:02:23.830 [FXGL Background Thread 1 ] DEBUG FXGLApplication      - Loading default localization
16:02:23.831 [FXGL Background Thread 1 ] DEBUG FXGLAssetLoaderServi - Loading from file system: jar:file:/Users/kylefry/.m2/repository/com/github/almasb/fxgl/11.16/fxgl-11.16.jar!/fxglassets/languages/english.lang
16:02:23.849 [FXGL Background Thread 4 ] DEBUG FXGLAssetLoaderServi - Loading from file system: jar:file:/Users/kylefry/.m2/repository/com/github/almasb/fxgl/11.16/fxgl-11.16.jar!/fxglassets/ui/fonts/Abel-Regular.ttf
16:02:23.852 [FXGL Background Thread 4 ] DEBUG FXGLAssetLoaderServi - Loading from file system: jar:file:/Users/kylefry/.m2/repository/com/github/almasb/fxgl/11.16/fxgl-11.16.jar!/fxglassets/ui/fonts/lucida_console.ttf
16:02:23.860 [FXGL Background Thread 4 ] DEBUG FXGLAssetLoaderServi - Loading from file system: jar:file:/Users/kylefry/.m2/repository/com/github/almasb/fxgl/11.16/fxgl-11.16.jar!/fxglassets/ui/fonts/Courier-Prime.ttf
16:02:23.864 [JavaFX Application Thread] DEBUG FXGLApplication      - Registering font factories with UI factory
16:02:23.894 [FXGL Background Thread 1 ] INFO  FXGLApplication      - FXGL initialization took: 1.294 sec
16:02:23.895 [JavaFX Application Thread] DEBUG FXGLAssetLoaderServi - Loading from file system: jar:file:/Users/kylefry/.m2/repository/com/github/almasb/fxgl/11.16/fxgl-11.16.jar!/fxglassets/textures/fxgl_icon.png
16:02:23.923 [JavaFX Application Thread] DEBUG FXGLAssetLoaderServi - Loading from file system: jar:file:/Users/kylefry/.m2/repository/com/github/almasb/fxgl/11.16/fxgl-11.16.jar!/fxglassets/textures/fxgl_default_cursor.png
16:02:23.941 [JavaFX Application Thread] DEBUG Input                - Registered new binding: Screenshot - CTRL+8
16:02:23.941 [JavaFX Application Thread] DEBUG Input                - Registered new binding: System info dump - CTRL+9
16:02:23.942 [JavaFX Application Thread] DEBUG Input                - Registered new binding: Restart - CTRL+R
16:02:23.942 [JavaFX Application Thread] DEBUG Input                - Registered new binding: Toggle Debug Camera - CTRL+C
16:02:23.945 [JavaFX Application Thread] DEBUG LoopRunner           - Starting loop
16:02:23.945 [JavaFX Application Thread] DEBUG LoopRunner           - Initializing JavaFX AnimationTimerLoop
16:02:23.949 [JavaFX Application Thread] DEBUG Input                - Clearing active input actions
16:02:23.959 [JavaFX Application Thread] DEBUG GameApplicationServi - Removing overlay from FXGLStartupScene and adding to FXGLMainMenuDummyScene
16:02:23.960 [JavaFX Application Thread] DEBUG PrimaryStageWindow   - FXGLStartupScene -> FXGLMainMenuDummyScene
16:02:23.960 [JavaFX Application Thread] DEBUG PrimaryStageWindow   - Push state: AppMainMenu
16:02:23.960 [JavaFX Application Thread] DEBUG Input                - Clearing active input actions
16:02:23.969 [JavaFX Application Thread] DEBUG GameApplicationServi - Removing overlay from FXGLMainMenuDummyScene and adding to AppMainMenu
16:02:23.969 [JavaFX Application Thread] DEBUG PrimaryStageWindow   - FXGLMainMenuDummyScene -> AppMainMenu
16:02:24.742 [JavaFX Application Thread] DEBUG FXGLAssetLoaderServi - Loading from file system: file:/Users/kylefry/Desktop/RhythmKnight/Project/target/classes/assets/sounds/SelectSFX.mp3
16:02:25.470 [JavaFX Application Thread] DEBUG FXGLAssetLoaderServi - Loading from file system: file:/Users/kylefry/Desktop/RhythmKnight/Project/target/classes/assets/textures/configUI.png
16:02:26.830 [FXGL Background Thread 3 ] DEBUG Engine               - Logging environment variables
16:02:26.831 [FXGL Background Thread 3 ] DEBUG Engine               - achievements: []
16:02:26.831 [FXGL Background Thread 3 ] DEBUG Engine               - actualHeight: 801.0
16:02:26.831 [FXGL Background Thread 3 ] DEBUG Engine               - actualHeightProperty: ReadOnlyDoubleProperty [value: 801.0]
16:02:26.832 [FXGL Background Thread 3 ] DEBUG Engine               - actualWidth: 1400.0
16:02:26.832 [FXGL Background Thread 3 ] DEBUG Engine               - actualWidthProperty: ReadOnlyDoubleProperty [value: 1400.0]
16:02:26.832 [FXGL Background Thread 3 ] DEBUG Engine               - appIcon: fxgl_icon.png
16:02:26.832 [FXGL Background Thread 3 ] DEBUG Engine               - applicationMode: DEVELOPER
16:02:26.832 [FXGL Background Thread 3 ] DEBUG Engine               - cSSList: [fxgl_dark.css]
16:02:26.832 [FXGL Background Thread 3 ] DEBUG Engine               - collisionDetectionStrategy: BRUTE_FORCE
16:02:26.832 [FXGL Background Thread 3 ] DEBUG Engine               - configClass: Optional.empty
16:02:26.832 [FXGL Background Thread 3 ] DEBUG Engine               - credits: []
16:02:26.833 [FXGL Background Thread 3 ] DEBUG Engine               - defaultCursor: CursorInfo(imageName=fxgl_default_cursor.png, hotspotX=7.0, hotspotY=6.0)
16:02:26.833 [FXGL Background Thread 3 ] DEBUG Engine               - devBBoxColorProperty: ObjectProperty [value: 0xff0000ff]
16:02:26.833 [FXGL Background Thread 3 ] DEBUG Engine               - devEnableDebugCameraProperty: BooleanProperty [value: false]
16:02:26.833 [FXGL Background Thread 3 ] DEBUG Engine               - devSensorColorProperty: ObjectProperty [value: 0xffff00ff]
16:02:26.833 [FXGL Background Thread 3 ] DEBUG Engine               - devShowBBoxProperty: BooleanProperty [value: false]
16:02:26.833 [FXGL Background Thread 3 ] DEBUG Engine               - devShowPositionProperty: BooleanProperty [value: false]
16:02:26.833 [FXGL Background Thread 3 ] DEBUG Engine               - enabledMenuItems: []
16:02:26.834 [FXGL Background Thread 3 ] DEBUG Engine               - engineServices: [class com.almasb.fxgl.app.services.FXGLAssetLoaderService, class com.almasb.fxgl.app.FXGLApplication$GameApplicationService, class com.almasb.fxgl.app.services.FXGLDialogService, class com.almasb.fxgl.app.services.IOTaskExecutorService, class com.almasb.fxgl.io.FileSystemService, class com.almasb.fxgl.localization.LocalizationService, class com.almasb.fxgl.app.services.SystemBundleService, class com.almasb.fxgl.profile.SaveLoadService, class com.almasb.fxgl.ui.FXGLUIFactoryServiceProvider, class com.almasb.fxgl.ui.FXGLDialogFactoryServiceProvider, class com.almasb.fxgl.audio.AudioPlayer, class com.almasb.fxgl.notification.impl.NotificationServiceProvider, class com.almasb.fxgl.achievement.AchievementService, class com.almasb.fxgl.cutscene.CutsceneService, class com.almasb.fxgl.minigames.MiniGameService, class com.almasb.fxgl.net.NetService, class com.almasb.fxgl.app.services.UpdaterService, class com.almasb.fxgl.dev.DevService]
16:02:26.834 [FXGL Background Thread 3 ] DEBUG Engine               - fontGame: Abel-Regular.ttf
16:02:26.834 [FXGL Background Thread 3 ] DEBUG Engine               - fontMono: lucida_console.ttf
16:02:26.834 [FXGL Background Thread 3 ] DEBUG Engine               - fontText: Courier-Prime.ttf
16:02:26.834 [FXGL Background Thread 3 ] DEBUG Engine               - fontUI: VarelaRound-Regular.ttf
16:02:26.834 [FXGL Background Thread 3 ] DEBUG Engine               - fullScreen: BooleanProperty [value: false]
16:02:26.834 [FXGL Background Thread 3 ] DEBUG Engine               - gameDifficulty: MEDIUM
16:02:26.834 [FXGL Background Thread 3 ] DEBUG Engine               - gameDifficultyProperty: ObjectProperty [value: MEDIUM]
16:02:26.834 [FXGL Background Thread 3 ] DEBUG Engine               - globalMusicVolume: 0.5
16:02:26.835 [FXGL Background Thread 3 ] DEBUG Engine               - globalMusicVolumeProperty: DoubleProperty [value: 0.5]
16:02:26.835 [FXGL Background Thread 3 ] DEBUG Engine               - globalSoundVolume: 0.5
16:02:26.835 [FXGL Background Thread 3 ] DEBUG Engine               - globalSoundVolumeProperty: DoubleProperty [value: 0.5]
16:02:26.835 [FXGL Background Thread 3 ] DEBUG Engine               - height: 1080
16:02:26.835 [FXGL Background Thread 3 ] DEBUG Engine               - is3D: false
16:02:26.835 [FXGL Background Thread 3 ] DEBUG Engine               - isAndroid: false
16:02:26.835 [FXGL Background Thread 3 ] DEBUG Engine               - isBrowser: false
16:02:26.835 [FXGL Background Thread 3 ] DEBUG Engine               - isClickFeedbackEnabled: false
16:02:26.836 [FXGL Background Thread 3 ] DEBUG Engine               - isCloseConfirmation: false
16:02:26.836 [FXGL Background Thread 3 ] DEBUG Engine               - isDesktop: true
16:02:26.836 [FXGL Background Thread 3 ] DEBUG Engine               - isDeveloperMenuEnabled: false
16:02:26.836 [FXGL Background Thread 3 ] DEBUG Engine               - isEntityPreloadEnabled: true
16:02:26.836 [FXGL Background Thread 3 ] DEBUG Engine               - isExperimentalTiledLargeMap: false
16:02:26.836 [FXGL Background Thread 3 ] DEBUG Engine               - isFileSystemWriteAllowed: true
16:02:26.837 [FXGL Background Thread 3 ] DEBUG Engine               - isFullScreenAllowed: false
16:02:26.837 [FXGL Background Thread 3 ] DEBUG Engine               - isFullScreenFromStart: false
16:02:26.837 [FXGL Background Thread 3 ] DEBUG Engine               - isGameMenuEnabled: true
16:02:26.837 [FXGL Background Thread 3 ] DEBUG Engine               - isIOS: false
16:02:26.837 [FXGL Background Thread 3 ] DEBUG Engine               - isIntroEnabled: false
16:02:26.837 [FXGL Background Thread 3 ] DEBUG Engine               - isLinux: false
16:02:26.837 [FXGL Background Thread 3 ] DEBUG Engine               - isMac: true
16:02:26.837 [FXGL Background Thread 3 ] DEBUG Engine               - isMainMenuEnabled: true
16:02:26.837 [FXGL Background Thread 3 ] DEBUG Engine               - isManualResizeEnabled: false
16:02:26.838 [FXGL Background Thread 3 ] DEBUG Engine               - isMobile: false
16:02:26.838 [FXGL Background Thread 3 ] DEBUG Engine               - isNative: false
16:02:26.838 [FXGL Background Thread 3 ] DEBUG Engine               - isPreserveResizeRatio: false
16:02:26.838 [FXGL Background Thread 3 ] DEBUG Engine               - isProfilingEnabled: false
16:02:26.838 [FXGL Background Thread 3 ] DEBUG Engine               - isScaleAffectedOnResize: true
16:02:26.838 [FXGL Background Thread 3 ] DEBUG Engine               - isSingleStep: false
16:02:26.838 [FXGL Background Thread 3 ] DEBUG Engine               - isUserProfileEnabled: false
16:02:26.839 [FXGL Background Thread 3 ] DEBUG Engine               - isWindows: false
16:02:26.839 [FXGL Background Thread 3 ] DEBUG Engine               - language: ObjectProperty [value: ENGLISH]
16:02:26.839 [FXGL Background Thread 3 ] DEBUG Engine               - menuKey: ESCAPE
16:02:26.840 [FXGL Background Thread 3 ] DEBUG Engine               - mouseSensitivity: 0.2
16:02:26.840 [FXGL Background Thread 3 ] DEBUG Engine               - notificationViewClass: class com.almasb.fxgl.notification.view.XboxNotificationView
16:02:26.841 [FXGL Background Thread 3 ] DEBUG Engine               - pixelsPerMeter: 50.0
16:02:26.841 [FXGL Background Thread 3 ] DEBUG Engine               - platform: MAC
16:02:26.841 [FXGL Background Thread 3 ] DEBUG Engine               - prefHeightProperty: ReadOnlyDoubleProperty [value: 1080.0]
16:02:26.841 [FXGL Background Thread 3 ] DEBUG Engine               - prefWidthProperty: ReadOnlyDoubleProperty [value: 1920.0]
16:02:26.841 [FXGL Background Thread 3 ] DEBUG Engine               - profileDir: profiles/
16:02:26.841 [FXGL Background Thread 3 ] DEBUG Engine               - profileName: StringProperty [value: DEFAULT]
16:02:26.841 [FXGL Background Thread 3 ] DEBUG Engine               - randomSeed: -1
16:02:26.841 [FXGL Background Thread 3 ] DEBUG Engine               - runtimeInfo: RuntimeInfo(platform=MAC, version=11.16, build=25.05.2021 08.16)
16:02:26.841 [FXGL Background Thread 3 ] DEBUG Engine               - saveFileExt: sav
16:02:26.842 [FXGL Background Thread 3 ] DEBUG Engine               - scaledHeightProp$fxgl: DoubleProperty [bound, value: 801.0]
16:02:26.842 [FXGL Background Thread 3 ] DEBUG Engine               - scaledWidthProp$fxgl: DoubleProperty [bound, value: 1400.0]
16:02:26.842 [FXGL Background Thread 3 ] DEBUG Engine               - sceneFactory: GameApp$1@f1a39ff
16:02:26.842 [FXGL Background Thread 3 ] DEBUG Engine               - secondsIn24h: 60
16:02:26.842 [FXGL Background Thread 3 ] DEBUG Engine               - soundMenuBack: menu/back.wav
16:02:26.842 [FXGL Background Thread 3 ] DEBUG Engine               - soundMenuPress: menu/press.wav
16:02:26.842 [FXGL Background Thread 3 ] DEBUG Engine               - soundMenuSelect: menu/select.wav
16:02:26.842 [FXGL Background Thread 3 ] DEBUG Engine               - soundNotification: core/notification.wav
16:02:26.842 [FXGL Background Thread 3 ] DEBUG Engine               - stageStyle: DECORATED
16:02:26.842 [FXGL Background Thread 3 ] DEBUG Engine               - supportedLanguages: [ENGLISH, FRENCH, GERMAN, HUNGARIAN, RUSSIAN]
16:02:26.843 [FXGL Background Thread 3 ] DEBUG Engine               - ticksPerSecond: -1
16:02:26.843 [FXGL Background Thread 3 ] DEBUG Engine               - title: Rhythm Knight
16:02:26.843 [FXGL Background Thread 3 ] DEBUG Engine               - urlGithub: https://github.com/AlmasB/FXGL
16:02:26.843 [FXGL Background Thread 3 ] DEBUG Engine               - urlLeaderboard: http://fxgl-top.herokuapp.com/
16:02:26.843 [FXGL Background Thread 3 ] DEBUG Engine               - urlPOM: https://raw.githubusercontent.com/AlmasB/FXGL/release/README.md
16:02:26.843 [FXGL Background Thread 3 ] DEBUG Engine               - userAppClass: class GameApp
16:02:26.843 [FXGL Background Thread 3 ] DEBUG Engine               - version: Milestone 2
16:02:26.843 [FXGL Background Thread 3 ] DEBUG Engine               - versionCheckDays: 7
16:02:26.843 [FXGL Background Thread 3 ] DEBUG Engine               - width: 1920
16:02:26.843 [FXGL Background Thread 3 ] DEBUG Engine               - Logging services
16:02:26.844 [FXGL Background Thread 3 ] DEBUG Engine               - class com.almasb.fxgl.app.services.FXGLAssetLoaderService
16:02:26.844 [FXGL Background Thread 3 ] DEBUG Engine               - class com.almasb.fxgl.app.FXGLApplication$GameApplicationService
16:02:26.844 [FXGL Background Thread 3 ] DEBUG Engine               - class com.almasb.fxgl.app.services.FXGLDialogService
16:02:26.844 [FXGL Background Thread 3 ] DEBUG Engine               - class com.almasb.fxgl.app.services.IOTaskExecutorService
16:02:26.844 [FXGL Background Thread 3 ] DEBUG Engine               - class com.almasb.fxgl.io.FileSystemService
16:02:26.844 [FXGL Background Thread 3 ] DEBUG Engine               - class com.almasb.fxgl.localization.LocalizationService
16:02:26.844 [FXGL Background Thread 3 ] DEBUG Engine               - class com.almasb.fxgl.app.services.SystemBundleService
16:02:26.844 [FXGL Background Thread 3 ] DEBUG Engine               - class com.almasb.fxgl.profile.SaveLoadService
16:02:26.844 [FXGL Background Thread 3 ] DEBUG Engine               - class com.almasb.fxgl.ui.FXGLUIFactoryServiceProvider
16:02:26.844 [FXGL Background Thread 3 ] DEBUG Engine               - class com.almasb.fxgl.ui.FXGLDialogFactoryServiceProvider
16:02:26.844 [FXGL Background Thread 3 ] DEBUG Engine               - class com.almasb.fxgl.audio.AudioPlayer
16:02:26.844 [FXGL Background Thread 3 ] DEBUG Engine               - class com.almasb.fxgl.notification.impl.NotificationServiceProvider
16:02:26.845 [FXGL Background Thread 3 ] DEBUG Engine               - class com.almasb.fxgl.achievement.AchievementService
16:02:26.845 [FXGL Background Thread 3 ] DEBUG Engine               - class com.almasb.fxgl.cutscene.CutsceneService
16:02:26.845 [FXGL Background Thread 3 ] DEBUG Engine               - class com.almasb.fxgl.minigames.MiniGameService
16:02:26.845 [FXGL Background Thread 3 ] DEBUG Engine               - class com.almasb.fxgl.net.NetService
16:02:26.845 [FXGL Background Thread 3 ] DEBUG Engine               - class com.almasb.fxgl.app.services.UpdaterService
16:02:26.845 [FXGL Background Thread 3 ] DEBUG Engine               - class com.almasb.fxgl.dev.DevService
16:02:33.003 [JavaFX Application Thread] DEBUG Menu                 - fireNewGame()
16:02:33.004 [JavaFX Application Thread] DEBUG GameApplicationServi - Starting new game
16:02:33.004 [JavaFX Application Thread] DEBUG PrimaryStageWindow   - Pop state: AppMainMenu
16:02:33.004 [JavaFX Application Thread] DEBUG Input                - Clearing active input actions
16:02:33.005 [JavaFX Application Thread] DEBUG GameApplicationServi - Removing overlay from AppMainMenu and adding to FXGLMainMenuDummyScene
16:02:33.005 [JavaFX Application Thread] DEBUG PrimaryStageWindow   - FXGLMainMenuDummyScene <- AppMainMenu
16:02:33.005 [JavaFX Application Thread] DEBUG Input                - Clearing active input actions
16:02:33.013 [JavaFX Application Thread] DEBUG GameApplicationServi - Removing overlay from FXGLMainMenuDummyScene and adding to FXGLLoadingScene
16:02:33.013 [JavaFX Application Thread] DEBUG PrimaryStageWindow   - FXGLMainMenuDummyScene -> FXGLLoadingScene
16:02:33.013 [JavaFX Application Thread] DEBUG GameApplicationServi - Clearing previous game
16:02:33.013 [JavaFX Application Thread] DEBUG GameScene            - Clearing game scene
16:02:33.013 [JavaFX Application Thread] DEBUG GameWorld            - Clearing game world
16:02:33.013 [JavaFX Application Thread] DEBUG PhysicsWorld         - Clearing physics world
16:02:33.018 [FXGL Background Thread 2 ] DEBUG FXGLApplication      - Initializing game
16:02:33.167 [FXGL Background Thread 2 ] DEBUG FXGLAssetLoaderServi - Loading from file system: file:/Users/kylefry/Desktop/RhythmKnight/Project/target/classes/assets/textures/cutout.png
16:02:33.216 [FXGL Background Thread 2 ] DEBUG FXGLAssetLoaderServi - Loading from file system: file:/Users/kylefry/Desktop/RhythmKnight/Project/target/classes/assets/textures/unvisited.png
16:02:33.221 [FXGL Background Thread 2 ] DEBUG FXGLAssetLoaderServi - Loading from file system: file:/Users/kylefry/Desktop/RhythmKnight/Project/target/classes/assets/textures/player.png
16:02:33.224 [FXGL Background Thread 2 ] DEBUG FXGLAssetLoaderServi - Loading from file system: file:/Users/kylefry/Desktop/RhythmKnight/Project/target/classes/assets/textures/stairs.png
16:02:33.228 [FXGL Background Thread 2 ] DEBUG FXGLAssetLoaderServi - Loading from file system: file:/Users/kylefry/Desktop/RhythmKnight/Project/target/classes/assets/textures/rhythm-knight.png
16:02:33.239 [FXGL Background Thread 2 ] DEBUG FXGLAssetLoaderServi - Loading from file system: file:/Users/kylefry/Desktop/RhythmKnight/Project/target/classes/assets/textures/Level1-1Dungeon.png
16:02:33.342 [FXGL Background Thread 2 ] DEBUG FXGLAssetLoaderServi - Loading from file system: file:/Users/kylefry/Desktop/RhythmKnight/Project/target/classes/assets/textures/Level1-1Layout.png
16:02:33.373 [FXGL Background Thread 2 ] DEBUG FXGLAssetLoaderServi - Loading from file system: file:/Users/kylefry/Desktop/RhythmKnight/Project/target/classes/assets/textures/UI-Layout.png
16:02:33.427 [FXGL Background Thread 2 ] INFO  FXGLApplication      - Game initialization took: 0.409 sec
16:02:33.428 [JavaFX Application Thread] DEBUG Input                - Clearing active input actions
16:02:33.434 [JavaFX Application Thread] DEBUG GameApplicationServi - Removing overlay from FXGLLoadingScene and adding to GameScene
16:02:33.434 [JavaFX Application Thread] DEBUG PrimaryStageWindow   - FXGLLoadingScene -> GameScene
16:02:33.442 [JavaFX Application Thread] DEBUG FXGLAssetLoaderServi - Loading from file system: file:/Users/kylefry/Desktop/RhythmKnight/Project/target/classes/assets/sounds/snare01.wav
16:02:42.936 [JavaFX Application Thread] DEBUG FXGLApplication      - Exiting FXGL
16:02:42.936 [JavaFX Application Thread] DEBUG LoopRunner           - Stopping loop
16:02:42.936 [JavaFX Application Thread] DEBUG SystemBundleService  - Saving FXGL system data
16:02:42.940 [JavaFX Application Thread] DEBUG FileSystemAccess     - Writing to: /Users/kylefry/Desktop/RhythmKnight/Project/system/fxgl.bundle
16:02:42.941 [JavaFX Application Thread] DEBUG Async                - Shutting down background threads
16:02:42.942 [JavaFX Application Thread] DEBUG PrimaryStageWindow   - Closing main window
16:02:42.947 [JavaFX Application Thread] DEBUG Logger               - Closing Logger
