11:11:37.084 [main                     ] DEBUG Logger               - Configured Logger
11:11:37.115 [main                     ] DEBUG GameApplication      - Logging settings
Title: Rhythm Knight
Version: Pre-Alpha 1
Width: 1920
Height: 1080
Fullscreen: false
Intro: false
Profiling: false
Single step:false
App Mode: DEVELOPER
Menu Key: ESCAPE
Stage Style: DECORATED
Scene Factory: class GameApp$1

11:11:37.718 [JavaFX Application Thread] DEBUG FXGLApplication      - Initializing FXGL
11:11:37.721 [JavaFX Application Thread] INFO  Engine               - FXGL-11.16 (25.05.2021 08.16) on MAC (J:11.0.8 FX:16)
11:11:37.722 [JavaFX Application Thread] DEBUG Engine               - JRE Vendor Name: Oracle Corporation
11:11:37.722 [JavaFX Application Thread] DEBUG Engine               - Running on OS: Mac OS X version 10.16
11:11:37.723 [JavaFX Application Thread] DEBUG Engine               - Architecture: x86_64
11:11:37.723 [JavaFX Application Thread] INFO  Engine               - Source code and latest versions at: https://github.com/AlmasB/FXGL
11:11:37.723 [JavaFX Application Thread] INFO  Engine               -              Join the FXGL chat at: https://gitter.im/AlmasB/FXGL
11:11:37.927 [JavaFX Application Thread] DEBUG PrimaryStageWindow   - Creating a JavaFX scene
11:11:37.928 [JavaFX Application Thread] DEBUG PrimaryStageWindow   - Target size > screen size
11:11:38.038 [JavaFX Application Thread] DEBUG PrimaryStageWindow   - Target settings size: 1920.0 x 1080.0
11:11:38.038 [JavaFX Application Thread] DEBUG PrimaryStageWindow   - Scaled scene size:    1400.0 x 801.0
11:11:38.039 [JavaFX Application Thread] DEBUG PrimaryStageWindow   - Scaled ratio: (0.7291666666666666, 0.7416666666666667)
11:11:38.040 [JavaFX Application Thread] DEBUG PrimaryStageWindow   - Set initial scene to FXGLStartupScene
11:11:38.085 [JavaFX Application Thread] DEBUG PrimaryStageWindow   - Opening main window
11:11:38.465 [JavaFX Application Thread] DEBUG PrimaryStageWindow   - Window border size: (0.0, 28.0)
11:11:38.465 [JavaFX Application Thread] DEBUG PrimaryStageWindow   - Scaled size: 1400.0 x 801.0
11:11:38.465 [JavaFX Application Thread] DEBUG PrimaryStageWindow   - Scaled ratio: (0.7291666666666666, 0.7416666666666667)
11:11:38.465 [JavaFX Application Thread] DEBUG PrimaryStageWindow   - Scene size: 1400.0 x 801.0
11:11:38.465 [JavaFX Application Thread] DEBUG PrimaryStageWindow   - Stage size: 1400.0 x 829.0
11:11:38.473 [FXGL Background Thread 1 ] DEBUG Engine               - Initializing environment variables
11:11:38.530 [FXGL Background Thread 1 ] DEBUG FXGLAssetLoaderServi - User app class for loading assets: class GameApp
11:11:38.530 [FXGL Background Thread 1 ] DEBUG GameApplicationServi - Applying CSS: fxgl_dark.css
11:11:38.532 [FXGL Background Thread 1 ] DEBUG FXGLAssetLoaderServi - Loading from file system: jar:file:/Users/kylefry/.m2/repository/com/github/almasb/fxgl/11.16/fxgl-11.16.jar!/fxglassets/ui/css/fxgl_dark.css
11:11:38.633 [FXGL Background Thread 1 ] DEBUG GameApplicationServi - Initializing application scenes
11:11:39.220 [FXGL Background Thread 1 ] DEBUG GameWorld            - Game world initialized
11:11:39.328 [FXGL Background Thread 1 ] DEBUG PhysicsWorld         - Physics world initialized: appHeight=1080, physics.ppm=50.0
11:11:39.329 [FXGL Background Thread 1 ] DEBUG PhysicsWorld         - Using strategy: BRUTE_FORCE
11:11:39.331 [FXGL Background Thread 1 ] DEBUG GameScene            - Game scene initialized: 1920x1080
11:11:39.339 [FXGL Background Thread 1 ] DEBUG FXGLAssetLoaderServi - Loading from file system: file:/Users/kylefry/Desktop/RhythmKnight/Project/target/classes/assets/textures/logo-with-menu.png
11:11:39.550 [FXGL Background Thread 1 ] DEBUG FXGLAssetLoaderServi - Loading from file system: file:/Users/kylefry/Desktop/RhythmKnight/Project/target/classes/assets/textures/rest.png
11:11:39.564 [FXGL Background Thread 1 ] DEBUG FXGL.DefaultMenu     - createMenuBodyGameMenu()
11:11:39.575 [FXGL Background Thread 1 ] DEBUG FXGL.DefaultMenu     - createOptionsMenu()
11:11:39.583 [FXGL Background Thread 1 ] DEBUG FXGLAssetLoaderServi - Loading from file system: jar:file:/Users/kylefry/.m2/repository/com/github/almasb/fxgl/11.16/fxgl-11.16.jar!/fxglassets/textures/particles/smoke.png
11:11:39.690 [FXGL Background Thread 1 ] DEBUG FXGLAssetLoaderServi - Loading from file system: jar:file:/Users/kylefry/.m2/repository/com/github/almasb/fxgl/11.16/fxgl-11.16.jar!/fxglassets/textures/particles/trace_horizontal.png
11:11:39.713 [FXGL Background Thread 1 ] DEBUG GameApplicationServi - Application scenes initialized
11:11:39.723 [FXGL Background Thread 1 ] DEBUG SystemBundleService  - Loading FXGL system data
11:11:39.727 [FXGL Background Thread 1 ] DEBUG FileSystemAccess     - Reading from: /Users/kylefry/Desktop/RhythmKnight/Project/system/fxgl.bundle
11:11:39.733 [FXGL Background Thread 1 ] DEBUG SystemBundleService  - Bundle FXGL: {}
11:11:39.734 [FXGL Background Thread 1 ] DEBUG UpdaterService       - Checking for updates
11:11:39.737 [FXGL Background Thread 4 ] DEBUG FXGLApplication      - Loading fonts
11:11:39.738 [FXGL Background Thread 1 ] DEBUG FXGLApplication      - Loading default localization
11:11:39.738 [FXGL Background Thread 4 ] DEBUG FXGLAssetLoaderServi - Loading from file system: jar:file:/Users/kylefry/.m2/repository/com/github/almasb/fxgl/11.16/fxgl-11.16.jar!/fxglassets/ui/fonts/VarelaRound-Regular.ttf
11:11:39.740 [FXGL Background Thread 1 ] DEBUG FXGLAssetLoaderServi - Loading from file system: jar:file:/Users/kylefry/.m2/repository/com/github/almasb/fxgl/11.16/fxgl-11.16.jar!/fxglassets/languages/english.lang
11:11:39.755 [FXGL Background Thread 1 ] INFO  FXGLApplication      - FXGL initialization took: 1.283 sec
11:11:39.758 [JavaFX Application Thread] DEBUG FXGLAssetLoaderServi - Loading from file system: jar:file:/Users/kylefry/.m2/repository/com/github/almasb/fxgl/11.16/fxgl-11.16.jar!/fxglassets/textures/fxgl_icon.png
11:11:39.773 [FXGL Background Thread 4 ] DEBUG FXGLAssetLoaderServi - Loading from file system: jar:file:/Users/kylefry/.m2/repository/com/github/almasb/fxgl/11.16/fxgl-11.16.jar!/fxglassets/ui/fonts/Abel-Regular.ttf
11:11:39.778 [FXGL Background Thread 4 ] DEBUG FXGLAssetLoaderServi - Loading from file system: jar:file:/Users/kylefry/.m2/repository/com/github/almasb/fxgl/11.16/fxgl-11.16.jar!/fxglassets/ui/fonts/lucida_console.ttf
11:11:39.784 [FXGL Background Thread 4 ] DEBUG FXGLAssetLoaderServi - Loading from file system: jar:file:/Users/kylefry/.m2/repository/com/github/almasb/fxgl/11.16/fxgl-11.16.jar!/fxglassets/ui/fonts/Courier-Prime.ttf
11:11:39.785 [JavaFX Application Thread] DEBUG FXGLAssetLoaderServi - Loading from file system: jar:file:/Users/kylefry/.m2/repository/com/github/almasb/fxgl/11.16/fxgl-11.16.jar!/fxglassets/textures/fxgl_default_cursor.png
11:11:39.802 [JavaFX Application Thread] DEBUG Input                - Registered new binding: Screenshot - CTRL+8
11:11:39.802 [JavaFX Application Thread] DEBUG Input                - Registered new binding: System info dump - CTRL+9
11:11:39.802 [JavaFX Application Thread] DEBUG Input                - Registered new binding: Restart - CTRL+R
11:11:39.803 [JavaFX Application Thread] DEBUG Input                - Registered new binding: Toggle Debug Camera - CTRL+C
11:11:39.805 [JavaFX Application Thread] DEBUG LoopRunner           - Starting loop
11:11:39.805 [JavaFX Application Thread] DEBUG LoopRunner           - Initializing JavaFX AnimationTimerLoop
11:11:39.807 [JavaFX Application Thread] DEBUG Input                - Clearing active input actions
11:11:39.817 [JavaFX Application Thread] DEBUG GameApplicationServi - Removing overlay from FXGLStartupScene and adding to FXGLMainMenuDummyScene
11:11:39.817 [JavaFX Application Thread] DEBUG PrimaryStageWindow   - FXGLStartupScene -> FXGLMainMenuDummyScene
11:11:39.818 [JavaFX Application Thread] DEBUG PrimaryStageWindow   - Push state: AppMainMenu
11:11:39.818 [JavaFX Application Thread] DEBUG Input                - Clearing active input actions
11:11:39.824 [JavaFX Application Thread] DEBUG GameApplicationServi - Removing overlay from FXGLMainMenuDummyScene and adding to AppMainMenu
11:11:39.825 [JavaFX Application Thread] DEBUG PrimaryStageWindow   - FXGLMainMenuDummyScene -> AppMainMenu
11:11:39.855 [JavaFX Application Thread] DEBUG FXGLApplication      - Registering font factories with UI factory
11:11:41.278 [JavaFX Application Thread] DEBUG Menu                 - fireNewGame()
11:11:41.278 [JavaFX Application Thread] DEBUG GameApplicationServi - Starting new game
11:11:41.279 [JavaFX Application Thread] DEBUG PrimaryStageWindow   - Pop state: AppMainMenu
11:11:41.279 [JavaFX Application Thread] DEBUG Input                - Clearing active input actions
11:11:41.280 [JavaFX Application Thread] DEBUG GameApplicationServi - Removing overlay from AppMainMenu and adding to FXGLMainMenuDummyScene
11:11:41.280 [JavaFX Application Thread] DEBUG PrimaryStageWindow   - FXGLMainMenuDummyScene <- AppMainMenu
11:11:41.281 [JavaFX Application Thread] DEBUG Input                - Clearing active input actions
11:11:41.291 [JavaFX Application Thread] DEBUG GameApplicationServi - Removing overlay from FXGLMainMenuDummyScene and adding to FXGLLoadingScene
11:11:41.291 [JavaFX Application Thread] DEBUG PrimaryStageWindow   - FXGLMainMenuDummyScene -> FXGLLoadingScene
11:11:41.292 [JavaFX Application Thread] DEBUG GameApplicationServi - Clearing previous game
11:11:41.292 [JavaFX Application Thread] DEBUG GameScene            - Clearing game scene
11:11:41.292 [JavaFX Application Thread] DEBUG GameWorld            - Clearing game world
11:11:41.292 [JavaFX Application Thread] DEBUG PhysicsWorld         - Clearing physics world
11:11:41.293 [FXGL Background Thread 2 ] DEBUG FXGLApplication      - Initializing game
11:11:41.730 [FXGL Background Thread 2 ] DEBUG FXGLAssetLoaderServi - Loading from file system: file:/Users/kylefry/Desktop/RhythmKnight/Project/target/classes/assets/sounds/snare01.wav
11:11:41.758 [FXGL Background Thread 2 ] DEBUG FXGLAssetLoaderServi - Loading from file system: file:/Users/kylefry/Desktop/RhythmKnight/Project/target/classes/assets/textures/unvisited.png
11:11:41.761 [FXGL Background Thread 2 ] DEBUG FXGLAssetLoaderServi - Loading from file system: file:/Users/kylefry/Desktop/RhythmKnight/Project/target/classes/assets/textures/cutout.png
11:11:41.818 [FXGL Background Thread 2 ] DEBUG FXGLAssetLoaderServi - Loading from file system: file:/Users/kylefry/Desktop/RhythmKnight/Project/target/classes/assets/textures/TutorialTilemap.png
11:11:41.877 [FXGL Background Thread 2 ] INFO  FXGLApplication      - Game initialization took: 0.583 sec
11:11:41.899 [JavaFX Application Thread] DEBUG Input                - Clearing active input actions
11:11:41.908 [JavaFX Application Thread] DEBUG GameApplicationServi - Removing overlay from FXGLLoadingScene and adding to GameScene
11:11:41.908 [JavaFX Application Thread] DEBUG PrimaryStageWindow   - FXGLLoadingScene -> GameScene
11:11:42.740 [FXGL Background Thread 3 ] DEBUG Engine               - Logging environment variables
11:11:42.742 [FXGL Background Thread 3 ] DEBUG Engine               - achievements: []
11:11:42.743 [FXGL Background Thread 3 ] DEBUG Engine               - actualHeight: 801.0
11:11:42.743 [FXGL Background Thread 3 ] DEBUG Engine               - actualHeightProperty: ReadOnlyDoubleProperty [value: 801.0]
11:11:42.743 [FXGL Background Thread 3 ] DEBUG Engine               - actualWidth: 1400.0
11:11:42.743 [FXGL Background Thread 3 ] DEBUG Engine               - actualWidthProperty: ReadOnlyDoubleProperty [value: 1400.0]
11:11:42.743 [FXGL Background Thread 3 ] DEBUG Engine               - appIcon: fxgl_icon.png
11:11:42.744 [FXGL Background Thread 3 ] DEBUG Engine               - applicationMode: DEVELOPER
11:11:42.744 [FXGL Background Thread 3 ] DEBUG Engine               - cSSList: [fxgl_dark.css]
11:11:42.744 [FXGL Background Thread 3 ] DEBUG Engine               - collisionDetectionStrategy: BRUTE_FORCE
11:11:42.744 [FXGL Background Thread 3 ] DEBUG Engine               - configClass: Optional.empty
11:11:42.744 [FXGL Background Thread 3 ] DEBUG Engine               - credits: []
11:11:42.744 [FXGL Background Thread 3 ] DEBUG Engine               - defaultCursor: CursorInfo(imageName=fxgl_default_cursor.png, hotspotX=7.0, hotspotY=6.0)
11:11:42.745 [FXGL Background Thread 3 ] DEBUG Engine               - devBBoxColorProperty: ObjectProperty [value: 0xff0000ff]
11:11:42.745 [FXGL Background Thread 3 ] DEBUG Engine               - devEnableDebugCameraProperty: BooleanProperty [value: false]
11:11:42.745 [FXGL Background Thread 3 ] DEBUG Engine               - devSensorColorProperty: ObjectProperty [value: 0xffff00ff]
11:11:42.745 [FXGL Background Thread 3 ] DEBUG Engine               - devShowBBoxProperty: BooleanProperty [value: false]
11:11:42.745 [FXGL Background Thread 3 ] DEBUG Engine               - devShowPositionProperty: BooleanProperty [value: false]
11:11:42.745 [FXGL Background Thread 3 ] DEBUG Engine               - enabledMenuItems: []
11:11:42.746 [FXGL Background Thread 3 ] DEBUG Engine               - engineServices: [class com.almasb.fxgl.app.services.FXGLAssetLoaderService, class com.almasb.fxgl.app.FXGLApplication$GameApplicationService, class com.almasb.fxgl.app.services.FXGLDialogService, class com.almasb.fxgl.app.services.IOTaskExecutorService, class com.almasb.fxgl.io.FileSystemService, class com.almasb.fxgl.localization.LocalizationService, class com.almasb.fxgl.app.services.SystemBundleService, class com.almasb.fxgl.profile.SaveLoadService, class com.almasb.fxgl.ui.FXGLUIFactoryServiceProvider, class com.almasb.fxgl.ui.FXGLDialogFactoryServiceProvider, class com.almasb.fxgl.audio.AudioPlayer, class com.almasb.fxgl.notification.impl.NotificationServiceProvider, class com.almasb.fxgl.achievement.AchievementService, class com.almasb.fxgl.cutscene.CutsceneService, class com.almasb.fxgl.minigames.MiniGameService, class com.almasb.fxgl.net.NetService, class com.almasb.fxgl.app.services.UpdaterService, class com.almasb.fxgl.dev.DevService]
11:11:42.746 [FXGL Background Thread 3 ] DEBUG Engine               - fontGame: Abel-Regular.ttf
11:11:42.746 [FXGL Background Thread 3 ] DEBUG Engine               - fontMono: lucida_console.ttf
11:11:42.746 [FXGL Background Thread 3 ] DEBUG Engine               - fontText: Courier-Prime.ttf
11:11:42.746 [FXGL Background Thread 3 ] DEBUG Engine               - fontUI: VarelaRound-Regular.ttf
11:11:42.746 [FXGL Background Thread 3 ] DEBUG Engine               - fullScreen: BooleanProperty [value: false]
11:11:42.746 [FXGL Background Thread 3 ] DEBUG Engine               - gameDifficulty: MEDIUM
11:11:42.746 [FXGL Background Thread 3 ] DEBUG Engine               - gameDifficultyProperty: ObjectProperty [value: MEDIUM]
11:11:42.746 [FXGL Background Thread 3 ] DEBUG Engine               - globalMusicVolume: 0.5
11:11:42.746 [FXGL Background Thread 3 ] DEBUG Engine               - globalMusicVolumeProperty: DoubleProperty [value: 0.5]
11:11:42.747 [FXGL Background Thread 3 ] DEBUG Engine               - globalSoundVolume: 0.5
11:11:42.747 [FXGL Background Thread 3 ] DEBUG Engine               - globalSoundVolumeProperty: DoubleProperty [value: 0.5]
11:11:42.747 [FXGL Background Thread 3 ] DEBUG Engine               - height: 1080
11:11:42.747 [FXGL Background Thread 3 ] DEBUG Engine               - is3D: false
11:11:42.747 [FXGL Background Thread 3 ] DEBUG Engine               - isAndroid: false
11:11:42.747 [FXGL Background Thread 3 ] DEBUG Engine               - isBrowser: false
11:11:42.747 [FXGL Background Thread 3 ] DEBUG Engine               - isClickFeedbackEnabled: false
11:11:42.747 [FXGL Background Thread 3 ] DEBUG Engine               - isCloseConfirmation: false
11:11:42.747 [FXGL Background Thread 3 ] DEBUG Engine               - isDesktop: true
11:11:42.747 [FXGL Background Thread 3 ] DEBUG Engine               - isDeveloperMenuEnabled: false
11:11:42.748 [FXGL Background Thread 3 ] DEBUG Engine               - isEntityPreloadEnabled: true
11:11:42.748 [FXGL Background Thread 3 ] DEBUG Engine               - isExperimentalTiledLargeMap: false
11:11:42.748 [FXGL Background Thread 3 ] DEBUG Engine               - isFileSystemWriteAllowed: true
11:11:42.748 [FXGL Background Thread 3 ] DEBUG Engine               - isFullScreenAllowed: false
11:11:42.748 [FXGL Background Thread 3 ] DEBUG Engine               - isFullScreenFromStart: false
11:11:42.748 [FXGL Background Thread 3 ] DEBUG Engine               - isGameMenuEnabled: true
11:11:42.748 [FXGL Background Thread 3 ] DEBUG Engine               - isIOS: false
11:11:42.749 [FXGL Background Thread 3 ] DEBUG Engine               - isIntroEnabled: false
11:11:42.749 [FXGL Background Thread 3 ] DEBUG Engine               - isLinux: false
11:11:42.749 [FXGL Background Thread 3 ] DEBUG Engine               - isMac: true
11:11:42.749 [FXGL Background Thread 3 ] DEBUG Engine               - isMainMenuEnabled: true
11:11:42.749 [FXGL Background Thread 3 ] DEBUG Engine               - isManualResizeEnabled: false
11:11:42.749 [FXGL Background Thread 3 ] DEBUG Engine               - isMobile: false
11:11:42.749 [FXGL Background Thread 3 ] DEBUG Engine               - isNative: false
11:11:42.749 [FXGL Background Thread 3 ] DEBUG Engine               - isPreserveResizeRatio: false
11:11:42.749 [FXGL Background Thread 3 ] DEBUG Engine               - isProfilingEnabled: false
11:11:42.749 [FXGL Background Thread 3 ] DEBUG Engine               - isScaleAffectedOnResize: true
11:11:42.750 [FXGL Background Thread 3 ] DEBUG Engine               - isSingleStep: false
11:11:42.750 [FXGL Background Thread 3 ] DEBUG Engine               - isUserProfileEnabled: false
11:11:42.750 [FXGL Background Thread 3 ] DEBUG Engine               - isWindows: false
11:11:42.751 [FXGL Background Thread 3 ] DEBUG Engine               - language: ObjectProperty [value: ENGLISH]
11:11:42.751 [FXGL Background Thread 3 ] DEBUG Engine               - menuKey: ESCAPE
11:11:42.751 [FXGL Background Thread 3 ] DEBUG Engine               - mouseSensitivity: 0.2
11:11:42.751 [FXGL Background Thread 3 ] DEBUG Engine               - notificationViewClass: class com.almasb.fxgl.notification.view.XboxNotificationView
11:11:42.751 [FXGL Background Thread 3 ] DEBUG Engine               - pixelsPerMeter: 50.0
11:11:42.751 [FXGL Background Thread 3 ] DEBUG Engine               - platform: MAC
11:11:42.751 [FXGL Background Thread 3 ] DEBUG Engine               - prefHeightProperty: ReadOnlyDoubleProperty [value: 1080.0]
11:11:42.752 [FXGL Background Thread 3 ] DEBUG Engine               - prefWidthProperty: ReadOnlyDoubleProperty [value: 1920.0]
11:11:42.752 [FXGL Background Thread 3 ] DEBUG Engine               - profileDir: profiles/
11:11:42.752 [FXGL Background Thread 3 ] DEBUG Engine               - profileName: StringProperty [value: DEFAULT]
11:11:42.752 [FXGL Background Thread 3 ] DEBUG Engine               - randomSeed: -1
11:11:42.752 [FXGL Background Thread 3 ] DEBUG Engine               - runtimeInfo: RuntimeInfo(platform=MAC, version=11.16, build=25.05.2021 08.16)
11:11:42.752 [FXGL Background Thread 3 ] DEBUG Engine               - saveFileExt: sav
11:11:42.752 [FXGL Background Thread 3 ] DEBUG Engine               - scaledHeightProp$fxgl: DoubleProperty [bound, value: 801.0]
11:11:42.752 [FXGL Background Thread 3 ] DEBUG Engine               - scaledWidthProp$fxgl: DoubleProperty [bound, value: 1400.0]
11:11:42.753 [FXGL Background Thread 3 ] DEBUG Engine               - sceneFactory: GameApp$1@10c64134
11:11:42.753 [FXGL Background Thread 3 ] DEBUG Engine               - secondsIn24h: 60
11:11:42.753 [FXGL Background Thread 3 ] DEBUG Engine               - soundMenuBack: menu/back.wav
11:11:42.753 [FXGL Background Thread 3 ] DEBUG Engine               - soundMenuPress: menu/press.wav
11:11:42.753 [FXGL Background Thread 3 ] DEBUG Engine               - soundMenuSelect: menu/select.wav
11:11:42.753 [FXGL Background Thread 3 ] DEBUG Engine               - soundNotification: core/notification.wav
11:11:42.753 [FXGL Background Thread 3 ] DEBUG Engine               - stageStyle: DECORATED
11:11:42.753 [FXGL Background Thread 3 ] DEBUG Engine               - supportedLanguages: [ENGLISH, FRENCH, GERMAN, HUNGARIAN, RUSSIAN]
11:11:42.753 [FXGL Background Thread 3 ] DEBUG Engine               - ticksPerSecond: -1
11:11:42.754 [FXGL Background Thread 3 ] DEBUG Engine               - title: Rhythm Knight
11:11:42.754 [FXGL Background Thread 3 ] DEBUG Engine               - urlGithub: https://github.com/AlmasB/FXGL
11:11:42.754 [FXGL Background Thread 3 ] DEBUG Engine               - urlLeaderboard: http://fxgl-top.herokuapp.com/
11:11:42.754 [FXGL Background Thread 3 ] DEBUG Engine               - urlPOM: https://raw.githubusercontent.com/AlmasB/FXGL/release/README.md
11:11:42.755 [FXGL Background Thread 3 ] DEBUG Engine               - userAppClass: class GameApp
11:11:42.755 [FXGL Background Thread 3 ] DEBUG Engine               - version: Pre-Alpha 1
11:11:42.755 [FXGL Background Thread 3 ] DEBUG Engine               - versionCheckDays: 7
11:11:42.755 [FXGL Background Thread 3 ] DEBUG Engine               - width: 1920
11:11:42.755 [FXGL Background Thread 3 ] DEBUG Engine               - Logging services
11:11:42.756 [FXGL Background Thread 3 ] DEBUG Engine               - class com.almasb.fxgl.app.services.FXGLAssetLoaderService
11:11:42.756 [FXGL Background Thread 3 ] DEBUG Engine               - class com.almasb.fxgl.app.FXGLApplication$GameApplicationService
11:11:42.756 [FXGL Background Thread 3 ] DEBUG Engine               - class com.almasb.fxgl.app.services.FXGLDialogService
11:11:42.756 [FXGL Background Thread 3 ] DEBUG Engine               - class com.almasb.fxgl.app.services.IOTaskExecutorService
11:11:42.756 [FXGL Background Thread 3 ] DEBUG Engine               - class com.almasb.fxgl.io.FileSystemService
11:11:42.756 [FXGL Background Thread 3 ] DEBUG Engine               - class com.almasb.fxgl.localization.LocalizationService
11:11:42.756 [FXGL Background Thread 3 ] DEBUG Engine               - class com.almasb.fxgl.app.services.SystemBundleService
11:11:42.756 [FXGL Background Thread 3 ] DEBUG Engine               - class com.almasb.fxgl.profile.SaveLoadService
11:11:42.757 [FXGL Background Thread 3 ] DEBUG Engine               - class com.almasb.fxgl.ui.FXGLUIFactoryServiceProvider
11:11:42.757 [FXGL Background Thread 3 ] DEBUG Engine               - class com.almasb.fxgl.ui.FXGLDialogFactoryServiceProvider
11:11:42.757 [FXGL Background Thread 3 ] DEBUG Engine               - class com.almasb.fxgl.audio.AudioPlayer
11:11:42.757 [FXGL Background Thread 3 ] DEBUG Engine               - class com.almasb.fxgl.notification.impl.NotificationServiceProvider
11:11:42.757 [FXGL Background Thread 3 ] DEBUG Engine               - class com.almasb.fxgl.achievement.AchievementService
11:11:42.757 [FXGL Background Thread 3 ] DEBUG Engine               - class com.almasb.fxgl.cutscene.CutsceneService
11:11:42.757 [FXGL Background Thread 3 ] DEBUG Engine               - class com.almasb.fxgl.minigames.MiniGameService
11:11:42.757 [FXGL Background Thread 3 ] DEBUG Engine               - class com.almasb.fxgl.net.NetService
11:11:42.757 [FXGL Background Thread 3 ] DEBUG Engine               - class com.almasb.fxgl.app.services.UpdaterService
11:11:42.757 [FXGL Background Thread 3 ] DEBUG Engine               - class com.almasb.fxgl.dev.DevService
11:12:03.422 [JavaFX Application Thread] DEBUG FXGLApplication      - Exiting FXGL
11:12:03.422 [JavaFX Application Thread] DEBUG LoopRunner           - Stopping loop
11:12:03.422 [JavaFX Application Thread] DEBUG SystemBundleService  - Saving FXGL system data
11:12:03.427 [JavaFX Application Thread] DEBUG FileSystemAccess     - Writing to: /Users/kylefry/Desktop/RhythmKnight/Project/system/fxgl.bundle
11:12:03.429 [JavaFX Application Thread] DEBUG Async                - Shutting down background threads
11:12:03.429 [JavaFX Application Thread] DEBUG PrimaryStageWindow   - Closing main window
11:12:03.436 [JavaFX Application Thread] DEBUG Logger               - Closing Logger
