12:59:39.723 [main                     ] DEBUG Logger               - Configured Logger
12:59:39.731 [main                     ] DEBUG GameApplication      - Logging settings
Title: Rhythm Knight
Version: Pre-Alpha 1
Width: 1920
Height: 1080
Fullscreen: false
Intro: false
Profiling: false
Single step:false
App Mode: DEVELOPER
Menu Key: ESCAPE
Stage Style: DECORATED
Scene Factory: class GameApp$1

12:59:40.236 [JavaFX Application Thread] DEBUG FXGLApplication      - Initializing FXGL
12:59:40.238 [JavaFX Application Thread] INFO  Engine               - FXGL-11.16 (25.05.2021 08.16) on MAC (J:16.0.1 FX:16)
12:59:40.238 [JavaFX Application Thread] DEBUG Engine               - JRE Vendor Name: Oracle Corporation
12:59:40.238 [JavaFX Application Thread] DEBUG Engine               - Running on OS: Mac OS X version 11.4
12:59:40.239 [JavaFX Application Thread] DEBUG Engine               - Architecture: x86_64
12:59:40.239 [JavaFX Application Thread] INFO  Engine               - Source code and latest versions at: https://github.com/AlmasB/FXGL
12:59:40.239 [JavaFX Application Thread] INFO  Engine               -              Join the FXGL chat at: https://gitter.im/AlmasB/FXGL
12:59:40.371 [JavaFX Application Thread] DEBUG PrimaryStageWindow   - Creating a JavaFX scene
12:59:40.371 [JavaFX Application Thread] DEBUG PrimaryStageWindow   - Target size > screen size
12:59:40.426 [JavaFX Application Thread] DEBUG PrimaryStageWindow   - Target settings size: 1920.0 x 1080.0
12:59:40.426 [JavaFX Application Thread] DEBUG PrimaryStageWindow   - Scaled scene size:    1400.0 x 801.0
12:59:40.426 [JavaFX Application Thread] DEBUG PrimaryStageWindow   - Scaled ratio: (0.7291666666666666, 0.7416666666666667)
12:59:40.427 [JavaFX Application Thread] DEBUG PrimaryStageWindow   - Set initial scene to FXGLStartupScene
12:59:40.437 [JavaFX Application Thread] DEBUG PrimaryStageWindow   - Opening main window
12:59:40.680 [JavaFX Application Thread] DEBUG PrimaryStageWindow   - Window border size: (0.0, 28.0)
12:59:40.680 [JavaFX Application Thread] DEBUG PrimaryStageWindow   - Scaled size: 1400.0 x 801.0
12:59:40.680 [JavaFX Application Thread] DEBUG PrimaryStageWindow   - Scaled ratio: (0.7291666666666666, 0.7416666666666667)
12:59:40.681 [JavaFX Application Thread] DEBUG PrimaryStageWindow   - Scene size: 1400.0 x 801.0
12:59:40.681 [JavaFX Application Thread] DEBUG PrimaryStageWindow   - Stage size: 1400.0 x 829.0
12:59:40.693 [FXGL Background Thread 1 ] DEBUG Engine               - Initializing environment variables
12:59:40.737 [FXGL Background Thread 1 ] DEBUG FXGLAssetLoaderServi - User app class for loading assets: class GameApp
12:59:40.738 [FXGL Background Thread 1 ] DEBUG GameApplicationServi - Applying CSS: fxgl_dark.css
12:59:40.739 [FXGL Background Thread 1 ] DEBUG FXGLAssetLoaderServi - Loading from file system: jar:file:/Users/kylefry/.m2/repository/com/github/almasb/fxgl/11.16/fxgl-11.16.jar!/fxglassets/ui/css/fxgl_dark.css
12:59:40.866 [FXGL Background Thread 1 ] DEBUG GameApplicationServi - Initializing application scenes
12:59:41.362 [FXGL Background Thread 1 ] DEBUG GameWorld            - Game world initialized
12:59:41.420 [FXGL Background Thread 1 ] DEBUG PhysicsWorld         - Physics world initialized: appHeight=1080, physics.ppm=50.0
12:59:41.420 [FXGL Background Thread 1 ] DEBUG PhysicsWorld         - Using strategy: BRUTE_FORCE
12:59:41.422 [FXGL Background Thread 1 ] DEBUG GameScene            - Game scene initialized: 1920x1080
12:59:41.427 [FXGL Background Thread 1 ] DEBUG FXGLAssetLoaderServi - Loading from file system: file:/Users/kylefry/Desktop/RhythmKnight/Project/target/classes/assets/textures/main-menu.png
12:59:41.552 [FXGL Background Thread 1 ] DEBUG FXGLAssetLoaderServi - Loading from file system: file:/Users/kylefry/Desktop/RhythmKnight/Project/target/classes/assets/textures/rest.png
12:59:41.563 [FXGL Background Thread 1 ] DEBUG FXGLAssetLoaderServi - Loading from file system: file:/Users/kylefry/Desktop/RhythmKnight/Project/target/classes/assets/textures/configUI.png
12:59:41.607 [FXGL Background Thread 1 ] DEBUG FXGL.DefaultMenu     - createMenuBodyGameMenu()
12:59:41.619 [FXGL Background Thread 1 ] DEBUG FXGL.DefaultMenu     - createOptionsMenu()
12:59:41.622 [FXGL Background Thread 1 ] DEBUG FXGLAssetLoaderServi - Loading from file system: jar:file:/Users/kylefry/.m2/repository/com/github/almasb/fxgl/11.16/fxgl-11.16.jar!/fxglassets/textures/particles/smoke.png
12:59:41.695 [FXGL Background Thread 1 ] DEBUG FXGLAssetLoaderServi - Loading from file system: jar:file:/Users/kylefry/.m2/repository/com/github/almasb/fxgl/11.16/fxgl-11.16.jar!/fxglassets/textures/particles/trace_horizontal.png
12:59:41.713 [FXGL Background Thread 1 ] DEBUG GameApplicationServi - Application scenes initialized
12:59:41.725 [FXGL Background Thread 1 ] DEBUG SystemBundleService  - Loading FXGL system data
12:59:41.729 [FXGL Background Thread 1 ] DEBUG FileSystemAccess     - Reading from: /Users/kylefry/Desktop/RhythmKnight/Project/system/fxgl.bundle
12:59:41.734 [FXGL Background Thread 1 ] DEBUG SystemBundleService  - Bundle FXGL: {}
12:59:41.734 [FXGL Background Thread 1 ] DEBUG UpdaterService       - Checking for updates
12:59:41.738 [FXGL Background Thread 4 ] DEBUG FXGLApplication      - Loading fonts
12:59:41.740 [FXGL Background Thread 1 ] DEBUG FXGLApplication      - Loading default localization
12:59:41.740 [FXGL Background Thread 1 ] DEBUG FXGLAssetLoaderServi - Loading from file system: jar:file:/Users/kylefry/.m2/repository/com/github/almasb/fxgl/11.16/fxgl-11.16.jar!/fxglassets/languages/english.lang
12:59:41.740 [FXGL Background Thread 4 ] DEBUG FXGLAssetLoaderServi - Loading from file system: jar:file:/Users/kylefry/.m2/repository/com/github/almasb/fxgl/11.16/fxgl-11.16.jar!/fxglassets/ui/fonts/VarelaRound-Regular.ttf
12:59:41.761 [FXGL Background Thread 1 ] INFO  FXGLApplication      - FXGL initialization took: 1.067 sec
12:59:41.763 [JavaFX Application Thread] DEBUG FXGLAssetLoaderServi - Loading from file system: jar:file:/Users/kylefry/.m2/repository/com/github/almasb/fxgl/11.16/fxgl-11.16.jar!/fxglassets/textures/fxgl_icon.png
12:59:41.763 [FXGL Background Thread 4 ] DEBUG FXGLAssetLoaderServi - Loading from file system: jar:file:/Users/kylefry/.m2/repository/com/github/almasb/fxgl/11.16/fxgl-11.16.jar!/fxglassets/ui/fonts/Abel-Regular.ttf
12:59:41.770 [FXGL Background Thread 4 ] DEBUG FXGLAssetLoaderServi - Loading from file system: jar:file:/Users/kylefry/.m2/repository/com/github/almasb/fxgl/11.16/fxgl-11.16.jar!/fxglassets/ui/fonts/lucida_console.ttf
12:59:41.774 [FXGL Background Thread 4 ] DEBUG FXGLAssetLoaderServi - Loading from file system: jar:file:/Users/kylefry/.m2/repository/com/github/almasb/fxgl/11.16/fxgl-11.16.jar!/fxglassets/ui/fonts/Courier-Prime.ttf
12:59:41.790 [JavaFX Application Thread] DEBUG FXGLAssetLoaderServi - Loading from file system: jar:file:/Users/kylefry/.m2/repository/com/github/almasb/fxgl/11.16/fxgl-11.16.jar!/fxglassets/textures/fxgl_default_cursor.png
12:59:41.801 [JavaFX Application Thread] DEBUG Input                - Registered new binding: Screenshot - CTRL+8
12:59:41.802 [JavaFX Application Thread] DEBUG Input                - Registered new binding: System info dump - CTRL+9
12:59:41.802 [JavaFX Application Thread] DEBUG Input                - Registered new binding: Restart - CTRL+R
12:59:41.805 [JavaFX Application Thread] DEBUG Input                - Registered new binding: Toggle Debug Camera - CTRL+C
12:59:41.808 [JavaFX Application Thread] DEBUG LoopRunner           - Starting loop
12:59:41.808 [JavaFX Application Thread] DEBUG LoopRunner           - Initializing JavaFX AnimationTimerLoop
12:59:41.811 [JavaFX Application Thread] DEBUG Input                - Clearing active input actions
12:59:41.820 [JavaFX Application Thread] DEBUG GameApplicationServi - Removing overlay from FXGLStartupScene and adding to FXGLMainMenuDummyScene
12:59:41.821 [JavaFX Application Thread] DEBUG PrimaryStageWindow   - FXGLStartupScene -> FXGLMainMenuDummyScene
12:59:41.821 [JavaFX Application Thread] DEBUG PrimaryStageWindow   - Push state: AppMainMenu
12:59:41.821 [JavaFX Application Thread] DEBUG Input                - Clearing active input actions
12:59:41.829 [JavaFX Application Thread] DEBUG GameApplicationServi - Removing overlay from FXGLMainMenuDummyScene and adding to AppMainMenu
12:59:41.829 [JavaFX Application Thread] DEBUG PrimaryStageWindow   - FXGLMainMenuDummyScene -> AppMainMenu
12:59:41.872 [JavaFX Application Thread] DEBUG FXGLApplication      - Registering font factories with UI factory
12:59:44.737 [FXGL Background Thread 3 ] DEBUG Engine               - Logging environment variables
12:59:44.738 [FXGL Background Thread 3 ] DEBUG Engine               - achievements: []
12:59:44.738 [FXGL Background Thread 3 ] DEBUG Engine               - actualHeight: 801.0
12:59:44.739 [FXGL Background Thread 3 ] DEBUG Engine               - actualHeightProperty: ReadOnlyDoubleProperty [value: 801.0]
12:59:44.739 [FXGL Background Thread 3 ] DEBUG Engine               - actualWidth: 1400.0
12:59:44.739 [FXGL Background Thread 3 ] DEBUG Engine               - actualWidthProperty: ReadOnlyDoubleProperty [value: 1400.0]
12:59:44.740 [FXGL Background Thread 3 ] DEBUG Engine               - appIcon: fxgl_icon.png
12:59:44.740 [FXGL Background Thread 3 ] DEBUG Engine               - applicationMode: DEVELOPER
12:59:44.740 [FXGL Background Thread 3 ] DEBUG Engine               - cSSList: [fxgl_dark.css]
12:59:44.741 [FXGL Background Thread 3 ] DEBUG Engine               - collisionDetectionStrategy: BRUTE_FORCE
12:59:44.741 [FXGL Background Thread 3 ] DEBUG Engine               - configClass: Optional.empty
12:59:44.741 [FXGL Background Thread 3 ] DEBUG Engine               - credits: []
12:59:44.741 [FXGL Background Thread 3 ] DEBUG Engine               - defaultCursor: CursorInfo(imageName=fxgl_default_cursor.png, hotspotX=7.0, hotspotY=6.0)
12:59:44.741 [FXGL Background Thread 3 ] DEBUG Engine               - devBBoxColorProperty: ObjectProperty [value: 0xff0000ff]
12:59:44.742 [FXGL Background Thread 3 ] DEBUG Engine               - devEnableDebugCameraProperty: BooleanProperty [value: false]
12:59:44.742 [FXGL Background Thread 3 ] DEBUG Engine               - devSensorColorProperty: ObjectProperty [value: 0xffff00ff]
12:59:44.742 [FXGL Background Thread 3 ] DEBUG Engine               - devShowBBoxProperty: BooleanProperty [value: false]
12:59:44.742 [FXGL Background Thread 3 ] DEBUG Engine               - devShowPositionProperty: BooleanProperty [value: false]
12:59:44.743 [FXGL Background Thread 3 ] DEBUG Engine               - enabledMenuItems: []
12:59:44.743 [FXGL Background Thread 3 ] DEBUG Engine               - engineServices: [class com.almasb.fxgl.app.services.FXGLAssetLoaderService, class com.almasb.fxgl.app.FXGLApplication$GameApplicationService, class com.almasb.fxgl.app.services.FXGLDialogService, class com.almasb.fxgl.app.services.IOTaskExecutorService, class com.almasb.fxgl.io.FileSystemService, class com.almasb.fxgl.localization.LocalizationService, class com.almasb.fxgl.app.services.SystemBundleService, class com.almasb.fxgl.profile.SaveLoadService, class com.almasb.fxgl.ui.FXGLUIFactoryServiceProvider, class com.almasb.fxgl.ui.FXGLDialogFactoryServiceProvider, class com.almasb.fxgl.audio.AudioPlayer, class com.almasb.fxgl.notification.impl.NotificationServiceProvider, class com.almasb.fxgl.achievement.AchievementService, class com.almasb.fxgl.cutscene.CutsceneService, class com.almasb.fxgl.minigames.MiniGameService, class com.almasb.fxgl.net.NetService, class com.almasb.fxgl.app.services.UpdaterService, class com.almasb.fxgl.dev.DevService]
12:59:44.743 [FXGL Background Thread 3 ] DEBUG Engine               - fontGame: Abel-Regular.ttf
12:59:44.743 [FXGL Background Thread 3 ] DEBUG Engine               - fontMono: lucida_console.ttf
12:59:44.743 [FXGL Background Thread 3 ] DEBUG Engine               - fontText: Courier-Prime.ttf
12:59:44.744 [FXGL Background Thread 3 ] DEBUG Engine               - fontUI: VarelaRound-Regular.ttf
12:59:44.744 [FXGL Background Thread 3 ] DEBUG Engine               - fullScreen: BooleanProperty [value: false]
12:59:44.744 [FXGL Background Thread 3 ] DEBUG Engine               - gameDifficulty: MEDIUM
12:59:44.744 [FXGL Background Thread 3 ] DEBUG Engine               - gameDifficultyProperty: ObjectProperty [value: MEDIUM]
12:59:44.744 [FXGL Background Thread 3 ] DEBUG Engine               - globalMusicVolume: 0.5
12:59:44.745 [FXGL Background Thread 3 ] DEBUG Engine               - globalMusicVolumeProperty: DoubleProperty [value: 0.5]
12:59:44.745 [FXGL Background Thread 3 ] DEBUG Engine               - globalSoundVolume: 0.5
12:59:44.745 [FXGL Background Thread 3 ] DEBUG Engine               - globalSoundVolumeProperty: DoubleProperty [value: 0.5]
12:59:44.745 [FXGL Background Thread 3 ] DEBUG Engine               - height: 1080
12:59:44.745 [FXGL Background Thread 3 ] DEBUG Engine               - is3D: false
12:59:44.746 [FXGL Background Thread 3 ] DEBUG Engine               - isAndroid: false
12:59:44.746 [FXGL Background Thread 3 ] DEBUG Engine               - isBrowser: false
12:59:44.746 [FXGL Background Thread 3 ] DEBUG Engine               - isClickFeedbackEnabled: false
12:59:44.746 [FXGL Background Thread 3 ] DEBUG Engine               - isCloseConfirmation: false
12:59:44.746 [FXGL Background Thread 3 ] DEBUG Engine               - isDesktop: true
12:59:44.746 [FXGL Background Thread 3 ] DEBUG Engine               - isDeveloperMenuEnabled: false
12:59:44.746 [FXGL Background Thread 3 ] DEBUG Engine               - isEntityPreloadEnabled: true
12:59:44.747 [FXGL Background Thread 3 ] DEBUG Engine               - isExperimentalTiledLargeMap: false
12:59:44.747 [FXGL Background Thread 3 ] DEBUG Engine               - isFileSystemWriteAllowed: true
12:59:44.747 [FXGL Background Thread 3 ] DEBUG Engine               - isFullScreenAllowed: false
12:59:44.747 [FXGL Background Thread 3 ] DEBUG Engine               - isFullScreenFromStart: false
12:59:44.747 [FXGL Background Thread 3 ] DEBUG Engine               - isGameMenuEnabled: true
12:59:44.747 [FXGL Background Thread 3 ] DEBUG Engine               - isIOS: false
12:59:44.748 [FXGL Background Thread 3 ] DEBUG Engine               - isIntroEnabled: false
12:59:44.748 [FXGL Background Thread 3 ] DEBUG Engine               - isLinux: false
12:59:44.748 [FXGL Background Thread 3 ] DEBUG Engine               - isMac: true
12:59:44.748 [FXGL Background Thread 3 ] DEBUG Engine               - isMainMenuEnabled: true
12:59:44.748 [FXGL Background Thread 3 ] DEBUG Engine               - isManualResizeEnabled: false
12:59:44.748 [FXGL Background Thread 3 ] DEBUG Engine               - isMobile: false
12:59:44.748 [FXGL Background Thread 3 ] DEBUG Engine               - isNative: false
12:59:44.748 [FXGL Background Thread 3 ] DEBUG Engine               - isPreserveResizeRatio: false
12:59:44.749 [FXGL Background Thread 3 ] DEBUG Engine               - isProfilingEnabled: false
12:59:44.749 [FXGL Background Thread 3 ] DEBUG Engine               - isScaleAffectedOnResize: true
12:59:44.749 [FXGL Background Thread 3 ] DEBUG Engine               - isSingleStep: false
12:59:44.749 [FXGL Background Thread 3 ] DEBUG Engine               - isUserProfileEnabled: false
12:59:44.749 [FXGL Background Thread 3 ] DEBUG Engine               - isWindows: false
12:59:44.749 [FXGL Background Thread 3 ] DEBUG Engine               - language: ObjectProperty [value: ENGLISH]
12:59:44.749 [FXGL Background Thread 3 ] DEBUG Engine               - menuKey: ESCAPE
12:59:44.749 [FXGL Background Thread 3 ] DEBUG Engine               - mouseSensitivity: 0.2
12:59:44.750 [FXGL Background Thread 3 ] DEBUG Engine               - notificationViewClass: class com.almasb.fxgl.notification.view.XboxNotificationView
12:59:44.750 [FXGL Background Thread 3 ] DEBUG Engine               - pixelsPerMeter: 50.0
12:59:44.750 [FXGL Background Thread 3 ] DEBUG Engine               - platform: MAC
12:59:44.750 [FXGL Background Thread 3 ] DEBUG Engine               - prefHeightProperty: ReadOnlyDoubleProperty [value: 1080.0]
12:59:44.750 [FXGL Background Thread 3 ] DEBUG Engine               - prefWidthProperty: ReadOnlyDoubleProperty [value: 1920.0]
12:59:44.750 [FXGL Background Thread 3 ] DEBUG Engine               - profileDir: profiles/
12:59:44.750 [FXGL Background Thread 3 ] DEBUG Engine               - profileName: StringProperty [value: DEFAULT]
12:59:44.750 [FXGL Background Thread 3 ] DEBUG Engine               - randomSeed: -1
12:59:44.750 [FXGL Background Thread 3 ] DEBUG Engine               - runtimeInfo: RuntimeInfo(platform=MAC, version=11.16, build=25.05.2021 08.16)
12:59:44.751 [FXGL Background Thread 3 ] DEBUG Engine               - saveFileExt: sav
12:59:44.751 [FXGL Background Thread 3 ] DEBUG Engine               - scaledHeightProp$fxgl: DoubleProperty [bound, value: 801.0]
12:59:44.751 [FXGL Background Thread 3 ] DEBUG Engine               - scaledWidthProp$fxgl: DoubleProperty [bound, value: 1400.0]
12:59:44.751 [FXGL Background Thread 3 ] DEBUG Engine               - sceneFactory: GameApp$1@2d391851
12:59:44.751 [FXGL Background Thread 3 ] DEBUG Engine               - secondsIn24h: 60
12:59:44.751 [FXGL Background Thread 3 ] DEBUG Engine               - soundMenuBack: menu/back.wav
12:59:44.752 [FXGL Background Thread 3 ] DEBUG Engine               - soundMenuPress: menu/press.wav
12:59:44.752 [FXGL Background Thread 3 ] DEBUG Engine               - soundMenuSelect: menu/select.wav
12:59:44.752 [FXGL Background Thread 3 ] DEBUG Engine               - soundNotification: core/notification.wav
12:59:44.752 [FXGL Background Thread 3 ] DEBUG Engine               - stageStyle: DECORATED
12:59:44.752 [FXGL Background Thread 3 ] DEBUG Engine               - supportedLanguages: [ENGLISH, FRENCH, GERMAN, HUNGARIAN, RUSSIAN]
12:59:44.752 [FXGL Background Thread 3 ] DEBUG Engine               - ticksPerSecond: -1
12:59:44.752 [FXGL Background Thread 3 ] DEBUG Engine               - title: Rhythm Knight
12:59:44.752 [FXGL Background Thread 3 ] DEBUG Engine               - urlGithub: https://github.com/AlmasB/FXGL
12:59:44.752 [FXGL Background Thread 3 ] DEBUG Engine               - urlLeaderboard: http://fxgl-top.herokuapp.com/
12:59:44.752 [FXGL Background Thread 3 ] DEBUG Engine               - urlPOM: https://raw.githubusercontent.com/AlmasB/FXGL/release/README.md
12:59:44.752 [FXGL Background Thread 3 ] DEBUG Engine               - userAppClass: class GameApp
12:59:44.753 [FXGL Background Thread 3 ] DEBUG Engine               - version: Pre-Alpha 1
12:59:44.753 [FXGL Background Thread 3 ] DEBUG Engine               - versionCheckDays: 7
12:59:44.753 [FXGL Background Thread 3 ] DEBUG Engine               - width: 1920
12:59:44.753 [FXGL Background Thread 3 ] DEBUG Engine               - Logging services
12:59:44.753 [FXGL Background Thread 3 ] DEBUG Engine               - class com.almasb.fxgl.app.services.FXGLAssetLoaderService
12:59:44.753 [FXGL Background Thread 3 ] DEBUG Engine               - class com.almasb.fxgl.app.FXGLApplication$GameApplicationService
12:59:44.753 [FXGL Background Thread 3 ] DEBUG Engine               - class com.almasb.fxgl.app.services.FXGLDialogService
12:59:44.753 [FXGL Background Thread 3 ] DEBUG Engine               - class com.almasb.fxgl.app.services.IOTaskExecutorService
12:59:44.754 [FXGL Background Thread 3 ] DEBUG Engine               - class com.almasb.fxgl.io.FileSystemService
12:59:44.754 [FXGL Background Thread 3 ] DEBUG Engine               - class com.almasb.fxgl.localization.LocalizationService
12:59:44.754 [FXGL Background Thread 3 ] DEBUG Engine               - class com.almasb.fxgl.app.services.SystemBundleService
12:59:44.754 [FXGL Background Thread 3 ] DEBUG Engine               - class com.almasb.fxgl.profile.SaveLoadService
12:59:44.754 [FXGL Background Thread 3 ] DEBUG Engine               - class com.almasb.fxgl.ui.FXGLUIFactoryServiceProvider
12:59:44.754 [FXGL Background Thread 3 ] DEBUG Engine               - class com.almasb.fxgl.ui.FXGLDialogFactoryServiceProvider
12:59:44.754 [FXGL Background Thread 3 ] DEBUG Engine               - class com.almasb.fxgl.audio.AudioPlayer
12:59:44.754 [FXGL Background Thread 3 ] DEBUG Engine               - class com.almasb.fxgl.notification.impl.NotificationServiceProvider
12:59:44.754 [FXGL Background Thread 3 ] DEBUG Engine               - class com.almasb.fxgl.achievement.AchievementService
12:59:44.754 [FXGL Background Thread 3 ] DEBUG Engine               - class com.almasb.fxgl.cutscene.CutsceneService
12:59:44.754 [FXGL Background Thread 3 ] DEBUG Engine               - class com.almasb.fxgl.minigames.MiniGameService
12:59:44.755 [FXGL Background Thread 3 ] DEBUG Engine               - class com.almasb.fxgl.net.NetService
12:59:44.755 [FXGL Background Thread 3 ] DEBUG Engine               - class com.almasb.fxgl.app.services.UpdaterService
12:59:44.755 [FXGL Background Thread 3 ] DEBUG Engine               - class com.almasb.fxgl.dev.DevService
12:59:45.322 [JavaFX Application Thread] DEBUG FXGLApplication      - Exiting FXGL
12:59:45.323 [JavaFX Application Thread] DEBUG LoopRunner           - Stopping loop
12:59:45.323 [JavaFX Application Thread] DEBUG SystemBundleService  - Saving FXGL system data
12:59:45.324 [JavaFX Application Thread] DEBUG FileSystemAccess     - Writing to: /Users/kylefry/Desktop/RhythmKnight/Project/system/fxgl.bundle
12:59:45.326 [JavaFX Application Thread] DEBUG Async                - Shutting down background threads
12:59:45.326 [JavaFX Application Thread] DEBUG PrimaryStageWindow   - Closing main window
12:59:45.333 [JavaFX Application Thread] DEBUG Logger               - Closing Logger
