10:11:34.636 [main                     ] DEBUG Logger               - Configured Logger
10:11:34.670 [main                     ] DEBUG GameApplication      - Logging settings
Title: Rhythm Knight
Version: Pre-Alpha 1
Width: 1920
Height: 1080
Fullscreen: false
Intro: false
Profiling: false
Single step:false
App Mode: DEVELOPER
Menu Key: ESCAPE
Stage Style: DECORATED
Scene Factory: class GameApp$1

10:11:35.291 [JavaFX Application Thread] DEBUG FXGLApplication      - Initializing FXGL
10:11:35.296 [JavaFX Application Thread] INFO  Engine               - FXGL-11.16 (25.05.2021 08.16) on MAC (J:11.0.8 FX:16)
10:11:35.296 [JavaFX Application Thread] DEBUG Engine               - JRE Vendor Name: Oracle Corporation
10:11:35.296 [JavaFX Application Thread] DEBUG Engine               - Running on OS: Mac OS X version 10.16
10:11:35.296 [JavaFX Application Thread] DEBUG Engine               - Architecture: x86_64
10:11:35.297 [JavaFX Application Thread] INFO  Engine               - Source code and latest versions at: https://github.com/AlmasB/FXGL
10:11:35.297 [JavaFX Application Thread] INFO  Engine               -              Join the FXGL chat at: https://gitter.im/AlmasB/FXGL
10:11:35.537 [JavaFX Application Thread] DEBUG PrimaryStageWindow   - Creating a JavaFX scene
10:11:35.537 [JavaFX Application Thread] DEBUG PrimaryStageWindow   - Target size > screen size
10:11:35.625 [JavaFX Application Thread] DEBUG PrimaryStageWindow   - Target settings size: 1920.0 x 1080.0
10:11:35.625 [JavaFX Application Thread] DEBUG PrimaryStageWindow   - Scaled scene size:    1400.0 x 801.0
10:11:35.626 [JavaFX Application Thread] DEBUG PrimaryStageWindow   - Scaled ratio: (0.7291666666666666, 0.7416666666666667)
10:11:35.628 [JavaFX Application Thread] DEBUG PrimaryStageWindow   - Set initial scene to FXGLStartupScene
10:11:35.656 [JavaFX Application Thread] DEBUG PrimaryStageWindow   - Opening main window
10:11:36.045 [JavaFX Application Thread] DEBUG PrimaryStageWindow   - Window border size: (0.0, 28.0)
10:11:36.045 [JavaFX Application Thread] DEBUG PrimaryStageWindow   - Scaled size: 1400.0 x 801.0
10:11:36.045 [JavaFX Application Thread] DEBUG PrimaryStageWindow   - Scaled ratio: (0.7291666666666666, 0.7416666666666667)
10:11:36.046 [JavaFX Application Thread] DEBUG PrimaryStageWindow   - Scene size: 1400.0 x 801.0
10:11:36.046 [JavaFX Application Thread] DEBUG PrimaryStageWindow   - Stage size: 1400.0 x 829.0
10:11:36.054 [FXGL Background Thread 1 ] DEBUG Engine               - Initializing environment variables
10:11:36.104 [FXGL Background Thread 1 ] DEBUG FXGLAssetLoaderServi - User app class for loading assets: class GameApp
10:11:36.105 [FXGL Background Thread 1 ] DEBUG GameApplicationServi - Applying CSS: fxgl_dark.css
10:11:36.106 [FXGL Background Thread 1 ] DEBUG FXGLAssetLoaderServi - Loading from file system: jar:file:/Users/kylefry/.m2/repository/com/github/almasb/fxgl/11.16/fxgl-11.16.jar!/fxglassets/ui/css/fxgl_dark.css
10:11:36.234 [FXGL Background Thread 1 ] DEBUG GameApplicationServi - Initializing application scenes
10:11:36.824 [FXGL Background Thread 1 ] DEBUG GameWorld            - Game world initialized
10:11:36.902 [FXGL Background Thread 1 ] DEBUG PhysicsWorld         - Physics world initialized: appHeight=1080, physics.ppm=50.0
10:11:36.903 [FXGL Background Thread 1 ] DEBUG PhysicsWorld         - Using strategy: BRUTE_FORCE
10:11:36.906 [FXGL Background Thread 1 ] DEBUG GameScene            - Game scene initialized: 1920x1080
10:11:36.914 [FXGL Background Thread 1 ] DEBUG FXGLAssetLoaderServi - Loading from file system: file:/Users/kylefry/Desktop/RhythmKnight/Project/target/classes/assets/textures/logo-with-menu.png
10:11:37.118 [FXGL Background Thread 1 ] DEBUG FXGL.DefaultMenu     - createMenuBodyGameMenu()
10:11:37.132 [FXGL Background Thread 1 ] DEBUG FXGL.DefaultMenu     - createOptionsMenu()
10:11:37.138 [FXGL Background Thread 1 ] DEBUG FXGLAssetLoaderServi - Loading from file system: jar:file:/Users/kylefry/.m2/repository/com/github/almasb/fxgl/11.16/fxgl-11.16.jar!/fxglassets/textures/particles/smoke.png
10:11:37.240 [FXGL Background Thread 1 ] DEBUG FXGLAssetLoaderServi - Loading from file system: jar:file:/Users/kylefry/.m2/repository/com/github/almasb/fxgl/11.16/fxgl-11.16.jar!/fxglassets/textures/particles/trace_horizontal.png
10:11:37.275 [FXGL Background Thread 1 ] DEBUG GameApplicationServi - Application scenes initialized
10:11:37.285 [FXGL Background Thread 1 ] DEBUG SystemBundleService  - Loading FXGL system data
10:11:37.290 [FXGL Background Thread 1 ] DEBUG FileSystemAccess     - Reading from: /Users/kylefry/Desktop/RhythmKnight/Project/system/fxgl.bundle
10:11:37.296 [FXGL Background Thread 1 ] DEBUG SystemBundleService  - Bundle FXGL: {}
10:11:37.297 [FXGL Background Thread 1 ] DEBUG UpdaterService       - Checking for updates
10:11:37.312 [FXGL Background Thread 4 ] DEBUG FXGLApplication      - Loading fonts
10:11:37.313 [FXGL Background Thread 4 ] DEBUG FXGLAssetLoaderServi - Loading from file system: jar:file:/Users/kylefry/.m2/repository/com/github/almasb/fxgl/11.16/fxgl-11.16.jar!/fxglassets/ui/fonts/VarelaRound-Regular.ttf
10:11:37.314 [FXGL Background Thread 1 ] DEBUG FXGLApplication      - Loading default localization
10:11:37.319 [FXGL Background Thread 1 ] DEBUG FXGLAssetLoaderServi - Loading from file system: jar:file:/Users/kylefry/.m2/repository/com/github/almasb/fxgl/11.16/fxgl-11.16.jar!/fxglassets/languages/english.lang
10:11:37.340 [FXGL Background Thread 4 ] DEBUG FXGLAssetLoaderServi - Loading from file system: jar:file:/Users/kylefry/.m2/repository/com/github/almasb/fxgl/11.16/fxgl-11.16.jar!/fxglassets/ui/fonts/Abel-Regular.ttf
10:11:37.347 [FXGL Background Thread 4 ] DEBUG FXGLAssetLoaderServi - Loading from file system: jar:file:/Users/kylefry/.m2/repository/com/github/almasb/fxgl/11.16/fxgl-11.16.jar!/fxglassets/ui/fonts/lucida_console.ttf
10:11:37.353 [FXGL Background Thread 4 ] DEBUG FXGLAssetLoaderServi - Loading from file system: jar:file:/Users/kylefry/.m2/repository/com/github/almasb/fxgl/11.16/fxgl-11.16.jar!/fxglassets/ui/fonts/Courier-Prime.ttf
10:11:37.356 [JavaFX Application Thread] DEBUG FXGLApplication      - Registering font factories with UI factory
10:11:37.364 [FXGL Background Thread 1 ] INFO  FXGLApplication      - FXGL initialization took: 1.310 sec
10:11:37.366 [JavaFX Application Thread] DEBUG FXGLAssetLoaderServi - Loading from file system: jar:file:/Users/kylefry/.m2/repository/com/github/almasb/fxgl/11.16/fxgl-11.16.jar!/fxglassets/textures/fxgl_icon.png
10:11:37.399 [JavaFX Application Thread] DEBUG FXGLAssetLoaderServi - Loading from file system: jar:file:/Users/kylefry/.m2/repository/com/github/almasb/fxgl/11.16/fxgl-11.16.jar!/fxglassets/textures/fxgl_default_cursor.png
10:11:37.429 [JavaFX Application Thread] DEBUG Input                - Registered new binding: Screenshot - CTRL+8
10:11:37.430 [JavaFX Application Thread] DEBUG Input                - Registered new binding: System info dump - CTRL+9
10:11:37.430 [JavaFX Application Thread] DEBUG Input                - Registered new binding: Restart - CTRL+R
10:11:37.431 [JavaFX Application Thread] DEBUG Input                - Registered new binding: Toggle Debug Camera - CTRL+C
10:11:37.433 [JavaFX Application Thread] DEBUG LoopRunner           - Starting loop
10:11:37.433 [JavaFX Application Thread] DEBUG LoopRunner           - Initializing JavaFX AnimationTimerLoop
10:11:37.437 [JavaFX Application Thread] DEBUG Input                - Clearing active input actions
10:11:37.447 [JavaFX Application Thread] DEBUG GameApplicationServi - Removing overlay from FXGLStartupScene and adding to FXGLMainMenuDummyScene
10:11:37.447 [JavaFX Application Thread] DEBUG PrimaryStageWindow   - FXGLStartupScene -> FXGLMainMenuDummyScene
10:11:37.447 [JavaFX Application Thread] DEBUG PrimaryStageWindow   - Push state: AppMainMenu
10:11:37.447 [JavaFX Application Thread] DEBUG Input                - Clearing active input actions
10:11:37.460 [JavaFX Application Thread] DEBUG GameApplicationServi - Removing overlay from FXGLMainMenuDummyScene and adding to AppMainMenu
10:11:37.460 [JavaFX Application Thread] DEBUG PrimaryStageWindow   - FXGLMainMenuDummyScene -> AppMainMenu
10:11:38.783 [JavaFX Application Thread] DEBUG FXGLAssetLoaderServi - Loading from file system: file:/Users/kylefry/Desktop/RhythmKnight/Project/target/classes/assets/sounds/SelectSFX.mp3
10:11:40.312 [FXGL Background Thread 3 ] DEBUG Engine               - Logging environment variables
10:11:40.314 [FXGL Background Thread 3 ] DEBUG Engine               - achievements: []
10:11:40.314 [FXGL Background Thread 3 ] DEBUG Engine               - actualHeight: 801.0
10:11:40.314 [FXGL Background Thread 3 ] DEBUG Engine               - actualHeightProperty: ReadOnlyDoubleProperty [value: 801.0]
10:11:40.315 [FXGL Background Thread 3 ] DEBUG Engine               - actualWidth: 1400.0
10:11:40.315 [FXGL Background Thread 3 ] DEBUG Engine               - actualWidthProperty: ReadOnlyDoubleProperty [value: 1400.0]
10:11:40.315 [FXGL Background Thread 3 ] DEBUG Engine               - appIcon: fxgl_icon.png
10:11:40.315 [FXGL Background Thread 3 ] DEBUG Engine               - applicationMode: DEVELOPER
10:11:40.315 [FXGL Background Thread 3 ] DEBUG Engine               - cSSList: [fxgl_dark.css]
10:11:40.316 [FXGL Background Thread 3 ] DEBUG Engine               - collisionDetectionStrategy: BRUTE_FORCE
10:11:40.316 [FXGL Background Thread 3 ] DEBUG Engine               - configClass: Optional.empty
10:11:40.316 [FXGL Background Thread 3 ] DEBUG Engine               - credits: []
10:11:40.316 [FXGL Background Thread 3 ] DEBUG Engine               - defaultCursor: CursorInfo(imageName=fxgl_default_cursor.png, hotspotX=7.0, hotspotY=6.0)
10:11:40.317 [FXGL Background Thread 3 ] DEBUG Engine               - devBBoxColorProperty: ObjectProperty [value: 0xff0000ff]
10:11:40.317 [FXGL Background Thread 3 ] DEBUG Engine               - devEnableDebugCameraProperty: BooleanProperty [value: false]
10:11:40.317 [FXGL Background Thread 3 ] DEBUG Engine               - devSensorColorProperty: ObjectProperty [value: 0xffff00ff]
10:11:40.317 [FXGL Background Thread 3 ] DEBUG Engine               - devShowBBoxProperty: BooleanProperty [value: false]
10:11:40.317 [FXGL Background Thread 3 ] DEBUG Engine               - devShowPositionProperty: BooleanProperty [value: false]
10:11:40.318 [FXGL Background Thread 3 ] DEBUG Engine               - enabledMenuItems: []
10:11:40.318 [FXGL Background Thread 3 ] DEBUG Engine               - engineServices: [class com.almasb.fxgl.app.services.FXGLAssetLoaderService, class com.almasb.fxgl.app.FXGLApplication$GameApplicationService, class com.almasb.fxgl.app.services.FXGLDialogService, class com.almasb.fxgl.app.services.IOTaskExecutorService, class com.almasb.fxgl.io.FileSystemService, class com.almasb.fxgl.localization.LocalizationService, class com.almasb.fxgl.app.services.SystemBundleService, class com.almasb.fxgl.profile.SaveLoadService, class com.almasb.fxgl.ui.FXGLUIFactoryServiceProvider, class com.almasb.fxgl.ui.FXGLDialogFactoryServiceProvider, class com.almasb.fxgl.audio.AudioPlayer, class com.almasb.fxgl.notification.impl.NotificationServiceProvider, class com.almasb.fxgl.achievement.AchievementService, class com.almasb.fxgl.cutscene.CutsceneService, class com.almasb.fxgl.minigames.MiniGameService, class com.almasb.fxgl.net.NetService, class com.almasb.fxgl.app.services.UpdaterService, class com.almasb.fxgl.dev.DevService]
10:11:40.318 [FXGL Background Thread 3 ] DEBUG Engine               - fontGame: Abel-Regular.ttf
10:11:40.318 [FXGL Background Thread 3 ] DEBUG Engine               - fontMono: lucida_console.ttf
10:11:40.318 [FXGL Background Thread 3 ] DEBUG Engine               - fontText: Courier-Prime.ttf
10:11:40.318 [FXGL Background Thread 3 ] DEBUG Engine               - fontUI: VarelaRound-Regular.ttf
10:11:40.318 [FXGL Background Thread 3 ] DEBUG Engine               - fullScreen: BooleanProperty [value: false]
10:11:40.319 [FXGL Background Thread 3 ] DEBUG Engine               - gameDifficulty: MEDIUM
10:11:40.319 [FXGL Background Thread 3 ] DEBUG Engine               - gameDifficultyProperty: ObjectProperty [value: MEDIUM]
10:11:40.319 [FXGL Background Thread 3 ] DEBUG Engine               - globalMusicVolume: 0.5
10:11:40.319 [FXGL Background Thread 3 ] DEBUG Engine               - globalMusicVolumeProperty: DoubleProperty [value: 0.5]
10:11:40.319 [FXGL Background Thread 3 ] DEBUG Engine               - globalSoundVolume: 0.5
10:11:40.320 [FXGL Background Thread 3 ] DEBUG Engine               - globalSoundVolumeProperty: DoubleProperty [value: 0.5]
10:11:40.320 [FXGL Background Thread 3 ] DEBUG Engine               - height: 1080
10:11:40.320 [FXGL Background Thread 3 ] DEBUG Engine               - is3D: false
10:11:40.320 [FXGL Background Thread 3 ] DEBUG Engine               - isAndroid: false
10:11:40.320 [FXGL Background Thread 3 ] DEBUG Engine               - isBrowser: false
10:11:40.321 [FXGL Background Thread 3 ] DEBUG Engine               - isClickFeedbackEnabled: false
10:11:40.321 [FXGL Background Thread 3 ] DEBUG Engine               - isCloseConfirmation: false
10:11:40.321 [FXGL Background Thread 3 ] DEBUG Engine               - isDesktop: true
10:11:40.321 [FXGL Background Thread 3 ] DEBUG Engine               - isDeveloperMenuEnabled: false
10:11:40.321 [FXGL Background Thread 3 ] DEBUG Engine               - isEntityPreloadEnabled: true
10:11:40.321 [FXGL Background Thread 3 ] DEBUG Engine               - isExperimentalTiledLargeMap: false
10:11:40.322 [FXGL Background Thread 3 ] DEBUG Engine               - isFileSystemWriteAllowed: true
10:11:40.322 [FXGL Background Thread 3 ] DEBUG Engine               - isFullScreenAllowed: false
10:11:40.322 [FXGL Background Thread 3 ] DEBUG Engine               - isFullScreenFromStart: false
10:11:40.322 [FXGL Background Thread 3 ] DEBUG Engine               - isGameMenuEnabled: true
10:11:40.322 [FXGL Background Thread 3 ] DEBUG Engine               - isIOS: false
10:11:40.322 [FXGL Background Thread 3 ] DEBUG Engine               - isIntroEnabled: false
10:11:40.322 [FXGL Background Thread 3 ] DEBUG Engine               - isLinux: false
10:11:40.323 [FXGL Background Thread 3 ] DEBUG Engine               - isMac: true
10:11:40.323 [FXGL Background Thread 3 ] DEBUG Engine               - isMainMenuEnabled: true
10:11:40.323 [FXGL Background Thread 3 ] DEBUG Engine               - isManualResizeEnabled: false
10:11:40.323 [FXGL Background Thread 3 ] DEBUG Engine               - isMobile: false
10:11:40.323 [FXGL Background Thread 3 ] DEBUG Engine               - isNative: false
10:11:40.323 [FXGL Background Thread 3 ] DEBUG Engine               - isPreserveResizeRatio: false
10:11:40.323 [FXGL Background Thread 3 ] DEBUG Engine               - isProfilingEnabled: false
10:11:40.323 [FXGL Background Thread 3 ] DEBUG Engine               - isScaleAffectedOnResize: true
10:11:40.324 [FXGL Background Thread 3 ] DEBUG Engine               - isSingleStep: false
10:11:40.324 [FXGL Background Thread 3 ] DEBUG Engine               - isUserProfileEnabled: false
10:11:40.324 [FXGL Background Thread 3 ] DEBUG Engine               - isWindows: false
10:11:40.324 [FXGL Background Thread 3 ] DEBUG Engine               - language: ObjectProperty [value: ENGLISH]
10:11:40.324 [FXGL Background Thread 3 ] DEBUG Engine               - menuKey: ESCAPE
10:11:40.324 [FXGL Background Thread 3 ] DEBUG Engine               - mouseSensitivity: 0.2
10:11:40.324 [FXGL Background Thread 3 ] DEBUG Engine               - notificationViewClass: class com.almasb.fxgl.notification.view.XboxNotificationView
10:11:40.325 [FXGL Background Thread 3 ] DEBUG Engine               - pixelsPerMeter: 50.0
10:11:40.325 [FXGL Background Thread 3 ] DEBUG Engine               - platform: MAC
10:11:40.325 [FXGL Background Thread 3 ] DEBUG Engine               - prefHeightProperty: ReadOnlyDoubleProperty [value: 1080.0]
10:11:40.325 [FXGL Background Thread 3 ] DEBUG Engine               - prefWidthProperty: ReadOnlyDoubleProperty [value: 1920.0]
10:11:40.325 [FXGL Background Thread 3 ] DEBUG Engine               - profileDir: profiles/
10:11:40.325 [FXGL Background Thread 3 ] DEBUG Engine               - profileName: StringProperty [value: DEFAULT]
10:11:40.325 [FXGL Background Thread 3 ] DEBUG Engine               - randomSeed: -1
10:11:40.325 [FXGL Background Thread 3 ] DEBUG Engine               - runtimeInfo: RuntimeInfo(platform=MAC, version=11.16, build=25.05.2021 08.16)
10:11:40.326 [FXGL Background Thread 3 ] DEBUG Engine               - saveFileExt: sav
10:11:40.326 [FXGL Background Thread 3 ] DEBUG Engine               - scaledHeightProp$fxgl: DoubleProperty [bound, value: 801.0]
10:11:40.326 [FXGL Background Thread 3 ] DEBUG Engine               - scaledWidthProp$fxgl: DoubleProperty [bound, value: 1400.0]
10:11:40.326 [FXGL Background Thread 3 ] DEBUG Engine               - sceneFactory: GameApp$1@7e90e27d
10:11:40.326 [FXGL Background Thread 3 ] DEBUG Engine               - secondsIn24h: 60
10:11:40.326 [FXGL Background Thread 3 ] DEBUG Engine               - soundMenuBack: menu/back.wav
10:11:40.327 [FXGL Background Thread 3 ] DEBUG Engine               - soundMenuPress: menu/press.wav
10:11:40.327 [FXGL Background Thread 3 ] DEBUG Engine               - soundMenuSelect: menu/select.wav
10:11:40.327 [FXGL Background Thread 3 ] DEBUG Engine               - soundNotification: core/notification.wav
10:11:40.327 [FXGL Background Thread 3 ] DEBUG Engine               - stageStyle: DECORATED
10:11:40.327 [FXGL Background Thread 3 ] DEBUG Engine               - supportedLanguages: [ENGLISH, FRENCH, GERMAN, HUNGARIAN, RUSSIAN]
10:11:40.327 [FXGL Background Thread 3 ] DEBUG Engine               - ticksPerSecond: -1
10:11:40.327 [FXGL Background Thread 3 ] DEBUG Engine               - title: Rhythm Knight
10:11:40.327 [FXGL Background Thread 3 ] DEBUG Engine               - urlGithub: https://github.com/AlmasB/FXGL
10:11:40.327 [FXGL Background Thread 3 ] DEBUG Engine               - urlLeaderboard: http://fxgl-top.herokuapp.com/
10:11:40.328 [FXGL Background Thread 3 ] DEBUG Engine               - urlPOM: https://raw.githubusercontent.com/AlmasB/FXGL/release/README.md
10:11:40.328 [FXGL Background Thread 3 ] DEBUG Engine               - userAppClass: class GameApp
10:11:40.328 [FXGL Background Thread 3 ] DEBUG Engine               - version: Pre-Alpha 1
10:11:40.328 [FXGL Background Thread 3 ] DEBUG Engine               - versionCheckDays: 7
10:11:40.328 [FXGL Background Thread 3 ] DEBUG Engine               - width: 1920
10:11:40.328 [FXGL Background Thread 3 ] DEBUG Engine               - Logging services
10:11:40.328 [FXGL Background Thread 3 ] DEBUG Engine               - class com.almasb.fxgl.app.services.FXGLAssetLoaderService
10:11:40.329 [FXGL Background Thread 3 ] DEBUG Engine               - class com.almasb.fxgl.app.FXGLApplication$GameApplicationService
10:11:40.329 [FXGL Background Thread 3 ] DEBUG Engine               - class com.almasb.fxgl.app.services.FXGLDialogService
10:11:40.329 [FXGL Background Thread 3 ] DEBUG Engine               - class com.almasb.fxgl.app.services.IOTaskExecutorService
10:11:40.329 [FXGL Background Thread 3 ] DEBUG Engine               - class com.almasb.fxgl.io.FileSystemService
10:11:40.329 [FXGL Background Thread 3 ] DEBUG Engine               - class com.almasb.fxgl.localization.LocalizationService
10:11:40.329 [FXGL Background Thread 3 ] DEBUG Engine               - class com.almasb.fxgl.app.services.SystemBundleService
10:11:40.329 [FXGL Background Thread 3 ] DEBUG Engine               - class com.almasb.fxgl.profile.SaveLoadService
10:11:40.329 [FXGL Background Thread 3 ] DEBUG Engine               - class com.almasb.fxgl.ui.FXGLUIFactoryServiceProvider
10:11:40.329 [FXGL Background Thread 3 ] DEBUG Engine               - class com.almasb.fxgl.ui.FXGLDialogFactoryServiceProvider
10:11:40.330 [FXGL Background Thread 3 ] DEBUG Engine               - class com.almasb.fxgl.audio.AudioPlayer
10:11:40.330 [FXGL Background Thread 3 ] DEBUG Engine               - class com.almasb.fxgl.notification.impl.NotificationServiceProvider
10:11:40.330 [FXGL Background Thread 3 ] DEBUG Engine               - class com.almasb.fxgl.achievement.AchievementService
10:11:40.330 [FXGL Background Thread 3 ] DEBUG Engine               - class com.almasb.fxgl.cutscene.CutsceneService
10:11:40.330 [FXGL Background Thread 3 ] DEBUG Engine               - class com.almasb.fxgl.minigames.MiniGameService
10:11:40.330 [FXGL Background Thread 3 ] DEBUG Engine               - class com.almasb.fxgl.net.NetService
10:11:40.330 [FXGL Background Thread 3 ] DEBUG Engine               - class com.almasb.fxgl.app.services.UpdaterService
10:11:40.330 [FXGL Background Thread 3 ] DEBUG Engine               - class com.almasb.fxgl.dev.DevService
10:11:41.517 [JavaFX Application Thread] DEBUG FXGLAssetLoaderServi - Loading from file system: file:/Users/kylefry/Desktop/RhythmKnight/Project/target/classes/assets/textures/configUI.png
10:11:58.227 [JavaFX Application Thread] DEBUG FXGLApplication      - Exiting FXGL
10:11:58.227 [JavaFX Application Thread] DEBUG LoopRunner           - Stopping loop
10:11:58.228 [JavaFX Application Thread] DEBUG SystemBundleService  - Saving FXGL system data
10:11:58.231 [JavaFX Application Thread] DEBUG FileSystemAccess     - Writing to: /Users/kylefry/Desktop/RhythmKnight/Project/system/fxgl.bundle
10:11:58.232 [JavaFX Application Thread] DEBUG Async                - Shutting down background threads
10:11:58.232 [JavaFX Application Thread] DEBUG PrimaryStageWindow   - Closing main window
10:11:58.238 [JavaFX Application Thread] DEBUG Logger               - Closing Logger
