10:57:08.669 [main                     ] DEBUG Logger               - Configured Logger
10:57:08.684 [main                     ] DEBUG GameApplication      - Logging settings
Title: Rhythm Knight
Version: Pre-Alpha 1
Width: 1920
Height: 1080
Fullscreen: false
Intro: false
Profiling: false
Single step:false
App Mode: DEVELOPER
Menu Key: ESCAPE
Stage Style: DECORATED
Scene Factory: class GameApp$1

10:57:09.191 [JavaFX Application Thread] DEBUG FXGLApplication      - Initializing FXGL
10:57:09.193 [JavaFX Application Thread] INFO  Engine               - FXGL-11.16 (25.05.2021 08.16) on MAC (J:16.0.1 FX:16)
10:57:09.194 [JavaFX Application Thread] DEBUG Engine               - JRE Vendor Name: Oracle Corporation
10:57:09.194 [JavaFX Application Thread] DEBUG Engine               - Running on OS: Mac OS X version 11.4
10:57:09.194 [JavaFX Application Thread] DEBUG Engine               - Architecture: x86_64
10:57:09.194 [JavaFX Application Thread] INFO  Engine               - Source code and latest versions at: https://github.com/AlmasB/FXGL
10:57:09.195 [JavaFX Application Thread] INFO  Engine               -              Join the FXGL chat at: https://gitter.im/AlmasB/FXGL
10:57:09.372 [JavaFX Application Thread] DEBUG PrimaryStageWindow   - Creating a JavaFX scene
10:57:09.372 [JavaFX Application Thread] DEBUG PrimaryStageWindow   - Target size > screen size
10:57:09.433 [JavaFX Application Thread] DEBUG PrimaryStageWindow   - Target settings size: 1920.0 x 1080.0
10:57:09.433 [JavaFX Application Thread] DEBUG PrimaryStageWindow   - Scaled scene size:    1400.0 x 801.0
10:57:09.433 [JavaFX Application Thread] DEBUG PrimaryStageWindow   - Scaled ratio: (0.7291666666666666, 0.7416666666666667)
10:57:09.435 [JavaFX Application Thread] DEBUG PrimaryStageWindow   - Set initial scene to FXGLStartupScene
10:57:09.538 [JavaFX Application Thread] DEBUG PrimaryStageWindow   - Opening main window
10:57:09.802 [JavaFX Application Thread] DEBUG PrimaryStageWindow   - Window border size: (0.0, 28.0)
10:57:09.803 [JavaFX Application Thread] DEBUG PrimaryStageWindow   - Scaled size: 1400.0 x 801.0
10:57:09.804 [JavaFX Application Thread] DEBUG PrimaryStageWindow   - Scaled ratio: (0.7291666666666666, 0.7416666666666667)
10:57:09.804 [JavaFX Application Thread] DEBUG PrimaryStageWindow   - Scene size: 1400.0 x 801.0
10:57:09.804 [JavaFX Application Thread] DEBUG PrimaryStageWindow   - Stage size: 1400.0 x 829.0
10:57:09.815 [FXGL Background Thread 1 ] DEBUG Engine               - Initializing environment variables
10:57:09.874 [FXGL Background Thread 1 ] DEBUG FXGLAssetLoaderServi - User app class for loading assets: class GameApp
10:57:09.874 [FXGL Background Thread 1 ] DEBUG GameApplicationServi - Applying CSS: fxgl_dark.css
10:57:09.875 [FXGL Background Thread 1 ] DEBUG FXGLAssetLoaderServi - Loading from file system: jar:file:/Users/kylefry/.m2/repository/com/github/almasb/fxgl/11.16/fxgl-11.16.jar!/fxglassets/ui/css/fxgl_dark.css
10:57:10.013 [FXGL Background Thread 1 ] DEBUG GameApplicationServi - Initializing application scenes
10:57:10.668 [FXGL Background Thread 1 ] DEBUG GameWorld            - Game world initialized
10:57:10.769 [FXGL Background Thread 1 ] DEBUG PhysicsWorld         - Physics world initialized: appHeight=1080, physics.ppm=50.0
10:57:10.770 [FXGL Background Thread 1 ] DEBUG PhysicsWorld         - Using strategy: BRUTE_FORCE
10:57:10.773 [FXGL Background Thread 1 ] DEBUG GameScene            - Game scene initialized: 1920x1080
10:57:10.780 [FXGL Background Thread 1 ] DEBUG FXGLAssetLoaderServi - Loading from file system: file:/Users/kylefry/Desktop/RhythmKnight/Project/target/classes/assets/textures/logo-with-menu.png
10:57:11.150 [FXGL Background Thread 1 ] DEBUG FXGLAssetLoaderServi - Loading from file system: file:/Users/kylefry/Desktop/RhythmKnight/Project/target/classes/assets/textures/rest.png
10:57:11.169 [FXGL Background Thread 1 ] DEBUG FXGL.DefaultMenu     - createMenuBodyGameMenu()
10:57:11.184 [FXGL Background Thread 1 ] DEBUG FXGL.DefaultMenu     - createOptionsMenu()
10:57:11.200 [FXGL Background Thread 1 ] DEBUG FXGLAssetLoaderServi - Loading from file system: jar:file:/Users/kylefry/.m2/repository/com/github/almasb/fxgl/11.16/fxgl-11.16.jar!/fxglassets/textures/particles/smoke.png
10:57:11.329 [FXGL Background Thread 1 ] DEBUG FXGLAssetLoaderServi - Loading from file system: jar:file:/Users/kylefry/.m2/repository/com/github/almasb/fxgl/11.16/fxgl-11.16.jar!/fxglassets/textures/particles/trace_horizontal.png
10:57:11.357 [FXGL Background Thread 1 ] DEBUG GameApplicationServi - Application scenes initialized
10:57:11.368 [FXGL Background Thread 1 ] DEBUG SystemBundleService  - Loading FXGL system data
10:57:11.372 [FXGL Background Thread 1 ] DEBUG FileSystemAccess     - Reading from: /Users/kylefry/Desktop/RhythmKnight/Project/system/fxgl.bundle
10:57:11.378 [FXGL Background Thread 1 ] DEBUG SystemBundleService  - Bundle FXGL: {}
10:57:11.378 [FXGL Background Thread 1 ] DEBUG UpdaterService       - Checking for updates
10:57:11.383 [FXGL Background Thread 4 ] DEBUG FXGLApplication      - Loading fonts
10:57:11.383 [FXGL Background Thread 1 ] DEBUG FXGLApplication      - Loading default localization
10:57:11.384 [FXGL Background Thread 4 ] DEBUG FXGLAssetLoaderServi - Loading from file system: jar:file:/Users/kylefry/.m2/repository/com/github/almasb/fxgl/11.16/fxgl-11.16.jar!/fxglassets/ui/fonts/VarelaRound-Regular.ttf
10:57:11.384 [FXGL Background Thread 1 ] DEBUG FXGLAssetLoaderServi - Loading from file system: jar:file:/Users/kylefry/.m2/repository/com/github/almasb/fxgl/11.16/fxgl-11.16.jar!/fxglassets/languages/english.lang
10:57:11.410 [FXGL Background Thread 4 ] DEBUG FXGLAssetLoaderServi - Loading from file system: jar:file:/Users/kylefry/.m2/repository/com/github/almasb/fxgl/11.16/fxgl-11.16.jar!/fxglassets/ui/fonts/Abel-Regular.ttf
10:57:11.419 [FXGL Background Thread 4 ] DEBUG FXGLAssetLoaderServi - Loading from file system: jar:file:/Users/kylefry/.m2/repository/com/github/almasb/fxgl/11.16/fxgl-11.16.jar!/fxglassets/ui/fonts/lucida_console.ttf
10:57:11.424 [FXGL Background Thread 1 ] INFO  FXGLApplication      - FXGL initialization took: 1.608 sec
10:57:11.425 [FXGL Background Thread 4 ] DEBUG FXGLAssetLoaderServi - Loading from file system: jar:file:/Users/kylefry/.m2/repository/com/github/almasb/fxgl/11.16/fxgl-11.16.jar!/fxglassets/ui/fonts/Courier-Prime.ttf
10:57:11.426 [JavaFX Application Thread] DEBUG FXGLAssetLoaderServi - Loading from file system: jar:file:/Users/kylefry/.m2/repository/com/github/almasb/fxgl/11.16/fxgl-11.16.jar!/fxglassets/textures/fxgl_icon.png
10:57:11.447 [JavaFX Application Thread] DEBUG FXGLAssetLoaderServi - Loading from file system: jar:file:/Users/kylefry/.m2/repository/com/github/almasb/fxgl/11.16/fxgl-11.16.jar!/fxglassets/textures/fxgl_default_cursor.png
10:57:11.471 [JavaFX Application Thread] DEBUG Input                - Registered new binding: Screenshot - CTRL+8
10:57:11.472 [JavaFX Application Thread] DEBUG Input                - Registered new binding: System info dump - CTRL+9
10:57:11.473 [JavaFX Application Thread] DEBUG Input                - Registered new binding: Restart - CTRL+R
10:57:11.473 [JavaFX Application Thread] DEBUG Input                - Registered new binding: Toggle Debug Camera - CTRL+C
10:57:11.476 [JavaFX Application Thread] DEBUG LoopRunner           - Starting loop
10:57:11.476 [JavaFX Application Thread] DEBUG LoopRunner           - Initializing JavaFX AnimationTimerLoop
10:57:11.479 [JavaFX Application Thread] DEBUG Input                - Clearing active input actions
10:57:11.488 [JavaFX Application Thread] DEBUG GameApplicationServi - Removing overlay from FXGLStartupScene and adding to FXGLMainMenuDummyScene
10:57:11.488 [JavaFX Application Thread] DEBUG PrimaryStageWindow   - FXGLStartupScene -> FXGLMainMenuDummyScene
10:57:11.489 [JavaFX Application Thread] DEBUG PrimaryStageWindow   - Push state: AppMainMenu
10:57:11.489 [JavaFX Application Thread] DEBUG Input                - Clearing active input actions
10:57:11.498 [JavaFX Application Thread] DEBUG GameApplicationServi - Removing overlay from FXGLMainMenuDummyScene and adding to AppMainMenu
10:57:11.499 [JavaFX Application Thread] DEBUG PrimaryStageWindow   - FXGLMainMenuDummyScene -> AppMainMenu
10:57:11.530 [JavaFX Application Thread] DEBUG FXGLApplication      - Registering font factories with UI factory
10:57:13.015 [JavaFX Application Thread] DEBUG Menu                 - fireNewGame()
10:57:13.016 [JavaFX Application Thread] DEBUG GameApplicationServi - Starting new game
10:57:13.016 [JavaFX Application Thread] DEBUG PrimaryStageWindow   - Pop state: AppMainMenu
10:57:13.016 [JavaFX Application Thread] DEBUG Input                - Clearing active input actions
10:57:13.017 [JavaFX Application Thread] DEBUG GameApplicationServi - Removing overlay from AppMainMenu and adding to FXGLMainMenuDummyScene
10:57:13.017 [JavaFX Application Thread] DEBUG PrimaryStageWindow   - FXGLMainMenuDummyScene <- AppMainMenu
10:57:13.017 [JavaFX Application Thread] DEBUG Input                - Clearing active input actions
10:57:13.026 [JavaFX Application Thread] DEBUG GameApplicationServi - Removing overlay from FXGLMainMenuDummyScene and adding to FXGLLoadingScene
10:57:13.026 [JavaFX Application Thread] DEBUG PrimaryStageWindow   - FXGLMainMenuDummyScene -> FXGLLoadingScene
10:57:13.026 [JavaFX Application Thread] DEBUG GameApplicationServi - Clearing previous game
10:57:13.027 [JavaFX Application Thread] DEBUG GameScene            - Clearing game scene
10:57:13.027 [JavaFX Application Thread] DEBUG GameWorld            - Clearing game world
10:57:13.027 [JavaFX Application Thread] DEBUG PhysicsWorld         - Clearing physics world
10:57:13.030 [FXGL Background Thread 2 ] DEBUG FXGLApplication      - Initializing game
10:57:14.386 [FXGL Background Thread 3 ] DEBUG Engine               - Logging environment variables
10:57:14.387 [FXGL Background Thread 3 ] DEBUG Engine               - achievements: []
10:57:14.388 [FXGL Background Thread 3 ] DEBUG Engine               - actualHeight: 801.0
10:57:14.388 [FXGL Background Thread 3 ] DEBUG Engine               - actualHeightProperty: ReadOnlyDoubleProperty [value: 801.0]
10:57:14.388 [FXGL Background Thread 3 ] DEBUG Engine               - actualWidth: 1400.0
10:57:14.388 [FXGL Background Thread 3 ] DEBUG Engine               - actualWidthProperty: ReadOnlyDoubleProperty [value: 1400.0]
10:57:14.389 [FXGL Background Thread 3 ] DEBUG Engine               - appIcon: fxgl_icon.png
10:57:14.389 [FXGL Background Thread 3 ] DEBUG Engine               - applicationMode: DEVELOPER
10:57:14.390 [FXGL Background Thread 3 ] DEBUG Engine               - cSSList: [fxgl_dark.css]
10:57:14.390 [FXGL Background Thread 3 ] DEBUG Engine               - collisionDetectionStrategy: BRUTE_FORCE
10:57:14.391 [FXGL Background Thread 3 ] DEBUG Engine               - configClass: Optional.empty
10:57:14.391 [FXGL Background Thread 3 ] DEBUG Engine               - credits: []
10:57:14.391 [FXGL Background Thread 3 ] DEBUG Engine               - defaultCursor: CursorInfo(imageName=fxgl_default_cursor.png, hotspotX=7.0, hotspotY=6.0)
10:57:14.391 [FXGL Background Thread 3 ] DEBUG Engine               - devBBoxColorProperty: ObjectProperty [value: 0xff0000ff]
10:57:14.392 [FXGL Background Thread 3 ] DEBUG Engine               - devEnableDebugCameraProperty: BooleanProperty [value: false]
10:57:14.392 [FXGL Background Thread 3 ] DEBUG Engine               - devSensorColorProperty: ObjectProperty [value: 0xffff00ff]
10:57:14.392 [FXGL Background Thread 3 ] DEBUG Engine               - devShowBBoxProperty: BooleanProperty [value: false]
10:57:14.393 [FXGL Background Thread 3 ] DEBUG Engine               - devShowPositionProperty: BooleanProperty [value: false]
10:57:14.393 [FXGL Background Thread 3 ] DEBUG Engine               - enabledMenuItems: []
10:57:14.393 [FXGL Background Thread 3 ] DEBUG Engine               - engineServices: [class com.almasb.fxgl.app.services.FXGLAssetLoaderService, class com.almasb.fxgl.app.FXGLApplication$GameApplicationService, class com.almasb.fxgl.app.services.FXGLDialogService, class com.almasb.fxgl.app.services.IOTaskExecutorService, class com.almasb.fxgl.io.FileSystemService, class com.almasb.fxgl.localization.LocalizationService, class com.almasb.fxgl.app.services.SystemBundleService, class com.almasb.fxgl.profile.SaveLoadService, class com.almasb.fxgl.ui.FXGLUIFactoryServiceProvider, class com.almasb.fxgl.ui.FXGLDialogFactoryServiceProvider, class com.almasb.fxgl.audio.AudioPlayer, class com.almasb.fxgl.notification.impl.NotificationServiceProvider, class com.almasb.fxgl.achievement.AchievementService, class com.almasb.fxgl.cutscene.CutsceneService, class com.almasb.fxgl.minigames.MiniGameService, class com.almasb.fxgl.net.NetService, class com.almasb.fxgl.app.services.UpdaterService, class com.almasb.fxgl.dev.DevService]
10:57:14.393 [FXGL Background Thread 3 ] DEBUG Engine               - fontGame: Abel-Regular.ttf
10:57:14.394 [FXGL Background Thread 3 ] DEBUG Engine               - fontMono: lucida_console.ttf
10:57:14.394 [FXGL Background Thread 3 ] DEBUG Engine               - fontText: Courier-Prime.ttf
10:57:14.395 [FXGL Background Thread 3 ] DEBUG Engine               - fontUI: VarelaRound-Regular.ttf
10:57:14.396 [FXGL Background Thread 3 ] DEBUG Engine               - fullScreen: BooleanProperty [value: false]
10:57:14.396 [FXGL Background Thread 3 ] DEBUG Engine               - gameDifficulty: MEDIUM
10:57:14.396 [FXGL Background Thread 3 ] DEBUG Engine               - gameDifficultyProperty: ObjectProperty [value: MEDIUM]
10:57:14.396 [FXGL Background Thread 3 ] DEBUG Engine               - globalMusicVolume: 0.5
10:57:14.396 [FXGL Background Thread 3 ] DEBUG Engine               - globalMusicVolumeProperty: DoubleProperty [value: 0.5]
10:57:14.397 [FXGL Background Thread 3 ] DEBUG Engine               - globalSoundVolume: 0.5
10:57:14.397 [FXGL Background Thread 3 ] DEBUG Engine               - globalSoundVolumeProperty: DoubleProperty [value: 0.5]
10:57:14.397 [FXGL Background Thread 3 ] DEBUG Engine               - height: 1080
10:57:14.397 [FXGL Background Thread 3 ] DEBUG Engine               - is3D: false
10:57:14.398 [FXGL Background Thread 3 ] DEBUG Engine               - isAndroid: false
10:57:14.398 [FXGL Background Thread 3 ] DEBUG Engine               - isBrowser: false
10:57:14.398 [FXGL Background Thread 3 ] DEBUG Engine               - isClickFeedbackEnabled: false
10:57:14.398 [FXGL Background Thread 3 ] DEBUG Engine               - isCloseConfirmation: false
10:57:14.398 [FXGL Background Thread 3 ] DEBUG Engine               - isDesktop: true
10:57:14.398 [FXGL Background Thread 3 ] DEBUG Engine               - isDeveloperMenuEnabled: false
10:57:14.399 [FXGL Background Thread 3 ] DEBUG Engine               - isEntityPreloadEnabled: true
10:57:14.399 [FXGL Background Thread 3 ] DEBUG Engine               - isExperimentalTiledLargeMap: false
10:57:14.399 [FXGL Background Thread 3 ] DEBUG Engine               - isFileSystemWriteAllowed: true
10:57:14.399 [FXGL Background Thread 3 ] DEBUG Engine               - isFullScreenAllowed: false
10:57:14.399 [FXGL Background Thread 3 ] DEBUG Engine               - isFullScreenFromStart: false
10:57:14.400 [FXGL Background Thread 3 ] DEBUG Engine               - isGameMenuEnabled: true
10:57:14.400 [FXGL Background Thread 3 ] DEBUG Engine               - isIOS: false
10:57:14.400 [FXGL Background Thread 3 ] DEBUG Engine               - isIntroEnabled: false
10:57:14.400 [FXGL Background Thread 3 ] DEBUG Engine               - isLinux: false
10:57:14.400 [FXGL Background Thread 3 ] DEBUG Engine               - isMac: true
10:57:14.400 [FXGL Background Thread 3 ] DEBUG Engine               - isMainMenuEnabled: true
10:57:14.401 [FXGL Background Thread 3 ] DEBUG Engine               - isManualResizeEnabled: false
10:57:14.401 [FXGL Background Thread 3 ] DEBUG Engine               - isMobile: false
10:57:14.401 [FXGL Background Thread 3 ] DEBUG Engine               - isNative: false
10:57:14.401 [FXGL Background Thread 3 ] DEBUG Engine               - isPreserveResizeRatio: false
10:57:14.401 [FXGL Background Thread 3 ] DEBUG Engine               - isProfilingEnabled: false
10:57:14.401 [FXGL Background Thread 3 ] DEBUG Engine               - isScaleAffectedOnResize: true
10:57:14.402 [FXGL Background Thread 3 ] DEBUG Engine               - isSingleStep: false
10:57:14.402 [FXGL Background Thread 3 ] DEBUG Engine               - isUserProfileEnabled: false
10:57:14.402 [FXGL Background Thread 3 ] DEBUG Engine               - isWindows: false
10:57:14.402 [FXGL Background Thread 3 ] DEBUG Engine               - language: ObjectProperty [value: ENGLISH]
10:57:14.402 [FXGL Background Thread 3 ] DEBUG Engine               - menuKey: ESCAPE
10:57:14.403 [FXGL Background Thread 3 ] DEBUG Engine               - mouseSensitivity: 0.2
10:57:14.403 [FXGL Background Thread 3 ] DEBUG Engine               - notificationViewClass: class com.almasb.fxgl.notification.view.XboxNotificationView
10:57:14.403 [FXGL Background Thread 3 ] DEBUG Engine               - pixelsPerMeter: 50.0
10:57:14.403 [FXGL Background Thread 3 ] DEBUG Engine               - platform: MAC
10:57:14.403 [FXGL Background Thread 3 ] DEBUG Engine               - prefHeightProperty: ReadOnlyDoubleProperty [value: 1080.0]
10:57:14.403 [FXGL Background Thread 3 ] DEBUG Engine               - prefWidthProperty: ReadOnlyDoubleProperty [value: 1920.0]
10:57:14.404 [FXGL Background Thread 3 ] DEBUG Engine               - profileDir: profiles/
10:57:14.404 [FXGL Background Thread 3 ] DEBUG Engine               - profileName: StringProperty [value: DEFAULT]
10:57:14.404 [FXGL Background Thread 3 ] DEBUG Engine               - randomSeed: -1
10:57:14.404 [FXGL Background Thread 3 ] DEBUG Engine               - runtimeInfo: RuntimeInfo(platform=MAC, version=11.16, build=25.05.2021 08.16)
10:57:14.404 [FXGL Background Thread 3 ] DEBUG Engine               - saveFileExt: sav
10:57:14.405 [FXGL Background Thread 3 ] DEBUG Engine               - scaledHeightProp$fxgl: DoubleProperty [bound, value: 801.0]
10:57:14.405 [FXGL Background Thread 3 ] DEBUG Engine               - scaledWidthProp$fxgl: DoubleProperty [bound, value: 1400.0]
10:57:14.405 [FXGL Background Thread 3 ] DEBUG Engine               - sceneFactory: GameApp$1@4c53fe7b
10:57:14.405 [FXGL Background Thread 3 ] DEBUG Engine               - secondsIn24h: 60
10:57:14.405 [FXGL Background Thread 3 ] DEBUG Engine               - soundMenuBack: menu/back.wav
10:57:14.405 [FXGL Background Thread 3 ] DEBUG Engine               - soundMenuPress: menu/press.wav
10:57:14.405 [FXGL Background Thread 3 ] DEBUG Engine               - soundMenuSelect: menu/select.wav
10:57:14.405 [FXGL Background Thread 3 ] DEBUG Engine               - soundNotification: core/notification.wav
10:57:14.405 [FXGL Background Thread 3 ] DEBUG Engine               - stageStyle: DECORATED
10:57:14.406 [FXGL Background Thread 3 ] DEBUG Engine               - supportedLanguages: [ENGLISH, FRENCH, GERMAN, HUNGARIAN, RUSSIAN]
10:57:14.406 [FXGL Background Thread 3 ] DEBUG Engine               - ticksPerSecond: -1
10:57:14.406 [FXGL Background Thread 3 ] DEBUG Engine               - title: Rhythm Knight
10:57:14.406 [FXGL Background Thread 3 ] DEBUG Engine               - urlGithub: https://github.com/AlmasB/FXGL
10:57:14.406 [FXGL Background Thread 3 ] DEBUG Engine               - urlLeaderboard: http://fxgl-top.herokuapp.com/
10:57:14.406 [FXGL Background Thread 3 ] DEBUG Engine               - urlPOM: https://raw.githubusercontent.com/AlmasB/FXGL/release/README.md
10:57:14.406 [FXGL Background Thread 3 ] DEBUG Engine               - userAppClass: class GameApp
10:57:14.406 [FXGL Background Thread 3 ] DEBUG Engine               - version: Pre-Alpha 1
10:57:14.407 [FXGL Background Thread 3 ] DEBUG Engine               - versionCheckDays: 7
10:57:14.407 [FXGL Background Thread 3 ] DEBUG Engine               - width: 1920
10:57:14.407 [FXGL Background Thread 3 ] DEBUG Engine               - Logging services
10:57:14.407 [FXGL Background Thread 3 ] DEBUG Engine               - class com.almasb.fxgl.app.services.FXGLAssetLoaderService
10:57:14.407 [FXGL Background Thread 3 ] DEBUG Engine               - class com.almasb.fxgl.app.FXGLApplication$GameApplicationService
10:57:14.407 [FXGL Background Thread 3 ] DEBUG Engine               - class com.almasb.fxgl.app.services.FXGLDialogService
10:57:14.407 [FXGL Background Thread 3 ] DEBUG Engine               - class com.almasb.fxgl.app.services.IOTaskExecutorService
10:57:14.407 [FXGL Background Thread 3 ] DEBUG Engine               - class com.almasb.fxgl.io.FileSystemService
10:57:14.407 [FXGL Background Thread 3 ] DEBUG Engine               - class com.almasb.fxgl.localization.LocalizationService
10:57:14.407 [FXGL Background Thread 3 ] DEBUG Engine               - class com.almasb.fxgl.app.services.SystemBundleService
10:57:14.408 [FXGL Background Thread 3 ] DEBUG Engine               - class com.almasb.fxgl.profile.SaveLoadService
10:57:14.408 [FXGL Background Thread 3 ] DEBUG Engine               - class com.almasb.fxgl.ui.FXGLUIFactoryServiceProvider
10:57:14.408 [FXGL Background Thread 3 ] DEBUG Engine               - class com.almasb.fxgl.ui.FXGLDialogFactoryServiceProvider
10:57:14.408 [FXGL Background Thread 3 ] DEBUG Engine               - class com.almasb.fxgl.audio.AudioPlayer
10:57:14.408 [FXGL Background Thread 3 ] DEBUG Engine               - class com.almasb.fxgl.notification.impl.NotificationServiceProvider
10:57:14.408 [FXGL Background Thread 3 ] DEBUG Engine               - class com.almasb.fxgl.achievement.AchievementService
10:57:14.409 [FXGL Background Thread 3 ] DEBUG Engine               - class com.almasb.fxgl.cutscene.CutsceneService
10:57:14.409 [FXGL Background Thread 3 ] DEBUG Engine               - class com.almasb.fxgl.minigames.MiniGameService
10:57:14.409 [FXGL Background Thread 3 ] DEBUG Engine               - class com.almasb.fxgl.net.NetService
10:57:14.409 [FXGL Background Thread 3 ] DEBUG Engine               - class com.almasb.fxgl.app.services.UpdaterService
10:57:14.409 [FXGL Background Thread 3 ] DEBUG Engine               - class com.almasb.fxgl.dev.DevService
10:57:17.192 [JavaFX Application Thread] DEBUG LoopRunner           - Stopping loop
10:57:17.193 [JavaFX Application Thread] FATAL FXGLApplication      - Uncaught Exception:
java.lang.RuntimeException: Initialization failed
	at com.almasb.fxgl.app.FXGLApplication$InitAppTask.failed(FXGLApplication.kt:343)
	at javafx.concurrent.Task.setState(Task.java:710)
	at javafx.concurrent.Task$TaskCallable.lambda$call$2(Task.java:1455)
	at com.sun.javafx.application.PlatformImpl.lambda$runLater$10(PlatformImpl.java:447)
	at java.base/java.security.AccessController.doPrivileged(AccessController.java:391)
	at com.sun.javafx.application.PlatformImpl.lambda$runLater$11(PlatformImpl.java:446)
	at com.sun.glass.ui.InvokeLaterDispatcher$Future.run(InvokeLaterDispatcher.java:96)
Caused by: MediaException: MEDIA_UNAVAILABLE : /Users/kylefry/Desktop/RhythmKnight/Project/src/resources/sounds/Diodes.mp3 (No such file or directory)
	at javafx.scene.media.Media.<init>(Media.java:407)
	at GameApp.initGame(GameApp.java:66)
	at com.almasb.fxgl.app.FXGLApplication$InitAppTask.initGame(FXGLApplication.kt:339)
	at com.almasb.fxgl.app.FXGLApplication$InitAppTask.call(FXGLApplication.kt:319)
	at com.almasb.fxgl.app.FXGLApplication$InitAppTask.call(FXGLApplication.kt:311)
	at javafx.concurrent.Task$TaskCallable.call(Task.java:1425)
	at java.base/java.util.concurrent.FutureTask.run(FutureTask.java:264)
	at java.base/java.util.concurrent.Executors$RunnableAdapter.call(Executors.java:515)
	at java.base/java.util.concurrent.FutureTask.run(FutureTask.java:264)
	at java.base/java.util.concurrent.ThreadPoolExecutor.runWorker(ThreadPoolExecutor.java:1130)
	at java.base/java.util.concurrent.ThreadPoolExecutor$Worker.run(ThreadPoolExecutor.java:630)
	at java.base/java.lang.Thread.run(Thread.java:831)

10:57:17.194 [JavaFX Application Thread] FATAL FXGLApplication      - Application will now exit
10:57:17.211 [JavaFX Application Thread] DEBUG PrimaryStageWindow   - Push state: ErrorSubScene
10:57:17.211 [JavaFX Application Thread] DEBUG Input                - Clearing active input actions
10:57:17.215 [JavaFX Application Thread] DEBUG GameApplicationServi - Removing overlay from FXGLLoadingScene and adding to ErrorSubScene
10:57:17.215 [JavaFX Application Thread] DEBUG PrimaryStageWindow   - FXGLLoadingScene -> ErrorSubScene
10:57:23.958 [JavaFX Application Thread] DEBUG FXGLApplication      - Exiting FXGL
10:57:23.959 [JavaFX Application Thread] DEBUG Async                - Shutting down background threads
10:57:23.959 [JavaFX Application Thread] DEBUG PrimaryStageWindow   - Closing main window
10:57:23.968 [JavaFX Application Thread] DEBUG Logger               - Closing Logger
