17:20:36.540 [main                     ] DEBUG Logger               - Configured Logger
17:20:36.545 [main                     ] DEBUG GameApplication      - Logging settings
Title: Rhythm Knight
Version: Milestone 2
Width: 1920
Height: 1080
Fullscreen: false
Intro: false
Profiling: false
Single step:false
App Mode: DEVELOPER
Menu Key: ESCAPE
Stage Style: DECORATED
Scene Factory: class GameApp$1

17:20:37.285 [JavaFX Application Thread] DEBUG FXGLApplication      - Initializing FXGL
17:20:37.291 [JavaFX Application Thread] INFO  Engine               - FXGL-11.16 (25.05.2021 08.16) on MAC (J:16.0.1 FX:16)
17:20:37.291 [JavaFX Application Thread] DEBUG Engine               - JRE Vendor Name: Oracle Corporation
17:20:37.291 [JavaFX Application Thread] DEBUG Engine               - Running on OS: Mac OS X version 11.4
17:20:37.291 [JavaFX Application Thread] DEBUG Engine               - Architecture: x86_64
17:20:37.292 [JavaFX Application Thread] INFO  Engine               - Source code and latest versions at: https://github.com/AlmasB/FXGL
17:20:37.292 [JavaFX Application Thread] INFO  Engine               -              Join the FXGL chat at: https://gitter.im/AlmasB/FXGL
17:20:37.442 [JavaFX Application Thread] DEBUG PrimaryStageWindow   - Creating a JavaFX scene
17:20:37.442 [JavaFX Application Thread] DEBUG PrimaryStageWindow   - Target size > screen size
17:20:37.500 [JavaFX Application Thread] DEBUG PrimaryStageWindow   - Target settings size: 1920.0 x 1080.0
17:20:37.500 [JavaFX Application Thread] DEBUG PrimaryStageWindow   - Scaled scene size:    1400.0 x 801.0
17:20:37.501 [JavaFX Application Thread] DEBUG PrimaryStageWindow   - Scaled ratio: (0.7291666666666666, 0.7416666666666667)
17:20:37.503 [JavaFX Application Thread] DEBUG PrimaryStageWindow   - Set initial scene to FXGLStartupScene
17:20:37.513 [JavaFX Application Thread] DEBUG PrimaryStageWindow   - Opening main window
17:20:37.809 [JavaFX Application Thread] DEBUG PrimaryStageWindow   - Window border size: (0.0, 28.0)
17:20:37.809 [JavaFX Application Thread] DEBUG PrimaryStageWindow   - Scaled size: 1400.0 x 801.0
17:20:37.810 [JavaFX Application Thread] DEBUG PrimaryStageWindow   - Scaled ratio: (0.7291666666666666, 0.7416666666666667)
17:20:37.810 [JavaFX Application Thread] DEBUG PrimaryStageWindow   - Scene size: 1400.0 x 801.0
17:20:37.810 [JavaFX Application Thread] DEBUG PrimaryStageWindow   - Stage size: 1400.0 x 829.0
17:20:37.817 [FXGL Background Thread 1 ] DEBUG Engine               - Initializing environment variables
17:20:37.863 [FXGL Background Thread 1 ] DEBUG FXGLAssetLoaderServi - User app class for loading assets: class GameApp
17:20:37.863 [FXGL Background Thread 1 ] DEBUG GameApplicationServi - Applying CSS: fxgl_dark.css
17:20:37.864 [FXGL Background Thread 1 ] DEBUG FXGLAssetLoaderServi - Loading from file system: jar:file:/Users/kylefry/.m2/repository/com/github/almasb/fxgl/11.16/fxgl-11.16.jar!/fxglassets/ui/css/fxgl_dark.css
17:20:37.941 [FXGL Background Thread 1 ] DEBUG GameApplicationServi - Initializing application scenes
17:20:38.588 [FXGL Background Thread 1 ] DEBUG GameWorld            - Game world initialized
17:20:38.691 [FXGL Background Thread 1 ] DEBUG PhysicsWorld         - Physics world initialized: appHeight=1080, physics.ppm=50.0
17:20:38.691 [FXGL Background Thread 1 ] DEBUG PhysicsWorld         - Using strategy: BRUTE_FORCE
17:20:38.718 [FXGL Background Thread 1 ] DEBUG GameScene            - Game scene initialized: 1920x1080
17:20:38.733 [FXGL Background Thread 1 ] DEBUG FXGLAssetLoaderServi - Loading from file system: file:/Users/kylefry/Desktop/RhythmKnight/Project/target/classes/assets/textures/logo-with-menu.png
17:20:38.913 [FXGL Background Thread 1 ] DEBUG FXGL.DefaultMenu     - createMenuBodyGameMenu()
17:20:38.926 [FXGL Background Thread 1 ] DEBUG FXGL.DefaultMenu     - createOptionsMenu()
17:20:38.933 [FXGL Background Thread 1 ] DEBUG FXGLAssetLoaderServi - Loading from file system: jar:file:/Users/kylefry/.m2/repository/com/github/almasb/fxgl/11.16/fxgl-11.16.jar!/fxglassets/textures/particles/smoke.png
17:20:39.046 [FXGL Background Thread 1 ] DEBUG FXGLAssetLoaderServi - Loading from file system: jar:file:/Users/kylefry/.m2/repository/com/github/almasb/fxgl/11.16/fxgl-11.16.jar!/fxglassets/textures/particles/trace_horizontal.png
17:20:39.077 [FXGL Background Thread 1 ] DEBUG GameApplicationServi - Application scenes initialized
17:20:39.088 [FXGL Background Thread 1 ] DEBUG SystemBundleService  - Loading FXGL system data
17:20:39.092 [FXGL Background Thread 1 ] DEBUG FileSystemAccess     - Reading from: /Users/kylefry/Desktop/RhythmKnight/Project/system/fxgl.bundle
17:20:39.098 [FXGL Background Thread 1 ] DEBUG SystemBundleService  - Bundle FXGL: {}
17:20:39.099 [FXGL Background Thread 1 ] DEBUG UpdaterService       - Checking for updates
17:20:39.102 [FXGL Background Thread 4 ] DEBUG FXGLApplication      - Loading fonts
17:20:39.104 [FXGL Background Thread 4 ] DEBUG FXGLAssetLoaderServi - Loading from file system: jar:file:/Users/kylefry/.m2/repository/com/github/almasb/fxgl/11.16/fxgl-11.16.jar!/fxglassets/ui/fonts/VarelaRound-Regular.ttf
17:20:39.106 [FXGL Background Thread 1 ] DEBUG FXGLApplication      - Loading default localization
17:20:39.109 [FXGL Background Thread 1 ] DEBUG FXGLAssetLoaderServi - Loading from file system: jar:file:/Users/kylefry/.m2/repository/com/github/almasb/fxgl/11.16/fxgl-11.16.jar!/fxglassets/languages/english.lang
17:20:39.122 [FXGL Background Thread 4 ] DEBUG FXGLAssetLoaderServi - Loading from file system: jar:file:/Users/kylefry/.m2/repository/com/github/almasb/fxgl/11.16/fxgl-11.16.jar!/fxglassets/ui/fonts/Abel-Regular.ttf
17:20:39.126 [FXGL Background Thread 4 ] DEBUG FXGLAssetLoaderServi - Loading from file system: jar:file:/Users/kylefry/.m2/repository/com/github/almasb/fxgl/11.16/fxgl-11.16.jar!/fxglassets/ui/fonts/lucida_console.ttf
17:20:39.131 [FXGL Background Thread 4 ] DEBUG FXGLAssetLoaderServi - Loading from file system: jar:file:/Users/kylefry/.m2/repository/com/github/almasb/fxgl/11.16/fxgl-11.16.jar!/fxglassets/ui/fonts/Courier-Prime.ttf
17:20:39.131 [FXGL Background Thread 1 ] INFO  FXGLApplication      - FXGL initialization took: 1.314 sec
17:20:39.132 [JavaFX Application Thread] DEBUG FXGLAssetLoaderServi - Loading from file system: jar:file:/Users/kylefry/.m2/repository/com/github/almasb/fxgl/11.16/fxgl-11.16.jar!/fxglassets/textures/fxgl_icon.png
17:20:39.159 [JavaFX Application Thread] DEBUG FXGLAssetLoaderServi - Loading from file system: jar:file:/Users/kylefry/.m2/repository/com/github/almasb/fxgl/11.16/fxgl-11.16.jar!/fxglassets/textures/fxgl_default_cursor.png
17:20:39.173 [JavaFX Application Thread] DEBUG Input                - Registered new binding: Screenshot - CTRL+8
17:20:39.174 [JavaFX Application Thread] DEBUG Input                - Registered new binding: System info dump - CTRL+9
17:20:39.174 [JavaFX Application Thread] DEBUG Input                - Registered new binding: Restart - CTRL+R
17:20:39.175 [JavaFX Application Thread] DEBUG Input                - Registered new binding: Toggle Debug Camera - CTRL+C
17:20:39.182 [JavaFX Application Thread] DEBUG LoopRunner           - Starting loop
17:20:39.183 [JavaFX Application Thread] DEBUG LoopRunner           - Initializing JavaFX AnimationTimerLoop
17:20:39.185 [JavaFX Application Thread] DEBUG Input                - Clearing active input actions
17:20:39.194 [JavaFX Application Thread] DEBUG GameApplicationServi - Removing overlay from FXGLStartupScene and adding to FXGLMainMenuDummyScene
17:20:39.194 [JavaFX Application Thread] DEBUG PrimaryStageWindow   - FXGLStartupScene -> FXGLMainMenuDummyScene
17:20:39.194 [JavaFX Application Thread] DEBUG PrimaryStageWindow   - Push state: ui.AppMainMenu
17:20:39.195 [JavaFX Application Thread] DEBUG Input                - Clearing active input actions
17:20:39.201 [JavaFX Application Thread] DEBUG GameApplicationServi - Removing overlay from FXGLMainMenuDummyScene and adding to ui.AppMainMenu
17:20:39.201 [JavaFX Application Thread] DEBUG PrimaryStageWindow   - FXGLMainMenuDummyScene -> ui.AppMainMenu
17:20:39.212 [JavaFX Application Thread] DEBUG FXGLApplication      - Registering font factories with UI factory
17:20:42.102 [FXGL Background Thread 3 ] DEBUG Engine               - Logging environment variables
17:20:42.103 [FXGL Background Thread 3 ] DEBUG Engine               - achievements: []
17:20:42.103 [FXGL Background Thread 3 ] DEBUG Engine               - actualHeight: 801.0
17:20:42.104 [FXGL Background Thread 3 ] DEBUG Engine               - actualHeightProperty: ReadOnlyDoubleProperty [value: 801.0]
17:20:42.105 [FXGL Background Thread 3 ] DEBUG Engine               - actualWidth: 1400.0
17:20:42.105 [FXGL Background Thread 3 ] DEBUG Engine               - actualWidthProperty: ReadOnlyDoubleProperty [value: 1400.0]
17:20:42.105 [FXGL Background Thread 3 ] DEBUG Engine               - appIcon: fxgl_icon.png
17:20:42.105 [FXGL Background Thread 3 ] DEBUG Engine               - applicationMode: DEVELOPER
17:20:42.106 [FXGL Background Thread 3 ] DEBUG Engine               - cSSList: [fxgl_dark.css]
17:20:42.106 [FXGL Background Thread 3 ] DEBUG Engine               - collisionDetectionStrategy: BRUTE_FORCE
17:20:42.106 [FXGL Background Thread 3 ] DEBUG Engine               - configClass: Optional.empty
17:20:42.107 [FXGL Background Thread 3 ] DEBUG Engine               - credits: []
17:20:42.107 [FXGL Background Thread 3 ] DEBUG Engine               - defaultCursor: CursorInfo(imageName=fxgl_default_cursor.png, hotspotX=7.0, hotspotY=6.0)
17:20:42.108 [FXGL Background Thread 3 ] DEBUG Engine               - devBBoxColorProperty: ObjectProperty [value: 0xff0000ff]
17:20:42.108 [FXGL Background Thread 3 ] DEBUG Engine               - devEnableDebugCameraProperty: BooleanProperty [value: false]
17:20:42.108 [FXGL Background Thread 3 ] DEBUG Engine               - devSensorColorProperty: ObjectProperty [value: 0xffff00ff]
17:20:42.108 [FXGL Background Thread 3 ] DEBUG Engine               - devShowBBoxProperty: BooleanProperty [value: false]
17:20:42.109 [FXGL Background Thread 3 ] DEBUG Engine               - devShowPositionProperty: BooleanProperty [value: false]
17:20:42.109 [FXGL Background Thread 3 ] DEBUG Engine               - enabledMenuItems: []
17:20:42.109 [FXGL Background Thread 3 ] DEBUG Engine               - engineServices: [class com.almasb.fxgl.app.services.FXGLAssetLoaderService, class com.almasb.fxgl.app.FXGLApplication$GameApplicationService, class com.almasb.fxgl.app.services.FXGLDialogService, class com.almasb.fxgl.app.services.IOTaskExecutorService, class com.almasb.fxgl.io.FileSystemService, class com.almasb.fxgl.localization.LocalizationService, class com.almasb.fxgl.app.services.SystemBundleService, class com.almasb.fxgl.profile.SaveLoadService, class com.almasb.fxgl.ui.FXGLUIFactoryServiceProvider, class com.almasb.fxgl.ui.FXGLDialogFactoryServiceProvider, class com.almasb.fxgl.audio.AudioPlayer, class com.almasb.fxgl.notification.impl.NotificationServiceProvider, class com.almasb.fxgl.achievement.AchievementService, class com.almasb.fxgl.cutscene.CutsceneService, class com.almasb.fxgl.minigames.MiniGameService, class com.almasb.fxgl.net.NetService, class com.almasb.fxgl.app.services.UpdaterService, class com.almasb.fxgl.dev.DevService]
17:20:42.109 [FXGL Background Thread 3 ] DEBUG Engine               - fontGame: Abel-Regular.ttf
17:20:42.110 [FXGL Background Thread 3 ] DEBUG Engine               - fontMono: lucida_console.ttf
17:20:42.110 [FXGL Background Thread 3 ] DEBUG Engine               - fontText: Courier-Prime.ttf
17:20:42.111 [FXGL Background Thread 3 ] DEBUG Engine               - fontUI: VarelaRound-Regular.ttf
17:20:42.111 [FXGL Background Thread 3 ] DEBUG Engine               - fullScreen: BooleanProperty [value: false]
17:20:42.111 [FXGL Background Thread 3 ] DEBUG Engine               - gameDifficulty: MEDIUM
17:20:42.112 [FXGL Background Thread 3 ] DEBUG Engine               - gameDifficultyProperty: ObjectProperty [value: MEDIUM]
17:20:42.112 [FXGL Background Thread 3 ] DEBUG Engine               - globalMusicVolume: 0.5
17:20:42.112 [FXGL Background Thread 3 ] DEBUG Engine               - globalMusicVolumeProperty: DoubleProperty [value: 0.5]
17:20:42.112 [FXGL Background Thread 3 ] DEBUG Engine               - globalSoundVolume: 0.5
17:20:42.113 [FXGL Background Thread 3 ] DEBUG Engine               - globalSoundVolumeProperty: DoubleProperty [value: 0.5]
17:20:42.113 [FXGL Background Thread 3 ] DEBUG Engine               - height: 1080
17:20:42.114 [FXGL Background Thread 3 ] DEBUG Engine               - is3D: false
17:20:42.114 [FXGL Background Thread 3 ] DEBUG Engine               - isAndroid: false
17:20:42.114 [FXGL Background Thread 3 ] DEBUG Engine               - isBrowser: false
17:20:42.114 [FXGL Background Thread 3 ] DEBUG Engine               - isClickFeedbackEnabled: false
17:20:42.114 [FXGL Background Thread 3 ] DEBUG Engine               - isCloseConfirmation: false
17:20:42.114 [FXGL Background Thread 3 ] DEBUG Engine               - isDesktop: true
17:20:42.114 [FXGL Background Thread 3 ] DEBUG Engine               - isDeveloperMenuEnabled: false
17:20:42.114 [FXGL Background Thread 3 ] DEBUG Engine               - isEntityPreloadEnabled: true
17:20:42.114 [FXGL Background Thread 3 ] DEBUG Engine               - isExperimentalTiledLargeMap: false
17:20:42.115 [FXGL Background Thread 3 ] DEBUG Engine               - isFileSystemWriteAllowed: true
17:20:42.115 [FXGL Background Thread 3 ] DEBUG Engine               - isFullScreenAllowed: false
17:20:42.115 [FXGL Background Thread 3 ] DEBUG Engine               - isFullScreenFromStart: false
17:20:42.115 [FXGL Background Thread 3 ] DEBUG Engine               - isGameMenuEnabled: true
17:20:42.115 [FXGL Background Thread 3 ] DEBUG Engine               - isIOS: false
17:20:42.115 [FXGL Background Thread 3 ] DEBUG Engine               - isIntroEnabled: false
17:20:42.115 [FXGL Background Thread 3 ] DEBUG Engine               - isLinux: false
17:20:42.115 [FXGL Background Thread 3 ] DEBUG Engine               - isMac: true
17:20:42.115 [FXGL Background Thread 3 ] DEBUG Engine               - isMainMenuEnabled: true
17:20:42.116 [FXGL Background Thread 3 ] DEBUG Engine               - isManualResizeEnabled: false
17:20:42.116 [FXGL Background Thread 3 ] DEBUG Engine               - isMobile: false
17:20:42.116 [FXGL Background Thread 3 ] DEBUG Engine               - isNative: false
17:20:42.116 [FXGL Background Thread 3 ] DEBUG Engine               - isPreserveResizeRatio: false
17:20:42.116 [FXGL Background Thread 3 ] DEBUG Engine               - isProfilingEnabled: false
17:20:42.116 [FXGL Background Thread 3 ] DEBUG Engine               - isScaleAffectedOnResize: true
17:20:42.116 [FXGL Background Thread 3 ] DEBUG Engine               - isSingleStep: false
17:20:42.116 [FXGL Background Thread 3 ] DEBUG Engine               - isUserProfileEnabled: false
17:20:42.116 [FXGL Background Thread 3 ] DEBUG Engine               - isWindows: false
17:20:42.116 [FXGL Background Thread 3 ] DEBUG Engine               - language: ObjectProperty [value: ENGLISH]
17:20:42.117 [FXGL Background Thread 3 ] DEBUG Engine               - menuKey: ESCAPE
17:20:42.117 [FXGL Background Thread 3 ] DEBUG Engine               - mouseSensitivity: 0.2
17:20:42.117 [FXGL Background Thread 3 ] DEBUG Engine               - notificationViewClass: class com.almasb.fxgl.notification.view.XboxNotificationView
17:20:42.117 [FXGL Background Thread 3 ] DEBUG Engine               - pixelsPerMeter: 50.0
17:20:42.117 [FXGL Background Thread 3 ] DEBUG Engine               - platform: MAC
17:20:42.118 [FXGL Background Thread 3 ] DEBUG Engine               - prefHeightProperty: ReadOnlyDoubleProperty [value: 1080.0]
17:20:42.118 [FXGL Background Thread 3 ] DEBUG Engine               - prefWidthProperty: ReadOnlyDoubleProperty [value: 1920.0]
17:20:42.118 [FXGL Background Thread 3 ] DEBUG Engine               - profileDir: profiles/
17:20:42.118 [FXGL Background Thread 3 ] DEBUG Engine               - profileName: StringProperty [value: DEFAULT]
17:20:42.118 [FXGL Background Thread 3 ] DEBUG Engine               - randomSeed: -1
17:20:42.119 [FXGL Background Thread 3 ] DEBUG Engine               - runtimeInfo: RuntimeInfo(platform=MAC, version=11.16, build=25.05.2021 08.16)
17:20:42.119 [FXGL Background Thread 3 ] DEBUG Engine               - saveFileExt: sav
17:20:42.119 [FXGL Background Thread 3 ] DEBUG Engine               - scaledHeightProp$fxgl: DoubleProperty [bound, value: 801.0]
17:20:42.119 [FXGL Background Thread 3 ] DEBUG Engine               - scaledWidthProp$fxgl: DoubleProperty [bound, value: 1400.0]
17:20:42.120 [FXGL Background Thread 3 ] DEBUG Engine               - sceneFactory: GameApp$1@68d6137e
17:20:42.120 [FXGL Background Thread 3 ] DEBUG Engine               - secondsIn24h: 60
17:20:42.120 [FXGL Background Thread 3 ] DEBUG Engine               - soundMenuBack: menu/back.wav
17:20:42.120 [FXGL Background Thread 3 ] DEBUG Engine               - soundMenuPress: menu/press.wav
17:20:42.120 [FXGL Background Thread 3 ] DEBUG Engine               - soundMenuSelect: menu/select.wav
17:20:42.121 [FXGL Background Thread 3 ] DEBUG Engine               - soundNotification: core/notification.wav
17:20:42.121 [FXGL Background Thread 3 ] DEBUG Engine               - stageStyle: DECORATED
17:20:42.121 [FXGL Background Thread 3 ] DEBUG Engine               - supportedLanguages: [ENGLISH, FRENCH, GERMAN, HUNGARIAN, RUSSIAN]
17:20:42.121 [FXGL Background Thread 3 ] DEBUG Engine               - ticksPerSecond: -1
17:20:42.121 [FXGL Background Thread 3 ] DEBUG Engine               - title: Rhythm Knight
17:20:42.121 [FXGL Background Thread 3 ] DEBUG Engine               - urlGithub: https://github.com/AlmasB/FXGL
17:20:42.121 [FXGL Background Thread 3 ] DEBUG Engine               - urlLeaderboard: http://fxgl-top.herokuapp.com/
17:20:42.121 [FXGL Background Thread 3 ] DEBUG Engine               - urlPOM: https://raw.githubusercontent.com/AlmasB/FXGL/release/README.md
17:20:42.122 [FXGL Background Thread 3 ] DEBUG Engine               - userAppClass: class GameApp
17:20:42.122 [FXGL Background Thread 3 ] DEBUG Engine               - version: Milestone 2
17:20:42.122 [FXGL Background Thread 3 ] DEBUG Engine               - versionCheckDays: 7
17:20:42.122 [FXGL Background Thread 3 ] DEBUG Engine               - width: 1920
17:20:42.122 [FXGL Background Thread 3 ] DEBUG Engine               - Logging services
17:20:42.122 [FXGL Background Thread 3 ] DEBUG Engine               - class com.almasb.fxgl.app.services.FXGLAssetLoaderService
17:20:42.123 [FXGL Background Thread 3 ] DEBUG Engine               - class com.almasb.fxgl.app.FXGLApplication$GameApplicationService
17:20:42.123 [FXGL Background Thread 3 ] DEBUG Engine               - class com.almasb.fxgl.app.services.FXGLDialogService
17:20:42.124 [FXGL Background Thread 3 ] DEBUG Engine               - class com.almasb.fxgl.app.services.IOTaskExecutorService
17:20:42.124 [FXGL Background Thread 3 ] DEBUG Engine               - class com.almasb.fxgl.io.FileSystemService
17:20:42.124 [FXGL Background Thread 3 ] DEBUG Engine               - class com.almasb.fxgl.localization.LocalizationService
17:20:42.124 [FXGL Background Thread 3 ] DEBUG Engine               - class com.almasb.fxgl.app.services.SystemBundleService
17:20:42.125 [FXGL Background Thread 3 ] DEBUG Engine               - class com.almasb.fxgl.profile.SaveLoadService
17:20:42.125 [FXGL Background Thread 3 ] DEBUG Engine               - class com.almasb.fxgl.ui.FXGLUIFactoryServiceProvider
17:20:42.125 [FXGL Background Thread 3 ] DEBUG Engine               - class com.almasb.fxgl.ui.FXGLDialogFactoryServiceProvider
17:20:42.125 [FXGL Background Thread 3 ] DEBUG Engine               - class com.almasb.fxgl.audio.AudioPlayer
17:20:42.125 [FXGL Background Thread 3 ] DEBUG Engine               - class com.almasb.fxgl.notification.impl.NotificationServiceProvider
17:20:42.125 [FXGL Background Thread 3 ] DEBUG Engine               - class com.almasb.fxgl.achievement.AchievementService
17:20:42.125 [FXGL Background Thread 3 ] DEBUG Engine               - class com.almasb.fxgl.cutscene.CutsceneService
17:20:42.125 [FXGL Background Thread 3 ] DEBUG Engine               - class com.almasb.fxgl.minigames.MiniGameService
17:20:42.125 [FXGL Background Thread 3 ] DEBUG Engine               - class com.almasb.fxgl.net.NetService
17:20:42.125 [FXGL Background Thread 3 ] DEBUG Engine               - class com.almasb.fxgl.app.services.UpdaterService
17:20:42.126 [FXGL Background Thread 3 ] DEBUG Engine               - class com.almasb.fxgl.dev.DevService
17:20:43.860 [JavaFX Application Thread] DEBUG FXGLAssetLoaderServi - Loading from file system: file:/Users/kylefry/Desktop/RhythmKnight/Project/target/classes/assets/sounds/SelectSFX.mp3
17:20:45.835 [JavaFX Application Thread] DEBUG FXGLAssetLoaderServi - Loading from file system: file:/Users/kylefry/Desktop/RhythmKnight/Project/target/classes/assets/textures/configUI.png
17:20:45.855 [JavaFX Application Thread] DEBUG FXGLAssetLoaderServi - Loading from file system: file:/Users/kylefry/Desktop/RhythmKnight/Project/target/classes/assets/textures/rhythm-knight.png
17:20:52.519 [JavaFX Application Thread] DEBUG Menu                 - fireNewGame()
17:20:52.519 [JavaFX Application Thread] DEBUG GameApplicationServi - Starting new game
17:20:52.519 [JavaFX Application Thread] DEBUG PrimaryStageWindow   - Pop state: ui.AppMainMenu
17:20:52.519 [JavaFX Application Thread] DEBUG Input                - Clearing active input actions
17:20:52.520 [JavaFX Application Thread] DEBUG GameApplicationServi - Removing overlay from ui.AppMainMenu and adding to FXGLMainMenuDummyScene
17:20:52.521 [JavaFX Application Thread] DEBUG PrimaryStageWindow   - FXGLMainMenuDummyScene <- ui.AppMainMenu
17:20:52.521 [JavaFX Application Thread] DEBUG Input                - Clearing active input actions
17:20:52.536 [JavaFX Application Thread] DEBUG GameApplicationServi - Removing overlay from FXGLMainMenuDummyScene and adding to FXGLLoadingScene
17:20:52.536 [JavaFX Application Thread] DEBUG PrimaryStageWindow   - FXGLMainMenuDummyScene -> FXGLLoadingScene
17:20:52.536 [JavaFX Application Thread] DEBUG GameApplicationServi - Clearing previous game
17:20:52.536 [JavaFX Application Thread] DEBUG GameScene            - Clearing game scene
17:20:52.536 [JavaFX Application Thread] DEBUG GameWorld            - Clearing game world
17:20:52.537 [JavaFX Application Thread] DEBUG PhysicsWorld         - Clearing physics world
17:20:52.539 [FXGL Background Thread 2 ] DEBUG FXGLApplication      - Initializing game
17:20:56.580 [JavaFX Application Thread] DEBUG LoopRunner           - Stopping loop
17:20:56.581 [JavaFX Application Thread] FATAL FXGLApplication      - Uncaught Exception:
java.lang.RuntimeException: Initialization failed
	at com.almasb.fxgl.app.FXGLApplication$InitAppTask.failed(FXGLApplication.kt:343)
	at javafx.concurrent.Task.setState(Task.java:710)
	at javafx.concurrent.Task$TaskCallable.lambda$call$2(Task.java:1455)
	at com.sun.javafx.application.PlatformImpl.lambda$runLater$10(PlatformImpl.java:447)
	at java.base/java.security.AccessController.doPrivileged(AccessController.java:391)
	at com.sun.javafx.application.PlatformImpl.lambda$runLater$11(PlatformImpl.java:446)
	at com.sun.glass.ui.InvokeLaterDispatcher$Future.run(InvokeLaterDispatcher.java:96)
Caused by: MediaException: MEDIA_UNAVAILABLE : /Users/kylefry/Desktop/RhythmKnight/Project/Project/src/main/resources/assets/sounds/Diodes.mp3 (No such file or directory)
	at javafx.scene.media.Media.<init>(Media.java:407)
	at rhythm.Conductor.<init>(rhythm.Conductor.java:25)
	at initializers.Initializer.initLevel1(initializers.Initializer.java:29)
	at GameApp.initGame(GameApp.java:51)
	at com.almasb.fxgl.app.FXGLApplication$InitAppTask.initGame(FXGLApplication.kt:339)
	at com.almasb.fxgl.app.FXGLApplication$InitAppTask.call(FXGLApplication.kt:319)
	at com.almasb.fxgl.app.FXGLApplication$InitAppTask.call(FXGLApplication.kt:311)
	at javafx.concurrent.Task$TaskCallable.call(Task.java:1425)
	at java.base/java.util.concurrent.FutureTask.run(FutureTask.java:264)
	at java.base/java.util.concurrent.Executors$RunnableAdapter.call(Executors.java:515)
	at java.base/java.util.concurrent.FutureTask.run(FutureTask.java:264)
	at java.base/java.util.concurrent.ThreadPoolExecutor.runWorker(ThreadPoolExecutor.java:1130)
	at java.base/java.util.concurrent.ThreadPoolExecutor$Worker.run(ThreadPoolExecutor.java:630)
	at java.base/java.lang.Thread.run(Thread.java:831)

17:20:56.582 [JavaFX Application Thread] FATAL FXGLApplication      - Application will now exit
17:20:56.596 [JavaFX Application Thread] DEBUG PrimaryStageWindow   - Push state: ErrorSubScene
17:20:56.596 [JavaFX Application Thread] DEBUG Input                - Clearing active input actions
17:20:56.598 [JavaFX Application Thread] DEBUG GameApplicationServi - Removing overlay from FXGLLoadingScene and adding to ErrorSubScene
17:20:56.599 [JavaFX Application Thread] DEBUG PrimaryStageWindow   - FXGLLoadingScene -> ErrorSubScene
17:20:59.158 [JavaFX Application Thread] DEBUG FXGLApplication      - Exiting FXGL
17:20:59.158 [JavaFX Application Thread] DEBUG Async                - Shutting down background threads
17:20:59.159 [JavaFX Application Thread] DEBUG PrimaryStageWindow   - Closing main window
17:20:59.168 [JavaFX Application Thread] DEBUG Logger               - Closing Logger
