21:22:51.959 [main                     ] DEBUG Logger               - Configured Logger
21:22:51.970 [main                     ] DEBUG GameApplication      - Logging settings
Title: Rhythm Knight v0.0.1
Version: 0.0
Width: 1920
Height: 1080
Fullscreen: false
Intro: false
Profiling: false
Single step:false
App Mode: DEVELOPER
Menu Key: ESCAPE
Stage Style: DECORATED
Scene Factory: class com.almasb.fxgl.app.scene.SceneFactory

21:22:53.201 [JavaFX Application Thread] DEBUG FXGLApplication      - Initializing FXGL
21:22:53.203 [JavaFX Application Thread] INFO  Engine               - FXGL-11.16 (25.05.2021 08.16) on MAC (J:16.0.1 FX:16)
21:22:53.203 [JavaFX Application Thread] DEBUG Engine               - JRE Vendor Name: Oracle Corporation
21:22:53.203 [JavaFX Application Thread] DEBUG Engine               - Running on OS: Mac OS X version 11.4
21:22:53.204 [JavaFX Application Thread] DEBUG Engine               - Architecture: x86_64
21:22:53.204 [JavaFX Application Thread] INFO  Engine               - Source code and latest versions at: https://github.com/AlmasB/FXGL
21:22:53.204 [JavaFX Application Thread] INFO  Engine               -              Join the FXGL chat at: https://gitter.im/AlmasB/FXGL
21:22:53.627 [JavaFX Application Thread] DEBUG PrimaryStageWindow   - Creating a JavaFX scene
21:22:53.627 [JavaFX Application Thread] DEBUG PrimaryStageWindow   - Target size > screen size
21:22:53.841 [JavaFX Application Thread] DEBUG PrimaryStageWindow   - Target settings size: 1920.0 x 1080.0
21:22:53.842 [JavaFX Application Thread] DEBUG PrimaryStageWindow   - Scaled scene size:    1400.0 x 801.0
21:22:53.845 [JavaFX Application Thread] DEBUG PrimaryStageWindow   - Scaled ratio: (0.7291666666666666, 0.7416666666666667)
21:22:53.847 [JavaFX Application Thread] DEBUG PrimaryStageWindow   - Set initial scene to FXGLStartupScene
21:22:53.925 [JavaFX Application Thread] DEBUG PrimaryStageWindow   - Opening main window
21:22:54.595 [JavaFX Application Thread] DEBUG PrimaryStageWindow   - Window border size: (0.0, 28.0)
21:22:54.595 [JavaFX Application Thread] DEBUG PrimaryStageWindow   - Scaled size: 1400.0 x 801.0
21:22:54.595 [JavaFX Application Thread] DEBUG PrimaryStageWindow   - Scaled ratio: (0.7291666666666666, 0.7416666666666667)
21:22:54.596 [JavaFX Application Thread] DEBUG PrimaryStageWindow   - Scene size: 1400.0 x 801.0
21:22:54.596 [JavaFX Application Thread] DEBUG PrimaryStageWindow   - Stage size: 1400.0 x 829.0
21:22:54.605 [FXGL Background Thread 1 ] DEBUG Engine               - Initializing environment variables
21:22:54.887 [FXGL Background Thread 1 ] DEBUG FXGLAssetLoaderServi - User app class for loading assets: class TestMap
21:22:54.887 [FXGL Background Thread 1 ] DEBUG GameApplicationServi - Applying CSS: fxgl_dark.css
21:22:54.888 [FXGL Background Thread 1 ] DEBUG FXGLAssetLoaderServi - Loading from file system: jar:file:/Users/kylefry/.m2/repository/com/github/almasb/fxgl/11.16/fxgl-11.16.jar!/fxglassets/ui/css/fxgl_dark.css
21:22:55.493 [FXGL Background Thread 1 ] DEBUG GameApplicationServi - Initializing application scenes
21:22:57.891 [FXGL Background Thread 1 ] DEBUG GameWorld            - Game world initialized
21:22:58.461 [FXGL Background Thread 1 ] DEBUG PhysicsWorld         - Physics world initialized: appHeight=1080, physics.ppm=50.0
21:22:58.462 [FXGL Background Thread 1 ] DEBUG PhysicsWorld         - Using strategy: BRUTE_FORCE
21:22:58.543 [FXGL Background Thread 1 ] DEBUG GameScene            - Game scene initialized: 1920x1080
21:22:58.597 [FXGL Background Thread 1 ] DEBUG FXGL.DefaultMenu     - createMenuBodyGameMenu()
21:22:58.754 [FXGL Background Thread 1 ] DEBUG FXGL.DefaultMenu     - createOptionsMenu()
21:22:58.851 [FXGL Background Thread 1 ] DEBUG FXGLAssetLoaderServi - Loading from file system: jar:file:/Users/kylefry/.m2/repository/com/github/almasb/fxgl/11.16/fxgl-11.16.jar!/fxglassets/textures/particles/smoke.png
21:22:59.459 [FXGL Background Thread 1 ] DEBUG FXGLAssetLoaderServi - Loading from file system: jar:file:/Users/kylefry/.m2/repository/com/github/almasb/fxgl/11.16/fxgl-11.16.jar!/fxglassets/textures/particles/trace_horizontal.png
21:22:59.691 [FXGL Background Thread 1 ] DEBUG GameApplicationServi - Application scenes initialized
21:22:59.775 [FXGL Background Thread 1 ] DEBUG SystemBundleService  - Loading FXGL system data
21:22:59.783 [FXGL Background Thread 1 ] DEBUG FileSystemAccess     - Reading from: /Users/kylefry/Desktop/RhythmKnight/Project/system/fxgl.bundle
21:22:59.797 [FXGL Background Thread 1 ] DEBUG SystemBundleService  - Bundle FXGL: {}
21:22:59.798 [FXGL Background Thread 1 ] DEBUG UpdaterService       - Checking for updates
21:22:59.855 [FXGL Background Thread 4 ] DEBUG FXGLApplication      - Loading fonts
21:22:59.856 [FXGL Background Thread 4 ] DEBUG FXGLAssetLoaderServi - Loading from file system: jar:file:/Users/kylefry/.m2/repository/com/github/almasb/fxgl/11.16/fxgl-11.16.jar!/fxglassets/ui/fonts/VarelaRound-Regular.ttf
21:22:59.884 [FXGL Background Thread 1 ] DEBUG FXGLApplication      - Loading default localization
21:22:59.884 [FXGL Background Thread 1 ] DEBUG FXGLAssetLoaderServi - Loading from file system: jar:file:/Users/kylefry/.m2/repository/com/github/almasb/fxgl/11.16/fxgl-11.16.jar!/fxglassets/languages/english.lang
21:22:59.970 [FXGL Background Thread 4 ] DEBUG FXGLAssetLoaderServi - Loading from file system: jar:file:/Users/kylefry/.m2/repository/com/github/almasb/fxgl/11.16/fxgl-11.16.jar!/fxglassets/ui/fonts/Abel-Regular.ttf
21:22:59.978 [FXGL Background Thread 4 ] DEBUG FXGLAssetLoaderServi - Loading from file system: jar:file:/Users/kylefry/.m2/repository/com/github/almasb/fxgl/11.16/fxgl-11.16.jar!/fxglassets/ui/fonts/lucida_console.ttf
21:22:59.984 [FXGL Background Thread 4 ] DEBUG FXGLAssetLoaderServi - Loading from file system: jar:file:/Users/kylefry/.m2/repository/com/github/almasb/fxgl/11.16/fxgl-11.16.jar!/fxglassets/ui/fonts/Courier-Prime.ttf
21:23:00.002 [JavaFX Application Thread] DEBUG FXGLApplication      - Registering font factories with UI factory
21:23:00.011 [FXGL Background Thread 1 ] INFO  FXGLApplication      - FXGL initialization took: 5.406 sec
21:23:00.013 [JavaFX Application Thread] DEBUG FXGLAssetLoaderServi - Loading from file system: jar:file:/Users/kylefry/.m2/repository/com/github/almasb/fxgl/11.16/fxgl-11.16.jar!/fxglassets/textures/fxgl_icon.png
21:23:00.063 [JavaFX Application Thread] DEBUG FXGLAssetLoaderServi - Loading from file system: jar:file:/Users/kylefry/.m2/repository/com/github/almasb/fxgl/11.16/fxgl-11.16.jar!/fxglassets/textures/fxgl_default_cursor.png
21:23:00.117 [JavaFX Application Thread] DEBUG Input                - Registered new binding: Screenshot - CTRL+8
21:23:00.117 [JavaFX Application Thread] DEBUG Input                - Registered new binding: System info dump - CTRL+9
21:23:00.118 [JavaFX Application Thread] DEBUG Input                - Registered new binding: Restart - CTRL+R
21:23:00.136 [JavaFX Application Thread] DEBUG Input                - Registered new binding: Toggle Debug Camera - CTRL+C
21:23:00.140 [JavaFX Application Thread] DEBUG LoopRunner           - Starting loop
21:23:00.140 [JavaFX Application Thread] DEBUG LoopRunner           - Initializing JavaFX AnimationTimerLoop
21:23:00.142 [JavaFX Application Thread] DEBUG GameApplicationServi - Starting new game
21:23:00.143 [JavaFX Application Thread] DEBUG Input                - Clearing active input actions
21:23:00.158 [JavaFX Application Thread] DEBUG GameApplicationServi - Removing overlay from FXGLStartupScene and adding to FXGLLoadingScene
21:23:00.162 [JavaFX Application Thread] DEBUG PrimaryStageWindow   - FXGLStartupScene -> FXGLLoadingScene
21:23:00.162 [JavaFX Application Thread] DEBUG GameApplicationServi - Clearing previous game
21:23:00.162 [JavaFX Application Thread] DEBUG GameScene            - Clearing game scene
21:23:00.162 [JavaFX Application Thread] DEBUG GameWorld            - Clearing game world
21:23:00.163 [JavaFX Application Thread] DEBUG PhysicsWorld         - Clearing physics world
21:23:00.174 [FXGL Background Thread 4 ] DEBUG FXGLApplication      - Initializing game
21:23:00.180 [FXGL Background Thread 4 ] DEBUG FXGLAssetLoaderServi - Loading from file system: file:/Users/kylefry/Desktop/RhythmKnight/Project/target/classes/assets/textures/hex.png
21:23:00.210 [FXGL Background Thread 4 ] DEBUG FXGLAssetLoaderServi - Loading from file system: file:/Users/kylefry/Desktop/RhythmKnight/Project/target/classes/assets/sounds/snare01.wav
21:23:01.128 [FXGL Background Thread 4 ] DEBUG FXGLAssetLoaderServi - Loading from file system: file:/Users/kylefry/Desktop/RhythmKnight/Project/target/classes/assets/textures/1-1TileMap.png
21:23:02.272 [FXGL Background Thread 4 ] INFO  FXGLApplication      - Game initialization took: 2.098 sec
21:23:02.275 [JavaFX Application Thread] DEBUG Input                - Clearing active input actions
21:23:02.290 [JavaFX Application Thread] DEBUG GameApplicationServi - Removing overlay from FXGLLoadingScene and adding to GameScene
21:23:02.291 [JavaFX Application Thread] DEBUG PrimaryStageWindow   - FXGLLoadingScene -> GameScene
21:23:02.815 [FXGL Background Thread 3 ] DEBUG Engine               - Logging environment variables
21:23:02.816 [FXGL Background Thread 3 ] DEBUG Engine               - achievements: []
21:23:02.817 [FXGL Background Thread 3 ] DEBUG Engine               - actualHeight: 801.0
21:23:02.818 [FXGL Background Thread 3 ] DEBUG Engine               - actualHeightProperty: ReadOnlyDoubleProperty [value: 801.0]
21:23:02.818 [FXGL Background Thread 3 ] DEBUG Engine               - actualWidth: 1400.0
21:23:02.819 [FXGL Background Thread 3 ] DEBUG Engine               - actualWidthProperty: ReadOnlyDoubleProperty [value: 1400.0]
21:23:02.819 [FXGL Background Thread 3 ] DEBUG Engine               - appIcon: fxgl_icon.png
21:23:02.819 [FXGL Background Thread 3 ] DEBUG Engine               - applicationMode: DEVELOPER
21:23:02.820 [FXGL Background Thread 3 ] DEBUG Engine               - cSSList: [fxgl_dark.css]
21:23:02.820 [FXGL Background Thread 3 ] DEBUG Engine               - collisionDetectionStrategy: BRUTE_FORCE
21:23:02.820 [FXGL Background Thread 3 ] DEBUG Engine               - configClass: Optional.empty
21:23:02.821 [FXGL Background Thread 3 ] DEBUG Engine               - credits: []
21:23:02.821 [FXGL Background Thread 3 ] DEBUG Engine               - defaultCursor: CursorInfo(imageName=fxgl_default_cursor.png, hotspotX=7.0, hotspotY=6.0)
21:23:02.823 [FXGL Background Thread 3 ] DEBUG Engine               - devBBoxColorProperty: ObjectProperty [value: 0xff0000ff]
21:23:02.823 [FXGL Background Thread 3 ] DEBUG Engine               - devEnableDebugCameraProperty: BooleanProperty [value: false]
21:23:02.823 [FXGL Background Thread 3 ] DEBUG Engine               - devSensorColorProperty: ObjectProperty [value: 0xffff00ff]
21:23:02.823 [FXGL Background Thread 3 ] DEBUG Engine               - devShowBBoxProperty: BooleanProperty [value: false]
21:23:02.824 [FXGL Background Thread 3 ] DEBUG Engine               - devShowPositionProperty: BooleanProperty [value: false]
21:23:02.824 [FXGL Background Thread 3 ] DEBUG Engine               - enabledMenuItems: []
21:23:02.824 [FXGL Background Thread 3 ] DEBUG Engine               - engineServices: [class com.almasb.fxgl.app.services.FXGLAssetLoaderService, class com.almasb.fxgl.app.FXGLApplication$GameApplicationService, class com.almasb.fxgl.app.services.FXGLDialogService, class com.almasb.fxgl.app.services.IOTaskExecutorService, class com.almasb.fxgl.io.FileSystemService, class com.almasb.fxgl.localization.LocalizationService, class com.almasb.fxgl.app.services.SystemBundleService, class com.almasb.fxgl.profile.SaveLoadService, class com.almasb.fxgl.ui.FXGLUIFactoryServiceProvider, class com.almasb.fxgl.ui.FXGLDialogFactoryServiceProvider, class com.almasb.fxgl.audio.AudioPlayer, class com.almasb.fxgl.notification.impl.NotificationServiceProvider, class com.almasb.fxgl.achievement.AchievementService, class com.almasb.fxgl.cutscene.CutsceneService, class com.almasb.fxgl.minigames.MiniGameService, class com.almasb.fxgl.net.NetService, class com.almasb.fxgl.app.services.UpdaterService, class com.almasb.fxgl.dev.DevService]
21:23:02.824 [FXGL Background Thread 3 ] DEBUG Engine               - fontGame: Abel-Regular.ttf
21:23:02.824 [FXGL Background Thread 3 ] DEBUG Engine               - fontMono: lucida_console.ttf
21:23:02.824 [FXGL Background Thread 3 ] DEBUG Engine               - fontText: Courier-Prime.ttf
21:23:02.824 [FXGL Background Thread 3 ] DEBUG Engine               - fontUI: VarelaRound-Regular.ttf
21:23:02.825 [FXGL Background Thread 3 ] DEBUG Engine               - fullScreen: BooleanProperty [value: false]
21:23:02.825 [FXGL Background Thread 3 ] DEBUG Engine               - gameDifficulty: MEDIUM
21:23:02.826 [FXGL Background Thread 3 ] DEBUG Engine               - gameDifficultyProperty: ObjectProperty [value: MEDIUM]
21:23:02.828 [FXGL Background Thread 3 ] DEBUG Engine               - globalMusicVolume: 0.5
21:23:02.839 [FXGL Background Thread 3 ] DEBUG Engine               - globalMusicVolumeProperty: DoubleProperty [value: 0.5]
21:23:02.839 [FXGL Background Thread 3 ] DEBUG Engine               - globalSoundVolume: 0.5
21:23:02.839 [FXGL Background Thread 3 ] DEBUG Engine               - globalSoundVolumeProperty: DoubleProperty [value: 0.5]
21:23:02.839 [FXGL Background Thread 3 ] DEBUG Engine               - height: 1080
21:23:02.839 [FXGL Background Thread 3 ] DEBUG Engine               - is3D: false
21:23:02.840 [FXGL Background Thread 3 ] DEBUG Engine               - isAndroid: false
21:23:02.840 [FXGL Background Thread 3 ] DEBUG Engine               - isBrowser: false
21:23:02.840 [FXGL Background Thread 3 ] DEBUG Engine               - isClickFeedbackEnabled: false
21:23:02.840 [FXGL Background Thread 3 ] DEBUG Engine               - isCloseConfirmation: false
21:23:02.841 [FXGL Background Thread 3 ] DEBUG Engine               - isDesktop: true
21:23:02.841 [FXGL Background Thread 3 ] DEBUG Engine               - isDeveloperMenuEnabled: false
21:23:02.841 [FXGL Background Thread 3 ] DEBUG Engine               - isEntityPreloadEnabled: true
21:23:02.842 [FXGL Background Thread 3 ] DEBUG Engine               - isExperimentalTiledLargeMap: false
21:23:02.843 [FXGL Background Thread 3 ] DEBUG Engine               - isFileSystemWriteAllowed: true
21:23:02.843 [FXGL Background Thread 3 ] DEBUG Engine               - isFullScreenAllowed: false
21:23:02.843 [FXGL Background Thread 3 ] DEBUG Engine               - isFullScreenFromStart: false
21:23:02.844 [FXGL Background Thread 3 ] DEBUG Engine               - isGameMenuEnabled: true
21:23:02.844 [FXGL Background Thread 3 ] DEBUG Engine               - isIOS: false
21:23:02.844 [FXGL Background Thread 3 ] DEBUG Engine               - isIntroEnabled: false
21:23:02.845 [FXGL Background Thread 3 ] DEBUG Engine               - isLinux: false
21:23:02.845 [FXGL Background Thread 3 ] DEBUG Engine               - isMac: true
21:23:02.845 [FXGL Background Thread 3 ] DEBUG Engine               - isMainMenuEnabled: false
21:23:02.846 [FXGL Background Thread 3 ] DEBUG Engine               - isManualResizeEnabled: false
21:23:02.846 [FXGL Background Thread 3 ] DEBUG Engine               - isMobile: false
21:23:02.846 [FXGL Background Thread 3 ] DEBUG Engine               - isNative: false
21:23:02.847 [FXGL Background Thread 3 ] DEBUG Engine               - isPreserveResizeRatio: false
21:23:02.847 [FXGL Background Thread 3 ] DEBUG Engine               - isProfilingEnabled: false
21:23:02.847 [FXGL Background Thread 3 ] DEBUG Engine               - isScaleAffectedOnResize: true
21:23:02.847 [FXGL Background Thread 3 ] DEBUG Engine               - isSingleStep: false
21:23:02.847 [FXGL Background Thread 3 ] DEBUG Engine               - isUserProfileEnabled: false
21:23:02.848 [FXGL Background Thread 3 ] DEBUG Engine               - isWindows: false
21:23:02.848 [FXGL Background Thread 3 ] DEBUG Engine               - language: ObjectProperty [value: ENGLISH]
21:23:02.848 [FXGL Background Thread 3 ] DEBUG Engine               - menuKey: ESCAPE
21:23:02.848 [FXGL Background Thread 3 ] DEBUG Engine               - mouseSensitivity: 0.2
21:23:02.849 [FXGL Background Thread 3 ] DEBUG Engine               - notificationViewClass: class com.almasb.fxgl.notification.view.XboxNotificationView
21:23:02.849 [FXGL Background Thread 3 ] DEBUG Engine               - pixelsPerMeter: 50.0
21:23:02.849 [FXGL Background Thread 3 ] DEBUG Engine               - platform: MAC
21:23:02.849 [FXGL Background Thread 3 ] DEBUG Engine               - prefHeightProperty: ReadOnlyDoubleProperty [value: 1080.0]
21:23:02.850 [FXGL Background Thread 3 ] DEBUG Engine               - prefWidthProperty: ReadOnlyDoubleProperty [value: 1920.0]
21:23:02.850 [FXGL Background Thread 3 ] DEBUG Engine               - profileDir: profiles/
21:23:02.850 [FXGL Background Thread 3 ] DEBUG Engine               - profileName: StringProperty [value: DEFAULT]
21:23:02.851 [FXGL Background Thread 3 ] DEBUG Engine               - randomSeed: -1
21:23:02.851 [FXGL Background Thread 3 ] DEBUG Engine               - runtimeInfo: RuntimeInfo(platform=MAC, version=11.16, build=25.05.2021 08.16)
21:23:02.851 [FXGL Background Thread 3 ] DEBUG Engine               - saveFileExt: sav
21:23:02.851 [FXGL Background Thread 3 ] DEBUG Engine               - scaledHeightProp$fxgl: DoubleProperty [bound, value: 801.0]
21:23:02.852 [FXGL Background Thread 3 ] DEBUG Engine               - scaledWidthProp$fxgl: DoubleProperty [bound, value: 1400.0]
21:23:02.852 [FXGL Background Thread 3 ] DEBUG Engine               - sceneFactory: com.almasb.fxgl.app.scene.SceneFactory@3790064
21:23:02.852 [FXGL Background Thread 3 ] DEBUG Engine               - secondsIn24h: 60
21:23:02.853 [FXGL Background Thread 3 ] DEBUG Engine               - soundMenuBack: menu/back.wav
21:23:02.854 [FXGL Background Thread 3 ] DEBUG Engine               - soundMenuPress: menu/press.wav
21:23:02.854 [FXGL Background Thread 3 ] DEBUG Engine               - soundMenuSelect: menu/select.wav
21:23:02.854 [FXGL Background Thread 3 ] DEBUG Engine               - soundNotification: core/notification.wav
21:23:02.854 [FXGL Background Thread 3 ] DEBUG Engine               - stageStyle: DECORATED
21:23:02.854 [FXGL Background Thread 3 ] DEBUG Engine               - supportedLanguages: [ENGLISH, FRENCH, GERMAN, HUNGARIAN, RUSSIAN]
21:23:02.854 [FXGL Background Thread 3 ] DEBUG Engine               - ticksPerSecond: -1
21:23:02.855 [FXGL Background Thread 3 ] DEBUG Engine               - title: Rhythm Knight v0.0.1
21:23:02.855 [FXGL Background Thread 3 ] DEBUG Engine               - urlGithub: https://github.com/AlmasB/FXGL
21:23:02.856 [FXGL Background Thread 3 ] DEBUG Engine               - urlLeaderboard: http://fxgl-top.herokuapp.com/
21:23:02.856 [FXGL Background Thread 3 ] DEBUG Engine               - urlPOM: https://raw.githubusercontent.com/AlmasB/FXGL/release/README.md
21:23:02.856 [FXGL Background Thread 3 ] DEBUG Engine               - userAppClass: class TestMap
21:23:02.856 [FXGL Background Thread 3 ] DEBUG Engine               - version: 0.0
21:23:02.856 [FXGL Background Thread 3 ] DEBUG Engine               - versionCheckDays: 7
21:23:02.856 [FXGL Background Thread 3 ] DEBUG Engine               - width: 1920
21:23:02.857 [FXGL Background Thread 3 ] DEBUG Engine               - Logging services
21:23:02.857 [FXGL Background Thread 3 ] DEBUG Engine               - class com.almasb.fxgl.app.services.FXGLAssetLoaderService
21:23:02.857 [FXGL Background Thread 3 ] DEBUG Engine               - class com.almasb.fxgl.app.FXGLApplication$GameApplicationService
21:23:02.857 [FXGL Background Thread 3 ] DEBUG Engine               - class com.almasb.fxgl.app.services.FXGLDialogService
21:23:02.857 [FXGL Background Thread 3 ] DEBUG Engine               - class com.almasb.fxgl.app.services.IOTaskExecutorService
21:23:02.858 [FXGL Background Thread 3 ] DEBUG Engine               - class com.almasb.fxgl.io.FileSystemService
21:23:02.858 [FXGL Background Thread 3 ] DEBUG Engine               - class com.almasb.fxgl.localization.LocalizationService
21:23:02.858 [FXGL Background Thread 3 ] DEBUG Engine               - class com.almasb.fxgl.app.services.SystemBundleService
21:23:02.858 [FXGL Background Thread 3 ] DEBUG Engine               - class com.almasb.fxgl.profile.SaveLoadService
21:23:02.858 [FXGL Background Thread 3 ] DEBUG Engine               - class com.almasb.fxgl.ui.FXGLUIFactoryServiceProvider
21:23:02.858 [FXGL Background Thread 3 ] DEBUG Engine               - class com.almasb.fxgl.ui.FXGLDialogFactoryServiceProvider
21:23:02.859 [FXGL Background Thread 3 ] DEBUG Engine               - class com.almasb.fxgl.audio.AudioPlayer
21:23:02.859 [FXGL Background Thread 3 ] DEBUG Engine               - class com.almasb.fxgl.notification.impl.NotificationServiceProvider
21:23:02.859 [FXGL Background Thread 3 ] DEBUG Engine               - class com.almasb.fxgl.achievement.AchievementService
21:23:02.859 [FXGL Background Thread 3 ] DEBUG Engine               - class com.almasb.fxgl.cutscene.CutsceneService
21:23:02.859 [FXGL Background Thread 3 ] DEBUG Engine               - class com.almasb.fxgl.minigames.MiniGameService
21:23:02.860 [FXGL Background Thread 3 ] DEBUG Engine               - class com.almasb.fxgl.net.NetService
21:23:02.872 [FXGL Background Thread 3 ] DEBUG Engine               - class com.almasb.fxgl.app.services.UpdaterService
21:23:02.872 [FXGL Background Thread 3 ] DEBUG Engine               - class com.almasb.fxgl.dev.DevService
21:23:08.599 [JavaFX Application Thread] DEBUG LoopRunner           - Pausing loop
21:23:19.752 [JavaFX Application Thread] DEBUG LoopRunner           - Resuming loop
21:25:01.527 [JavaFX Application Thread] DEBUG PrimaryStageWindow   - Push state: FXGLDefaultMenu
21:25:01.534 [JavaFX Application Thread] DEBUG Input                - Clearing active input actions
21:25:01.556 [JavaFX Application Thread] DEBUG GameApplicationServi - Removing overlay from GameScene and adding to FXGLDefaultMenu
21:25:01.557 [JavaFX Application Thread] DEBUG PrimaryStageWindow   - GameScene -> FXGLDefaultMenu
21:25:14.390 [JavaFX Application Thread] DEBUG FXGL.DefaultMenu     - createContentGameplay()
21:25:15.524 [JavaFX Application Thread] DEBUG FXGL.DefaultMenu     - createContentControls()
21:25:17.158 [JavaFX Application Thread] DEBUG FXGL.DefaultMenu     - createContentVideo()
21:25:22.902 [JavaFX Application Thread] DEBUG FXGLAssetLoaderServi - Loading from file system: jar:file:/Users/kylefry/.m2/repository/com/github/almasb/fxgl/11.16/fxgl-11.16.jar!/fxglassets/languages/french.lang
21:25:24.874 [JavaFX Application Thread] DEBUG FXGLAssetLoaderServi - Loading from file system: jar:file:/Users/kylefry/.m2/repository/com/github/almasb/fxgl/11.16/fxgl-11.16.jar!/fxglassets/languages/german.lang
21:25:25.994 [JavaFX Application Thread] DEBUG FXGLAssetLoaderServi - Loading from file system: jar:file:/Users/kylefry/.m2/repository/com/github/almasb/fxgl/11.16/fxgl-11.16.jar!/fxglassets/languages/russian.lang
21:25:27.530 [JavaFX Application Thread] DEBUG FXGLAssetLoaderServi - Loading from file system: jar:file:/Users/kylefry/.m2/repository/com/github/almasb/fxgl/11.16/fxgl-11.16.jar!/fxglassets/languages/hungarian.lang
21:25:36.174 [JavaFX Application Thread] DEBUG FXGL.DefaultMenu     - createContentAudio()
21:25:42.700 [JavaFX Application Thread] DEBUG PrimaryStageWindow   - Push state: DialogSubScene
21:25:42.700 [JavaFX Application Thread] DEBUG Input                - Clearing active input actions
21:25:42.701 [JavaFX Application Thread] DEBUG GameApplicationServi - Removing overlay from FXGLDefaultMenu and adding to DialogSubScene
21:25:42.701 [JavaFX Application Thread] DEBUG PrimaryStageWindow   - FXGLDefaultMenu -> DialogSubScene
21:25:44.254 [JavaFX Application Thread] DEBUG PrimaryStageWindow   - Pop state: DialogSubScene
21:25:44.254 [JavaFX Application Thread] DEBUG Input                - Clearing active input actions
21:25:44.255 [JavaFX Application Thread] DEBUG GameApplicationServi - Removing overlay from DialogSubScene and adding to FXGLDefaultMenu
21:25:44.255 [JavaFX Application Thread] DEBUG PrimaryStageWindow   - FXGLDefaultMenu <- DialogSubScene
21:25:44.256 [JavaFX Application Thread] DEBUG Menu                 - restoreDefaultSettings()
21:25:45.456 [JavaFX Application Thread] DEBUG PrimaryStageWindow   - Pop state: FXGLDefaultMenu
21:25:45.456 [JavaFX Application Thread] DEBUG Input                - Clearing active input actions
21:25:45.457 [JavaFX Application Thread] DEBUG GameApplicationServi - Removing overlay from FXGLDefaultMenu and adding to GameScene
21:25:45.457 [JavaFX Application Thread] DEBUG PrimaryStageWindow   - GameScene <- FXGLDefaultMenu
21:25:46.124 [JavaFX Application Thread] DEBUG PrimaryStageWindow   - Push state: FXGLDefaultMenu
21:25:46.124 [JavaFX Application Thread] DEBUG Input                - Clearing active input actions
21:25:46.125 [JavaFX Application Thread] DEBUG GameApplicationServi - Removing overlay from GameScene and adding to FXGLDefaultMenu
21:25:46.125 [JavaFX Application Thread] DEBUG PrimaryStageWindow   - GameScene -> FXGLDefaultMenu
21:25:47.643 [JavaFX Application Thread] DEBUG Menu                 - fireExit()
21:25:47.648 [JavaFX Application Thread] DEBUG PrimaryStageWindow   - Push state: DialogSubScene
21:25:47.648 [JavaFX Application Thread] DEBUG Input                - Clearing active input actions
21:25:47.649 [JavaFX Application Thread] DEBUG GameApplicationServi - Removing overlay from FXGLDefaultMenu and adding to DialogSubScene
21:25:47.650 [JavaFX Application Thread] DEBUG PrimaryStageWindow   - FXGLDefaultMenu -> DialogSubScene
21:25:48.735 [JavaFX Application Thread] DEBUG PrimaryStageWindow   - Pop state: DialogSubScene
21:25:48.735 [JavaFX Application Thread] DEBUG Input                - Clearing active input actions
21:25:48.736 [JavaFX Application Thread] DEBUG GameApplicationServi - Removing overlay from DialogSubScene and adding to FXGLDefaultMenu
21:25:48.736 [JavaFX Application Thread] DEBUG PrimaryStageWindow   - FXGLDefaultMenu <- DialogSubScene
21:25:48.736 [JavaFX Application Thread] DEBUG FXGLApplication      - Exiting FXGL
21:25:48.736 [JavaFX Application Thread] DEBUG LoopRunner           - Stopping loop
21:25:48.736 [JavaFX Application Thread] DEBUG SystemBundleService  - Saving FXGL system data
21:25:48.742 [JavaFX Application Thread] DEBUG FileSystemAccess     - Writing to: /Users/kylefry/Desktop/RhythmKnight/Project/system/fxgl.bundle
21:25:48.745 [JavaFX Application Thread] DEBUG Async                - Shutting down background threads
21:25:48.745 [JavaFX Application Thread] DEBUG PrimaryStageWindow   - Closing main window
21:25:48.751 [JavaFX Application Thread] DEBUG Logger               - Closing Logger
