20:09:32.289 [main                     ] DEBUG Logger               - Configured Logger
20:09:32.311 [main                     ] DEBUG GameApplication      - Logging settings
Title: Rhythm Knight v0.0.1
Version: 0.0
Width: 1920
Height: 1080
Fullscreen: false
Intro: false
Profiling: false
Single step:false
App Mode: DEVELOPER
Menu Key: ESCAPE
Stage Style: DECORATED
Scene Factory: class com.almasb.fxgl.app.scene.SceneFactory

20:09:33.925 [JavaFX Application Thread] DEBUG FXGLApplication      - Initializing FXGL
20:09:33.927 [JavaFX Application Thread] INFO  Engine               - FXGL-11.16 (25.05.2021 08.16) on MAC (J:16.0.1 FX:16)
20:09:33.928 [JavaFX Application Thread] DEBUG Engine               - JRE Vendor Name: Oracle Corporation
20:09:33.928 [JavaFX Application Thread] DEBUG Engine               - Running on OS: Mac OS X version 11.4
20:09:33.928 [JavaFX Application Thread] DEBUG Engine               - Architecture: x86_64
20:09:33.929 [JavaFX Application Thread] INFO  Engine               - Source code and latest versions at: https://github.com/AlmasB/FXGL
20:09:33.929 [JavaFX Application Thread] INFO  Engine               -              Join the FXGL chat at: https://gitter.im/AlmasB/FXGL
20:09:34.278 [JavaFX Application Thread] DEBUG PrimaryStageWindow   - Creating a JavaFX scene
20:09:34.278 [JavaFX Application Thread] DEBUG PrimaryStageWindow   - Target size > screen size
20:09:34.434 [JavaFX Application Thread] DEBUG PrimaryStageWindow   - Target settings size: 1920.0 x 1080.0
20:09:34.434 [JavaFX Application Thread] DEBUG PrimaryStageWindow   - Scaled scene size:    1400.0 x 801.0
20:09:34.435 [JavaFX Application Thread] DEBUG PrimaryStageWindow   - Scaled ratio: (0.7291666666666666, 0.7416666666666667)
20:09:34.439 [JavaFX Application Thread] DEBUG PrimaryStageWindow   - Set initial scene to FXGLStartupScene
20:09:34.463 [JavaFX Application Thread] DEBUG PrimaryStageWindow   - Opening main window
20:09:35.188 [JavaFX Application Thread] DEBUG PrimaryStageWindow   - Window border size: (0.0, 28.0)
20:09:35.189 [JavaFX Application Thread] DEBUG PrimaryStageWindow   - Scaled size: 1400.0 x 801.0
20:09:35.189 [JavaFX Application Thread] DEBUG PrimaryStageWindow   - Scaled ratio: (0.7291666666666666, 0.7416666666666667)
20:09:35.189 [JavaFX Application Thread] DEBUG PrimaryStageWindow   - Scene size: 1400.0 x 801.0
20:09:35.192 [JavaFX Application Thread] DEBUG PrimaryStageWindow   - Stage size: 1400.0 x 829.0
20:09:35.206 [FXGL Background Thread 1 ] DEBUG Engine               - Initializing environment variables
20:09:35.285 [FXGL Background Thread 1 ] DEBUG FXGLAssetLoaderServi - User app class for loading assets: class TestMap
20:09:35.285 [FXGL Background Thread 1 ] DEBUG GameApplicationServi - Applying CSS: fxgl_dark.css
20:09:35.289 [FXGL Background Thread 1 ] DEBUG FXGLAssetLoaderServi - Loading from file system: jar:file:/Users/kylefry/.m2/repository/com/github/almasb/fxgl/11.16/fxgl-11.16.jar!/fxglassets/ui/css/fxgl_dark.css
20:09:35.930 [FXGL Background Thread 1 ] DEBUG GameApplicationServi - Initializing application scenes
20:09:38.202 [FXGL Background Thread 1 ] DEBUG GameWorld            - Game world initialized
20:09:38.706 [FXGL Background Thread 1 ] DEBUG PhysicsWorld         - Physics world initialized: appHeight=1080, physics.ppm=50.0
20:09:38.707 [FXGL Background Thread 1 ] DEBUG PhysicsWorld         - Using strategy: BRUTE_FORCE
20:09:38.733 [FXGL Background Thread 1 ] DEBUG GameScene            - Game scene initialized: 1920x1080
20:09:38.787 [FXGL Background Thread 1 ] DEBUG FXGL.DefaultMenu     - createMenuBodyGameMenu()
20:09:38.839 [FXGL Background Thread 1 ] DEBUG FXGL.DefaultMenu     - createOptionsMenu()
20:09:39.032 [FXGL Background Thread 1 ] DEBUG FXGLAssetLoaderServi - Loading from file system: jar:file:/Users/kylefry/.m2/repository/com/github/almasb/fxgl/11.16/fxgl-11.16.jar!/fxglassets/textures/particles/smoke.png
20:09:39.928 [FXGL Background Thread 1 ] DEBUG FXGLAssetLoaderServi - Loading from file system: jar:file:/Users/kylefry/.m2/repository/com/github/almasb/fxgl/11.16/fxgl-11.16.jar!/fxglassets/textures/particles/trace_horizontal.png
20:09:40.200 [FXGL Background Thread 1 ] DEBUG GameApplicationServi - Application scenes initialized
20:09:40.266 [FXGL Background Thread 1 ] DEBUG SystemBundleService  - Loading FXGL system data
20:09:40.299 [FXGL Background Thread 1 ] DEBUG FileSystemAccess     - Reading from: /Users/kylefry/Desktop/RhythmKnight/Project/system/fxgl.bundle
20:09:40.321 [FXGL Background Thread 1 ] DEBUG SystemBundleService  - Bundle FXGL: {}
20:09:40.321 [FXGL Background Thread 1 ] DEBUG UpdaterService       - Checking for updates
20:09:40.329 [FXGL Background Thread 4 ] DEBUG FXGLApplication      - Loading fonts
20:09:40.331 [FXGL Background Thread 4 ] DEBUG FXGLAssetLoaderServi - Loading from file system: jar:file:/Users/kylefry/.m2/repository/com/github/almasb/fxgl/11.16/fxgl-11.16.jar!/fxglassets/ui/fonts/VarelaRound-Regular.ttf
20:09:40.332 [FXGL Background Thread 1 ] DEBUG FXGLApplication      - Loading default localization
20:09:40.333 [FXGL Background Thread 1 ] DEBUG FXGLAssetLoaderServi - Loading from file system: jar:file:/Users/kylefry/.m2/repository/com/github/almasb/fxgl/11.16/fxgl-11.16.jar!/fxglassets/languages/english.lang
20:09:40.363 [FXGL Background Thread 4 ] DEBUG FXGLAssetLoaderServi - Loading from file system: jar:file:/Users/kylefry/.m2/repository/com/github/almasb/fxgl/11.16/fxgl-11.16.jar!/fxglassets/ui/fonts/Abel-Regular.ttf
20:09:40.368 [FXGL Background Thread 4 ] DEBUG FXGLAssetLoaderServi - Loading from file system: jar:file:/Users/kylefry/.m2/repository/com/github/almasb/fxgl/11.16/fxgl-11.16.jar!/fxglassets/ui/fonts/lucida_console.ttf
20:09:40.379 [FXGL Background Thread 4 ] DEBUG FXGLAssetLoaderServi - Loading from file system: jar:file:/Users/kylefry/.m2/repository/com/github/almasb/fxgl/11.16/fxgl-11.16.jar!/fxglassets/ui/fonts/Courier-Prime.ttf
20:09:40.391 [JavaFX Application Thread] DEBUG FXGLApplication      - Registering font factories with UI factory
20:09:40.527 [FXGL Background Thread 1 ] INFO  FXGLApplication      - FXGL initialization took: 5.320 sec
20:09:40.528 [JavaFX Application Thread] DEBUG FXGLAssetLoaderServi - Loading from file system: jar:file:/Users/kylefry/.m2/repository/com/github/almasb/fxgl/11.16/fxgl-11.16.jar!/fxglassets/textures/fxgl_icon.png
20:09:40.566 [JavaFX Application Thread] DEBUG FXGLAssetLoaderServi - Loading from file system: jar:file:/Users/kylefry/.m2/repository/com/github/almasb/fxgl/11.16/fxgl-11.16.jar!/fxglassets/textures/fxgl_default_cursor.png
20:09:40.586 [JavaFX Application Thread] DEBUG Input                - Registered new binding: Screenshot - CTRL+8
20:09:40.587 [JavaFX Application Thread] DEBUG Input                - Registered new binding: System info dump - CTRL+9
20:09:40.588 [JavaFX Application Thread] DEBUG Input                - Registered new binding: Restart - CTRL+R
20:09:40.589 [JavaFX Application Thread] DEBUG Input                - Registered new binding: Toggle Debug Camera - CTRL+C
20:09:40.593 [JavaFX Application Thread] DEBUG LoopRunner           - Starting loop
20:09:40.593 [JavaFX Application Thread] DEBUG LoopRunner           - Initializing JavaFX AnimationTimerLoop
20:09:40.594 [JavaFX Application Thread] DEBUG GameApplicationServi - Starting new game
20:09:40.595 [JavaFX Application Thread] DEBUG Input                - Clearing active input actions
20:09:40.617 [JavaFX Application Thread] DEBUG GameApplicationServi - Removing overlay from FXGLStartupScene and adding to FXGLLoadingScene
20:09:40.618 [JavaFX Application Thread] DEBUG PrimaryStageWindow   - FXGLStartupScene -> FXGLLoadingScene
20:09:40.618 [JavaFX Application Thread] DEBUG GameApplicationServi - Clearing previous game
20:09:40.633 [JavaFX Application Thread] DEBUG GameScene            - Clearing game scene
20:09:40.633 [JavaFX Application Thread] DEBUG GameWorld            - Clearing game world
20:09:40.634 [JavaFX Application Thread] DEBUG PhysicsWorld         - Clearing physics world
20:09:40.665 [FXGL Background Thread 1 ] DEBUG FXGLApplication      - Initializing game
20:09:40.668 [FXGL Background Thread 1 ] DEBUG FXGLAssetLoaderServi - Loading from file system: file:/Users/kylefry/Desktop/RhythmKnight/Project/target/classes/assets/textures/hex.png
20:09:40.764 [FXGL Background Thread 1 ] DEBUG FXGLAssetLoaderServi - Loading from file system: file:/Users/kylefry/Desktop/RhythmKnight/Project/target/classes/assets/sounds/snare01.wav
20:09:41.899 [FXGL Background Thread 1 ] DEBUG FXGLAssetLoaderServi - Loading from file system: file:/Users/kylefry/Desktop/RhythmKnight/Project/target/classes/assets/textures/1-1TileMap.png
20:09:42.851 [FXGL Background Thread 1 ] INFO  FXGLApplication      - Game initialization took: 2.175 sec
20:09:42.852 [JavaFX Application Thread] DEBUG Input                - Clearing active input actions
20:09:42.864 [JavaFX Application Thread] DEBUG GameApplicationServi - Removing overlay from FXGLLoadingScene and adding to GameScene
20:09:42.865 [JavaFX Application Thread] DEBUG PrimaryStageWindow   - FXGLLoadingScene -> GameScene
20:09:43.333 [FXGL Background Thread 3 ] DEBUG Engine               - Logging environment variables
20:09:43.334 [FXGL Background Thread 3 ] DEBUG Engine               - achievements: []
20:09:43.336 [FXGL Background Thread 3 ] DEBUG Engine               - actualHeight: 801.0
20:09:43.337 [FXGL Background Thread 3 ] DEBUG Engine               - actualHeightProperty: ReadOnlyDoubleProperty [value: 801.0]
20:09:43.338 [FXGL Background Thread 3 ] DEBUG Engine               - actualWidth: 1400.0
20:09:43.338 [FXGL Background Thread 3 ] DEBUG Engine               - actualWidthProperty: ReadOnlyDoubleProperty [value: 1400.0]
20:09:43.338 [FXGL Background Thread 3 ] DEBUG Engine               - appIcon: fxgl_icon.png
20:09:43.338 [FXGL Background Thread 3 ] DEBUG Engine               - applicationMode: DEVELOPER
20:09:43.338 [FXGL Background Thread 3 ] DEBUG Engine               - cSSList: [fxgl_dark.css]
20:09:43.339 [FXGL Background Thread 3 ] DEBUG Engine               - collisionDetectionStrategy: BRUTE_FORCE
20:09:43.339 [FXGL Background Thread 3 ] DEBUG Engine               - configClass: Optional.empty
20:09:43.340 [FXGL Background Thread 3 ] DEBUG Engine               - credits: []
20:09:43.340 [FXGL Background Thread 3 ] DEBUG Engine               - defaultCursor: CursorInfo(imageName=fxgl_default_cursor.png, hotspotX=7.0, hotspotY=6.0)
20:09:43.341 [FXGL Background Thread 3 ] DEBUG Engine               - devBBoxColorProperty: ObjectProperty [value: 0xff0000ff]
20:09:43.341 [FXGL Background Thread 3 ] DEBUG Engine               - devEnableDebugCameraProperty: BooleanProperty [value: false]
20:09:43.341 [FXGL Background Thread 3 ] DEBUG Engine               - devSensorColorProperty: ObjectProperty [value: 0xffff00ff]
20:09:43.341 [FXGL Background Thread 3 ] DEBUG Engine               - devShowBBoxProperty: BooleanProperty [value: false]
20:09:43.342 [FXGL Background Thread 3 ] DEBUG Engine               - devShowPositionProperty: BooleanProperty [value: false]
20:09:43.342 [FXGL Background Thread 3 ] DEBUG Engine               - enabledMenuItems: []
20:09:43.342 [FXGL Background Thread 3 ] DEBUG Engine               - engineServices: [class com.almasb.fxgl.app.services.FXGLAssetLoaderService, class com.almasb.fxgl.app.FXGLApplication$GameApplicationService, class com.almasb.fxgl.app.services.FXGLDialogService, class com.almasb.fxgl.app.services.IOTaskExecutorService, class com.almasb.fxgl.io.FileSystemService, class com.almasb.fxgl.localization.LocalizationService, class com.almasb.fxgl.app.services.SystemBundleService, class com.almasb.fxgl.profile.SaveLoadService, class com.almasb.fxgl.ui.FXGLUIFactoryServiceProvider, class com.almasb.fxgl.ui.FXGLDialogFactoryServiceProvider, class com.almasb.fxgl.audio.AudioPlayer, class com.almasb.fxgl.notification.impl.NotificationServiceProvider, class com.almasb.fxgl.achievement.AchievementService, class com.almasb.fxgl.cutscene.CutsceneService, class com.almasb.fxgl.minigames.MiniGameService, class com.almasb.fxgl.net.NetService, class com.almasb.fxgl.app.services.UpdaterService, class com.almasb.fxgl.dev.DevService]
20:09:43.342 [FXGL Background Thread 3 ] DEBUG Engine               - fontGame: Abel-Regular.ttf
20:09:43.343 [FXGL Background Thread 3 ] DEBUG Engine               - fontMono: lucida_console.ttf
20:09:43.343 [FXGL Background Thread 3 ] DEBUG Engine               - fontText: Courier-Prime.ttf
20:09:43.343 [FXGL Background Thread 3 ] DEBUG Engine               - fontUI: VarelaRound-Regular.ttf
20:09:43.344 [FXGL Background Thread 3 ] DEBUG Engine               - fullScreen: BooleanProperty [value: false]
20:09:43.345 [FXGL Background Thread 3 ] DEBUG Engine               - gameDifficulty: MEDIUM
20:09:43.345 [FXGL Background Thread 3 ] DEBUG Engine               - gameDifficultyProperty: ObjectProperty [value: MEDIUM]
20:09:43.345 [FXGL Background Thread 3 ] DEBUG Engine               - globalMusicVolume: 0.5
20:09:43.345 [FXGL Background Thread 3 ] DEBUG Engine               - globalMusicVolumeProperty: DoubleProperty [value: 0.5]
20:09:43.346 [FXGL Background Thread 3 ] DEBUG Engine               - globalSoundVolume: 0.5
20:09:43.346 [FXGL Background Thread 3 ] DEBUG Engine               - globalSoundVolumeProperty: DoubleProperty [value: 0.5]
20:09:43.346 [FXGL Background Thread 3 ] DEBUG Engine               - height: 1080
20:09:43.346 [FXGL Background Thread 3 ] DEBUG Engine               - is3D: false
20:09:43.346 [FXGL Background Thread 3 ] DEBUG Engine               - isAndroid: false
20:09:43.347 [FXGL Background Thread 3 ] DEBUG Engine               - isBrowser: false
20:09:43.347 [FXGL Background Thread 3 ] DEBUG Engine               - isClickFeedbackEnabled: false
20:09:43.347 [FXGL Background Thread 3 ] DEBUG Engine               - isCloseConfirmation: false
20:09:43.347 [FXGL Background Thread 3 ] DEBUG Engine               - isDesktop: true
20:09:43.347 [FXGL Background Thread 3 ] DEBUG Engine               - isDeveloperMenuEnabled: false
20:09:43.348 [FXGL Background Thread 3 ] DEBUG Engine               - isEntityPreloadEnabled: true
20:09:43.348 [FXGL Background Thread 3 ] DEBUG Engine               - isExperimentalTiledLargeMap: false
20:09:43.349 [FXGL Background Thread 3 ] DEBUG Engine               - isFileSystemWriteAllowed: true
20:09:43.349 [FXGL Background Thread 3 ] DEBUG Engine               - isFullScreenAllowed: false
20:09:43.349 [FXGL Background Thread 3 ] DEBUG Engine               - isFullScreenFromStart: false
20:09:43.350 [FXGL Background Thread 3 ] DEBUG Engine               - isGameMenuEnabled: true
20:09:43.350 [FXGL Background Thread 3 ] DEBUG Engine               - isIOS: false
20:09:43.350 [FXGL Background Thread 3 ] DEBUG Engine               - isIntroEnabled: false
20:09:43.350 [FXGL Background Thread 3 ] DEBUG Engine               - isLinux: false
20:09:43.351 [FXGL Background Thread 3 ] DEBUG Engine               - isMac: true
20:09:43.351 [FXGL Background Thread 3 ] DEBUG Engine               - isMainMenuEnabled: false
20:09:43.352 [FXGL Background Thread 3 ] DEBUG Engine               - isManualResizeEnabled: false
20:09:43.352 [FXGL Background Thread 3 ] DEBUG Engine               - isMobile: false
20:09:43.352 [FXGL Background Thread 3 ] DEBUG Engine               - isNative: false
20:09:43.353 [FXGL Background Thread 3 ] DEBUG Engine               - isPreserveResizeRatio: false
20:09:43.353 [FXGL Background Thread 3 ] DEBUG Engine               - isProfilingEnabled: false
20:09:43.353 [FXGL Background Thread 3 ] DEBUG Engine               - isScaleAffectedOnResize: true
20:09:43.353 [FXGL Background Thread 3 ] DEBUG Engine               - isSingleStep: false
20:09:43.354 [FXGL Background Thread 3 ] DEBUG Engine               - isUserProfileEnabled: false
20:09:43.354 [FXGL Background Thread 3 ] DEBUG Engine               - isWindows: false
20:09:43.354 [FXGL Background Thread 3 ] DEBUG Engine               - language: ObjectProperty [value: ENGLISH]
20:09:43.355 [FXGL Background Thread 3 ] DEBUG Engine               - menuKey: ESCAPE
20:09:43.355 [FXGL Background Thread 3 ] DEBUG Engine               - mouseSensitivity: 0.2
20:09:43.355 [FXGL Background Thread 3 ] DEBUG Engine               - notificationViewClass: class com.almasb.fxgl.notification.view.XboxNotificationView
20:09:43.355 [FXGL Background Thread 3 ] DEBUG Engine               - pixelsPerMeter: 50.0
20:09:43.355 [FXGL Background Thread 3 ] DEBUG Engine               - platform: MAC
20:09:43.356 [FXGL Background Thread 3 ] DEBUG Engine               - prefHeightProperty: ReadOnlyDoubleProperty [value: 1080.0]
20:09:43.356 [FXGL Background Thread 3 ] DEBUG Engine               - prefWidthProperty: ReadOnlyDoubleProperty [value: 1920.0]
20:09:43.356 [FXGL Background Thread 3 ] DEBUG Engine               - profileDir: profiles/
20:09:43.357 [FXGL Background Thread 3 ] DEBUG Engine               - profileName: StringProperty [value: DEFAULT]
20:09:43.357 [FXGL Background Thread 3 ] DEBUG Engine               - randomSeed: -1
20:09:43.357 [FXGL Background Thread 3 ] DEBUG Engine               - runtimeInfo: RuntimeInfo(platform=MAC, version=11.16, build=25.05.2021 08.16)
20:09:43.358 [FXGL Background Thread 3 ] DEBUG Engine               - saveFileExt: sav
20:09:43.358 [FXGL Background Thread 3 ] DEBUG Engine               - scaledHeightProp$fxgl: DoubleProperty [bound, value: 801.0]
20:09:43.359 [FXGL Background Thread 3 ] DEBUG Engine               - scaledWidthProp$fxgl: DoubleProperty [bound, value: 1400.0]
20:09:43.359 [FXGL Background Thread 3 ] DEBUG Engine               - sceneFactory: com.almasb.fxgl.app.scene.SceneFactory@4594b49b
20:09:43.359 [FXGL Background Thread 3 ] DEBUG Engine               - secondsIn24h: 60
20:09:43.360 [FXGL Background Thread 3 ] DEBUG Engine               - soundMenuBack: menu/back.wav
20:09:43.360 [FXGL Background Thread 3 ] DEBUG Engine               - soundMenuPress: menu/press.wav
20:09:43.360 [FXGL Background Thread 3 ] DEBUG Engine               - soundMenuSelect: menu/select.wav
20:09:43.360 [FXGL Background Thread 3 ] DEBUG Engine               - soundNotification: core/notification.wav
20:09:43.361 [FXGL Background Thread 3 ] DEBUG Engine               - stageStyle: DECORATED
20:09:43.361 [FXGL Background Thread 3 ] DEBUG Engine               - supportedLanguages: [ENGLISH, FRENCH, GERMAN, HUNGARIAN, RUSSIAN]
20:09:43.361 [FXGL Background Thread 3 ] DEBUG Engine               - ticksPerSecond: -1
20:09:43.362 [FXGL Background Thread 3 ] DEBUG Engine               - title: Rhythm Knight v0.0.1
20:09:43.362 [FXGL Background Thread 3 ] DEBUG Engine               - urlGithub: https://github.com/AlmasB/FXGL
20:09:43.362 [FXGL Background Thread 3 ] DEBUG Engine               - urlLeaderboard: http://fxgl-top.herokuapp.com/
20:09:43.362 [FXGL Background Thread 3 ] DEBUG Engine               - urlPOM: https://raw.githubusercontent.com/AlmasB/FXGL/release/README.md
20:09:43.362 [FXGL Background Thread 3 ] DEBUG Engine               - userAppClass: class TestMap
20:09:43.363 [FXGL Background Thread 3 ] DEBUG Engine               - version: 0.0
20:09:43.363 [FXGL Background Thread 3 ] DEBUG Engine               - versionCheckDays: 7
20:09:43.363 [FXGL Background Thread 3 ] DEBUG Engine               - width: 1920
20:09:43.363 [FXGL Background Thread 3 ] DEBUG Engine               - Logging services
20:09:43.364 [FXGL Background Thread 3 ] DEBUG Engine               - class com.almasb.fxgl.app.services.FXGLAssetLoaderService
20:09:43.364 [FXGL Background Thread 3 ] DEBUG Engine               - class com.almasb.fxgl.app.FXGLApplication$GameApplicationService
20:09:43.366 [FXGL Background Thread 3 ] DEBUG Engine               - class com.almasb.fxgl.app.services.FXGLDialogService
20:09:43.366 [FXGL Background Thread 3 ] DEBUG Engine               - class com.almasb.fxgl.app.services.IOTaskExecutorService
20:09:43.366 [FXGL Background Thread 3 ] DEBUG Engine               - class com.almasb.fxgl.io.FileSystemService
20:09:43.367 [FXGL Background Thread 3 ] DEBUG Engine               - class com.almasb.fxgl.localization.LocalizationService
20:09:43.380 [FXGL Background Thread 3 ] DEBUG Engine               - class com.almasb.fxgl.app.services.SystemBundleService
20:09:43.380 [FXGL Background Thread 3 ] DEBUG Engine               - class com.almasb.fxgl.profile.SaveLoadService
20:09:43.381 [FXGL Background Thread 3 ] DEBUG Engine               - class com.almasb.fxgl.ui.FXGLUIFactoryServiceProvider
20:09:43.381 [FXGL Background Thread 3 ] DEBUG Engine               - class com.almasb.fxgl.ui.FXGLDialogFactoryServiceProvider
20:09:43.381 [FXGL Background Thread 3 ] DEBUG Engine               - class com.almasb.fxgl.audio.AudioPlayer
20:09:43.381 [FXGL Background Thread 3 ] DEBUG Engine               - class com.almasb.fxgl.notification.impl.NotificationServiceProvider
20:09:43.381 [FXGL Background Thread 3 ] DEBUG Engine               - class com.almasb.fxgl.achievement.AchievementService
20:09:43.381 [FXGL Background Thread 3 ] DEBUG Engine               - class com.almasb.fxgl.cutscene.CutsceneService
20:09:43.382 [FXGL Background Thread 3 ] DEBUG Engine               - class com.almasb.fxgl.minigames.MiniGameService
20:09:43.382 [FXGL Background Thread 3 ] DEBUG Engine               - class com.almasb.fxgl.net.NetService
20:09:43.382 [FXGL Background Thread 3 ] DEBUG Engine               - class com.almasb.fxgl.app.services.UpdaterService
20:09:43.383 [FXGL Background Thread 3 ] DEBUG Engine               - class com.almasb.fxgl.dev.DevService
20:10:25.184 [JavaFX Application Thread] DEBUG FXGLApplication      - Exiting FXGL
20:10:25.185 [JavaFX Application Thread] DEBUG LoopRunner           - Stopping loop
20:10:25.185 [JavaFX Application Thread] DEBUG SystemBundleService  - Saving FXGL system data
20:10:25.190 [JavaFX Application Thread] DEBUG FileSystemAccess     - Writing to: /Users/kylefry/Desktop/RhythmKnight/Project/system/fxgl.bundle
20:10:25.192 [JavaFX Application Thread] DEBUG Async                - Shutting down background threads
20:10:25.193 [JavaFX Application Thread] DEBUG PrimaryStageWindow   - Closing main window
20:10:25.202 [JavaFX Application Thread] DEBUG Logger               - Closing Logger
