14:07:07.217 [main                     ] DEBUG Logger               - Configured Logger
14:07:07.263 [main                     ] DEBUG GameApplication      - Logging settings
Title: Rhythm Knight
Version: Pre-Alpha 1
Width: 1920
Height: 1080
Fullscreen: false
Intro: false
Profiling: false
Single step:false
App Mode: DEVELOPER
Menu Key: ESCAPE
Stage Style: DECORATED
Scene Factory: class GameApp$1

14:07:08.071 [JavaFX Application Thread] DEBUG FXGLApplication      - Initializing FXGL
14:07:08.074 [JavaFX Application Thread] INFO  Engine               - FXGL-11.16 (25.05.2021 08.16) on MAC (J:11.0.8 FX:16)
14:07:08.075 [JavaFX Application Thread] DEBUG Engine               - JRE Vendor Name: Oracle Corporation
14:07:08.075 [JavaFX Application Thread] DEBUG Engine               - Running on OS: Mac OS X version 10.16
14:07:08.075 [JavaFX Application Thread] DEBUG Engine               - Architecture: x86_64
14:07:08.075 [JavaFX Application Thread] INFO  Engine               - Source code and latest versions at: https://github.com/AlmasB/FXGL
14:07:08.075 [JavaFX Application Thread] INFO  Engine               -              Join the FXGL chat at: https://gitter.im/AlmasB/FXGL
14:07:08.377 [JavaFX Application Thread] DEBUG PrimaryStageWindow   - Creating a JavaFX scene
14:07:08.377 [JavaFX Application Thread] DEBUG PrimaryStageWindow   - Target size > screen size
14:07:08.552 [JavaFX Application Thread] DEBUG PrimaryStageWindow   - Target settings size: 1920.0 x 1080.0
14:07:08.552 [JavaFX Application Thread] DEBUG PrimaryStageWindow   - Scaled scene size:    1400.0 x 801.0
14:07:08.552 [JavaFX Application Thread] DEBUG PrimaryStageWindow   - Scaled ratio: (0.7291666666666666, 0.7416666666666667)
14:07:08.553 [JavaFX Application Thread] DEBUG PrimaryStageWindow   - Set initial scene to FXGLStartupScene
14:07:08.565 [JavaFX Application Thread] DEBUG PrimaryStageWindow   - Opening main window
14:07:08.878 [JavaFX Application Thread] DEBUG PrimaryStageWindow   - Window border size: (0.0, 28.0)
14:07:08.878 [JavaFX Application Thread] DEBUG PrimaryStageWindow   - Scaled size: 1400.0 x 801.0
14:07:08.879 [JavaFX Application Thread] DEBUG PrimaryStageWindow   - Scaled ratio: (0.7291666666666666, 0.7416666666666667)
14:07:08.879 [JavaFX Application Thread] DEBUG PrimaryStageWindow   - Scene size: 1400.0 x 801.0
14:07:08.880 [JavaFX Application Thread] DEBUG PrimaryStageWindow   - Stage size: 1400.0 x 829.0
14:07:08.894 [FXGL Background Thread 1 ] DEBUG Engine               - Initializing environment variables
14:07:08.988 [FXGL Background Thread 1 ] DEBUG FXGLAssetLoaderServi - User app class for loading assets: class GameApp
14:07:08.989 [FXGL Background Thread 1 ] DEBUG GameApplicationServi - Applying CSS: fxgl_dark.css
14:07:08.990 [FXGL Background Thread 1 ] DEBUG FXGLAssetLoaderServi - Loading from file system: jar:file:/Users/kylefry/.m2/repository/com/github/almasb/fxgl/11.16/fxgl-11.16.jar!/fxglassets/ui/css/fxgl_dark.css
14:07:09.190 [FXGL Background Thread 1 ] DEBUG GameApplicationServi - Initializing application scenes
14:07:09.812 [FXGL Background Thread 1 ] DEBUG GameWorld            - Game world initialized
14:07:09.949 [FXGL Background Thread 1 ] DEBUG PhysicsWorld         - Physics world initialized: appHeight=1080, physics.ppm=50.0
14:07:09.950 [FXGL Background Thread 1 ] DEBUG PhysicsWorld         - Using strategy: BRUTE_FORCE
14:07:09.952 [FXGL Background Thread 1 ] DEBUG GameScene            - Game scene initialized: 1920x1080
14:07:09.960 [FXGL Background Thread 1 ] DEBUG FXGLAssetLoaderServi - Loading from file system: file:/Users/kylefry/Desktop/RhythmKnight/Project/target/classes/assets/textures/logo-with-menu.png
14:07:10.262 [FXGL Background Thread 1 ] DEBUG FXGLAssetLoaderServi - Loading from file system: file:/Users/kylefry/Desktop/RhythmKnight/Project/target/classes/assets/textures/rest.png
14:07:10.283 [FXGL Background Thread 1 ] DEBUG FXGL.DefaultMenu     - createMenuBodyGameMenu()
14:07:10.352 [FXGL Background Thread 1 ] DEBUG FXGL.DefaultMenu     - createOptionsMenu()
14:07:10.361 [FXGL Background Thread 1 ] DEBUG FXGLAssetLoaderServi - Loading from file system: jar:file:/Users/kylefry/.m2/repository/com/github/almasb/fxgl/11.16/fxgl-11.16.jar!/fxglassets/textures/particles/smoke.png
14:07:10.609 [FXGL Background Thread 1 ] DEBUG FXGLAssetLoaderServi - Loading from file system: jar:file:/Users/kylefry/.m2/repository/com/github/almasb/fxgl/11.16/fxgl-11.16.jar!/fxglassets/textures/particles/trace_horizontal.png
14:07:10.655 [FXGL Background Thread 1 ] DEBUG GameApplicationServi - Application scenes initialized
14:07:10.686 [FXGL Background Thread 1 ] DEBUG SystemBundleService  - Loading FXGL system data
14:07:10.693 [FXGL Background Thread 1 ] DEBUG FileSystemAccess     - Reading from: /Users/kylefry/Desktop/RhythmKnight/Project/system/fxgl.bundle
14:07:10.704 [FXGL Background Thread 1 ] DEBUG SystemBundleService  - Bundle FXGL: {}
14:07:10.704 [FXGL Background Thread 1 ] DEBUG UpdaterService       - Checking for updates
14:07:10.732 [FXGL Background Thread 4 ] DEBUG FXGLApplication      - Loading fonts
14:07:10.733 [FXGL Background Thread 4 ] DEBUG FXGLAssetLoaderServi - Loading from file system: jar:file:/Users/kylefry/.m2/repository/com/github/almasb/fxgl/11.16/fxgl-11.16.jar!/fxglassets/ui/fonts/VarelaRound-Regular.ttf
14:07:10.734 [FXGL Background Thread 1 ] DEBUG FXGLApplication      - Loading default localization
14:07:10.735 [FXGL Background Thread 1 ] DEBUG FXGLAssetLoaderServi - Loading from file system: jar:file:/Users/kylefry/.m2/repository/com/github/almasb/fxgl/11.16/fxgl-11.16.jar!/fxglassets/languages/english.lang
14:07:10.793 [FXGL Background Thread 4 ] DEBUG FXGLAssetLoaderServi - Loading from file system: jar:file:/Users/kylefry/.m2/repository/com/github/almasb/fxgl/11.16/fxgl-11.16.jar!/fxglassets/ui/fonts/Abel-Regular.ttf
14:07:10.806 [FXGL Background Thread 4 ] DEBUG FXGLAssetLoaderServi - Loading from file system: jar:file:/Users/kylefry/.m2/repository/com/github/almasb/fxgl/11.16/fxgl-11.16.jar!/fxglassets/ui/fonts/lucida_console.ttf
14:07:10.854 [FXGL Background Thread 4 ] DEBUG FXGLAssetLoaderServi - Loading from file system: jar:file:/Users/kylefry/.m2/repository/com/github/almasb/fxgl/11.16/fxgl-11.16.jar!/fxglassets/ui/fonts/Courier-Prime.ttf
14:07:10.860 [JavaFX Application Thread] DEBUG FXGLApplication      - Registering font factories with UI factory
14:07:10.931 [FXGL Background Thread 1 ] INFO  FXGLApplication      - FXGL initialization took: 2.037 sec
14:07:10.933 [JavaFX Application Thread] DEBUG FXGLAssetLoaderServi - Loading from file system: jar:file:/Users/kylefry/.m2/repository/com/github/almasb/fxgl/11.16/fxgl-11.16.jar!/fxglassets/textures/fxgl_icon.png
14:07:10.964 [JavaFX Application Thread] DEBUG FXGLAssetLoaderServi - Loading from file system: jar:file:/Users/kylefry/.m2/repository/com/github/almasb/fxgl/11.16/fxgl-11.16.jar!/fxglassets/textures/fxgl_default_cursor.png
14:07:10.995 [JavaFX Application Thread] DEBUG Input                - Registered new binding: Screenshot - CTRL+8
14:07:10.996 [JavaFX Application Thread] DEBUG Input                - Registered new binding: System info dump - CTRL+9
14:07:10.996 [JavaFX Application Thread] DEBUG Input                - Registered new binding: Restart - CTRL+R
14:07:10.997 [JavaFX Application Thread] DEBUG Input                - Registered new binding: Toggle Debug Camera - CTRL+C
14:07:11.000 [JavaFX Application Thread] DEBUG LoopRunner           - Starting loop
14:07:11.000 [JavaFX Application Thread] DEBUG LoopRunner           - Initializing JavaFX AnimationTimerLoop
14:07:11.003 [JavaFX Application Thread] DEBUG Input                - Clearing active input actions
14:07:11.014 [JavaFX Application Thread] DEBUG GameApplicationServi - Removing overlay from FXGLStartupScene and adding to FXGLMainMenuDummyScene
14:07:11.014 [JavaFX Application Thread] DEBUG PrimaryStageWindow   - FXGLStartupScene -> FXGLMainMenuDummyScene
14:07:11.014 [JavaFX Application Thread] DEBUG PrimaryStageWindow   - Push state: AppMainMenu
14:07:11.014 [JavaFX Application Thread] DEBUG Input                - Clearing active input actions
14:07:11.025 [JavaFX Application Thread] DEBUG GameApplicationServi - Removing overlay from FXGLMainMenuDummyScene and adding to AppMainMenu
14:07:11.026 [JavaFX Application Thread] DEBUG PrimaryStageWindow   - FXGLMainMenuDummyScene -> AppMainMenu
14:07:13.623 [JavaFX Application Thread] DEBUG Menu                 - fireNewGame()
14:07:13.623 [JavaFX Application Thread] DEBUG GameApplicationServi - Starting new game
14:07:13.624 [JavaFX Application Thread] DEBUG PrimaryStageWindow   - Pop state: AppMainMenu
14:07:13.624 [JavaFX Application Thread] DEBUG Input                - Clearing active input actions
14:07:13.625 [JavaFX Application Thread] DEBUG GameApplicationServi - Removing overlay from AppMainMenu and adding to FXGLMainMenuDummyScene
14:07:13.625 [JavaFX Application Thread] DEBUG PrimaryStageWindow   - FXGLMainMenuDummyScene <- AppMainMenu
14:07:13.625 [JavaFX Application Thread] DEBUG Input                - Clearing active input actions
14:07:13.634 [JavaFX Application Thread] DEBUG GameApplicationServi - Removing overlay from FXGLMainMenuDummyScene and adding to FXGLLoadingScene
14:07:13.635 [JavaFX Application Thread] DEBUG PrimaryStageWindow   - FXGLMainMenuDummyScene -> FXGLLoadingScene
14:07:13.635 [JavaFX Application Thread] DEBUG GameApplicationServi - Clearing previous game
14:07:13.635 [JavaFX Application Thread] DEBUG GameScene            - Clearing game scene
14:07:13.635 [JavaFX Application Thread] DEBUG GameWorld            - Clearing game world
14:07:13.635 [JavaFX Application Thread] DEBUG PhysicsWorld         - Clearing physics world
14:07:13.637 [FXGL Background Thread 2 ] DEBUG FXGLApplication      - Initializing game
14:07:13.708 [FXGL Background Thread 3 ] DEBUG Engine               - Logging environment variables
14:07:13.709 [FXGL Background Thread 3 ] DEBUG Engine               - achievements: []
14:07:13.709 [FXGL Background Thread 3 ] DEBUG Engine               - actualHeight: 801.0
14:07:13.709 [FXGL Background Thread 3 ] DEBUG Engine               - actualHeightProperty: ReadOnlyDoubleProperty [value: 801.0]
14:07:13.709 [FXGL Background Thread 3 ] DEBUG Engine               - actualWidth: 1400.0
14:07:13.709 [FXGL Background Thread 3 ] DEBUG Engine               - actualWidthProperty: ReadOnlyDoubleProperty [value: 1400.0]
14:07:13.710 [FXGL Background Thread 3 ] DEBUG Engine               - appIcon: fxgl_icon.png
14:07:13.710 [FXGL Background Thread 3 ] DEBUG Engine               - applicationMode: DEVELOPER
14:07:13.710 [FXGL Background Thread 3 ] DEBUG Engine               - cSSList: [fxgl_dark.css]
14:07:13.710 [FXGL Background Thread 3 ] DEBUG Engine               - collisionDetectionStrategy: BRUTE_FORCE
14:07:13.710 [FXGL Background Thread 3 ] DEBUG Engine               - configClass: Optional.empty
14:07:13.710 [FXGL Background Thread 3 ] DEBUG Engine               - credits: []
14:07:13.710 [FXGL Background Thread 3 ] DEBUG Engine               - defaultCursor: CursorInfo(imageName=fxgl_default_cursor.png, hotspotX=7.0, hotspotY=6.0)
14:07:13.710 [FXGL Background Thread 3 ] DEBUG Engine               - devBBoxColorProperty: ObjectProperty [value: 0xff0000ff]
14:07:13.711 [FXGL Background Thread 3 ] DEBUG Engine               - devEnableDebugCameraProperty: BooleanProperty [value: false]
14:07:13.711 [FXGL Background Thread 3 ] DEBUG Engine               - devSensorColorProperty: ObjectProperty [value: 0xffff00ff]
14:07:13.711 [FXGL Background Thread 3 ] DEBUG Engine               - devShowBBoxProperty: BooleanProperty [value: false]
14:07:13.711 [FXGL Background Thread 3 ] DEBUG Engine               - devShowPositionProperty: BooleanProperty [value: false]
14:07:13.711 [FXGL Background Thread 3 ] DEBUG Engine               - enabledMenuItems: []
14:07:13.711 [FXGL Background Thread 3 ] DEBUG Engine               - engineServices: [class com.almasb.fxgl.app.services.FXGLAssetLoaderService, class com.almasb.fxgl.app.FXGLApplication$GameApplicationService, class com.almasb.fxgl.app.services.FXGLDialogService, class com.almasb.fxgl.app.services.IOTaskExecutorService, class com.almasb.fxgl.io.FileSystemService, class com.almasb.fxgl.localization.LocalizationService, class com.almasb.fxgl.app.services.SystemBundleService, class com.almasb.fxgl.profile.SaveLoadService, class com.almasb.fxgl.ui.FXGLUIFactoryServiceProvider, class com.almasb.fxgl.ui.FXGLDialogFactoryServiceProvider, class com.almasb.fxgl.audio.AudioPlayer, class com.almasb.fxgl.notification.impl.NotificationServiceProvider, class com.almasb.fxgl.achievement.AchievementService, class com.almasb.fxgl.cutscene.CutsceneService, class com.almasb.fxgl.minigames.MiniGameService, class com.almasb.fxgl.net.NetService, class com.almasb.fxgl.app.services.UpdaterService, class com.almasb.fxgl.dev.DevService]
14:07:13.711 [FXGL Background Thread 3 ] DEBUG Engine               - fontGame: Abel-Regular.ttf
14:07:13.711 [FXGL Background Thread 3 ] DEBUG Engine               - fontMono: lucida_console.ttf
14:07:13.711 [FXGL Background Thread 3 ] DEBUG Engine               - fontText: Courier-Prime.ttf
14:07:13.712 [FXGL Background Thread 3 ] DEBUG Engine               - fontUI: VarelaRound-Regular.ttf
14:07:13.712 [FXGL Background Thread 3 ] DEBUG Engine               - fullScreen: BooleanProperty [value: false]
14:07:13.712 [FXGL Background Thread 3 ] DEBUG Engine               - gameDifficulty: MEDIUM
14:07:13.712 [FXGL Background Thread 3 ] DEBUG Engine               - gameDifficultyProperty: ObjectProperty [value: MEDIUM]
14:07:13.712 [FXGL Background Thread 3 ] DEBUG Engine               - globalMusicVolume: 0.5
14:07:13.712 [FXGL Background Thread 3 ] DEBUG Engine               - globalMusicVolumeProperty: DoubleProperty [value: 0.5]
14:07:13.712 [FXGL Background Thread 3 ] DEBUG Engine               - globalSoundVolume: 0.5
14:07:13.712 [FXGL Background Thread 3 ] DEBUG Engine               - globalSoundVolumeProperty: DoubleProperty [value: 0.5]
14:07:13.712 [FXGL Background Thread 3 ] DEBUG Engine               - height: 1080
14:07:13.712 [FXGL Background Thread 3 ] DEBUG Engine               - is3D: false
14:07:13.713 [FXGL Background Thread 3 ] DEBUG Engine               - isAndroid: false
14:07:13.713 [FXGL Background Thread 3 ] DEBUG Engine               - isBrowser: false
14:07:13.713 [FXGL Background Thread 3 ] DEBUG Engine               - isClickFeedbackEnabled: false
14:07:13.713 [FXGL Background Thread 3 ] DEBUG Engine               - isCloseConfirmation: false
14:07:13.713 [FXGL Background Thread 3 ] DEBUG Engine               - isDesktop: true
14:07:13.713 [FXGL Background Thread 3 ] DEBUG Engine               - isDeveloperMenuEnabled: false
14:07:13.713 [FXGL Background Thread 3 ] DEBUG Engine               - isEntityPreloadEnabled: true
14:07:13.713 [FXGL Background Thread 3 ] DEBUG Engine               - isExperimentalTiledLargeMap: false
14:07:13.713 [FXGL Background Thread 3 ] DEBUG Engine               - isFileSystemWriteAllowed: true
14:07:13.714 [FXGL Background Thread 3 ] DEBUG Engine               - isFullScreenAllowed: false
14:07:13.714 [FXGL Background Thread 3 ] DEBUG Engine               - isFullScreenFromStart: false
14:07:13.714 [FXGL Background Thread 3 ] DEBUG Engine               - isGameMenuEnabled: true
14:07:13.714 [FXGL Background Thread 3 ] DEBUG Engine               - isIOS: false
14:07:13.714 [FXGL Background Thread 3 ] DEBUG Engine               - isIntroEnabled: false
14:07:13.714 [FXGL Background Thread 3 ] DEBUG Engine               - isLinux: false
14:07:13.714 [FXGL Background Thread 3 ] DEBUG Engine               - isMac: true
14:07:13.714 [FXGL Background Thread 3 ] DEBUG Engine               - isMainMenuEnabled: true
14:07:13.714 [FXGL Background Thread 3 ] DEBUG Engine               - isManualResizeEnabled: false
14:07:13.715 [FXGL Background Thread 3 ] DEBUG Engine               - isMobile: false
14:07:13.715 [FXGL Background Thread 3 ] DEBUG Engine               - isNative: false
14:07:13.715 [FXGL Background Thread 3 ] DEBUG Engine               - isPreserveResizeRatio: false
14:07:13.715 [FXGL Background Thread 3 ] DEBUG Engine               - isProfilingEnabled: false
14:07:13.715 [FXGL Background Thread 3 ] DEBUG Engine               - isScaleAffectedOnResize: true
14:07:13.715 [FXGL Background Thread 3 ] DEBUG Engine               - isSingleStep: false
14:07:13.715 [FXGL Background Thread 3 ] DEBUG Engine               - isUserProfileEnabled: false
14:07:13.715 [FXGL Background Thread 3 ] DEBUG Engine               - isWindows: false
14:07:13.715 [FXGL Background Thread 3 ] DEBUG Engine               - language: ObjectProperty [value: ENGLISH]
14:07:13.716 [FXGL Background Thread 3 ] DEBUG Engine               - menuKey: ESCAPE
14:07:13.716 [FXGL Background Thread 3 ] DEBUG Engine               - mouseSensitivity: 0.2
14:07:13.716 [FXGL Background Thread 3 ] DEBUG Engine               - notificationViewClass: class com.almasb.fxgl.notification.view.XboxNotificationView
14:07:13.716 [FXGL Background Thread 3 ] DEBUG Engine               - pixelsPerMeter: 50.0
14:07:13.716 [FXGL Background Thread 3 ] DEBUG Engine               - platform: MAC
14:07:13.716 [FXGL Background Thread 3 ] DEBUG Engine               - prefHeightProperty: ReadOnlyDoubleProperty [value: 1080.0]
14:07:13.716 [FXGL Background Thread 3 ] DEBUG Engine               - prefWidthProperty: ReadOnlyDoubleProperty [value: 1920.0]
14:07:13.716 [FXGL Background Thread 3 ] DEBUG Engine               - profileDir: profiles/
14:07:13.716 [FXGL Background Thread 3 ] DEBUG Engine               - profileName: StringProperty [value: DEFAULT]
14:07:13.716 [FXGL Background Thread 3 ] DEBUG Engine               - randomSeed: -1
14:07:13.716 [FXGL Background Thread 3 ] DEBUG Engine               - runtimeInfo: RuntimeInfo(platform=MAC, version=11.16, build=25.05.2021 08.16)
14:07:13.717 [FXGL Background Thread 3 ] DEBUG Engine               - saveFileExt: sav
14:07:13.717 [FXGL Background Thread 3 ] DEBUG Engine               - scaledHeightProp$fxgl: DoubleProperty [bound, value: 801.0]
14:07:13.717 [FXGL Background Thread 3 ] DEBUG Engine               - scaledWidthProp$fxgl: DoubleProperty [bound, value: 1400.0]
14:07:13.717 [FXGL Background Thread 3 ] DEBUG Engine               - sceneFactory: GameApp$1@5a702704
14:07:13.717 [FXGL Background Thread 3 ] DEBUG Engine               - secondsIn24h: 60
14:07:13.717 [FXGL Background Thread 3 ] DEBUG Engine               - soundMenuBack: menu/back.wav
14:07:13.717 [FXGL Background Thread 3 ] DEBUG Engine               - soundMenuPress: menu/press.wav
14:07:13.717 [FXGL Background Thread 3 ] DEBUG Engine               - soundMenuSelect: menu/select.wav
14:07:13.717 [FXGL Background Thread 3 ] DEBUG Engine               - soundNotification: core/notification.wav
14:07:13.717 [FXGL Background Thread 3 ] DEBUG Engine               - stageStyle: DECORATED
14:07:13.717 [FXGL Background Thread 3 ] DEBUG Engine               - supportedLanguages: [ENGLISH, FRENCH, GERMAN, HUNGARIAN, RUSSIAN]
14:07:13.718 [FXGL Background Thread 3 ] DEBUG Engine               - ticksPerSecond: -1
14:07:13.718 [FXGL Background Thread 3 ] DEBUG Engine               - title: Rhythm Knight
14:07:13.718 [FXGL Background Thread 3 ] DEBUG Engine               - urlGithub: https://github.com/AlmasB/FXGL
14:07:13.718 [FXGL Background Thread 3 ] DEBUG Engine               - urlLeaderboard: http://fxgl-top.herokuapp.com/
14:07:13.718 [FXGL Background Thread 3 ] DEBUG Engine               - urlPOM: https://raw.githubusercontent.com/AlmasB/FXGL/release/README.md
14:07:13.718 [FXGL Background Thread 3 ] DEBUG Engine               - userAppClass: class GameApp
14:07:13.718 [FXGL Background Thread 3 ] DEBUG Engine               - version: Pre-Alpha 1
14:07:13.718 [FXGL Background Thread 3 ] DEBUG Engine               - versionCheckDays: 7
14:07:13.718 [FXGL Background Thread 3 ] DEBUG Engine               - width: 1920
14:07:13.718 [FXGL Background Thread 3 ] DEBUG Engine               - Logging services
14:07:13.719 [FXGL Background Thread 3 ] DEBUG Engine               - class com.almasb.fxgl.app.services.FXGLAssetLoaderService
14:07:13.719 [FXGL Background Thread 3 ] DEBUG Engine               - class com.almasb.fxgl.app.FXGLApplication$GameApplicationService
14:07:13.719 [FXGL Background Thread 3 ] DEBUG Engine               - class com.almasb.fxgl.app.services.FXGLDialogService
14:07:13.719 [FXGL Background Thread 3 ] DEBUG Engine               - class com.almasb.fxgl.app.services.IOTaskExecutorService
14:07:13.719 [FXGL Background Thread 3 ] DEBUG Engine               - class com.almasb.fxgl.io.FileSystemService
14:07:13.719 [FXGL Background Thread 3 ] DEBUG Engine               - class com.almasb.fxgl.localization.LocalizationService
14:07:13.719 [FXGL Background Thread 3 ] DEBUG Engine               - class com.almasb.fxgl.app.services.SystemBundleService
14:07:13.719 [FXGL Background Thread 3 ] DEBUG Engine               - class com.almasb.fxgl.profile.SaveLoadService
14:07:13.719 [FXGL Background Thread 3 ] DEBUG Engine               - class com.almasb.fxgl.ui.FXGLUIFactoryServiceProvider
14:07:13.719 [FXGL Background Thread 3 ] DEBUG Engine               - class com.almasb.fxgl.ui.FXGLDialogFactoryServiceProvider
14:07:13.719 [FXGL Background Thread 3 ] DEBUG Engine               - class com.almasb.fxgl.audio.AudioPlayer
14:07:13.720 [FXGL Background Thread 3 ] DEBUG Engine               - class com.almasb.fxgl.notification.impl.NotificationServiceProvider
14:07:13.720 [FXGL Background Thread 3 ] DEBUG Engine               - class com.almasb.fxgl.achievement.AchievementService
14:07:13.720 [FXGL Background Thread 3 ] DEBUG Engine               - class com.almasb.fxgl.cutscene.CutsceneService
14:07:13.720 [FXGL Background Thread 3 ] DEBUG Engine               - class com.almasb.fxgl.minigames.MiniGameService
14:07:13.720 [FXGL Background Thread 3 ] DEBUG Engine               - class com.almasb.fxgl.net.NetService
14:07:13.720 [FXGL Background Thread 3 ] DEBUG Engine               - class com.almasb.fxgl.app.services.UpdaterService
14:07:13.720 [FXGL Background Thread 3 ] DEBUG Engine               - class com.almasb.fxgl.dev.DevService
14:07:14.436 [FXGL Background Thread 2 ] DEBUG FXGLAssetLoaderServi - Loading from file system: file:/Users/kylefry/Desktop/RhythmKnight/Project/target/classes/assets/sounds/snare01.wav
14:07:14.491 [FXGL Background Thread 2 ] DEBUG FXGLAssetLoaderServi - Loading from file system: file:/Users/kylefry/Desktop/RhythmKnight/Project/target/classes/assets/textures/unvisited.png
14:07:14.494 [FXGL Background Thread 2 ] DEBUG FXGLAssetLoaderServi - Loading from file system: file:/Users/kylefry/Desktop/RhythmKnight/Project/target/classes/assets/textures/cutout.png
14:07:14.626 [FXGL Background Thread 2 ] DEBUG FXGLAssetLoaderServi - Loading from file system: file:/Users/kylefry/Desktop/RhythmKnight/Project/target/classes/assets/textures/TutorialTilemap.png
14:07:14.748 [FXGL Background Thread 2 ] INFO  FXGLApplication      - Game initialization took: 1.111 sec
14:07:14.749 [JavaFX Application Thread] DEBUG Input                - Clearing active input actions
14:07:14.758 [JavaFX Application Thread] DEBUG GameApplicationServi - Removing overlay from FXGLLoadingScene and adding to GameScene
14:07:14.758 [JavaFX Application Thread] DEBUG PrimaryStageWindow   - FXGLLoadingScene -> GameScene
14:07:56.603 [JavaFX Application Thread] DEBUG FXGLApplication      - Exiting FXGL
14:07:56.604 [JavaFX Application Thread] DEBUG LoopRunner           - Stopping loop
14:07:56.604 [JavaFX Application Thread] DEBUG SystemBundleService  - Saving FXGL system data
14:07:56.607 [JavaFX Application Thread] DEBUG FileSystemAccess     - Writing to: /Users/kylefry/Desktop/RhythmKnight/Project/system/fxgl.bundle
14:07:56.609 [JavaFX Application Thread] DEBUG Async                - Shutting down background threads
14:07:56.610 [JavaFX Application Thread] DEBUG PrimaryStageWindow   - Closing main window
14:07:56.616 [JavaFX Application Thread] DEBUG Logger               - Closing Logger
