12:46:56.727 [main                     ] DEBUG Logger               - Configured Logger
12:46:56.732 [main                     ] DEBUG GameApplication      - Logging settings
Title: Rhythm Knight
Version: Pre-Alpha 1
Width: 1920
Height: 1080
Fullscreen: false
Intro: false
Profiling: false
Single step:false
App Mode: DEVELOPER
Menu Key: ESCAPE
Stage Style: DECORATED
Scene Factory: class GameApp$1

12:46:57.185 [JavaFX Application Thread] DEBUG FXGLApplication      - Initializing FXGL
12:46:57.187 [JavaFX Application Thread] INFO  Engine               - FXGL-11.16 (25.05.2021 08.16) on MAC (J:16.0.1 FX:16)
12:46:57.188 [JavaFX Application Thread] DEBUG Engine               - JRE Vendor Name: Oracle Corporation
12:46:57.188 [JavaFX Application Thread] DEBUG Engine               - Running on OS: Mac OS X version 11.4
12:46:57.188 [JavaFX Application Thread] DEBUG Engine               - Architecture: x86_64
12:46:57.188 [JavaFX Application Thread] INFO  Engine               - Source code and latest versions at: https://github.com/AlmasB/FXGL
12:46:57.188 [JavaFX Application Thread] INFO  Engine               -              Join the FXGL chat at: https://gitter.im/AlmasB/FXGL
12:46:57.318 [JavaFX Application Thread] DEBUG PrimaryStageWindow   - Creating a JavaFX scene
12:46:57.318 [JavaFX Application Thread] DEBUG PrimaryStageWindow   - Target size > screen size
12:46:57.376 [JavaFX Application Thread] DEBUG PrimaryStageWindow   - Target settings size: 1920.0 x 1080.0
12:46:57.376 [JavaFX Application Thread] DEBUG PrimaryStageWindow   - Scaled scene size:    1400.0 x 801.0
12:46:57.377 [JavaFX Application Thread] DEBUG PrimaryStageWindow   - Scaled ratio: (0.7291666666666666, 0.7416666666666667)
12:46:57.378 [JavaFX Application Thread] DEBUG PrimaryStageWindow   - Set initial scene to FXGLStartupScene
12:46:57.406 [JavaFX Application Thread] DEBUG PrimaryStageWindow   - Opening main window
12:46:57.724 [JavaFX Application Thread] DEBUG PrimaryStageWindow   - Window border size: (0.0, 28.0)
12:46:57.724 [JavaFX Application Thread] DEBUG PrimaryStageWindow   - Scaled size: 1400.0 x 801.0
12:46:57.724 [JavaFX Application Thread] DEBUG PrimaryStageWindow   - Scaled ratio: (0.7291666666666666, 0.7416666666666667)
12:46:57.724 [JavaFX Application Thread] DEBUG PrimaryStageWindow   - Scene size: 1400.0 x 801.0
12:46:57.724 [JavaFX Application Thread] DEBUG PrimaryStageWindow   - Stage size: 1400.0 x 829.0
12:46:57.735 [FXGL Background Thread 1 ] DEBUG Engine               - Initializing environment variables
12:46:57.781 [FXGL Background Thread 1 ] DEBUG FXGLAssetLoaderServi - User app class for loading assets: class GameApp
12:46:57.782 [FXGL Background Thread 1 ] DEBUG GameApplicationServi - Applying CSS: fxgl_dark.css
12:46:57.783 [FXGL Background Thread 1 ] DEBUG FXGLAssetLoaderServi - Loading from file system: jar:file:/Users/kylefry/.m2/repository/com/github/almasb/fxgl/11.16/fxgl-11.16.jar!/fxglassets/ui/css/fxgl_dark.css
12:46:57.884 [FXGL Background Thread 1 ] DEBUG GameApplicationServi - Initializing application scenes
12:46:58.366 [FXGL Background Thread 1 ] DEBUG GameWorld            - Game world initialized
12:46:58.401 [FXGL Background Thread 1 ] DEBUG PhysicsWorld         - Physics world initialized: appHeight=1080, physics.ppm=50.0
12:46:58.402 [FXGL Background Thread 1 ] DEBUG PhysicsWorld         - Using strategy: BRUTE_FORCE
12:46:58.403 [FXGL Background Thread 1 ] DEBUG GameScene            - Game scene initialized: 1920x1080
12:46:58.406 [FXGL Background Thread 1 ] DEBUG FXGLAssetLoaderServi - Loading from file system: file:/Users/kylefry/Desktop/RhythmKnight/Project/target/classes/assets/textures/main-menu.png
12:46:58.484 [FXGL Background Thread 1 ] DEBUG FXGLAssetLoaderServi - Loading from file system: file:/Users/kylefry/Desktop/RhythmKnight/Project/target/classes/assets/textures/rest.png
12:46:58.497 [FXGL Background Thread 1 ] DEBUG FXGL.DefaultMenu     - createMenuBodyGameMenu()
12:46:58.504 [FXGL Background Thread 1 ] DEBUG FXGL.DefaultMenu     - createOptionsMenu()
12:46:58.509 [FXGL Background Thread 1 ] DEBUG FXGLAssetLoaderServi - Loading from file system: jar:file:/Users/kylefry/.m2/repository/com/github/almasb/fxgl/11.16/fxgl-11.16.jar!/fxglassets/textures/particles/smoke.png
12:46:58.574 [FXGL Background Thread 1 ] DEBUG FXGLAssetLoaderServi - Loading from file system: jar:file:/Users/kylefry/.m2/repository/com/github/almasb/fxgl/11.16/fxgl-11.16.jar!/fxglassets/textures/particles/trace_horizontal.png
12:46:58.592 [FXGL Background Thread 1 ] DEBUG GameApplicationServi - Application scenes initialized
12:46:58.601 [FXGL Background Thread 1 ] DEBUG SystemBundleService  - Loading FXGL system data
12:46:58.604 [FXGL Background Thread 1 ] DEBUG FileSystemAccess     - Reading from: /Users/kylefry/Desktop/RhythmKnight/Project/system/fxgl.bundle
12:46:58.610 [FXGL Background Thread 1 ] DEBUG SystemBundleService  - Bundle FXGL: {}
12:46:58.610 [FXGL Background Thread 1 ] DEBUG UpdaterService       - Checking for updates
12:46:58.613 [FXGL Background Thread 4 ] DEBUG FXGLApplication      - Loading fonts
12:46:58.614 [FXGL Background Thread 4 ] DEBUG FXGLAssetLoaderServi - Loading from file system: jar:file:/Users/kylefry/.m2/repository/com/github/almasb/fxgl/11.16/fxgl-11.16.jar!/fxglassets/ui/fonts/VarelaRound-Regular.ttf
12:46:58.615 [FXGL Background Thread 1 ] DEBUG FXGLApplication      - Loading default localization
12:46:58.615 [FXGL Background Thread 1 ] DEBUG FXGLAssetLoaderServi - Loading from file system: jar:file:/Users/kylefry/.m2/repository/com/github/almasb/fxgl/11.16/fxgl-11.16.jar!/fxglassets/languages/english.lang
12:46:58.633 [FXGL Background Thread 1 ] INFO  FXGLApplication      - FXGL initialization took: 0.898 sec
12:46:58.635 [FXGL Background Thread 4 ] DEBUG FXGLAssetLoaderServi - Loading from file system: jar:file:/Users/kylefry/.m2/repository/com/github/almasb/fxgl/11.16/fxgl-11.16.jar!/fxglassets/ui/fonts/Abel-Regular.ttf
12:46:58.637 [JavaFX Application Thread] DEBUG FXGLAssetLoaderServi - Loading from file system: jar:file:/Users/kylefry/.m2/repository/com/github/almasb/fxgl/11.16/fxgl-11.16.jar!/fxglassets/textures/fxgl_icon.png
12:46:58.639 [FXGL Background Thread 4 ] DEBUG FXGLAssetLoaderServi - Loading from file system: jar:file:/Users/kylefry/.m2/repository/com/github/almasb/fxgl/11.16/fxgl-11.16.jar!/fxglassets/ui/fonts/lucida_console.ttf
12:46:58.643 [FXGL Background Thread 4 ] DEBUG FXGLAssetLoaderServi - Loading from file system: jar:file:/Users/kylefry/.m2/repository/com/github/almasb/fxgl/11.16/fxgl-11.16.jar!/fxglassets/ui/fonts/Courier-Prime.ttf
12:46:58.661 [JavaFX Application Thread] DEBUG FXGLAssetLoaderServi - Loading from file system: jar:file:/Users/kylefry/.m2/repository/com/github/almasb/fxgl/11.16/fxgl-11.16.jar!/fxglassets/textures/fxgl_default_cursor.png
12:46:58.673 [JavaFX Application Thread] DEBUG Input                - Registered new binding: Screenshot - CTRL+8
12:46:58.674 [JavaFX Application Thread] DEBUG Input                - Registered new binding: System info dump - CTRL+9
12:46:58.675 [JavaFX Application Thread] DEBUG Input                - Registered new binding: Restart - CTRL+R
12:46:58.675 [JavaFX Application Thread] DEBUG Input                - Registered new binding: Toggle Debug Camera - CTRL+C
12:46:58.677 [JavaFX Application Thread] DEBUG LoopRunner           - Starting loop
12:46:58.677 [JavaFX Application Thread] DEBUG LoopRunner           - Initializing JavaFX AnimationTimerLoop
12:46:58.680 [JavaFX Application Thread] DEBUG Input                - Clearing active input actions
12:46:58.688 [JavaFX Application Thread] DEBUG GameApplicationServi - Removing overlay from FXGLStartupScene and adding to FXGLMainMenuDummyScene
12:46:58.688 [JavaFX Application Thread] DEBUG PrimaryStageWindow   - FXGLStartupScene -> FXGLMainMenuDummyScene
12:46:58.689 [JavaFX Application Thread] DEBUG PrimaryStageWindow   - Push state: AppMainMenu
12:46:58.689 [JavaFX Application Thread] DEBUG Input                - Clearing active input actions
12:46:58.694 [JavaFX Application Thread] DEBUG GameApplicationServi - Removing overlay from FXGLMainMenuDummyScene and adding to AppMainMenu
12:46:58.695 [JavaFX Application Thread] DEBUG PrimaryStageWindow   - FXGLMainMenuDummyScene -> AppMainMenu
12:46:58.721 [JavaFX Application Thread] DEBUG FXGLApplication      - Registering font factories with UI factory
12:47:01.526 [JavaFX Application Thread] DEBUG FXGLApplication      - Exiting FXGL
12:47:01.526 [JavaFX Application Thread] DEBUG LoopRunner           - Stopping loop
12:47:01.526 [JavaFX Application Thread] DEBUG SystemBundleService  - Saving FXGL system data
12:47:01.530 [JavaFX Application Thread] DEBUG FileSystemAccess     - Writing to: /Users/kylefry/Desktop/RhythmKnight/Project/system/fxgl.bundle
12:47:01.532 [JavaFX Application Thread] DEBUG Async                - Shutting down background threads
12:47:01.532 [JavaFX Application Thread] DEBUG PrimaryStageWindow   - Closing main window
12:47:01.541 [JavaFX Application Thread] DEBUG Logger               - Closing Logger
