16:12:11.359 [main                     ] DEBUG Logger               - Configured Logger
16:12:11.396 [main                     ] DEBUG GameApplication      - Logging settings
Title: Rhythm Knight
Version: Pre-Alpha 1
Width: 1920
Height: 1080
Fullscreen: false
Intro: false
Profiling: false
Single step:false
App Mode: DEVELOPER
Menu Key: ESCAPE
Stage Style: DECORATED
Scene Factory: class GameApp$1

16:12:12.009 [JavaFX Application Thread] DEBUG FXGLApplication      - Initializing FXGL
16:12:12.013 [JavaFX Application Thread] INFO  Engine               - FXGL-11.16 (25.05.2021 08.16) on MAC (J:11.0.8 FX:16)
16:12:12.014 [JavaFX Application Thread] DEBUG Engine               - JRE Vendor Name: Oracle Corporation
16:12:12.014 [JavaFX Application Thread] DEBUG Engine               - Running on OS: Mac OS X version 10.16
16:12:12.015 [JavaFX Application Thread] DEBUG Engine               - Architecture: x86_64
16:12:12.015 [JavaFX Application Thread] INFO  Engine               - Source code and latest versions at: https://github.com/AlmasB/FXGL
16:12:12.016 [JavaFX Application Thread] INFO  Engine               -              Join the FXGL chat at: https://gitter.im/AlmasB/FXGL
16:12:12.232 [JavaFX Application Thread] DEBUG PrimaryStageWindow   - Creating a JavaFX scene
16:12:12.232 [JavaFX Application Thread] DEBUG PrimaryStageWindow   - Target size > screen size
16:12:12.301 [JavaFX Application Thread] DEBUG PrimaryStageWindow   - Target settings size: 1920.0 x 1080.0
16:12:12.301 [JavaFX Application Thread] DEBUG PrimaryStageWindow   - Scaled scene size:    1400.0 x 801.0
16:12:12.301 [JavaFX Application Thread] DEBUG PrimaryStageWindow   - Scaled ratio: (0.7291666666666666, 0.7416666666666667)
16:12:12.302 [JavaFX Application Thread] DEBUG PrimaryStageWindow   - Set initial scene to FXGLStartupScene
16:12:12.310 [JavaFX Application Thread] DEBUG PrimaryStageWindow   - Opening main window
16:12:12.538 [JavaFX Application Thread] DEBUG PrimaryStageWindow   - Window border size: (0.0, 28.0)
16:12:12.539 [JavaFX Application Thread] DEBUG PrimaryStageWindow   - Scaled size: 1400.0 x 801.0
16:12:12.539 [JavaFX Application Thread] DEBUG PrimaryStageWindow   - Scaled ratio: (0.7291666666666666, 0.7416666666666667)
16:12:12.541 [JavaFX Application Thread] DEBUG PrimaryStageWindow   - Scene size: 1400.0 x 801.0
16:12:12.542 [JavaFX Application Thread] DEBUG PrimaryStageWindow   - Stage size: 1400.0 x 829.0
16:12:12.553 [FXGL Background Thread 1 ] DEBUG Engine               - Initializing environment variables
16:12:12.612 [FXGL Background Thread 1 ] DEBUG FXGLAssetLoaderServi - User app class for loading assets: class GameApp
16:12:12.613 [FXGL Background Thread 1 ] DEBUG GameApplicationServi - Applying CSS: fxgl_dark.css
16:12:12.614 [FXGL Background Thread 1 ] DEBUG FXGLAssetLoaderServi - Loading from file system: jar:file:/Users/kylefry/.m2/repository/com/github/almasb/fxgl/11.16/fxgl-11.16.jar!/fxglassets/ui/css/fxgl_dark.css
16:12:12.819 [FXGL Background Thread 1 ] DEBUG GameApplicationServi - Initializing application scenes
16:12:13.336 [FXGL Background Thread 1 ] DEBUG GameWorld            - Game world initialized
16:12:13.412 [FXGL Background Thread 1 ] DEBUG PhysicsWorld         - Physics world initialized: appHeight=1080, physics.ppm=50.0
16:12:13.413 [FXGL Background Thread 1 ] DEBUG PhysicsWorld         - Using strategy: BRUTE_FORCE
16:12:13.415 [FXGL Background Thread 1 ] DEBUG GameScene            - Game scene initialized: 1920x1080
16:12:13.423 [FXGL Background Thread 1 ] DEBUG FXGLAssetLoaderServi - Loading from file system: file:/Users/kylefry/Desktop/RhythmKnight/Project/target/classes/assets/textures/logo-with-menu.png
16:12:13.609 [FXGL Background Thread 1 ] DEBUG FXGL.DefaultMenu     - createMenuBodyGameMenu()
16:12:13.624 [FXGL Background Thread 1 ] DEBUG FXGL.DefaultMenu     - createOptionsMenu()
16:12:13.634 [FXGL Background Thread 1 ] DEBUG FXGLAssetLoaderServi - Loading from file system: jar:file:/Users/kylefry/.m2/repository/com/github/almasb/fxgl/11.16/fxgl-11.16.jar!/fxglassets/textures/particles/smoke.png
16:12:13.763 [FXGL Background Thread 1 ] DEBUG FXGLAssetLoaderServi - Loading from file system: jar:file:/Users/kylefry/.m2/repository/com/github/almasb/fxgl/11.16/fxgl-11.16.jar!/fxglassets/textures/particles/trace_horizontal.png
16:12:13.791 [FXGL Background Thread 1 ] DEBUG GameApplicationServi - Application scenes initialized
16:12:13.802 [FXGL Background Thread 1 ] DEBUG SystemBundleService  - Loading FXGL system data
16:12:13.805 [FXGL Background Thread 1 ] DEBUG FileSystemAccess     - Reading from: /Users/kylefry/Desktop/RhythmKnight/Project/system/fxgl.bundle
16:12:13.811 [FXGL Background Thread 1 ] DEBUG SystemBundleService  - Bundle FXGL: {}
16:12:13.811 [FXGL Background Thread 1 ] DEBUG UpdaterService       - Checking for updates
16:12:13.818 [FXGL Background Thread 4 ] DEBUG FXGLApplication      - Loading fonts
16:12:13.820 [FXGL Background Thread 4 ] DEBUG FXGLAssetLoaderServi - Loading from file system: jar:file:/Users/kylefry/.m2/repository/com/github/almasb/fxgl/11.16/fxgl-11.16.jar!/fxglassets/ui/fonts/VarelaRound-Regular.ttf
16:12:13.827 [FXGL Background Thread 1 ] DEBUG FXGLApplication      - Loading default localization
16:12:13.828 [FXGL Background Thread 1 ] DEBUG FXGLAssetLoaderServi - Loading from file system: jar:file:/Users/kylefry/.m2/repository/com/github/almasb/fxgl/11.16/fxgl-11.16.jar!/fxglassets/languages/english.lang
16:12:13.838 [FXGL Background Thread 4 ] DEBUG FXGLAssetLoaderServi - Loading from file system: jar:file:/Users/kylefry/.m2/repository/com/github/almasb/fxgl/11.16/fxgl-11.16.jar!/fxglassets/ui/fonts/Abel-Regular.ttf
16:12:13.841 [FXGL Background Thread 4 ] DEBUG FXGLAssetLoaderServi - Loading from file system: jar:file:/Users/kylefry/.m2/repository/com/github/almasb/fxgl/11.16/fxgl-11.16.jar!/fxglassets/ui/fonts/lucida_console.ttf
16:12:13.846 [FXGL Background Thread 4 ] DEBUG FXGLAssetLoaderServi - Loading from file system: jar:file:/Users/kylefry/.m2/repository/com/github/almasb/fxgl/11.16/fxgl-11.16.jar!/fxglassets/ui/fonts/Courier-Prime.ttf
16:12:13.851 [JavaFX Application Thread] DEBUG FXGLApplication      - Registering font factories with UI factory
16:12:13.867 [FXGL Background Thread 1 ] INFO  FXGLApplication      - FXGL initialization took: 1.314 sec
16:12:13.868 [JavaFX Application Thread] DEBUG FXGLAssetLoaderServi - Loading from file system: jar:file:/Users/kylefry/.m2/repository/com/github/almasb/fxgl/11.16/fxgl-11.16.jar!/fxglassets/textures/fxgl_icon.png
16:12:13.905 [JavaFX Application Thread] DEBUG FXGLAssetLoaderServi - Loading from file system: jar:file:/Users/kylefry/.m2/repository/com/github/almasb/fxgl/11.16/fxgl-11.16.jar!/fxglassets/textures/fxgl_default_cursor.png
16:12:13.923 [JavaFX Application Thread] DEBUG Input                - Registered new binding: Screenshot - CTRL+8
16:12:13.923 [JavaFX Application Thread] DEBUG Input                - Registered new binding: System info dump - CTRL+9
16:12:13.924 [JavaFX Application Thread] DEBUG Input                - Registered new binding: Restart - CTRL+R
16:12:13.924 [JavaFX Application Thread] DEBUG Input                - Registered new binding: Toggle Debug Camera - CTRL+C
16:12:13.927 [JavaFX Application Thread] DEBUG LoopRunner           - Starting loop
16:12:13.927 [JavaFX Application Thread] DEBUG LoopRunner           - Initializing JavaFX AnimationTimerLoop
16:12:13.931 [JavaFX Application Thread] DEBUG Input                - Clearing active input actions
16:12:13.941 [JavaFX Application Thread] DEBUG GameApplicationServi - Removing overlay from FXGLStartupScene and adding to FXGLMainMenuDummyScene
16:12:13.941 [JavaFX Application Thread] DEBUG PrimaryStageWindow   - FXGLStartupScene -> FXGLMainMenuDummyScene
16:12:13.942 [JavaFX Application Thread] DEBUG PrimaryStageWindow   - Push state: AppMainMenu
16:12:13.942 [JavaFX Application Thread] DEBUG Input                - Clearing active input actions
16:12:13.947 [JavaFX Application Thread] DEBUG GameApplicationServi - Removing overlay from FXGLMainMenuDummyScene and adding to AppMainMenu
16:12:13.948 [JavaFX Application Thread] DEBUG PrimaryStageWindow   - FXGLMainMenuDummyScene -> AppMainMenu
16:12:14.826 [JavaFX Application Thread] DEBUG FXGLAssetLoaderServi - Loading from file system: file:/Users/kylefry/Desktop/RhythmKnight/Project/target/classes/assets/sounds/SelectSFX.mp3
16:12:16.411 [JavaFX Application Thread] DEBUG FXGLAssetLoaderServi - Loading from file system: file:/Users/kylefry/Desktop/RhythmKnight/Project/target/classes/assets/textures/configUI.png
16:12:16.818 [FXGL Background Thread 3 ] DEBUG Engine               - Logging environment variables
16:12:16.818 [FXGL Background Thread 3 ] DEBUG Engine               - achievements: []
16:12:16.819 [FXGL Background Thread 3 ] DEBUG Engine               - actualHeight: 801.0
16:12:16.819 [FXGL Background Thread 3 ] DEBUG Engine               - actualHeightProperty: ReadOnlyDoubleProperty [value: 801.0]
16:12:16.819 [FXGL Background Thread 3 ] DEBUG Engine               - actualWidth: 1400.0
16:12:16.819 [FXGL Background Thread 3 ] DEBUG Engine               - actualWidthProperty: ReadOnlyDoubleProperty [value: 1400.0]
16:12:16.819 [FXGL Background Thread 3 ] DEBUG Engine               - appIcon: fxgl_icon.png
16:12:16.819 [FXGL Background Thread 3 ] DEBUG Engine               - applicationMode: DEVELOPER
16:12:16.819 [FXGL Background Thread 3 ] DEBUG Engine               - cSSList: [fxgl_dark.css]
16:12:16.819 [FXGL Background Thread 3 ] DEBUG Engine               - collisionDetectionStrategy: BRUTE_FORCE
16:12:16.820 [FXGL Background Thread 3 ] DEBUG Engine               - configClass: Optional.empty
16:12:16.820 [FXGL Background Thread 3 ] DEBUG Engine               - credits: []
16:12:16.820 [FXGL Background Thread 3 ] DEBUG Engine               - defaultCursor: CursorInfo(imageName=fxgl_default_cursor.png, hotspotX=7.0, hotspotY=6.0)
16:12:16.820 [FXGL Background Thread 3 ] DEBUG Engine               - devBBoxColorProperty: ObjectProperty [value: 0xff0000ff]
16:12:16.820 [FXGL Background Thread 3 ] DEBUG Engine               - devEnableDebugCameraProperty: BooleanProperty [value: false]
16:12:16.820 [FXGL Background Thread 3 ] DEBUG Engine               - devSensorColorProperty: ObjectProperty [value: 0xffff00ff]
16:12:16.820 [FXGL Background Thread 3 ] DEBUG Engine               - devShowBBoxProperty: BooleanProperty [value: false]
16:12:16.820 [FXGL Background Thread 3 ] DEBUG Engine               - devShowPositionProperty: BooleanProperty [value: false]
16:12:16.821 [FXGL Background Thread 3 ] DEBUG Engine               - enabledMenuItems: []
16:12:16.821 [FXGL Background Thread 3 ] DEBUG Engine               - engineServices: [class com.almasb.fxgl.app.services.FXGLAssetLoaderService, class com.almasb.fxgl.app.FXGLApplication$GameApplicationService, class com.almasb.fxgl.app.services.FXGLDialogService, class com.almasb.fxgl.app.services.IOTaskExecutorService, class com.almasb.fxgl.io.FileSystemService, class com.almasb.fxgl.localization.LocalizationService, class com.almasb.fxgl.app.services.SystemBundleService, class com.almasb.fxgl.profile.SaveLoadService, class com.almasb.fxgl.ui.FXGLUIFactoryServiceProvider, class com.almasb.fxgl.ui.FXGLDialogFactoryServiceProvider, class com.almasb.fxgl.audio.AudioPlayer, class com.almasb.fxgl.notification.impl.NotificationServiceProvider, class com.almasb.fxgl.achievement.AchievementService, class com.almasb.fxgl.cutscene.CutsceneService, class com.almasb.fxgl.minigames.MiniGameService, class com.almasb.fxgl.net.NetService, class com.almasb.fxgl.app.services.UpdaterService, class com.almasb.fxgl.dev.DevService]
16:12:16.821 [FXGL Background Thread 3 ] DEBUG Engine               - fontGame: Abel-Regular.ttf
16:12:16.821 [FXGL Background Thread 3 ] DEBUG Engine               - fontMono: lucida_console.ttf
16:12:16.821 [FXGL Background Thread 3 ] DEBUG Engine               - fontText: Courier-Prime.ttf
16:12:16.821 [FXGL Background Thread 3 ] DEBUG Engine               - fontUI: VarelaRound-Regular.ttf
16:12:16.821 [FXGL Background Thread 3 ] DEBUG Engine               - fullScreen: BooleanProperty [value: false]
16:12:16.821 [FXGL Background Thread 3 ] DEBUG Engine               - gameDifficulty: MEDIUM
16:12:16.821 [FXGL Background Thread 3 ] DEBUG Engine               - gameDifficultyProperty: ObjectProperty [value: MEDIUM]
16:12:16.822 [FXGL Background Thread 3 ] DEBUG Engine               - globalMusicVolume: 0.5
16:12:16.822 [FXGL Background Thread 3 ] DEBUG Engine               - globalMusicVolumeProperty: DoubleProperty [value: 0.5]
16:12:16.822 [FXGL Background Thread 3 ] DEBUG Engine               - globalSoundVolume: 0.5
16:12:16.822 [FXGL Background Thread 3 ] DEBUG Engine               - globalSoundVolumeProperty: DoubleProperty [value: 0.5]
16:12:16.822 [FXGL Background Thread 3 ] DEBUG Engine               - height: 1080
16:12:16.822 [FXGL Background Thread 3 ] DEBUG Engine               - is3D: false
16:12:16.822 [FXGL Background Thread 3 ] DEBUG Engine               - isAndroid: false
16:12:16.822 [FXGL Background Thread 3 ] DEBUG Engine               - isBrowser: false
16:12:16.823 [FXGL Background Thread 3 ] DEBUG Engine               - isClickFeedbackEnabled: false
16:12:16.823 [FXGL Background Thread 3 ] DEBUG Engine               - isCloseConfirmation: false
16:12:16.823 [FXGL Background Thread 3 ] DEBUG Engine               - isDesktop: true
16:12:16.823 [FXGL Background Thread 3 ] DEBUG Engine               - isDeveloperMenuEnabled: false
16:12:16.823 [FXGL Background Thread 3 ] DEBUG Engine               - isEntityPreloadEnabled: true
16:12:16.823 [FXGL Background Thread 3 ] DEBUG Engine               - isExperimentalTiledLargeMap: false
16:12:16.823 [FXGL Background Thread 3 ] DEBUG Engine               - isFileSystemWriteAllowed: true
16:12:16.823 [FXGL Background Thread 3 ] DEBUG Engine               - isFullScreenAllowed: false
16:12:16.823 [FXGL Background Thread 3 ] DEBUG Engine               - isFullScreenFromStart: false
16:12:16.823 [FXGL Background Thread 3 ] DEBUG Engine               - isGameMenuEnabled: true
16:12:16.824 [FXGL Background Thread 3 ] DEBUG Engine               - isIOS: false
16:12:16.824 [FXGL Background Thread 3 ] DEBUG Engine               - isIntroEnabled: false
16:12:16.824 [FXGL Background Thread 3 ] DEBUG Engine               - isLinux: false
16:12:16.824 [FXGL Background Thread 3 ] DEBUG Engine               - isMac: true
16:12:16.824 [FXGL Background Thread 3 ] DEBUG Engine               - isMainMenuEnabled: true
16:12:16.824 [FXGL Background Thread 3 ] DEBUG Engine               - isManualResizeEnabled: false
16:12:16.824 [FXGL Background Thread 3 ] DEBUG Engine               - isMobile: false
16:12:16.824 [FXGL Background Thread 3 ] DEBUG Engine               - isNative: false
16:12:16.824 [FXGL Background Thread 3 ] DEBUG Engine               - isPreserveResizeRatio: false
16:12:16.824 [FXGL Background Thread 3 ] DEBUG Engine               - isProfilingEnabled: false
16:12:16.825 [FXGL Background Thread 3 ] DEBUG Engine               - isScaleAffectedOnResize: true
16:12:16.825 [FXGL Background Thread 3 ] DEBUG Engine               - isSingleStep: false
16:12:16.825 [FXGL Background Thread 3 ] DEBUG Engine               - isUserProfileEnabled: false
16:12:16.825 [FXGL Background Thread 3 ] DEBUG Engine               - isWindows: false
16:12:16.825 [FXGL Background Thread 3 ] DEBUG Engine               - language: ObjectProperty [value: ENGLISH]
16:12:16.825 [FXGL Background Thread 3 ] DEBUG Engine               - menuKey: ESCAPE
16:12:16.825 [FXGL Background Thread 3 ] DEBUG Engine               - mouseSensitivity: 0.2
16:12:16.825 [FXGL Background Thread 3 ] DEBUG Engine               - notificationViewClass: class com.almasb.fxgl.notification.view.XboxNotificationView
16:12:16.825 [FXGL Background Thread 3 ] DEBUG Engine               - pixelsPerMeter: 50.0
16:12:16.825 [FXGL Background Thread 3 ] DEBUG Engine               - platform: MAC
16:12:16.826 [FXGL Background Thread 3 ] DEBUG Engine               - prefHeightProperty: ReadOnlyDoubleProperty [value: 1080.0]
16:12:16.826 [FXGL Background Thread 3 ] DEBUG Engine               - prefWidthProperty: ReadOnlyDoubleProperty [value: 1920.0]
16:12:16.826 [FXGL Background Thread 3 ] DEBUG Engine               - profileDir: profiles/
16:12:16.826 [FXGL Background Thread 3 ] DEBUG Engine               - profileName: StringProperty [value: DEFAULT]
16:12:16.826 [FXGL Background Thread 3 ] DEBUG Engine               - randomSeed: -1
16:12:16.826 [FXGL Background Thread 3 ] DEBUG Engine               - runtimeInfo: RuntimeInfo(platform=MAC, version=11.16, build=25.05.2021 08.16)
16:12:16.826 [FXGL Background Thread 3 ] DEBUG Engine               - saveFileExt: sav
16:12:16.826 [FXGL Background Thread 3 ] DEBUG Engine               - scaledHeightProp$fxgl: DoubleProperty [bound, value: 801.0]
16:12:16.826 [FXGL Background Thread 3 ] DEBUG Engine               - scaledWidthProp$fxgl: DoubleProperty [bound, value: 1400.0]
16:12:16.826 [FXGL Background Thread 3 ] DEBUG Engine               - sceneFactory: GameApp$1@757f6e3f
16:12:16.826 [FXGL Background Thread 3 ] DEBUG Engine               - secondsIn24h: 60
16:12:16.827 [FXGL Background Thread 3 ] DEBUG Engine               - soundMenuBack: menu/back.wav
16:12:16.827 [FXGL Background Thread 3 ] DEBUG Engine               - soundMenuPress: menu/press.wav
16:12:16.827 [FXGL Background Thread 3 ] DEBUG Engine               - soundMenuSelect: menu/select.wav
16:12:16.827 [FXGL Background Thread 3 ] DEBUG Engine               - soundNotification: core/notification.wav
16:12:16.827 [FXGL Background Thread 3 ] DEBUG Engine               - stageStyle: DECORATED
16:12:16.827 [FXGL Background Thread 3 ] DEBUG Engine               - supportedLanguages: [ENGLISH, FRENCH, GERMAN, HUNGARIAN, RUSSIAN]
16:12:16.827 [FXGL Background Thread 3 ] DEBUG Engine               - ticksPerSecond: -1
16:12:16.827 [FXGL Background Thread 3 ] DEBUG Engine               - title: Rhythm Knight
16:12:16.827 [FXGL Background Thread 3 ] DEBUG Engine               - urlGithub: https://github.com/AlmasB/FXGL
16:12:16.827 [FXGL Background Thread 3 ] DEBUG Engine               - urlLeaderboard: http://fxgl-top.herokuapp.com/
16:12:16.827 [FXGL Background Thread 3 ] DEBUG Engine               - urlPOM: https://raw.githubusercontent.com/AlmasB/FXGL/release/README.md
16:12:16.827 [FXGL Background Thread 3 ] DEBUG Engine               - userAppClass: class GameApp
16:12:16.828 [FXGL Background Thread 3 ] DEBUG Engine               - version: Pre-Alpha 1
16:12:16.828 [FXGL Background Thread 3 ] DEBUG Engine               - versionCheckDays: 7
16:12:16.828 [FXGL Background Thread 3 ] DEBUG Engine               - width: 1920
16:12:16.828 [FXGL Background Thread 3 ] DEBUG Engine               - Logging services
16:12:16.828 [FXGL Background Thread 3 ] DEBUG Engine               - class com.almasb.fxgl.app.services.FXGLAssetLoaderService
16:12:16.828 [FXGL Background Thread 3 ] DEBUG Engine               - class com.almasb.fxgl.app.FXGLApplication$GameApplicationService
16:12:16.828 [FXGL Background Thread 3 ] DEBUG Engine               - class com.almasb.fxgl.app.services.FXGLDialogService
16:12:16.828 [FXGL Background Thread 3 ] DEBUG Engine               - class com.almasb.fxgl.app.services.IOTaskExecutorService
16:12:16.828 [FXGL Background Thread 3 ] DEBUG Engine               - class com.almasb.fxgl.io.FileSystemService
16:12:16.828 [FXGL Background Thread 3 ] DEBUG Engine               - class com.almasb.fxgl.localization.LocalizationService
16:12:16.828 [FXGL Background Thread 3 ] DEBUG Engine               - class com.almasb.fxgl.app.services.SystemBundleService
16:12:16.829 [FXGL Background Thread 3 ] DEBUG Engine               - class com.almasb.fxgl.profile.SaveLoadService
16:12:16.829 [FXGL Background Thread 3 ] DEBUG Engine               - class com.almasb.fxgl.ui.FXGLUIFactoryServiceProvider
16:12:16.829 [FXGL Background Thread 3 ] DEBUG Engine               - class com.almasb.fxgl.ui.FXGLDialogFactoryServiceProvider
16:12:16.829 [FXGL Background Thread 3 ] DEBUG Engine               - class com.almasb.fxgl.audio.AudioPlayer
16:12:16.829 [FXGL Background Thread 3 ] DEBUG Engine               - class com.almasb.fxgl.notification.impl.NotificationServiceProvider
16:12:16.829 [FXGL Background Thread 3 ] DEBUG Engine               - class com.almasb.fxgl.achievement.AchievementService
16:12:16.829 [FXGL Background Thread 3 ] DEBUG Engine               - class com.almasb.fxgl.cutscene.CutsceneService
16:12:16.829 [FXGL Background Thread 3 ] DEBUG Engine               - class com.almasb.fxgl.minigames.MiniGameService
16:12:16.829 [FXGL Background Thread 3 ] DEBUG Engine               - class com.almasb.fxgl.net.NetService
16:12:16.829 [FXGL Background Thread 3 ] DEBUG Engine               - class com.almasb.fxgl.app.services.UpdaterService
16:12:16.829 [FXGL Background Thread 3 ] DEBUG Engine               - class com.almasb.fxgl.dev.DevService
16:12:31.503 [JavaFX Application Thread] DEBUG Menu                 - fireNewGame()
16:12:31.503 [JavaFX Application Thread] DEBUG GameApplicationServi - Starting new game
16:12:31.503 [JavaFX Application Thread] DEBUG PrimaryStageWindow   - Pop state: AppMainMenu
16:12:31.504 [JavaFX Application Thread] DEBUG Input                - Clearing active input actions
16:12:31.504 [JavaFX Application Thread] DEBUG GameApplicationServi - Removing overlay from AppMainMenu and adding to FXGLMainMenuDummyScene
16:12:31.505 [JavaFX Application Thread] DEBUG PrimaryStageWindow   - FXGLMainMenuDummyScene <- AppMainMenu
16:12:31.505 [JavaFX Application Thread] DEBUG Input                - Clearing active input actions
16:12:31.514 [JavaFX Application Thread] DEBUG GameApplicationServi - Removing overlay from FXGLMainMenuDummyScene and adding to FXGLLoadingScene
16:12:31.514 [JavaFX Application Thread] DEBUG PrimaryStageWindow   - FXGLMainMenuDummyScene -> FXGLLoadingScene
16:12:31.515 [JavaFX Application Thread] DEBUG GameApplicationServi - Clearing previous game
16:12:31.515 [JavaFX Application Thread] DEBUG GameScene            - Clearing game scene
16:12:31.515 [JavaFX Application Thread] DEBUG GameWorld            - Clearing game world
16:12:31.515 [JavaFX Application Thread] DEBUG PhysicsWorld         - Clearing physics world
16:12:31.517 [FXGL Background Thread 2 ] DEBUG FXGLApplication      - Initializing game
16:12:31.630 [FXGL Background Thread 2 ] DEBUG FXGLAssetLoaderServi - Loading from file system: file:/Users/kylefry/Desktop/RhythmKnight/Project/target/classes/assets/textures/cutout.png
16:12:31.678 [FXGL Background Thread 2 ] DEBUG FXGLAssetLoaderServi - Loading from file system: file:/Users/kylefry/Desktop/RhythmKnight/Project/target/classes/assets/textures/unvisited.png
16:12:31.684 [FXGL Background Thread 2 ] DEBUG FXGLAssetLoaderServi - Loading from file system: file:/Users/kylefry/Desktop/RhythmKnight/Project/target/classes/assets/textures/TutorialTilemap.png
16:12:31.723 [FXGL Background Thread 2 ] INFO  FXGLApplication      - Game initialization took: 0.206 sec
16:12:31.724 [JavaFX Application Thread] DEBUG Input                - Clearing active input actions
16:12:31.731 [JavaFX Application Thread] DEBUG GameApplicationServi - Removing overlay from FXGLLoadingScene and adding to GameScene
16:12:31.731 [JavaFX Application Thread] DEBUG PrimaryStageWindow   - FXGLLoadingScene -> GameScene
16:12:31.731 [JavaFX Application Thread] DEBUG FXGLAssetLoaderServi - Loading from file system: file:/Users/kylefry/Desktop/RhythmKnight/Project/target/classes/assets/sounds/snare01.wav
16:12:44.227 [JavaFX Application Thread] DEBUG FXGLApplication      - Exiting FXGL
16:12:44.227 [JavaFX Application Thread] DEBUG LoopRunner           - Stopping loop
16:12:44.227 [JavaFX Application Thread] DEBUG SystemBundleService  - Saving FXGL system data
16:12:44.230 [JavaFX Application Thread] DEBUG FileSystemAccess     - Writing to: /Users/kylefry/Desktop/RhythmKnight/Project/system/fxgl.bundle
16:12:44.232 [JavaFX Application Thread] DEBUG Async                - Shutting down background threads
16:12:44.232 [JavaFX Application Thread] DEBUG PrimaryStageWindow   - Closing main window
16:12:44.236 [JavaFX Application Thread] DEBUG Logger               - Closing Logger
