14:24:02.314 [main                     ] DEBUG Logger               - Configured Logger
14:24:02.322 [main                     ] DEBUG GameApplication      - Logging settings
Title: Rhythm Knight
Version: Pre-Alpha 1
Width: 1920
Height: 1080
Fullscreen: false
Intro: false
Profiling: false
Single step:false
App Mode: DEVELOPER
Menu Key: ESCAPE
Stage Style: DECORATED
Scene Factory: class GameApp$1

14:24:02.830 [JavaFX Application Thread] DEBUG FXGLApplication      - Initializing FXGL
14:24:02.832 [JavaFX Application Thread] INFO  Engine               - FXGL-11.16 (25.05.2021 08.16) on MAC (J:16.0.1 FX:16)
14:24:02.833 [JavaFX Application Thread] DEBUG Engine               - JRE Vendor Name: Oracle Corporation
14:24:02.833 [JavaFX Application Thread] DEBUG Engine               - Running on OS: Mac OS X version 11.4
14:24:02.833 [JavaFX Application Thread] DEBUG Engine               - Architecture: x86_64
14:24:02.833 [JavaFX Application Thread] INFO  Engine               - Source code and latest versions at: https://github.com/AlmasB/FXGL
14:24:02.834 [JavaFX Application Thread] INFO  Engine               -              Join the FXGL chat at: https://gitter.im/AlmasB/FXGL
14:24:02.989 [JavaFX Application Thread] DEBUG PrimaryStageWindow   - Creating a JavaFX scene
14:24:02.989 [JavaFX Application Thread] DEBUG PrimaryStageWindow   - Target size > screen size
14:24:03.100 [JavaFX Application Thread] DEBUG PrimaryStageWindow   - Target settings size: 1920.0 x 1080.0
14:24:03.100 [JavaFX Application Thread] DEBUG PrimaryStageWindow   - Scaled scene size:    1400.0 x 801.0
14:24:03.100 [JavaFX Application Thread] DEBUG PrimaryStageWindow   - Scaled ratio: (0.7291666666666666, 0.7416666666666667)
14:24:03.102 [JavaFX Application Thread] DEBUG PrimaryStageWindow   - Set initial scene to FXGLStartupScene
14:24:03.112 [JavaFX Application Thread] DEBUG PrimaryStageWindow   - Opening main window
14:24:03.307 [JavaFX Application Thread] DEBUG PrimaryStageWindow   - Window border size: (0.0, 28.0)
14:24:03.307 [JavaFX Application Thread] DEBUG PrimaryStageWindow   - Scaled size: 1400.0 x 801.0
14:24:03.308 [JavaFX Application Thread] DEBUG PrimaryStageWindow   - Scaled ratio: (0.7291666666666666, 0.7416666666666667)
14:24:03.308 [JavaFX Application Thread] DEBUG PrimaryStageWindow   - Scene size: 1400.0 x 801.0
14:24:03.308 [JavaFX Application Thread] DEBUG PrimaryStageWindow   - Stage size: 1400.0 x 829.0
14:24:03.316 [FXGL Background Thread 1 ] DEBUG Engine               - Initializing environment variables
14:24:03.382 [FXGL Background Thread 1 ] DEBUG FXGLAssetLoaderServi - User app class for loading assets: class GameApp
14:24:03.382 [FXGL Background Thread 1 ] DEBUG GameApplicationServi - Applying CSS: fxgl_dark.css
14:24:03.385 [FXGL Background Thread 1 ] DEBUG FXGLAssetLoaderServi - Loading from file system: jar:file:/Users/kylefry/.m2/repository/com/github/almasb/fxgl/11.16/fxgl-11.16.jar!/fxglassets/ui/css/fxgl_dark.css
14:24:03.538 [FXGL Background Thread 1 ] DEBUG GameApplicationServi - Initializing application scenes
14:24:04.118 [FXGL Background Thread 1 ] DEBUG GameWorld            - Game world initialized
14:24:04.174 [FXGL Background Thread 1 ] DEBUG PhysicsWorld         - Physics world initialized: appHeight=1080, physics.ppm=50.0
14:24:04.174 [FXGL Background Thread 1 ] DEBUG PhysicsWorld         - Using strategy: BRUTE_FORCE
14:24:04.176 [FXGL Background Thread 1 ] DEBUG GameScene            - Game scene initialized: 1920x1080
14:24:04.180 [FXGL Background Thread 1 ] DEBUG FXGLAssetLoaderServi - Loading from file system: file:/Users/kylefry/Desktop/RhythmKnight/Project/target/classes/assets/textures/main-menu.png
14:24:04.304 [FXGL Background Thread 1 ] DEBUG FXGLAssetLoaderServi - Loading from file system: file:/Users/kylefry/Desktop/RhythmKnight/Project/target/classes/assets/textures/rest.png
14:24:04.324 [FXGL Background Thread 1 ] DEBUG FXGL.DefaultMenu     - createMenuBodyGameMenu()
14:24:04.336 [FXGL Background Thread 1 ] DEBUG FXGL.DefaultMenu     - createOptionsMenu()
14:24:04.344 [FXGL Background Thread 1 ] DEBUG FXGLAssetLoaderServi - Loading from file system: jar:file:/Users/kylefry/.m2/repository/com/github/almasb/fxgl/11.16/fxgl-11.16.jar!/fxglassets/textures/particles/smoke.png
14:24:04.424 [FXGL Background Thread 1 ] DEBUG FXGLAssetLoaderServi - Loading from file system: jar:file:/Users/kylefry/.m2/repository/com/github/almasb/fxgl/11.16/fxgl-11.16.jar!/fxglassets/textures/particles/trace_horizontal.png
14:24:04.445 [FXGL Background Thread 1 ] DEBUG GameApplicationServi - Application scenes initialized
14:24:04.454 [FXGL Background Thread 1 ] DEBUG SystemBundleService  - Loading FXGL system data
14:24:04.458 [FXGL Background Thread 1 ] DEBUG FileSystemAccess     - Reading from: /Users/kylefry/Desktop/RhythmKnight/Project/system/fxgl.bundle
14:24:04.464 [FXGL Background Thread 1 ] DEBUG SystemBundleService  - Bundle FXGL: {}
14:24:04.464 [FXGL Background Thread 1 ] DEBUG UpdaterService       - Checking for updates
14:24:04.468 [FXGL Background Thread 4 ] DEBUG FXGLApplication      - Loading fonts
14:24:04.468 [FXGL Background Thread 1 ] DEBUG FXGLApplication      - Loading default localization
14:24:04.468 [FXGL Background Thread 4 ] DEBUG FXGLAssetLoaderServi - Loading from file system: jar:file:/Users/kylefry/.m2/repository/com/github/almasb/fxgl/11.16/fxgl-11.16.jar!/fxglassets/ui/fonts/VarelaRound-Regular.ttf
14:24:04.470 [FXGL Background Thread 1 ] DEBUG FXGLAssetLoaderServi - Loading from file system: jar:file:/Users/kylefry/.m2/repository/com/github/almasb/fxgl/11.16/fxgl-11.16.jar!/fxglassets/languages/english.lang
14:24:04.483 [FXGL Background Thread 4 ] DEBUG FXGLAssetLoaderServi - Loading from file system: jar:file:/Users/kylefry/.m2/repository/com/github/almasb/fxgl/11.16/fxgl-11.16.jar!/fxglassets/ui/fonts/Abel-Regular.ttf
14:24:04.487 [FXGL Background Thread 4 ] DEBUG FXGLAssetLoaderServi - Loading from file system: jar:file:/Users/kylefry/.m2/repository/com/github/almasb/fxgl/11.16/fxgl-11.16.jar!/fxglassets/ui/fonts/lucida_console.ttf
14:24:04.492 [FXGL Background Thread 4 ] DEBUG FXGLAssetLoaderServi - Loading from file system: jar:file:/Users/kylefry/.m2/repository/com/github/almasb/fxgl/11.16/fxgl-11.16.jar!/fxglassets/ui/fonts/Courier-Prime.ttf
14:24:04.497 [JavaFX Application Thread] DEBUG FXGLApplication      - Registering font factories with UI factory
14:24:04.504 [FXGL Background Thread 1 ] INFO  FXGLApplication      - FXGL initialization took: 1.188 sec
14:24:04.505 [JavaFX Application Thread] DEBUG FXGLAssetLoaderServi - Loading from file system: jar:file:/Users/kylefry/.m2/repository/com/github/almasb/fxgl/11.16/fxgl-11.16.jar!/fxglassets/textures/fxgl_icon.png
14:24:04.525 [JavaFX Application Thread] DEBUG FXGLAssetLoaderServi - Loading from file system: jar:file:/Users/kylefry/.m2/repository/com/github/almasb/fxgl/11.16/fxgl-11.16.jar!/fxglassets/textures/fxgl_default_cursor.png
14:24:04.537 [JavaFX Application Thread] DEBUG Input                - Registered new binding: Screenshot - CTRL+8
14:24:04.537 [JavaFX Application Thread] DEBUG Input                - Registered new binding: System info dump - CTRL+9
14:24:04.538 [JavaFX Application Thread] DEBUG Input                - Registered new binding: Restart - CTRL+R
14:24:04.539 [JavaFX Application Thread] DEBUG Input                - Registered new binding: Toggle Debug Camera - CTRL+C
14:24:04.541 [JavaFX Application Thread] DEBUG LoopRunner           - Starting loop
14:24:04.541 [JavaFX Application Thread] DEBUG LoopRunner           - Initializing JavaFX AnimationTimerLoop
14:24:04.544 [JavaFX Application Thread] DEBUG Input                - Clearing active input actions
14:24:04.554 [JavaFX Application Thread] DEBUG GameApplicationServi - Removing overlay from FXGLStartupScene and adding to FXGLMainMenuDummyScene
14:24:04.554 [JavaFX Application Thread] DEBUG PrimaryStageWindow   - FXGLStartupScene -> FXGLMainMenuDummyScene
14:24:04.554 [JavaFX Application Thread] DEBUG PrimaryStageWindow   - Push state: AppMainMenu
14:24:04.555 [JavaFX Application Thread] DEBUG Input                - Clearing active input actions
14:24:04.562 [JavaFX Application Thread] DEBUG GameApplicationServi - Removing overlay from FXGLMainMenuDummyScene and adding to AppMainMenu
14:24:04.562 [JavaFX Application Thread] DEBUG PrimaryStageWindow   - FXGLMainMenuDummyScene -> AppMainMenu
14:24:05.915 [JavaFX Application Thread] DEBUG Menu                 - fireNewGame()
14:24:05.915 [JavaFX Application Thread] DEBUG GameApplicationServi - Starting new game
14:24:05.916 [JavaFX Application Thread] DEBUG PrimaryStageWindow   - Pop state: AppMainMenu
14:24:05.916 [JavaFX Application Thread] DEBUG Input                - Clearing active input actions
14:24:05.916 [JavaFX Application Thread] DEBUG GameApplicationServi - Removing overlay from AppMainMenu and adding to FXGLMainMenuDummyScene
14:24:05.917 [JavaFX Application Thread] DEBUG PrimaryStageWindow   - FXGLMainMenuDummyScene <- AppMainMenu
14:24:05.917 [JavaFX Application Thread] DEBUG Input                - Clearing active input actions
14:24:05.923 [JavaFX Application Thread] DEBUG GameApplicationServi - Removing overlay from FXGLMainMenuDummyScene and adding to FXGLLoadingScene
14:24:05.924 [JavaFX Application Thread] DEBUG PrimaryStageWindow   - FXGLMainMenuDummyScene -> FXGLLoadingScene
14:24:05.924 [JavaFX Application Thread] DEBUG GameApplicationServi - Clearing previous game
14:24:05.924 [JavaFX Application Thread] DEBUG GameScene            - Clearing game scene
14:24:05.924 [JavaFX Application Thread] DEBUG GameWorld            - Clearing game world
14:24:05.924 [JavaFX Application Thread] DEBUG PhysicsWorld         - Clearing physics world
14:24:05.925 [FXGL Background Thread 2 ] DEBUG FXGLApplication      - Initializing game
14:24:05.927 [FXGL Background Thread 2 ] DEBUG FXGLAssetLoaderServi - Loading from file system: file:/Users/kylefry/Desktop/RhythmKnight/Project/target/classes/assets/sounds/Tutorial.wav
14:24:06.098 [FXGL Background Thread 2 ] DEBUG FXGLAssetLoaderServi - Loading from file system: file:/Users/kylefry/Desktop/RhythmKnight/Project/target/classes/assets/textures/hex.png
14:24:06.104 [FXGL Background Thread 2 ] DEBUG FXGLAssetLoaderServi - Loading from file system: file:/Users/kylefry/Desktop/RhythmKnight/Project/target/classes/assets/textures/TutorialTilemap.png
14:24:06.173 [FXGL Background Thread 2 ] INFO  FXGLApplication      - Game initialization took: 0.247 sec
14:24:06.174 [JavaFX Application Thread] DEBUG Input                - Clearing active input actions
14:24:06.181 [JavaFX Application Thread] DEBUG GameApplicationServi - Removing overlay from FXGLLoadingScene and adding to GameScene
14:24:06.182 [JavaFX Application Thread] DEBUG PrimaryStageWindow   - FXGLLoadingScene -> GameScene
14:24:07.470 [FXGL Background Thread 3 ] DEBUG Engine               - Logging environment variables
14:24:07.471 [FXGL Background Thread 3 ] DEBUG Engine               - achievements: []
14:24:07.472 [FXGL Background Thread 3 ] DEBUG Engine               - actualHeight: 801.0
14:24:07.472 [FXGL Background Thread 3 ] DEBUG Engine               - actualHeightProperty: ReadOnlyDoubleProperty [value: 801.0]
14:24:07.473 [FXGL Background Thread 3 ] DEBUG Engine               - actualWidth: 1400.0
14:24:07.473 [FXGL Background Thread 3 ] DEBUG Engine               - actualWidthProperty: ReadOnlyDoubleProperty [value: 1400.0]
14:24:07.474 [FXGL Background Thread 3 ] DEBUG Engine               - appIcon: fxgl_icon.png
14:24:07.474 [FXGL Background Thread 3 ] DEBUG Engine               - applicationMode: DEVELOPER
14:24:07.474 [FXGL Background Thread 3 ] DEBUG Engine               - cSSList: [fxgl_dark.css]
14:24:07.474 [FXGL Background Thread 3 ] DEBUG Engine               - collisionDetectionStrategy: BRUTE_FORCE
14:24:07.474 [FXGL Background Thread 3 ] DEBUG Engine               - configClass: Optional.empty
14:24:07.474 [FXGL Background Thread 3 ] DEBUG Engine               - credits: []
14:24:07.474 [FXGL Background Thread 3 ] DEBUG Engine               - defaultCursor: CursorInfo(imageName=fxgl_default_cursor.png, hotspotX=7.0, hotspotY=6.0)
14:24:07.475 [FXGL Background Thread 3 ] DEBUG Engine               - devBBoxColorProperty: ObjectProperty [value: 0xff0000ff]
14:24:07.475 [FXGL Background Thread 3 ] DEBUG Engine               - devEnableDebugCameraProperty: BooleanProperty [value: false]
14:24:07.475 [FXGL Background Thread 3 ] DEBUG Engine               - devSensorColorProperty: ObjectProperty [value: 0xffff00ff]
14:24:07.476 [FXGL Background Thread 3 ] DEBUG Engine               - devShowBBoxProperty: BooleanProperty [value: false]
14:24:07.476 [FXGL Background Thread 3 ] DEBUG Engine               - devShowPositionProperty: BooleanProperty [value: false]
14:24:07.476 [FXGL Background Thread 3 ] DEBUG Engine               - enabledMenuItems: []
14:24:07.476 [FXGL Background Thread 3 ] DEBUG Engine               - engineServices: [class com.almasb.fxgl.app.services.FXGLAssetLoaderService, class com.almasb.fxgl.app.FXGLApplication$GameApplicationService, class com.almasb.fxgl.app.services.FXGLDialogService, class com.almasb.fxgl.app.services.IOTaskExecutorService, class com.almasb.fxgl.io.FileSystemService, class com.almasb.fxgl.localization.LocalizationService, class com.almasb.fxgl.app.services.SystemBundleService, class com.almasb.fxgl.profile.SaveLoadService, class com.almasb.fxgl.ui.FXGLUIFactoryServiceProvider, class com.almasb.fxgl.ui.FXGLDialogFactoryServiceProvider, class com.almasb.fxgl.audio.AudioPlayer, class com.almasb.fxgl.notification.impl.NotificationServiceProvider, class com.almasb.fxgl.achievement.AchievementService, class com.almasb.fxgl.cutscene.CutsceneService, class com.almasb.fxgl.minigames.MiniGameService, class com.almasb.fxgl.net.NetService, class com.almasb.fxgl.app.services.UpdaterService, class com.almasb.fxgl.dev.DevService]
14:24:07.476 [FXGL Background Thread 3 ] DEBUG Engine               - fontGame: Abel-Regular.ttf
14:24:07.477 [FXGL Background Thread 3 ] DEBUG Engine               - fontMono: lucida_console.ttf
14:24:07.477 [FXGL Background Thread 3 ] DEBUG Engine               - fontText: Courier-Prime.ttf
14:24:07.477 [FXGL Background Thread 3 ] DEBUG Engine               - fontUI: VarelaRound-Regular.ttf
14:24:07.477 [FXGL Background Thread 3 ] DEBUG Engine               - fullScreen: BooleanProperty [value: false]
14:24:07.477 [FXGL Background Thread 3 ] DEBUG Engine               - gameDifficulty: MEDIUM
14:24:07.478 [FXGL Background Thread 3 ] DEBUG Engine               - gameDifficultyProperty: ObjectProperty [value: MEDIUM]
14:24:07.478 [FXGL Background Thread 3 ] DEBUG Engine               - globalMusicVolume: 0.5
14:24:07.478 [FXGL Background Thread 3 ] DEBUG Engine               - globalMusicVolumeProperty: DoubleProperty [value: 0.5]
14:24:07.478 [FXGL Background Thread 3 ] DEBUG Engine               - globalSoundVolume: 0.5
14:24:07.480 [FXGL Background Thread 3 ] DEBUG Engine               - globalSoundVolumeProperty: DoubleProperty [value: 0.5]
14:24:07.480 [FXGL Background Thread 3 ] DEBUG Engine               - height: 1080
14:24:07.480 [FXGL Background Thread 3 ] DEBUG Engine               - is3D: false
14:24:07.481 [FXGL Background Thread 3 ] DEBUG Engine               - isAndroid: false
14:24:07.482 [FXGL Background Thread 3 ] DEBUG Engine               - isBrowser: false
14:24:07.482 [FXGL Background Thread 3 ] DEBUG Engine               - isClickFeedbackEnabled: false
14:24:07.483 [FXGL Background Thread 3 ] DEBUG Engine               - isCloseConfirmation: false
14:24:07.483 [FXGL Background Thread 3 ] DEBUG Engine               - isDesktop: true
14:24:07.483 [FXGL Background Thread 3 ] DEBUG Engine               - isDeveloperMenuEnabled: false
14:24:07.484 [FXGL Background Thread 3 ] DEBUG Engine               - isEntityPreloadEnabled: true
14:24:07.484 [FXGL Background Thread 3 ] DEBUG Engine               - isExperimentalTiledLargeMap: false
14:24:07.484 [FXGL Background Thread 3 ] DEBUG Engine               - isFileSystemWriteAllowed: true
14:24:07.484 [FXGL Background Thread 3 ] DEBUG Engine               - isFullScreenAllowed: false
14:24:07.484 [FXGL Background Thread 3 ] DEBUG Engine               - isFullScreenFromStart: false
14:24:07.484 [FXGL Background Thread 3 ] DEBUG Engine               - isGameMenuEnabled: true
14:24:07.485 [FXGL Background Thread 3 ] DEBUG Engine               - isIOS: false
14:24:07.485 [FXGL Background Thread 3 ] DEBUG Engine               - isIntroEnabled: false
14:24:07.486 [FXGL Background Thread 3 ] DEBUG Engine               - isLinux: false
14:24:07.487 [FXGL Background Thread 3 ] DEBUG Engine               - isMac: true
14:24:07.487 [FXGL Background Thread 3 ] DEBUG Engine               - isMainMenuEnabled: true
14:24:07.487 [FXGL Background Thread 3 ] DEBUG Engine               - isManualResizeEnabled: false
14:24:07.488 [FXGL Background Thread 3 ] DEBUG Engine               - isMobile: false
14:24:07.488 [FXGL Background Thread 3 ] DEBUG Engine               - isNative: false
14:24:07.488 [FXGL Background Thread 3 ] DEBUG Engine               - isPreserveResizeRatio: false
14:24:07.488 [FXGL Background Thread 3 ] DEBUG Engine               - isProfilingEnabled: false
14:24:07.488 [FXGL Background Thread 3 ] DEBUG Engine               - isScaleAffectedOnResize: true
14:24:07.488 [FXGL Background Thread 3 ] DEBUG Engine               - isSingleStep: false
14:24:07.489 [FXGL Background Thread 3 ] DEBUG Engine               - isUserProfileEnabled: false
14:24:07.489 [FXGL Background Thread 3 ] DEBUG Engine               - isWindows: false
14:24:07.490 [FXGL Background Thread 3 ] DEBUG Engine               - language: ObjectProperty [value: ENGLISH]
14:24:07.490 [FXGL Background Thread 3 ] DEBUG Engine               - menuKey: ESCAPE
14:24:07.491 [FXGL Background Thread 3 ] DEBUG Engine               - mouseSensitivity: 0.2
14:24:07.491 [FXGL Background Thread 3 ] DEBUG Engine               - notificationViewClass: class com.almasb.fxgl.notification.view.XboxNotificationView
14:24:07.491 [FXGL Background Thread 3 ] DEBUG Engine               - pixelsPerMeter: 50.0
14:24:07.491 [FXGL Background Thread 3 ] DEBUG Engine               - platform: MAC
14:24:07.491 [FXGL Background Thread 3 ] DEBUG Engine               - prefHeightProperty: ReadOnlyDoubleProperty [value: 1080.0]
14:24:07.492 [FXGL Background Thread 3 ] DEBUG Engine               - prefWidthProperty: ReadOnlyDoubleProperty [value: 1920.0]
14:24:07.492 [FXGL Background Thread 3 ] DEBUG Engine               - profileDir: profiles/
14:24:07.492 [FXGL Background Thread 3 ] DEBUG Engine               - profileName: StringProperty [value: DEFAULT]
14:24:07.492 [FXGL Background Thread 3 ] DEBUG Engine               - randomSeed: -1
14:24:07.492 [FXGL Background Thread 3 ] DEBUG Engine               - runtimeInfo: RuntimeInfo(platform=MAC, version=11.16, build=25.05.2021 08.16)
14:24:07.493 [FXGL Background Thread 3 ] DEBUG Engine               - saveFileExt: sav
14:24:07.493 [FXGL Background Thread 3 ] DEBUG Engine               - scaledHeightProp$fxgl: DoubleProperty [bound, value: 801.0]
14:24:07.493 [FXGL Background Thread 3 ] DEBUG Engine               - scaledWidthProp$fxgl: DoubleProperty [bound, value: 1400.0]
14:24:07.493 [FXGL Background Thread 3 ] DEBUG Engine               - sceneFactory: GameApp$1@aa4ef2d
14:24:07.494 [FXGL Background Thread 3 ] DEBUG Engine               - secondsIn24h: 60
14:24:07.494 [FXGL Background Thread 3 ] DEBUG Engine               - soundMenuBack: menu/back.wav
14:24:07.496 [FXGL Background Thread 3 ] DEBUG Engine               - soundMenuPress: menu/press.wav
14:24:07.496 [FXGL Background Thread 3 ] DEBUG Engine               - soundMenuSelect: menu/select.wav
14:24:07.496 [FXGL Background Thread 3 ] DEBUG Engine               - soundNotification: core/notification.wav
14:24:07.496 [FXGL Background Thread 3 ] DEBUG Engine               - stageStyle: DECORATED
14:24:07.497 [FXGL Background Thread 3 ] DEBUG Engine               - supportedLanguages: [ENGLISH, FRENCH, GERMAN, HUNGARIAN, RUSSIAN]
14:24:07.497 [FXGL Background Thread 3 ] DEBUG Engine               - ticksPerSecond: -1
14:24:07.497 [FXGL Background Thread 3 ] DEBUG Engine               - title: Rhythm Knight
14:24:07.497 [FXGL Background Thread 3 ] DEBUG Engine               - urlGithub: https://github.com/AlmasB/FXGL
14:24:07.497 [FXGL Background Thread 3 ] DEBUG Engine               - urlLeaderboard: http://fxgl-top.herokuapp.com/
14:24:07.497 [FXGL Background Thread 3 ] DEBUG Engine               - urlPOM: https://raw.githubusercontent.com/AlmasB/FXGL/release/README.md
14:24:07.498 [FXGL Background Thread 3 ] DEBUG Engine               - userAppClass: class GameApp
14:24:07.498 [FXGL Background Thread 3 ] DEBUG Engine               - version: Pre-Alpha 1
14:24:07.498 [FXGL Background Thread 3 ] DEBUG Engine               - versionCheckDays: 7
14:24:07.498 [FXGL Background Thread 3 ] DEBUG Engine               - width: 1920
14:24:07.498 [FXGL Background Thread 3 ] DEBUG Engine               - Logging services
14:24:07.499 [FXGL Background Thread 3 ] DEBUG Engine               - class com.almasb.fxgl.app.services.FXGLAssetLoaderService
14:24:07.499 [FXGL Background Thread 3 ] DEBUG Engine               - class com.almasb.fxgl.app.FXGLApplication$GameApplicationService
14:24:07.499 [FXGL Background Thread 3 ] DEBUG Engine               - class com.almasb.fxgl.app.services.FXGLDialogService
14:24:07.500 [FXGL Background Thread 3 ] DEBUG Engine               - class com.almasb.fxgl.app.services.IOTaskExecutorService
14:24:07.500 [FXGL Background Thread 3 ] DEBUG Engine               - class com.almasb.fxgl.io.FileSystemService
14:24:07.500 [FXGL Background Thread 3 ] DEBUG Engine               - class com.almasb.fxgl.localization.LocalizationService
14:24:07.500 [FXGL Background Thread 3 ] DEBUG Engine               - class com.almasb.fxgl.app.services.SystemBundleService
14:24:07.501 [FXGL Background Thread 3 ] DEBUG Engine               - class com.almasb.fxgl.profile.SaveLoadService
14:24:07.501 [FXGL Background Thread 3 ] DEBUG Engine               - class com.almasb.fxgl.ui.FXGLUIFactoryServiceProvider
14:24:07.501 [FXGL Background Thread 3 ] DEBUG Engine               - class com.almasb.fxgl.ui.FXGLDialogFactoryServiceProvider
14:24:07.501 [FXGL Background Thread 3 ] DEBUG Engine               - class com.almasb.fxgl.audio.AudioPlayer
14:24:07.501 [FXGL Background Thread 3 ] DEBUG Engine               - class com.almasb.fxgl.notification.impl.NotificationServiceProvider
14:24:07.501 [FXGL Background Thread 3 ] DEBUG Engine               - class com.almasb.fxgl.achievement.AchievementService
14:24:07.501 [FXGL Background Thread 3 ] DEBUG Engine               - class com.almasb.fxgl.cutscene.CutsceneService
14:24:07.501 [FXGL Background Thread 3 ] DEBUG Engine               - class com.almasb.fxgl.minigames.MiniGameService
14:24:07.502 [FXGL Background Thread 3 ] DEBUG Engine               - class com.almasb.fxgl.net.NetService
14:24:07.502 [FXGL Background Thread 3 ] DEBUG Engine               - class com.almasb.fxgl.app.services.UpdaterService
14:24:07.502 [FXGL Background Thread 3 ] DEBUG Engine               - class com.almasb.fxgl.dev.DevService
14:24:36.870 [JavaFX Application Thread] DEBUG FXGLApplication      - Exiting FXGL
14:24:36.870 [JavaFX Application Thread] DEBUG LoopRunner           - Stopping loop
14:24:36.870 [JavaFX Application Thread] DEBUG SystemBundleService  - Saving FXGL system data
14:24:36.875 [JavaFX Application Thread] DEBUG FileSystemAccess     - Writing to: /Users/kylefry/Desktop/RhythmKnight/Project/system/fxgl.bundle
14:24:36.877 [JavaFX Application Thread] DEBUG Async                - Shutting down background threads
14:24:36.877 [JavaFX Application Thread] DEBUG PrimaryStageWindow   - Closing main window
14:24:36.884 [JavaFX Application Thread] DEBUG Logger               - Closing Logger
