11:29:46.567 [main                     ] DEBUG Logger               - Configured Logger
11:29:46.573 [main                     ] DEBUG GameApplication      - Logging settings
Title: Rhythm Knight
Version: Pre-Alpha 1
Width: 1920
Height: 1080
Fullscreen: false
Intro: false
Profiling: false
Single step:false
App Mode: DEVELOPER
Menu Key: ESCAPE
Stage Style: DECORATED
Scene Factory: class GameApp$1

11:29:47.033 [JavaFX Application Thread] DEBUG FXGLApplication      - Initializing FXGL
11:29:47.035 [JavaFX Application Thread] INFO  Engine               - FXGL-11.16 (25.05.2021 08.16) on MAC (J:16.0.1 FX:16)
11:29:47.036 [JavaFX Application Thread] DEBUG Engine               - JRE Vendor Name: Oracle Corporation
11:29:47.036 [JavaFX Application Thread] DEBUG Engine               - Running on OS: Mac OS X version 11.4
11:29:47.036 [JavaFX Application Thread] DEBUG Engine               - Architecture: x86_64
11:29:47.036 [JavaFX Application Thread] INFO  Engine               - Source code and latest versions at: https://github.com/AlmasB/FXGL
11:29:47.037 [JavaFX Application Thread] INFO  Engine               -              Join the FXGL chat at: https://gitter.im/AlmasB/FXGL
11:29:47.174 [JavaFX Application Thread] DEBUG PrimaryStageWindow   - Creating a JavaFX scene
11:29:47.174 [JavaFX Application Thread] DEBUG PrimaryStageWindow   - Target size > screen size
11:29:47.228 [JavaFX Application Thread] DEBUG PrimaryStageWindow   - Target settings size: 1920.0 x 1080.0
11:29:47.229 [JavaFX Application Thread] DEBUG PrimaryStageWindow   - Scaled scene size:    1400.0 x 801.0
11:29:47.229 [JavaFX Application Thread] DEBUG PrimaryStageWindow   - Scaled ratio: (0.7291666666666666, 0.7416666666666667)
11:29:47.230 [JavaFX Application Thread] DEBUG PrimaryStageWindow   - Set initial scene to FXGLStartupScene
11:29:47.271 [JavaFX Application Thread] DEBUG PrimaryStageWindow   - Opening main window
11:29:47.535 [JavaFX Application Thread] DEBUG PrimaryStageWindow   - Window border size: (0.0, 28.0)
11:29:47.535 [JavaFX Application Thread] DEBUG PrimaryStageWindow   - Scaled size: 1400.0 x 801.0
11:29:47.535 [JavaFX Application Thread] DEBUG PrimaryStageWindow   - Scaled ratio: (0.7291666666666666, 0.7416666666666667)
11:29:47.535 [JavaFX Application Thread] DEBUG PrimaryStageWindow   - Scene size: 1400.0 x 801.0
11:29:47.536 [JavaFX Application Thread] DEBUG PrimaryStageWindow   - Stage size: 1400.0 x 829.0
11:29:47.543 [FXGL Background Thread 1 ] DEBUG Engine               - Initializing environment variables
11:29:47.604 [FXGL Background Thread 1 ] DEBUG FXGLAssetLoaderServi - User app class for loading assets: class GameApp
11:29:47.605 [FXGL Background Thread 1 ] DEBUG GameApplicationServi - Applying CSS: fxgl_dark.css
11:29:47.606 [FXGL Background Thread 1 ] DEBUG FXGLAssetLoaderServi - Loading from file system: jar:file:/Users/kylefry/.m2/repository/com/github/almasb/fxgl/11.16/fxgl-11.16.jar!/fxglassets/ui/css/fxgl_dark.css
11:29:47.732 [FXGL Background Thread 1 ] DEBUG GameApplicationServi - Initializing application scenes
11:29:48.308 [FXGL Background Thread 1 ] DEBUG GameWorld            - Game world initialized
11:29:48.360 [FXGL Background Thread 1 ] DEBUG PhysicsWorld         - Physics world initialized: appHeight=1080, physics.ppm=50.0
11:29:48.361 [FXGL Background Thread 1 ] DEBUG PhysicsWorld         - Using strategy: BRUTE_FORCE
11:29:48.363 [FXGL Background Thread 1 ] DEBUG GameScene            - Game scene initialized: 1920x1080
11:29:48.368 [FXGL Background Thread 1 ] DEBUG FXGLAssetLoaderServi - Loading from file system: file:/Users/kylefry/Desktop/RhythmKnight/Project/target/classes/assets/textures/logo-with-menu.png
11:29:48.468 [FXGL Background Thread 1 ] DEBUG FXGLAssetLoaderServi - Loading from file system: file:/Users/kylefry/Desktop/RhythmKnight/Project/target/classes/assets/textures/rest.png
11:29:48.487 [FXGL Background Thread 1 ] DEBUG FXGL.DefaultMenu     - createMenuBodyGameMenu()
11:29:48.496 [FXGL Background Thread 1 ] DEBUG FXGL.DefaultMenu     - createOptionsMenu()
11:29:48.502 [FXGL Background Thread 1 ] DEBUG FXGLAssetLoaderServi - Loading from file system: jar:file:/Users/kylefry/.m2/repository/com/github/almasb/fxgl/11.16/fxgl-11.16.jar!/fxglassets/textures/particles/smoke.png
11:29:48.580 [FXGL Background Thread 1 ] DEBUG FXGLAssetLoaderServi - Loading from file system: jar:file:/Users/kylefry/.m2/repository/com/github/almasb/fxgl/11.16/fxgl-11.16.jar!/fxglassets/textures/particles/trace_horizontal.png
11:29:48.602 [FXGL Background Thread 1 ] DEBUG GameApplicationServi - Application scenes initialized
11:29:48.613 [FXGL Background Thread 1 ] DEBUG SystemBundleService  - Loading FXGL system data
11:29:48.616 [FXGL Background Thread 1 ] DEBUG FileSystemAccess     - Reading from: /Users/kylefry/Desktop/RhythmKnight/Project/system/fxgl.bundle
11:29:48.623 [FXGL Background Thread 1 ] DEBUG SystemBundleService  - Bundle FXGL: {}
11:29:48.624 [FXGL Background Thread 1 ] DEBUG UpdaterService       - Checking for updates
11:29:48.628 [FXGL Background Thread 4 ] DEBUG FXGLApplication      - Loading fonts
11:29:48.629 [FXGL Background Thread 1 ] DEBUG FXGLApplication      - Loading default localization
11:29:48.629 [FXGL Background Thread 4 ] DEBUG FXGLAssetLoaderServi - Loading from file system: jar:file:/Users/kylefry/.m2/repository/com/github/almasb/fxgl/11.16/fxgl-11.16.jar!/fxglassets/ui/fonts/VarelaRound-Regular.ttf
11:29:48.629 [FXGL Background Thread 1 ] DEBUG FXGLAssetLoaderServi - Loading from file system: jar:file:/Users/kylefry/.m2/repository/com/github/almasb/fxgl/11.16/fxgl-11.16.jar!/fxglassets/languages/english.lang
11:29:48.648 [FXGL Background Thread 4 ] DEBUG FXGLAssetLoaderServi - Loading from file system: jar:file:/Users/kylefry/.m2/repository/com/github/almasb/fxgl/11.16/fxgl-11.16.jar!/fxglassets/ui/fonts/Abel-Regular.ttf
11:29:48.652 [FXGL Background Thread 1 ] INFO  FXGLApplication      - FXGL initialization took: 1.109 sec
11:29:48.654 [FXGL Background Thread 4 ] DEBUG FXGLAssetLoaderServi - Loading from file system: jar:file:/Users/kylefry/.m2/repository/com/github/almasb/fxgl/11.16/fxgl-11.16.jar!/fxglassets/ui/fonts/lucida_console.ttf
11:29:48.657 [JavaFX Application Thread] DEBUG FXGLAssetLoaderServi - Loading from file system: jar:file:/Users/kylefry/.m2/repository/com/github/almasb/fxgl/11.16/fxgl-11.16.jar!/fxglassets/textures/fxgl_icon.png
11:29:48.660 [FXGL Background Thread 4 ] DEBUG FXGLAssetLoaderServi - Loading from file system: jar:file:/Users/kylefry/.m2/repository/com/github/almasb/fxgl/11.16/fxgl-11.16.jar!/fxglassets/ui/fonts/Courier-Prime.ttf
11:29:48.680 [JavaFX Application Thread] DEBUG FXGLAssetLoaderServi - Loading from file system: jar:file:/Users/kylefry/.m2/repository/com/github/almasb/fxgl/11.16/fxgl-11.16.jar!/fxglassets/textures/fxgl_default_cursor.png
11:29:48.693 [JavaFX Application Thread] DEBUG Input                - Registered new binding: Screenshot - CTRL+8
11:29:48.693 [JavaFX Application Thread] DEBUG Input                - Registered new binding: System info dump - CTRL+9
11:29:48.697 [JavaFX Application Thread] DEBUG Input                - Registered new binding: Restart - CTRL+R
11:29:48.698 [JavaFX Application Thread] DEBUG Input                - Registered new binding: Toggle Debug Camera - CTRL+C
11:29:48.700 [JavaFX Application Thread] DEBUG LoopRunner           - Starting loop
11:29:48.700 [JavaFX Application Thread] DEBUG LoopRunner           - Initializing JavaFX AnimationTimerLoop
11:29:48.703 [JavaFX Application Thread] DEBUG Input                - Clearing active input actions
11:29:48.711 [JavaFX Application Thread] DEBUG GameApplicationServi - Removing overlay from FXGLStartupScene and adding to FXGLMainMenuDummyScene
11:29:48.712 [JavaFX Application Thread] DEBUG PrimaryStageWindow   - FXGLStartupScene -> FXGLMainMenuDummyScene
11:29:48.712 [JavaFX Application Thread] DEBUG PrimaryStageWindow   - Push state: AppMainMenu
11:29:48.712 [JavaFX Application Thread] DEBUG Input                - Clearing active input actions
11:29:48.719 [JavaFX Application Thread] DEBUG GameApplicationServi - Removing overlay from FXGLMainMenuDummyScene and adding to AppMainMenu
11:29:48.720 [JavaFX Application Thread] DEBUG PrimaryStageWindow   - FXGLMainMenuDummyScene -> AppMainMenu
11:29:48.744 [JavaFX Application Thread] DEBUG FXGLApplication      - Registering font factories with UI factory
11:29:49.495 [JavaFX Application Thread] DEBUG Menu                 - fireNewGame()
11:29:49.495 [JavaFX Application Thread] DEBUG GameApplicationServi - Starting new game
11:29:49.496 [JavaFX Application Thread] DEBUG PrimaryStageWindow   - Pop state: AppMainMenu
11:29:49.496 [JavaFX Application Thread] DEBUG Input                - Clearing active input actions
11:29:49.497 [JavaFX Application Thread] DEBUG GameApplicationServi - Removing overlay from AppMainMenu and adding to FXGLMainMenuDummyScene
11:29:49.497 [JavaFX Application Thread] DEBUG PrimaryStageWindow   - FXGLMainMenuDummyScene <- AppMainMenu
11:29:49.498 [JavaFX Application Thread] DEBUG Input                - Clearing active input actions
11:29:49.509 [JavaFX Application Thread] DEBUG GameApplicationServi - Removing overlay from FXGLMainMenuDummyScene and adding to FXGLLoadingScene
11:29:49.509 [JavaFX Application Thread] DEBUG PrimaryStageWindow   - FXGLMainMenuDummyScene -> FXGLLoadingScene
11:29:49.509 [JavaFX Application Thread] DEBUG GameApplicationServi - Clearing previous game
11:29:49.509 [JavaFX Application Thread] DEBUG GameScene            - Clearing game scene
11:29:49.510 [JavaFX Application Thread] DEBUG GameWorld            - Clearing game world
11:29:49.510 [JavaFX Application Thread] DEBUG PhysicsWorld         - Clearing physics world
11:29:49.511 [FXGL Background Thread 2 ] DEBUG FXGLApplication      - Initializing game
11:29:49.874 [FXGL Background Thread 2 ] DEBUG FXGLAssetLoaderServi - Loading from file system: file:/Users/kylefry/Desktop/RhythmKnight/Project/target/classes/assets/sounds/snare01.wav
11:29:49.908 [FXGL Background Thread 2 ] DEBUG FXGLAssetLoaderServi - Loading from file system: file:/Users/kylefry/Desktop/RhythmKnight/Project/target/classes/assets/textures/hex.png
11:29:49.912 [FXGL Background Thread 2 ] DEBUG FXGLAssetLoaderServi - Loading from file system: file:/Users/kylefry/Desktop/RhythmKnight/Project/target/classes/assets/textures/cutout.png
11:29:49.950 [FXGL Background Thread 2 ] DEBUG FXGLAssetLoaderServi - Loading from file system: file:/Users/kylefry/Desktop/RhythmKnight/Project/target/classes/assets/textures/TutorialTilemap.png
11:29:49.996 [FXGL Background Thread 2 ] INFO  FXGLApplication      - Game initialization took: 0.484 sec
11:29:50.061 [JavaFX Application Thread] DEBUG Input                - Clearing active input actions
11:29:50.070 [JavaFX Application Thread] DEBUG GameApplicationServi - Removing overlay from FXGLLoadingScene and adding to GameScene
11:29:50.070 [JavaFX Application Thread] DEBUG PrimaryStageWindow   - FXGLLoadingScene -> GameScene
11:29:51.628 [FXGL Background Thread 3 ] DEBUG Engine               - Logging environment variables
11:29:51.629 [FXGL Background Thread 3 ] DEBUG Engine               - achievements: []
11:29:51.629 [FXGL Background Thread 3 ] DEBUG Engine               - actualHeight: 801.0
11:29:51.629 [FXGL Background Thread 3 ] DEBUG Engine               - actualHeightProperty: ReadOnlyDoubleProperty [value: 801.0]
11:29:51.630 [FXGL Background Thread 3 ] DEBUG Engine               - actualWidth: 1400.0
11:29:51.630 [FXGL Background Thread 3 ] DEBUG Engine               - actualWidthProperty: ReadOnlyDoubleProperty [value: 1400.0]
11:29:51.630 [FXGL Background Thread 3 ] DEBUG Engine               - appIcon: fxgl_icon.png
11:29:51.630 [FXGL Background Thread 3 ] DEBUG Engine               - applicationMode: DEVELOPER
11:29:51.630 [FXGL Background Thread 3 ] DEBUG Engine               - cSSList: [fxgl_dark.css]
11:29:51.630 [FXGL Background Thread 3 ] DEBUG Engine               - collisionDetectionStrategy: BRUTE_FORCE
11:29:51.630 [FXGL Background Thread 3 ] DEBUG Engine               - configClass: Optional.empty
11:29:51.631 [FXGL Background Thread 3 ] DEBUG Engine               - credits: []
11:29:51.631 [FXGL Background Thread 3 ] DEBUG Engine               - defaultCursor: CursorInfo(imageName=fxgl_default_cursor.png, hotspotX=7.0, hotspotY=6.0)
11:29:51.631 [FXGL Background Thread 3 ] DEBUG Engine               - devBBoxColorProperty: ObjectProperty [value: 0xff0000ff]
11:29:51.632 [FXGL Background Thread 3 ] DEBUG Engine               - devEnableDebugCameraProperty: BooleanProperty [value: false]
11:29:51.632 [FXGL Background Thread 3 ] DEBUG Engine               - devSensorColorProperty: ObjectProperty [value: 0xffff00ff]
11:29:51.632 [FXGL Background Thread 3 ] DEBUG Engine               - devShowBBoxProperty: BooleanProperty [value: false]
11:29:51.633 [FXGL Background Thread 3 ] DEBUG Engine               - devShowPositionProperty: BooleanProperty [value: false]
11:29:51.633 [FXGL Background Thread 3 ] DEBUG Engine               - enabledMenuItems: []
11:29:51.633 [FXGL Background Thread 3 ] DEBUG Engine               - engineServices: [class com.almasb.fxgl.app.services.FXGLAssetLoaderService, class com.almasb.fxgl.app.FXGLApplication$GameApplicationService, class com.almasb.fxgl.app.services.FXGLDialogService, class com.almasb.fxgl.app.services.IOTaskExecutorService, class com.almasb.fxgl.io.FileSystemService, class com.almasb.fxgl.localization.LocalizationService, class com.almasb.fxgl.app.services.SystemBundleService, class com.almasb.fxgl.profile.SaveLoadService, class com.almasb.fxgl.ui.FXGLUIFactoryServiceProvider, class com.almasb.fxgl.ui.FXGLDialogFactoryServiceProvider, class com.almasb.fxgl.audio.AudioPlayer, class com.almasb.fxgl.notification.impl.NotificationServiceProvider, class com.almasb.fxgl.achievement.AchievementService, class com.almasb.fxgl.cutscene.CutsceneService, class com.almasb.fxgl.minigames.MiniGameService, class com.almasb.fxgl.net.NetService, class com.almasb.fxgl.app.services.UpdaterService, class com.almasb.fxgl.dev.DevService]
11:29:51.633 [FXGL Background Thread 3 ] DEBUG Engine               - fontGame: Abel-Regular.ttf
11:29:51.633 [FXGL Background Thread 3 ] DEBUG Engine               - fontMono: lucida_console.ttf
11:29:51.634 [FXGL Background Thread 3 ] DEBUG Engine               - fontText: Courier-Prime.ttf
11:29:51.634 [FXGL Background Thread 3 ] DEBUG Engine               - fontUI: VarelaRound-Regular.ttf
11:29:51.634 [FXGL Background Thread 3 ] DEBUG Engine               - fullScreen: BooleanProperty [value: false]
11:29:51.634 [FXGL Background Thread 3 ] DEBUG Engine               - gameDifficulty: MEDIUM
11:29:51.634 [FXGL Background Thread 3 ] DEBUG Engine               - gameDifficultyProperty: ObjectProperty [value: MEDIUM]
11:29:51.635 [FXGL Background Thread 3 ] DEBUG Engine               - globalMusicVolume: 0.5
11:29:51.635 [FXGL Background Thread 3 ] DEBUG Engine               - globalMusicVolumeProperty: DoubleProperty [value: 0.5]
11:29:51.635 [FXGL Background Thread 3 ] DEBUG Engine               - globalSoundVolume: 0.5
11:29:51.635 [FXGL Background Thread 3 ] DEBUG Engine               - globalSoundVolumeProperty: DoubleProperty [value: 0.5]
11:29:51.636 [FXGL Background Thread 3 ] DEBUG Engine               - height: 1080
11:29:51.636 [FXGL Background Thread 3 ] DEBUG Engine               - is3D: false
11:29:51.636 [FXGL Background Thread 3 ] DEBUG Engine               - isAndroid: false
11:29:51.636 [FXGL Background Thread 3 ] DEBUG Engine               - isBrowser: false
11:29:51.636 [FXGL Background Thread 3 ] DEBUG Engine               - isClickFeedbackEnabled: false
11:29:51.636 [FXGL Background Thread 3 ] DEBUG Engine               - isCloseConfirmation: false
11:29:51.636 [FXGL Background Thread 3 ] DEBUG Engine               - isDesktop: true
11:29:51.636 [FXGL Background Thread 3 ] DEBUG Engine               - isDeveloperMenuEnabled: false
11:29:51.637 [FXGL Background Thread 3 ] DEBUG Engine               - isEntityPreloadEnabled: true
11:29:51.637 [FXGL Background Thread 3 ] DEBUG Engine               - isExperimentalTiledLargeMap: false
11:29:51.637 [FXGL Background Thread 3 ] DEBUG Engine               - isFileSystemWriteAllowed: true
11:29:51.637 [FXGL Background Thread 3 ] DEBUG Engine               - isFullScreenAllowed: false
11:29:51.637 [FXGL Background Thread 3 ] DEBUG Engine               - isFullScreenFromStart: false
11:29:51.637 [FXGL Background Thread 3 ] DEBUG Engine               - isGameMenuEnabled: true
11:29:51.637 [FXGL Background Thread 3 ] DEBUG Engine               - isIOS: false
11:29:51.637 [FXGL Background Thread 3 ] DEBUG Engine               - isIntroEnabled: false
11:29:51.638 [FXGL Background Thread 3 ] DEBUG Engine               - isLinux: false
11:29:51.638 [FXGL Background Thread 3 ] DEBUG Engine               - isMac: true
11:29:51.638 [FXGL Background Thread 3 ] DEBUG Engine               - isMainMenuEnabled: true
11:29:51.638 [FXGL Background Thread 3 ] DEBUG Engine               - isManualResizeEnabled: false
11:29:51.638 [FXGL Background Thread 3 ] DEBUG Engine               - isMobile: false
11:29:51.638 [FXGL Background Thread 3 ] DEBUG Engine               - isNative: false
11:29:51.638 [FXGL Background Thread 3 ] DEBUG Engine               - isPreserveResizeRatio: false
11:29:51.638 [FXGL Background Thread 3 ] DEBUG Engine               - isProfilingEnabled: false
11:29:51.638 [FXGL Background Thread 3 ] DEBUG Engine               - isScaleAffectedOnResize: true
11:29:51.638 [FXGL Background Thread 3 ] DEBUG Engine               - isSingleStep: false
11:29:51.639 [FXGL Background Thread 3 ] DEBUG Engine               - isUserProfileEnabled: false
11:29:51.639 [FXGL Background Thread 3 ] DEBUG Engine               - isWindows: false
11:29:51.639 [FXGL Background Thread 3 ] DEBUG Engine               - language: ObjectProperty [value: ENGLISH]
11:29:51.639 [FXGL Background Thread 3 ] DEBUG Engine               - menuKey: ESCAPE
11:29:51.639 [FXGL Background Thread 3 ] DEBUG Engine               - mouseSensitivity: 0.2
11:29:51.639 [FXGL Background Thread 3 ] DEBUG Engine               - notificationViewClass: class com.almasb.fxgl.notification.view.XboxNotificationView
11:29:51.639 [FXGL Background Thread 3 ] DEBUG Engine               - pixelsPerMeter: 50.0
11:29:51.639 [FXGL Background Thread 3 ] DEBUG Engine               - platform: MAC
11:29:51.640 [FXGL Background Thread 3 ] DEBUG Engine               - prefHeightProperty: ReadOnlyDoubleProperty [value: 1080.0]
11:29:51.640 [FXGL Background Thread 3 ] DEBUG Engine               - prefWidthProperty: ReadOnlyDoubleProperty [value: 1920.0]
11:29:51.640 [FXGL Background Thread 3 ] DEBUG Engine               - profileDir: profiles/
11:29:51.640 [FXGL Background Thread 3 ] DEBUG Engine               - profileName: StringProperty [value: DEFAULT]
11:29:51.640 [FXGL Background Thread 3 ] DEBUG Engine               - randomSeed: -1
11:29:51.640 [FXGL Background Thread 3 ] DEBUG Engine               - runtimeInfo: RuntimeInfo(platform=MAC, version=11.16, build=25.05.2021 08.16)
11:29:51.640 [FXGL Background Thread 3 ] DEBUG Engine               - saveFileExt: sav
11:29:51.640 [FXGL Background Thread 3 ] DEBUG Engine               - scaledHeightProp$fxgl: DoubleProperty [bound, value: 801.0]
11:29:51.640 [FXGL Background Thread 3 ] DEBUG Engine               - scaledWidthProp$fxgl: DoubleProperty [bound, value: 1400.0]
11:29:51.640 [FXGL Background Thread 3 ] DEBUG Engine               - sceneFactory: GameApp$1@6f58ea64
11:29:51.640 [FXGL Background Thread 3 ] DEBUG Engine               - secondsIn24h: 60
11:29:51.641 [FXGL Background Thread 3 ] DEBUG Engine               - soundMenuBack: menu/back.wav
11:29:51.641 [FXGL Background Thread 3 ] DEBUG Engine               - soundMenuPress: menu/press.wav
11:29:51.641 [FXGL Background Thread 3 ] DEBUG Engine               - soundMenuSelect: menu/select.wav
11:29:51.641 [FXGL Background Thread 3 ] DEBUG Engine               - soundNotification: core/notification.wav
11:29:51.641 [FXGL Background Thread 3 ] DEBUG Engine               - stageStyle: DECORATED
11:29:51.641 [FXGL Background Thread 3 ] DEBUG Engine               - supportedLanguages: [ENGLISH, FRENCH, GERMAN, HUNGARIAN, RUSSIAN]
11:29:51.642 [FXGL Background Thread 3 ] DEBUG Engine               - ticksPerSecond: -1
11:29:51.642 [FXGL Background Thread 3 ] DEBUG Engine               - title: Rhythm Knight
11:29:51.642 [FXGL Background Thread 3 ] DEBUG Engine               - urlGithub: https://github.com/AlmasB/FXGL
11:29:51.642 [FXGL Background Thread 3 ] DEBUG Engine               - urlLeaderboard: http://fxgl-top.herokuapp.com/
11:29:51.642 [FXGL Background Thread 3 ] DEBUG Engine               - urlPOM: https://raw.githubusercontent.com/AlmasB/FXGL/release/README.md
11:29:51.642 [FXGL Background Thread 3 ] DEBUG Engine               - userAppClass: class GameApp
11:29:51.642 [FXGL Background Thread 3 ] DEBUG Engine               - version: Pre-Alpha 1
11:29:51.643 [FXGL Background Thread 3 ] DEBUG Engine               - versionCheckDays: 7
11:29:51.643 [FXGL Background Thread 3 ] DEBUG Engine               - width: 1920
11:29:51.643 [FXGL Background Thread 3 ] DEBUG Engine               - Logging services
11:29:51.643 [FXGL Background Thread 3 ] DEBUG Engine               - class com.almasb.fxgl.app.services.FXGLAssetLoaderService
11:29:51.643 [FXGL Background Thread 3 ] DEBUG Engine               - class com.almasb.fxgl.app.FXGLApplication$GameApplicationService
11:29:51.643 [FXGL Background Thread 3 ] DEBUG Engine               - class com.almasb.fxgl.app.services.FXGLDialogService
11:29:51.644 [FXGL Background Thread 3 ] DEBUG Engine               - class com.almasb.fxgl.app.services.IOTaskExecutorService
11:29:51.644 [FXGL Background Thread 3 ] DEBUG Engine               - class com.almasb.fxgl.io.FileSystemService
11:29:51.644 [FXGL Background Thread 3 ] DEBUG Engine               - class com.almasb.fxgl.localization.LocalizationService
11:29:51.644 [FXGL Background Thread 3 ] DEBUG Engine               - class com.almasb.fxgl.app.services.SystemBundleService
11:29:51.644 [FXGL Background Thread 3 ] DEBUG Engine               - class com.almasb.fxgl.profile.SaveLoadService
11:29:51.644 [FXGL Background Thread 3 ] DEBUG Engine               - class com.almasb.fxgl.ui.FXGLUIFactoryServiceProvider
11:29:51.644 [FXGL Background Thread 3 ] DEBUG Engine               - class com.almasb.fxgl.ui.FXGLDialogFactoryServiceProvider
11:29:51.644 [FXGL Background Thread 3 ] DEBUG Engine               - class com.almasb.fxgl.audio.AudioPlayer
11:29:51.644 [FXGL Background Thread 3 ] DEBUG Engine               - class com.almasb.fxgl.notification.impl.NotificationServiceProvider
11:29:51.645 [FXGL Background Thread 3 ] DEBUG Engine               - class com.almasb.fxgl.achievement.AchievementService
11:29:51.645 [FXGL Background Thread 3 ] DEBUG Engine               - class com.almasb.fxgl.cutscene.CutsceneService
11:29:51.645 [FXGL Background Thread 3 ] DEBUG Engine               - class com.almasb.fxgl.minigames.MiniGameService
11:29:51.645 [FXGL Background Thread 3 ] DEBUG Engine               - class com.almasb.fxgl.net.NetService
11:29:51.645 [FXGL Background Thread 3 ] DEBUG Engine               - class com.almasb.fxgl.app.services.UpdaterService
11:29:51.645 [FXGL Background Thread 3 ] DEBUG Engine               - class com.almasb.fxgl.dev.DevService
11:32:00.843 [JavaFX Application Thread] DEBUG FXGLApplication      - Exiting FXGL
11:32:00.843 [JavaFX Application Thread] DEBUG LoopRunner           - Stopping loop
11:32:00.843 [JavaFX Application Thread] DEBUG SystemBundleService  - Saving FXGL system data
11:32:00.846 [JavaFX Application Thread] DEBUG FileSystemAccess     - Writing to: /Users/kylefry/Desktop/RhythmKnight/Project/system/fxgl.bundle
11:32:00.848 [JavaFX Application Thread] DEBUG Async                - Shutting down background threads
11:32:00.848 [JavaFX Application Thread] DEBUG PrimaryStageWindow   - Closing main window
11:32:00.854 [JavaFX Application Thread] DEBUG Logger               - Closing Logger
