15:59:57.523 [main                     ] DEBUG Logger               - Configured Logger
15:59:57.555 [main                     ] DEBUG GameApplication      - Logging settings
Title: Rhythm Knight
Version: Milestone 2
Width: 1920
Height: 1080
Fullscreen: false
Intro: false
Profiling: false
Single step:false
App Mode: DEVELOPER
Menu Key: ESCAPE
Stage Style: DECORATED
Scene Factory: class GameApp$1

15:59:58.130 [JavaFX Application Thread] DEBUG FXGLApplication      - Initializing FXGL
15:59:58.133 [JavaFX Application Thread] INFO  Engine               - FXGL-11.16 (25.05.2021 08.16) on MAC (J:11.0.8 FX:16)
15:59:58.134 [JavaFX Application Thread] DEBUG Engine               - JRE Vendor Name: Oracle Corporation
15:59:58.134 [JavaFX Application Thread] DEBUG Engine               - Running on OS: Mac OS X version 10.16
15:59:58.134 [JavaFX Application Thread] DEBUG Engine               - Architecture: x86_64
15:59:58.134 [JavaFX Application Thread] INFO  Engine               - Source code and latest versions at: https://github.com/AlmasB/FXGL
15:59:58.135 [JavaFX Application Thread] INFO  Engine               -              Join the FXGL chat at: https://gitter.im/AlmasB/FXGL
15:59:58.335 [JavaFX Application Thread] DEBUG PrimaryStageWindow   - Creating a JavaFX scene
15:59:58.336 [JavaFX Application Thread] DEBUG PrimaryStageWindow   - Target size > screen size
15:59:58.441 [JavaFX Application Thread] DEBUG PrimaryStageWindow   - Target settings size: 1920.0 x 1080.0
15:59:58.441 [JavaFX Application Thread] DEBUG PrimaryStageWindow   - Scaled scene size:    1400.0 x 801.0
15:59:58.442 [JavaFX Application Thread] DEBUG PrimaryStageWindow   - Scaled ratio: (0.7291666666666666, 0.7416666666666667)
15:59:58.443 [JavaFX Application Thread] DEBUG PrimaryStageWindow   - Set initial scene to FXGLStartupScene
15:59:58.450 [JavaFX Application Thread] DEBUG PrimaryStageWindow   - Opening main window
15:59:58.823 [JavaFX Application Thread] DEBUG PrimaryStageWindow   - Window border size: (0.0, 28.0)
15:59:58.823 [JavaFX Application Thread] DEBUG PrimaryStageWindow   - Scaled size: 1400.0 x 801.0
15:59:58.823 [JavaFX Application Thread] DEBUG PrimaryStageWindow   - Scaled ratio: (0.7291666666666666, 0.7416666666666667)
15:59:58.823 [JavaFX Application Thread] DEBUG PrimaryStageWindow   - Scene size: 1400.0 x 801.0
15:59:58.824 [JavaFX Application Thread] DEBUG PrimaryStageWindow   - Stage size: 1400.0 x 829.0
15:59:58.832 [FXGL Background Thread 1 ] DEBUG Engine               - Initializing environment variables
15:59:58.884 [FXGL Background Thread 1 ] DEBUG FXGLAssetLoaderServi - User app class for loading assets: class GameApp
15:59:58.885 [FXGL Background Thread 1 ] DEBUG GameApplicationServi - Applying CSS: fxgl_dark.css
15:59:58.886 [FXGL Background Thread 1 ] DEBUG FXGLAssetLoaderServi - Loading from file system: jar:file:/Users/kylefry/.m2/repository/com/github/almasb/fxgl/11.16/fxgl-11.16.jar!/fxglassets/ui/css/fxgl_dark.css
15:59:58.948 [FXGL Background Thread 1 ] DEBUG GameApplicationServi - Initializing application scenes
15:59:59.455 [FXGL Background Thread 1 ] DEBUG GameWorld            - Game world initialized
15:59:59.540 [FXGL Background Thread 1 ] DEBUG PhysicsWorld         - Physics world initialized: appHeight=1080, physics.ppm=50.0
15:59:59.540 [FXGL Background Thread 1 ] DEBUG PhysicsWorld         - Using strategy: BRUTE_FORCE
15:59:59.545 [FXGL Background Thread 1 ] DEBUG GameScene            - Game scene initialized: 1920x1080
15:59:59.552 [FXGL Background Thread 1 ] DEBUG FXGLAssetLoaderServi - Loading from file system: file:/Users/kylefry/Desktop/RhythmKnight/Project/target/classes/assets/textures/logo-with-menu.png
15:59:59.761 [FXGL Background Thread 1 ] DEBUG FXGL.DefaultMenu     - createMenuBodyGameMenu()
15:59:59.772 [FXGL Background Thread 1 ] DEBUG FXGL.DefaultMenu     - createOptionsMenu()
15:59:59.778 [FXGL Background Thread 1 ] DEBUG FXGLAssetLoaderServi - Loading from file system: jar:file:/Users/kylefry/.m2/repository/com/github/almasb/fxgl/11.16/fxgl-11.16.jar!/fxglassets/textures/particles/smoke.png
15:59:59.861 [FXGL Background Thread 1 ] DEBUG FXGLAssetLoaderServi - Loading from file system: jar:file:/Users/kylefry/.m2/repository/com/github/almasb/fxgl/11.16/fxgl-11.16.jar!/fxglassets/textures/particles/trace_horizontal.png
15:59:59.884 [FXGL Background Thread 1 ] DEBUG GameApplicationServi - Application scenes initialized
15:59:59.894 [FXGL Background Thread 1 ] DEBUG SystemBundleService  - Loading FXGL system data
15:59:59.897 [FXGL Background Thread 1 ] DEBUG FileSystemAccess     - Reading from: /Users/kylefry/Desktop/RhythmKnight/Project/system/fxgl.bundle
15:59:59.903 [FXGL Background Thread 1 ] DEBUG SystemBundleService  - Bundle FXGL: {}
15:59:59.903 [FXGL Background Thread 1 ] DEBUG UpdaterService       - Checking for updates
15:59:59.907 [FXGL Background Thread 4 ] DEBUG FXGLApplication      - Loading fonts
15:59:59.908 [FXGL Background Thread 4 ] DEBUG FXGLAssetLoaderServi - Loading from file system: jar:file:/Users/kylefry/.m2/repository/com/github/almasb/fxgl/11.16/fxgl-11.16.jar!/fxglassets/ui/fonts/VarelaRound-Regular.ttf
15:59:59.908 [FXGL Background Thread 1 ] DEBUG FXGLApplication      - Loading default localization
15:59:59.908 [FXGL Background Thread 1 ] DEBUG FXGLAssetLoaderServi - Loading from file system: jar:file:/Users/kylefry/.m2/repository/com/github/almasb/fxgl/11.16/fxgl-11.16.jar!/fxglassets/languages/english.lang
15:59:59.938 [FXGL Background Thread 1 ] INFO  FXGLApplication      - FXGL initialization took: 1.106 sec
15:59:59.940 [JavaFX Application Thread] DEBUG FXGLAssetLoaderServi - Loading from file system: jar:file:/Users/kylefry/.m2/repository/com/github/almasb/fxgl/11.16/fxgl-11.16.jar!/fxglassets/textures/fxgl_icon.png
15:59:59.943 [FXGL Background Thread 4 ] DEBUG FXGLAssetLoaderServi - Loading from file system: jar:file:/Users/kylefry/.m2/repository/com/github/almasb/fxgl/11.16/fxgl-11.16.jar!/fxglassets/ui/fonts/Abel-Regular.ttf
15:59:59.946 [FXGL Background Thread 4 ] DEBUG FXGLAssetLoaderServi - Loading from file system: jar:file:/Users/kylefry/.m2/repository/com/github/almasb/fxgl/11.16/fxgl-11.16.jar!/fxglassets/ui/fonts/lucida_console.ttf
15:59:59.952 [FXGL Background Thread 4 ] DEBUG FXGLAssetLoaderServi - Loading from file system: jar:file:/Users/kylefry/.m2/repository/com/github/almasb/fxgl/11.16/fxgl-11.16.jar!/fxglassets/ui/fonts/Courier-Prime.ttf
15:59:59.976 [JavaFX Application Thread] DEBUG FXGLAssetLoaderServi - Loading from file system: jar:file:/Users/kylefry/.m2/repository/com/github/almasb/fxgl/11.16/fxgl-11.16.jar!/fxglassets/textures/fxgl_default_cursor.png
15:59:59.993 [JavaFX Application Thread] DEBUG Input                - Registered new binding: Screenshot - CTRL+8
15:59:59.993 [JavaFX Application Thread] DEBUG Input                - Registered new binding: System info dump - CTRL+9
15:59:59.994 [JavaFX Application Thread] DEBUG Input                - Registered new binding: Restart - CTRL+R
15:59:59.994 [JavaFX Application Thread] DEBUG Input                - Registered new binding: Toggle Debug Camera - CTRL+C
15:59:59.997 [JavaFX Application Thread] DEBUG LoopRunner           - Starting loop
15:59:59.997 [JavaFX Application Thread] DEBUG LoopRunner           - Initializing JavaFX AnimationTimerLoop
15:59:59.999 [JavaFX Application Thread] DEBUG Input                - Clearing active input actions
16:00:00.009 [JavaFX Application Thread] DEBUG GameApplicationServi - Removing overlay from FXGLStartupScene and adding to FXGLMainMenuDummyScene
16:00:00.009 [JavaFX Application Thread] DEBUG PrimaryStageWindow   - FXGLStartupScene -> FXGLMainMenuDummyScene
16:00:00.009 [JavaFX Application Thread] DEBUG PrimaryStageWindow   - Push state: AppMainMenu
16:00:00.010 [JavaFX Application Thread] DEBUG Input                - Clearing active input actions
16:00:00.016 [JavaFX Application Thread] DEBUG GameApplicationServi - Removing overlay from FXGLMainMenuDummyScene and adding to AppMainMenu
16:00:00.016 [JavaFX Application Thread] DEBUG PrimaryStageWindow   - FXGLMainMenuDummyScene -> AppMainMenu
16:00:00.051 [JavaFX Application Thread] DEBUG FXGLApplication      - Registering font factories with UI factory
16:00:01.277 [JavaFX Application Thread] DEBUG FXGLAssetLoaderServi - Loading from file system: file:/Users/kylefry/Desktop/RhythmKnight/Project/target/classes/assets/sounds/SelectSFX.mp3
16:00:02.907 [FXGL Background Thread 3 ] DEBUG Engine               - Logging environment variables
16:00:02.908 [FXGL Background Thread 3 ] DEBUG Engine               - achievements: []
16:00:02.909 [FXGL Background Thread 3 ] DEBUG Engine               - actualHeight: 801.0
16:00:02.909 [FXGL Background Thread 3 ] DEBUG Engine               - actualHeightProperty: ReadOnlyDoubleProperty [value: 801.0]
16:00:02.909 [FXGL Background Thread 3 ] DEBUG Engine               - actualWidth: 1400.0
16:00:02.909 [FXGL Background Thread 3 ] DEBUG Engine               - actualWidthProperty: ReadOnlyDoubleProperty [value: 1400.0]
16:00:02.909 [FXGL Background Thread 3 ] DEBUG Engine               - appIcon: fxgl_icon.png
16:00:02.909 [FXGL Background Thread 3 ] DEBUG Engine               - applicationMode: DEVELOPER
16:00:02.910 [FXGL Background Thread 3 ] DEBUG Engine               - cSSList: [fxgl_dark.css]
16:00:02.910 [FXGL Background Thread 3 ] DEBUG Engine               - collisionDetectionStrategy: BRUTE_FORCE
16:00:02.910 [FXGL Background Thread 3 ] DEBUG Engine               - configClass: Optional.empty
16:00:02.910 [FXGL Background Thread 3 ] DEBUG Engine               - credits: []
16:00:02.910 [FXGL Background Thread 3 ] DEBUG Engine               - defaultCursor: CursorInfo(imageName=fxgl_default_cursor.png, hotspotX=7.0, hotspotY=6.0)
16:00:02.911 [FXGL Background Thread 3 ] DEBUG Engine               - devBBoxColorProperty: ObjectProperty [value: 0xff0000ff]
16:00:02.911 [FXGL Background Thread 3 ] DEBUG Engine               - devEnableDebugCameraProperty: BooleanProperty [value: false]
16:00:02.911 [FXGL Background Thread 3 ] DEBUG Engine               - devSensorColorProperty: ObjectProperty [value: 0xffff00ff]
16:00:02.911 [FXGL Background Thread 3 ] DEBUG Engine               - devShowBBoxProperty: BooleanProperty [value: false]
16:00:02.911 [FXGL Background Thread 3 ] DEBUG Engine               - devShowPositionProperty: BooleanProperty [value: false]
16:00:02.911 [FXGL Background Thread 3 ] DEBUG Engine               - enabledMenuItems: []
16:00:02.912 [FXGL Background Thread 3 ] DEBUG Engine               - engineServices: [class com.almasb.fxgl.app.services.FXGLAssetLoaderService, class com.almasb.fxgl.app.FXGLApplication$GameApplicationService, class com.almasb.fxgl.app.services.FXGLDialogService, class com.almasb.fxgl.app.services.IOTaskExecutorService, class com.almasb.fxgl.io.FileSystemService, class com.almasb.fxgl.localization.LocalizationService, class com.almasb.fxgl.app.services.SystemBundleService, class com.almasb.fxgl.profile.SaveLoadService, class com.almasb.fxgl.ui.FXGLUIFactoryServiceProvider, class com.almasb.fxgl.ui.FXGLDialogFactoryServiceProvider, class com.almasb.fxgl.audio.AudioPlayer, class com.almasb.fxgl.notification.impl.NotificationServiceProvider, class com.almasb.fxgl.achievement.AchievementService, class com.almasb.fxgl.cutscene.CutsceneService, class com.almasb.fxgl.minigames.MiniGameService, class com.almasb.fxgl.net.NetService, class com.almasb.fxgl.app.services.UpdaterService, class com.almasb.fxgl.dev.DevService]
16:00:02.912 [FXGL Background Thread 3 ] DEBUG Engine               - fontGame: Abel-Regular.ttf
16:00:02.912 [FXGL Background Thread 3 ] DEBUG Engine               - fontMono: lucida_console.ttf
16:00:02.912 [FXGL Background Thread 3 ] DEBUG Engine               - fontText: Courier-Prime.ttf
16:00:02.912 [FXGL Background Thread 3 ] DEBUG Engine               - fontUI: VarelaRound-Regular.ttf
16:00:02.912 [FXGL Background Thread 3 ] DEBUG Engine               - fullScreen: BooleanProperty [value: false]
16:00:02.912 [FXGL Background Thread 3 ] DEBUG Engine               - gameDifficulty: MEDIUM
16:00:02.912 [FXGL Background Thread 3 ] DEBUG Engine               - gameDifficultyProperty: ObjectProperty [value: MEDIUM]
16:00:02.913 [FXGL Background Thread 3 ] DEBUG Engine               - globalMusicVolume: 0.5
16:00:02.913 [FXGL Background Thread 3 ] DEBUG Engine               - globalMusicVolumeProperty: DoubleProperty [value: 0.5]
16:00:02.913 [FXGL Background Thread 3 ] DEBUG Engine               - globalSoundVolume: 0.5
16:00:02.913 [FXGL Background Thread 3 ] DEBUG Engine               - globalSoundVolumeProperty: DoubleProperty [value: 0.5]
16:00:02.913 [FXGL Background Thread 3 ] DEBUG Engine               - height: 1080
16:00:02.913 [FXGL Background Thread 3 ] DEBUG Engine               - is3D: false
16:00:02.913 [FXGL Background Thread 3 ] DEBUG Engine               - isAndroid: false
16:00:02.914 [FXGL Background Thread 3 ] DEBUG Engine               - isBrowser: false
16:00:02.914 [FXGL Background Thread 3 ] DEBUG Engine               - isClickFeedbackEnabled: false
16:00:02.914 [FXGL Background Thread 3 ] DEBUG Engine               - isCloseConfirmation: false
16:00:02.914 [FXGL Background Thread 3 ] DEBUG Engine               - isDesktop: true
16:00:02.914 [FXGL Background Thread 3 ] DEBUG Engine               - isDeveloperMenuEnabled: false
16:00:02.914 [FXGL Background Thread 3 ] DEBUG Engine               - isEntityPreloadEnabled: true
16:00:02.914 [FXGL Background Thread 3 ] DEBUG Engine               - isExperimentalTiledLargeMap: false
16:00:02.914 [FXGL Background Thread 3 ] DEBUG Engine               - isFileSystemWriteAllowed: true
16:00:02.915 [FXGL Background Thread 3 ] DEBUG Engine               - isFullScreenAllowed: false
16:00:02.915 [FXGL Background Thread 3 ] DEBUG Engine               - isFullScreenFromStart: false
16:00:02.915 [FXGL Background Thread 3 ] DEBUG Engine               - isGameMenuEnabled: true
16:00:02.915 [FXGL Background Thread 3 ] DEBUG Engine               - isIOS: false
16:00:02.915 [FXGL Background Thread 3 ] DEBUG Engine               - isIntroEnabled: false
16:00:02.915 [FXGL Background Thread 3 ] DEBUG Engine               - isLinux: false
16:00:02.915 [FXGL Background Thread 3 ] DEBUG Engine               - isMac: true
16:00:02.915 [FXGL Background Thread 3 ] DEBUG Engine               - isMainMenuEnabled: true
16:00:02.915 [FXGL Background Thread 3 ] DEBUG Engine               - isManualResizeEnabled: false
16:00:02.916 [FXGL Background Thread 3 ] DEBUG Engine               - isMobile: false
16:00:02.916 [FXGL Background Thread 3 ] DEBUG Engine               - isNative: false
16:00:02.916 [FXGL Background Thread 3 ] DEBUG Engine               - isPreserveResizeRatio: false
16:00:02.916 [FXGL Background Thread 3 ] DEBUG Engine               - isProfilingEnabled: false
16:00:02.916 [FXGL Background Thread 3 ] DEBUG Engine               - isScaleAffectedOnResize: true
16:00:02.916 [FXGL Background Thread 3 ] DEBUG Engine               - isSingleStep: false
16:00:02.916 [FXGL Background Thread 3 ] DEBUG Engine               - isUserProfileEnabled: false
16:00:02.916 [FXGL Background Thread 3 ] DEBUG Engine               - isWindows: false
16:00:02.917 [FXGL Background Thread 3 ] DEBUG Engine               - language: ObjectProperty [value: ENGLISH]
16:00:02.917 [FXGL Background Thread 3 ] DEBUG Engine               - menuKey: ESCAPE
16:00:02.917 [FXGL Background Thread 3 ] DEBUG Engine               - mouseSensitivity: 0.2
16:00:02.917 [FXGL Background Thread 3 ] DEBUG Engine               - notificationViewClass: class com.almasb.fxgl.notification.view.XboxNotificationView
16:00:02.917 [FXGL Background Thread 3 ] DEBUG Engine               - pixelsPerMeter: 50.0
16:00:02.917 [FXGL Background Thread 3 ] DEBUG Engine               - platform: MAC
16:00:02.918 [FXGL Background Thread 3 ] DEBUG Engine               - prefHeightProperty: ReadOnlyDoubleProperty [value: 1080.0]
16:00:02.918 [FXGL Background Thread 3 ] DEBUG Engine               - prefWidthProperty: ReadOnlyDoubleProperty [value: 1920.0]
16:00:02.918 [FXGL Background Thread 3 ] DEBUG Engine               - profileDir: profiles/
16:00:02.918 [FXGL Background Thread 3 ] DEBUG Engine               - profileName: StringProperty [value: DEFAULT]
16:00:02.918 [FXGL Background Thread 3 ] DEBUG Engine               - randomSeed: -1
16:00:02.918 [FXGL Background Thread 3 ] DEBUG Engine               - runtimeInfo: RuntimeInfo(platform=MAC, version=11.16, build=25.05.2021 08.16)
16:00:02.918 [FXGL Background Thread 3 ] DEBUG Engine               - saveFileExt: sav
16:00:02.918 [FXGL Background Thread 3 ] DEBUG Engine               - scaledHeightProp$fxgl: DoubleProperty [bound, value: 801.0]
16:00:02.918 [FXGL Background Thread 3 ] DEBUG Engine               - scaledWidthProp$fxgl: DoubleProperty [bound, value: 1400.0]
16:00:02.919 [FXGL Background Thread 3 ] DEBUG Engine               - sceneFactory: GameApp$1@e56bd1
16:00:02.919 [FXGL Background Thread 3 ] DEBUG Engine               - secondsIn24h: 60
16:00:02.919 [FXGL Background Thread 3 ] DEBUG Engine               - soundMenuBack: menu/back.wav
16:00:02.919 [FXGL Background Thread 3 ] DEBUG Engine               - soundMenuPress: menu/press.wav
16:00:02.919 [FXGL Background Thread 3 ] DEBUG Engine               - soundMenuSelect: menu/select.wav
16:00:02.919 [FXGL Background Thread 3 ] DEBUG Engine               - soundNotification: core/notification.wav
16:00:02.919 [FXGL Background Thread 3 ] DEBUG Engine               - stageStyle: DECORATED
16:00:02.919 [FXGL Background Thread 3 ] DEBUG Engine               - supportedLanguages: [ENGLISH, FRENCH, GERMAN, HUNGARIAN, RUSSIAN]
16:00:02.919 [FXGL Background Thread 3 ] DEBUG Engine               - ticksPerSecond: -1
16:00:02.919 [FXGL Background Thread 3 ] DEBUG Engine               - title: Rhythm Knight
16:00:02.919 [FXGL Background Thread 3 ] DEBUG Engine               - urlGithub: https://github.com/AlmasB/FXGL
16:00:02.920 [FXGL Background Thread 3 ] DEBUG Engine               - urlLeaderboard: http://fxgl-top.herokuapp.com/
16:00:02.920 [FXGL Background Thread 3 ] DEBUG Engine               - urlPOM: https://raw.githubusercontent.com/AlmasB/FXGL/release/README.md
16:00:02.920 [FXGL Background Thread 3 ] DEBUG Engine               - userAppClass: class GameApp
16:00:02.920 [FXGL Background Thread 3 ] DEBUG Engine               - version: Milestone 2
16:00:02.920 [FXGL Background Thread 3 ] DEBUG Engine               - versionCheckDays: 7
16:00:02.920 [FXGL Background Thread 3 ] DEBUG Engine               - width: 1920
16:00:02.920 [FXGL Background Thread 3 ] DEBUG Engine               - Logging services
16:00:02.920 [FXGL Background Thread 3 ] DEBUG Engine               - class com.almasb.fxgl.app.services.FXGLAssetLoaderService
16:00:02.920 [FXGL Background Thread 3 ] DEBUG Engine               - class com.almasb.fxgl.app.FXGLApplication$GameApplicationService
16:00:02.920 [FXGL Background Thread 3 ] DEBUG Engine               - class com.almasb.fxgl.app.services.FXGLDialogService
16:00:02.920 [FXGL Background Thread 3 ] DEBUG Engine               - class com.almasb.fxgl.app.services.IOTaskExecutorService
16:00:02.920 [FXGL Background Thread 3 ] DEBUG Engine               - class com.almasb.fxgl.io.FileSystemService
16:00:02.921 [FXGL Background Thread 3 ] DEBUG Engine               - class com.almasb.fxgl.localization.LocalizationService
16:00:02.921 [FXGL Background Thread 3 ] DEBUG Engine               - class com.almasb.fxgl.app.services.SystemBundleService
16:00:02.921 [FXGL Background Thread 3 ] DEBUG Engine               - class com.almasb.fxgl.profile.SaveLoadService
16:00:02.921 [FXGL Background Thread 3 ] DEBUG Engine               - class com.almasb.fxgl.ui.FXGLUIFactoryServiceProvider
16:00:02.921 [FXGL Background Thread 3 ] DEBUG Engine               - class com.almasb.fxgl.ui.FXGLDialogFactoryServiceProvider
16:00:02.921 [FXGL Background Thread 3 ] DEBUG Engine               - class com.almasb.fxgl.audio.AudioPlayer
16:00:02.921 [FXGL Background Thread 3 ] DEBUG Engine               - class com.almasb.fxgl.notification.impl.NotificationServiceProvider
16:00:02.921 [FXGL Background Thread 3 ] DEBUG Engine               - class com.almasb.fxgl.achievement.AchievementService
16:00:02.921 [FXGL Background Thread 3 ] DEBUG Engine               - class com.almasb.fxgl.cutscene.CutsceneService
16:00:02.921 [FXGL Background Thread 3 ] DEBUG Engine               - class com.almasb.fxgl.minigames.MiniGameService
16:00:02.921 [FXGL Background Thread 3 ] DEBUG Engine               - class com.almasb.fxgl.net.NetService
16:00:02.922 [FXGL Background Thread 3 ] DEBUG Engine               - class com.almasb.fxgl.app.services.UpdaterService
16:00:02.922 [FXGL Background Thread 3 ] DEBUG Engine               - class com.almasb.fxgl.dev.DevService
16:00:04.989 [JavaFX Application Thread] DEBUG FXGLAssetLoaderServi - Loading from file system: file:/Users/kylefry/Desktop/RhythmKnight/Project/target/classes/assets/textures/configUI.png
16:00:13.268 [JavaFX Application Thread] DEBUG Menu                 - fireNewGame()
16:00:13.268 [JavaFX Application Thread] DEBUG GameApplicationServi - Starting new game
16:00:13.268 [JavaFX Application Thread] DEBUG PrimaryStageWindow   - Pop state: AppMainMenu
16:00:13.268 [JavaFX Application Thread] DEBUG Input                - Clearing active input actions
16:00:13.269 [JavaFX Application Thread] DEBUG GameApplicationServi - Removing overlay from AppMainMenu and adding to FXGLMainMenuDummyScene
16:00:13.269 [JavaFX Application Thread] DEBUG PrimaryStageWindow   - FXGLMainMenuDummyScene <- AppMainMenu
16:00:13.270 [JavaFX Application Thread] DEBUG Input                - Clearing active input actions
16:00:13.279 [JavaFX Application Thread] DEBUG GameApplicationServi - Removing overlay from FXGLMainMenuDummyScene and adding to FXGLLoadingScene
16:00:13.280 [JavaFX Application Thread] DEBUG PrimaryStageWindow   - FXGLMainMenuDummyScene -> FXGLLoadingScene
16:00:13.280 [JavaFX Application Thread] DEBUG GameApplicationServi - Clearing previous game
16:00:13.280 [JavaFX Application Thread] DEBUG GameScene            - Clearing game scene
16:00:13.280 [JavaFX Application Thread] DEBUG GameWorld            - Clearing game world
16:00:13.280 [JavaFX Application Thread] DEBUG PhysicsWorld         - Clearing physics world
16:00:13.283 [FXGL Background Thread 2 ] DEBUG FXGLApplication      - Initializing game
16:00:13.758 [FXGL Background Thread 2 ] DEBUG FXGLAssetLoaderServi - Loading from file system: file:/Users/kylefry/Desktop/RhythmKnight/Project/target/classes/assets/textures/cutout.png
16:00:13.800 [FXGL Background Thread 2 ] DEBUG FXGLAssetLoaderServi - Loading from file system: file:/Users/kylefry/Desktop/RhythmKnight/Project/target/classes/assets/textures/unvisited.png
16:00:13.803 [FXGL Background Thread 2 ] DEBUG FXGLAssetLoaderServi - Loading from file system: file:/Users/kylefry/Desktop/RhythmKnight/Project/target/classes/assets/textures/player.png
16:00:13.804 [FXGL Background Thread 2 ] DEBUG FXGLAssetLoaderServi - Loading from file system: file:/Users/kylefry/Desktop/RhythmKnight/Project/target/classes/assets/textures/stairs.png
16:00:13.809 [FXGL Background Thread 2 ] DEBUG FXGLAssetLoaderServi - Loading from file system: file:/Users/kylefry/Desktop/RhythmKnight/Project/target/classes/assets/textures/rhythm-knight.png
16:00:13.821 [FXGL Background Thread 2 ] DEBUG FXGLAssetLoaderServi - Loading from file system: file:/Users/kylefry/Desktop/RhythmKnight/Project/target/classes/assets/textures/Level1-1Dungeon.png
16:00:13.924 [FXGL Background Thread 2 ] DEBUG FXGLAssetLoaderServi - Loading from file system: file:/Users/kylefry/Desktop/RhythmKnight/Project/target/classes/assets/textures/Level1-1Layout.png
16:00:13.963 [FXGL Background Thread 2 ] DEBUG FXGLAssetLoaderServi - Loading from file system: file:/Users/kylefry/Desktop/RhythmKnight/Project/target/classes/assets/textures/UI-Layout.png
16:00:14.010 [FXGL Background Thread 2 ] INFO  FXGLApplication      - Game initialization took: 0.727 sec
16:00:14.011 [JavaFX Application Thread] DEBUG Input                - Clearing active input actions
16:00:14.019 [JavaFX Application Thread] DEBUG GameApplicationServi - Removing overlay from FXGLLoadingScene and adding to GameScene
16:00:14.020 [JavaFX Application Thread] DEBUG PrimaryStageWindow   - FXGLLoadingScene -> GameScene
16:00:14.025 [JavaFX Application Thread] DEBUG FXGLAssetLoaderServi - Loading from file system: file:/Users/kylefry/Desktop/RhythmKnight/Project/target/classes/assets/sounds/snare01.wav
16:00:18.618 [JavaFX Application Thread] DEBUG FXGLApplication      - Exiting FXGL
16:00:18.618 [JavaFX Application Thread] DEBUG LoopRunner           - Stopping loop
16:00:18.619 [JavaFX Application Thread] DEBUG SystemBundleService  - Saving FXGL system data
16:00:18.628 [JavaFX Application Thread] DEBUG FileSystemAccess     - Writing to: /Users/kylefry/Desktop/RhythmKnight/Project/system/fxgl.bundle
16:00:18.630 [JavaFX Application Thread] DEBUG Async                - Shutting down background threads
16:00:18.631 [JavaFX Application Thread] DEBUG PrimaryStageWindow   - Closing main window
16:00:18.636 [JavaFX Application Thread] DEBUG Logger               - Closing Logger
