11:29:27.611 [main                     ] DEBUG Logger               - Configured Logger
11:29:27.619 [main                     ] DEBUG GameApplication      - Logging settings
Title: Rhythm Knight
Version: Pre-Alpha 1
Width: 1920
Height: 1080
Fullscreen: false
Intro: false
Profiling: false
Single step:false
App Mode: DEVELOPER
Menu Key: ESCAPE
Stage Style: DECORATED
Scene Factory: class GameApp$1

11:29:28.111 [JavaFX Application Thread] DEBUG FXGLApplication      - Initializing FXGL
11:29:28.113 [JavaFX Application Thread] INFO  Engine               - FXGL-11.16 (25.05.2021 08.16) on MAC (J:16.0.1 FX:16)
11:29:28.113 [JavaFX Application Thread] DEBUG Engine               - JRE Vendor Name: Oracle Corporation
11:29:28.114 [JavaFX Application Thread] DEBUG Engine               - Running on OS: Mac OS X version 11.4
11:29:28.114 [JavaFX Application Thread] DEBUG Engine               - Architecture: x86_64
11:29:28.114 [JavaFX Application Thread] INFO  Engine               - Source code and latest versions at: https://github.com/AlmasB/FXGL
11:29:28.114 [JavaFX Application Thread] INFO  Engine               -              Join the FXGL chat at: https://gitter.im/AlmasB/FXGL
11:29:28.284 [JavaFX Application Thread] DEBUG PrimaryStageWindow   - Creating a JavaFX scene
11:29:28.284 [JavaFX Application Thread] DEBUG PrimaryStageWindow   - Target size > screen size
11:29:28.429 [JavaFX Application Thread] DEBUG PrimaryStageWindow   - Target settings size: 1920.0 x 1080.0
11:29:28.429 [JavaFX Application Thread] DEBUG PrimaryStageWindow   - Scaled scene size:    1400.0 x 801.0
11:29:28.433 [JavaFX Application Thread] DEBUG PrimaryStageWindow   - Scaled ratio: (0.7291666666666666, 0.7416666666666667)
11:29:28.434 [JavaFX Application Thread] DEBUG PrimaryStageWindow   - Set initial scene to FXGLStartupScene
11:29:28.445 [JavaFX Application Thread] DEBUG PrimaryStageWindow   - Opening main window
11:29:28.696 [JavaFX Application Thread] DEBUG PrimaryStageWindow   - Window border size: (0.0, 28.0)
11:29:28.696 [JavaFX Application Thread] DEBUG PrimaryStageWindow   - Scaled size: 1400.0 x 801.0
11:29:28.697 [JavaFX Application Thread] DEBUG PrimaryStageWindow   - Scaled ratio: (0.7291666666666666, 0.7416666666666667)
11:29:28.697 [JavaFX Application Thread] DEBUG PrimaryStageWindow   - Scene size: 1400.0 x 801.0
11:29:28.697 [JavaFX Application Thread] DEBUG PrimaryStageWindow   - Stage size: 1400.0 x 829.0
11:29:28.705 [FXGL Background Thread 1 ] DEBUG Engine               - Initializing environment variables
11:29:28.762 [FXGL Background Thread 1 ] DEBUG FXGLAssetLoaderServi - User app class for loading assets: class GameApp
11:29:28.762 [FXGL Background Thread 1 ] DEBUG GameApplicationServi - Applying CSS: fxgl_dark.css
11:29:28.763 [FXGL Background Thread 1 ] DEBUG FXGLAssetLoaderServi - Loading from file system: jar:file:/Users/kylefry/.m2/repository/com/github/almasb/fxgl/11.16/fxgl-11.16.jar!/fxglassets/ui/css/fxgl_dark.css
11:29:28.835 [FXGL Background Thread 1 ] DEBUG GameApplicationServi - Initializing application scenes
11:29:29.432 [FXGL Background Thread 1 ] DEBUG GameWorld            - Game world initialized
11:29:29.494 [FXGL Background Thread 1 ] DEBUG PhysicsWorld         - Physics world initialized: appHeight=1080, physics.ppm=50.0
11:29:29.494 [FXGL Background Thread 1 ] DEBUG PhysicsWorld         - Using strategy: BRUTE_FORCE
11:29:29.497 [FXGL Background Thread 1 ] DEBUG GameScene            - Game scene initialized: 1920x1080
11:29:29.501 [FXGL Background Thread 1 ] DEBUG FXGLAssetLoaderServi - Loading from file system: file:/Users/kylefry/Desktop/RhythmKnight/Project/target/classes/assets/textures/logo-with-menu.png
11:29:29.613 [FXGL Background Thread 1 ] DEBUG FXGLAssetLoaderServi - Loading from file system: file:/Users/kylefry/Desktop/RhythmKnight/Project/target/classes/assets/textures/rest.png
11:29:29.627 [FXGL Background Thread 1 ] DEBUG FXGL.DefaultMenu     - createMenuBodyGameMenu()
11:29:29.636 [FXGL Background Thread 1 ] DEBUG FXGL.DefaultMenu     - createOptionsMenu()
11:29:29.640 [FXGL Background Thread 1 ] DEBUG FXGLAssetLoaderServi - Loading from file system: jar:file:/Users/kylefry/.m2/repository/com/github/almasb/fxgl/11.16/fxgl-11.16.jar!/fxglassets/textures/particles/smoke.png
11:29:29.707 [FXGL Background Thread 1 ] DEBUG FXGLAssetLoaderServi - Loading from file system: jar:file:/Users/kylefry/.m2/repository/com/github/almasb/fxgl/11.16/fxgl-11.16.jar!/fxglassets/textures/particles/trace_horizontal.png
11:29:29.725 [FXGL Background Thread 1 ] DEBUG GameApplicationServi - Application scenes initialized
11:29:29.733 [FXGL Background Thread 1 ] DEBUG SystemBundleService  - Loading FXGL system data
11:29:29.736 [FXGL Background Thread 1 ] DEBUG FileSystemAccess     - Reading from: /Users/kylefry/Desktop/RhythmKnight/Project/system/fxgl.bundle
11:29:29.742 [FXGL Background Thread 1 ] DEBUG SystemBundleService  - Bundle FXGL: {}
11:29:29.743 [FXGL Background Thread 1 ] DEBUG UpdaterService       - Checking for updates
11:29:29.746 [FXGL Background Thread 4 ] DEBUG FXGLApplication      - Loading fonts
11:29:29.746 [FXGL Background Thread 1 ] DEBUG FXGLApplication      - Loading default localization
11:29:29.746 [FXGL Background Thread 4 ] DEBUG FXGLAssetLoaderServi - Loading from file system: jar:file:/Users/kylefry/.m2/repository/com/github/almasb/fxgl/11.16/fxgl-11.16.jar!/fxglassets/ui/fonts/VarelaRound-Regular.ttf
11:29:29.747 [FXGL Background Thread 1 ] DEBUG FXGLAssetLoaderServi - Loading from file system: jar:file:/Users/kylefry/.m2/repository/com/github/almasb/fxgl/11.16/fxgl-11.16.jar!/fxglassets/languages/english.lang
11:29:29.765 [FXGL Background Thread 1 ] INFO  FXGLApplication      - FXGL initialization took: 1.060 sec
11:29:29.766 [FXGL Background Thread 4 ] DEBUG FXGLAssetLoaderServi - Loading from file system: jar:file:/Users/kylefry/.m2/repository/com/github/almasb/fxgl/11.16/fxgl-11.16.jar!/fxglassets/ui/fonts/Abel-Regular.ttf
11:29:29.766 [JavaFX Application Thread] DEBUG FXGLAssetLoaderServi - Loading from file system: jar:file:/Users/kylefry/.m2/repository/com/github/almasb/fxgl/11.16/fxgl-11.16.jar!/fxglassets/textures/fxgl_icon.png
11:29:29.771 [FXGL Background Thread 4 ] DEBUG FXGLAssetLoaderServi - Loading from file system: jar:file:/Users/kylefry/.m2/repository/com/github/almasb/fxgl/11.16/fxgl-11.16.jar!/fxglassets/ui/fonts/lucida_console.ttf
11:29:29.777 [FXGL Background Thread 4 ] DEBUG FXGLAssetLoaderServi - Loading from file system: jar:file:/Users/kylefry/.m2/repository/com/github/almasb/fxgl/11.16/fxgl-11.16.jar!/fxglassets/ui/fonts/Courier-Prime.ttf
11:29:29.790 [JavaFX Application Thread] DEBUG FXGLAssetLoaderServi - Loading from file system: jar:file:/Users/kylefry/.m2/repository/com/github/almasb/fxgl/11.16/fxgl-11.16.jar!/fxglassets/textures/fxgl_default_cursor.png
11:29:29.802 [JavaFX Application Thread] DEBUG Input                - Registered new binding: Screenshot - CTRL+8
11:29:29.803 [JavaFX Application Thread] DEBUG Input                - Registered new binding: System info dump - CTRL+9
11:29:29.803 [JavaFX Application Thread] DEBUG Input                - Registered new binding: Restart - CTRL+R
11:29:29.804 [JavaFX Application Thread] DEBUG Input                - Registered new binding: Toggle Debug Camera - CTRL+C
11:29:29.806 [JavaFX Application Thread] DEBUG LoopRunner           - Starting loop
11:29:29.806 [JavaFX Application Thread] DEBUG LoopRunner           - Initializing JavaFX AnimationTimerLoop
11:29:29.808 [JavaFX Application Thread] DEBUG Input                - Clearing active input actions
11:29:29.817 [JavaFX Application Thread] DEBUG GameApplicationServi - Removing overlay from FXGLStartupScene and adding to FXGLMainMenuDummyScene
11:29:29.817 [JavaFX Application Thread] DEBUG PrimaryStageWindow   - FXGLStartupScene -> FXGLMainMenuDummyScene
11:29:29.817 [JavaFX Application Thread] DEBUG PrimaryStageWindow   - Push state: AppMainMenu
11:29:29.817 [JavaFX Application Thread] DEBUG Input                - Clearing active input actions
11:29:29.823 [JavaFX Application Thread] DEBUG GameApplicationServi - Removing overlay from FXGLMainMenuDummyScene and adding to AppMainMenu
11:29:29.823 [JavaFX Application Thread] DEBUG PrimaryStageWindow   - FXGLMainMenuDummyScene -> AppMainMenu
11:29:29.852 [JavaFX Application Thread] DEBUG FXGLApplication      - Registering font factories with UI factory
11:29:30.947 [JavaFX Application Thread] DEBUG Menu                 - fireNewGame()
11:29:30.947 [JavaFX Application Thread] DEBUG GameApplicationServi - Starting new game
11:29:30.947 [JavaFX Application Thread] DEBUG PrimaryStageWindow   - Pop state: AppMainMenu
11:29:30.948 [JavaFX Application Thread] DEBUG Input                - Clearing active input actions
11:29:30.949 [JavaFX Application Thread] DEBUG GameApplicationServi - Removing overlay from AppMainMenu and adding to FXGLMainMenuDummyScene
11:29:30.950 [JavaFX Application Thread] DEBUG PrimaryStageWindow   - FXGLMainMenuDummyScene <- AppMainMenu
11:29:30.950 [JavaFX Application Thread] DEBUG Input                - Clearing active input actions
11:29:30.958 [JavaFX Application Thread] DEBUG GameApplicationServi - Removing overlay from FXGLMainMenuDummyScene and adding to FXGLLoadingScene
11:29:30.959 [JavaFX Application Thread] DEBUG PrimaryStageWindow   - FXGLMainMenuDummyScene -> FXGLLoadingScene
11:29:30.959 [JavaFX Application Thread] DEBUG GameApplicationServi - Clearing previous game
11:29:30.959 [JavaFX Application Thread] DEBUG GameScene            - Clearing game scene
11:29:30.959 [JavaFX Application Thread] DEBUG GameWorld            - Clearing game world
11:29:30.959 [JavaFX Application Thread] DEBUG PhysicsWorld         - Clearing physics world
11:29:30.961 [FXGL Background Thread 2 ] DEBUG FXGLApplication      - Initializing game
11:29:31.311 [FXGL Background Thread 2 ] DEBUG FXGLAssetLoaderServi - Loading from file system: file:/Users/kylefry/Desktop/RhythmKnight/Project/target/classes/assets/sounds/snare01.wav
11:29:31.333 [FXGL Background Thread 2 ] DEBUG FXGLAssetLoaderServi - Loading from file system: file:/Users/kylefry/Desktop/RhythmKnight/Project/target/classes/assets/textures/hex.png
11:29:31.335 [FXGL Background Thread 2 ] DEBUG FXGLAssetLoaderServi - Loading from file system: file:/Users/kylefry/Desktop/RhythmKnight/Project/target/classes/assets/textures/cutout.png
11:29:31.374 [FXGL Background Thread 2 ] DEBUG FXGLAssetLoaderServi - Loading from file system: file:/Users/kylefry/Desktop/RhythmKnight/Project/target/classes/assets/textures/TutorialTilemap.png
11:29:31.417 [FXGL Background Thread 2 ] INFO  FXGLApplication      - Game initialization took: 0.456 sec
11:29:31.486 [JavaFX Application Thread] DEBUG Input                - Clearing active input actions
11:29:31.492 [JavaFX Application Thread] DEBUG GameApplicationServi - Removing overlay from FXGLLoadingScene and adding to GameScene
11:29:31.493 [JavaFX Application Thread] DEBUG PrimaryStageWindow   - FXGLLoadingScene -> GameScene
11:29:32.749 [FXGL Background Thread 3 ] DEBUG Engine               - Logging environment variables
11:29:32.750 [FXGL Background Thread 3 ] DEBUG Engine               - achievements: []
11:29:32.750 [FXGL Background Thread 3 ] DEBUG Engine               - actualHeight: 801.0
11:29:32.750 [FXGL Background Thread 3 ] DEBUG Engine               - actualHeightProperty: ReadOnlyDoubleProperty [value: 801.0]
11:29:32.750 [FXGL Background Thread 3 ] DEBUG Engine               - actualWidth: 1400.0
11:29:32.751 [FXGL Background Thread 3 ] DEBUG Engine               - actualWidthProperty: ReadOnlyDoubleProperty [value: 1400.0]
11:29:32.751 [FXGL Background Thread 3 ] DEBUG Engine               - appIcon: fxgl_icon.png
11:29:32.751 [FXGL Background Thread 3 ] DEBUG Engine               - applicationMode: DEVELOPER
11:29:32.751 [FXGL Background Thread 3 ] DEBUG Engine               - cSSList: [fxgl_dark.css]
11:29:32.751 [FXGL Background Thread 3 ] DEBUG Engine               - collisionDetectionStrategy: BRUTE_FORCE
11:29:32.751 [FXGL Background Thread 3 ] DEBUG Engine               - configClass: Optional.empty
11:29:32.751 [FXGL Background Thread 3 ] DEBUG Engine               - credits: []
11:29:32.752 [FXGL Background Thread 3 ] DEBUG Engine               - defaultCursor: CursorInfo(imageName=fxgl_default_cursor.png, hotspotX=7.0, hotspotY=6.0)
11:29:32.752 [FXGL Background Thread 3 ] DEBUG Engine               - devBBoxColorProperty: ObjectProperty [value: 0xff0000ff]
11:29:32.752 [FXGL Background Thread 3 ] DEBUG Engine               - devEnableDebugCameraProperty: BooleanProperty [value: false]
11:29:32.752 [FXGL Background Thread 3 ] DEBUG Engine               - devSensorColorProperty: ObjectProperty [value: 0xffff00ff]
11:29:32.753 [FXGL Background Thread 3 ] DEBUG Engine               - devShowBBoxProperty: BooleanProperty [value: false]
11:29:32.753 [FXGL Background Thread 3 ] DEBUG Engine               - devShowPositionProperty: BooleanProperty [value: false]
11:29:32.753 [FXGL Background Thread 3 ] DEBUG Engine               - enabledMenuItems: []
11:29:32.753 [FXGL Background Thread 3 ] DEBUG Engine               - engineServices: [class com.almasb.fxgl.app.services.FXGLAssetLoaderService, class com.almasb.fxgl.app.FXGLApplication$GameApplicationService, class com.almasb.fxgl.app.services.FXGLDialogService, class com.almasb.fxgl.app.services.IOTaskExecutorService, class com.almasb.fxgl.io.FileSystemService, class com.almasb.fxgl.localization.LocalizationService, class com.almasb.fxgl.app.services.SystemBundleService, class com.almasb.fxgl.profile.SaveLoadService, class com.almasb.fxgl.ui.FXGLUIFactoryServiceProvider, class com.almasb.fxgl.ui.FXGLDialogFactoryServiceProvider, class com.almasb.fxgl.audio.AudioPlayer, class com.almasb.fxgl.notification.impl.NotificationServiceProvider, class com.almasb.fxgl.achievement.AchievementService, class com.almasb.fxgl.cutscene.CutsceneService, class com.almasb.fxgl.minigames.MiniGameService, class com.almasb.fxgl.net.NetService, class com.almasb.fxgl.app.services.UpdaterService, class com.almasb.fxgl.dev.DevService]
11:29:32.753 [FXGL Background Thread 3 ] DEBUG Engine               - fontGame: Abel-Regular.ttf
11:29:32.753 [FXGL Background Thread 3 ] DEBUG Engine               - fontMono: lucida_console.ttf
11:29:32.754 [FXGL Background Thread 3 ] DEBUG Engine               - fontText: Courier-Prime.ttf
11:29:32.754 [FXGL Background Thread 3 ] DEBUG Engine               - fontUI: VarelaRound-Regular.ttf
11:29:32.754 [FXGL Background Thread 3 ] DEBUG Engine               - fullScreen: BooleanProperty [value: false]
11:29:32.755 [FXGL Background Thread 3 ] DEBUG Engine               - gameDifficulty: MEDIUM
11:29:32.755 [FXGL Background Thread 3 ] DEBUG Engine               - gameDifficultyProperty: ObjectProperty [value: MEDIUM]
11:29:32.755 [FXGL Background Thread 3 ] DEBUG Engine               - globalMusicVolume: 0.5
11:29:32.755 [FXGL Background Thread 3 ] DEBUG Engine               - globalMusicVolumeProperty: DoubleProperty [value: 0.5]
11:29:32.758 [FXGL Background Thread 3 ] DEBUG Engine               - globalSoundVolume: 0.5
11:29:32.759 [FXGL Background Thread 3 ] DEBUG Engine               - globalSoundVolumeProperty: DoubleProperty [value: 0.5]
11:29:32.760 [FXGL Background Thread 3 ] DEBUG Engine               - height: 1080
11:29:32.761 [FXGL Background Thread 3 ] DEBUG Engine               - is3D: false
11:29:32.762 [FXGL Background Thread 3 ] DEBUG Engine               - isAndroid: false
11:29:32.762 [FXGL Background Thread 3 ] DEBUG Engine               - isBrowser: false
11:29:32.762 [FXGL Background Thread 3 ] DEBUG Engine               - isClickFeedbackEnabled: false
11:29:32.762 [FXGL Background Thread 3 ] DEBUG Engine               - isCloseConfirmation: false
11:29:32.763 [FXGL Background Thread 3 ] DEBUG Engine               - isDesktop: true
11:29:32.763 [FXGL Background Thread 3 ] DEBUG Engine               - isDeveloperMenuEnabled: false
11:29:32.763 [FXGL Background Thread 3 ] DEBUG Engine               - isEntityPreloadEnabled: true
11:29:32.763 [FXGL Background Thread 3 ] DEBUG Engine               - isExperimentalTiledLargeMap: false
11:29:32.763 [FXGL Background Thread 3 ] DEBUG Engine               - isFileSystemWriteAllowed: true
11:29:32.764 [FXGL Background Thread 3 ] DEBUG Engine               - isFullScreenAllowed: false
11:29:32.764 [FXGL Background Thread 3 ] DEBUG Engine               - isFullScreenFromStart: false
11:29:32.764 [FXGL Background Thread 3 ] DEBUG Engine               - isGameMenuEnabled: true
11:29:32.765 [FXGL Background Thread 3 ] DEBUG Engine               - isIOS: false
11:29:32.765 [FXGL Background Thread 3 ] DEBUG Engine               - isIntroEnabled: false
11:29:32.765 [FXGL Background Thread 3 ] DEBUG Engine               - isLinux: false
11:29:32.765 [FXGL Background Thread 3 ] DEBUG Engine               - isMac: true
11:29:32.765 [FXGL Background Thread 3 ] DEBUG Engine               - isMainMenuEnabled: true
11:29:32.765 [FXGL Background Thread 3 ] DEBUG Engine               - isManualResizeEnabled: false
11:29:32.765 [FXGL Background Thread 3 ] DEBUG Engine               - isMobile: false
11:29:32.766 [FXGL Background Thread 3 ] DEBUG Engine               - isNative: false
11:29:32.766 [FXGL Background Thread 3 ] DEBUG Engine               - isPreserveResizeRatio: false
11:29:32.766 [FXGL Background Thread 3 ] DEBUG Engine               - isProfilingEnabled: false
11:29:32.766 [FXGL Background Thread 3 ] DEBUG Engine               - isScaleAffectedOnResize: true
11:29:32.766 [FXGL Background Thread 3 ] DEBUG Engine               - isSingleStep: false
11:29:32.766 [FXGL Background Thread 3 ] DEBUG Engine               - isUserProfileEnabled: false
11:29:32.766 [FXGL Background Thread 3 ] DEBUG Engine               - isWindows: false
11:29:32.766 [FXGL Background Thread 3 ] DEBUG Engine               - language: ObjectProperty [value: ENGLISH]
11:29:32.767 [FXGL Background Thread 3 ] DEBUG Engine               - menuKey: ESCAPE
11:29:32.767 [FXGL Background Thread 3 ] DEBUG Engine               - mouseSensitivity: 0.2
11:29:32.767 [FXGL Background Thread 3 ] DEBUG Engine               - notificationViewClass: class com.almasb.fxgl.notification.view.XboxNotificationView
11:29:32.767 [FXGL Background Thread 3 ] DEBUG Engine               - pixelsPerMeter: 50.0
11:29:32.767 [FXGL Background Thread 3 ] DEBUG Engine               - platform: MAC
11:29:32.767 [FXGL Background Thread 3 ] DEBUG Engine               - prefHeightProperty: ReadOnlyDoubleProperty [value: 1080.0]
11:29:32.767 [FXGL Background Thread 3 ] DEBUG Engine               - prefWidthProperty: ReadOnlyDoubleProperty [value: 1920.0]
11:29:32.767 [FXGL Background Thread 3 ] DEBUG Engine               - profileDir: profiles/
11:29:32.767 [FXGL Background Thread 3 ] DEBUG Engine               - profileName: StringProperty [value: DEFAULT]
11:29:32.767 [FXGL Background Thread 3 ] DEBUG Engine               - randomSeed: -1
11:29:32.767 [FXGL Background Thread 3 ] DEBUG Engine               - runtimeInfo: RuntimeInfo(platform=MAC, version=11.16, build=25.05.2021 08.16)
11:29:32.768 [FXGL Background Thread 3 ] DEBUG Engine               - saveFileExt: sav
11:29:32.768 [FXGL Background Thread 3 ] DEBUG Engine               - scaledHeightProp$fxgl: DoubleProperty [bound, value: 801.0]
11:29:32.768 [FXGL Background Thread 3 ] DEBUG Engine               - scaledWidthProp$fxgl: DoubleProperty [bound, value: 1400.0]
11:29:32.768 [FXGL Background Thread 3 ] DEBUG Engine               - sceneFactory: GameApp$1@ef52eb3
11:29:32.768 [FXGL Background Thread 3 ] DEBUG Engine               - secondsIn24h: 60
11:29:32.768 [FXGL Background Thread 3 ] DEBUG Engine               - soundMenuBack: menu/back.wav
11:29:32.768 [FXGL Background Thread 3 ] DEBUG Engine               - soundMenuPress: menu/press.wav
11:29:32.768 [FXGL Background Thread 3 ] DEBUG Engine               - soundMenuSelect: menu/select.wav
11:29:32.769 [FXGL Background Thread 3 ] DEBUG Engine               - soundNotification: core/notification.wav
11:29:32.769 [FXGL Background Thread 3 ] DEBUG Engine               - stageStyle: DECORATED
11:29:32.769 [FXGL Background Thread 3 ] DEBUG Engine               - supportedLanguages: [ENGLISH, FRENCH, GERMAN, HUNGARIAN, RUSSIAN]
11:29:32.769 [FXGL Background Thread 3 ] DEBUG Engine               - ticksPerSecond: -1
11:29:32.769 [FXGL Background Thread 3 ] DEBUG Engine               - title: Rhythm Knight
11:29:32.769 [FXGL Background Thread 3 ] DEBUG Engine               - urlGithub: https://github.com/AlmasB/FXGL
11:29:32.769 [FXGL Background Thread 3 ] DEBUG Engine               - urlLeaderboard: http://fxgl-top.herokuapp.com/
11:29:32.769 [FXGL Background Thread 3 ] DEBUG Engine               - urlPOM: https://raw.githubusercontent.com/AlmasB/FXGL/release/README.md
11:29:32.769 [FXGL Background Thread 3 ] DEBUG Engine               - userAppClass: class GameApp
11:29:32.770 [FXGL Background Thread 3 ] DEBUG Engine               - version: Pre-Alpha 1
11:29:32.770 [FXGL Background Thread 3 ] DEBUG Engine               - versionCheckDays: 7
11:29:32.770 [FXGL Background Thread 3 ] DEBUG Engine               - width: 1920
11:29:32.770 [FXGL Background Thread 3 ] DEBUG Engine               - Logging services
11:29:32.770 [FXGL Background Thread 3 ] DEBUG Engine               - class com.almasb.fxgl.app.services.FXGLAssetLoaderService
11:29:32.770 [FXGL Background Thread 3 ] DEBUG Engine               - class com.almasb.fxgl.app.FXGLApplication$GameApplicationService
11:29:32.770 [FXGL Background Thread 3 ] DEBUG Engine               - class com.almasb.fxgl.app.services.FXGLDialogService
11:29:32.770 [FXGL Background Thread 3 ] DEBUG Engine               - class com.almasb.fxgl.app.services.IOTaskExecutorService
11:29:32.771 [FXGL Background Thread 3 ] DEBUG Engine               - class com.almasb.fxgl.io.FileSystemService
11:29:32.771 [FXGL Background Thread 3 ] DEBUG Engine               - class com.almasb.fxgl.localization.LocalizationService
11:29:32.771 [FXGL Background Thread 3 ] DEBUG Engine               - class com.almasb.fxgl.app.services.SystemBundleService
11:29:32.771 [FXGL Background Thread 3 ] DEBUG Engine               - class com.almasb.fxgl.profile.SaveLoadService
11:29:32.771 [FXGL Background Thread 3 ] DEBUG Engine               - class com.almasb.fxgl.ui.FXGLUIFactoryServiceProvider
11:29:32.771 [FXGL Background Thread 3 ] DEBUG Engine               - class com.almasb.fxgl.ui.FXGLDialogFactoryServiceProvider
11:29:32.771 [FXGL Background Thread 3 ] DEBUG Engine               - class com.almasb.fxgl.audio.AudioPlayer
11:29:32.771 [FXGL Background Thread 3 ] DEBUG Engine               - class com.almasb.fxgl.notification.impl.NotificationServiceProvider
11:29:32.772 [FXGL Background Thread 3 ] DEBUG Engine               - class com.almasb.fxgl.achievement.AchievementService
11:29:32.772 [FXGL Background Thread 3 ] DEBUG Engine               - class com.almasb.fxgl.cutscene.CutsceneService
11:29:32.772 [FXGL Background Thread 3 ] DEBUG Engine               - class com.almasb.fxgl.minigames.MiniGameService
11:29:32.773 [FXGL Background Thread 3 ] DEBUG Engine               - class com.almasb.fxgl.net.NetService
11:29:32.774 [FXGL Background Thread 3 ] DEBUG Engine               - class com.almasb.fxgl.app.services.UpdaterService
11:29:32.774 [FXGL Background Thread 3 ] DEBUG Engine               - class com.almasb.fxgl.dev.DevService
11:29:33.685 [JavaFX Application Thread] DEBUG FXGLApplication      - Exiting FXGL
11:29:33.685 [JavaFX Application Thread] DEBUG LoopRunner           - Stopping loop
11:29:33.685 [JavaFX Application Thread] DEBUG SystemBundleService  - Saving FXGL system data
11:29:33.687 [JavaFX Application Thread] DEBUG FileSystemAccess     - Writing to: /Users/kylefry/Desktop/RhythmKnight/Project/system/fxgl.bundle
11:29:33.690 [JavaFX Application Thread] DEBUG Async                - Shutting down background threads
11:29:33.690 [JavaFX Application Thread] DEBUG PrimaryStageWindow   - Closing main window
11:29:33.698 [JavaFX Application Thread] DEBUG Logger               - Closing Logger
