15:29:41.427 [main                     ] DEBUG Logger               - Configured Logger
15:29:41.436 [main                     ] DEBUG GameApplication      - Logging settings
Title: Rhythm Knight
Version: Pre-Alpha 1
Width: 1920
Height: 1080
Fullscreen: false
Intro: false
Profiling: false
Single step:false
App Mode: DEVELOPER
Menu Key: ESCAPE
Stage Style: DECORATED
Scene Factory: class GameApp$1

15:29:41.947 [JavaFX Application Thread] DEBUG FXGLApplication      - Initializing FXGL
15:29:41.949 [JavaFX Application Thread] INFO  Engine               - FXGL-11.16 (25.05.2021 08.16) on MAC (J:16.0.1 FX:16)
15:29:41.950 [JavaFX Application Thread] DEBUG Engine               - JRE Vendor Name: Oracle Corporation
15:29:41.950 [JavaFX Application Thread] DEBUG Engine               - Running on OS: Mac OS X version 11.4
15:29:41.950 [JavaFX Application Thread] DEBUG Engine               - Architecture: x86_64
15:29:41.950 [JavaFX Application Thread] INFO  Engine               - Source code and latest versions at: https://github.com/AlmasB/FXGL
15:29:41.950 [JavaFX Application Thread] INFO  Engine               -              Join the FXGL chat at: https://gitter.im/AlmasB/FXGL
15:29:42.137 [JavaFX Application Thread] DEBUG PrimaryStageWindow   - Creating a JavaFX scene
15:29:42.137 [JavaFX Application Thread] DEBUG PrimaryStageWindow   - Target size > screen size
15:29:42.274 [JavaFX Application Thread] DEBUG PrimaryStageWindow   - Target settings size: 1920.0 x 1080.0
15:29:42.278 [JavaFX Application Thread] DEBUG PrimaryStageWindow   - Scaled scene size:    1400.0 x 801.0
15:29:42.278 [JavaFX Application Thread] DEBUG PrimaryStageWindow   - Scaled ratio: (0.7291666666666666, 0.7416666666666667)
15:29:42.280 [JavaFX Application Thread] DEBUG PrimaryStageWindow   - Set initial scene to FXGLStartupScene
15:29:42.289 [JavaFX Application Thread] DEBUG PrimaryStageWindow   - Opening main window
15:29:42.559 [JavaFX Application Thread] DEBUG PrimaryStageWindow   - Window border size: (0.0, 28.0)
15:29:42.559 [JavaFX Application Thread] DEBUG PrimaryStageWindow   - Scaled size: 1400.0 x 801.0
15:29:42.560 [JavaFX Application Thread] DEBUG PrimaryStageWindow   - Scaled ratio: (0.7291666666666666, 0.7416666666666667)
15:29:42.560 [JavaFX Application Thread] DEBUG PrimaryStageWindow   - Scene size: 1400.0 x 801.0
15:29:42.560 [JavaFX Application Thread] DEBUG PrimaryStageWindow   - Stage size: 1400.0 x 829.0
15:29:42.568 [FXGL Background Thread 1 ] DEBUG Engine               - Initializing environment variables
15:29:42.612 [FXGL Background Thread 1 ] DEBUG FXGLAssetLoaderServi - User app class for loading assets: class GameApp
15:29:42.613 [FXGL Background Thread 1 ] DEBUG GameApplicationServi - Applying CSS: fxgl_dark.css
15:29:42.615 [FXGL Background Thread 1 ] DEBUG FXGLAssetLoaderServi - Loading from file system: jar:file:/Users/kylefry/.m2/repository/com/github/almasb/fxgl/11.16/fxgl-11.16.jar!/fxglassets/ui/css/fxgl_dark.css
15:29:42.730 [FXGL Background Thread 1 ] DEBUG GameApplicationServi - Initializing application scenes
15:29:43.332 [FXGL Background Thread 1 ] DEBUG GameWorld            - Game world initialized
15:29:43.392 [FXGL Background Thread 1 ] DEBUG PhysicsWorld         - Physics world initialized: appHeight=1080, physics.ppm=50.0
15:29:43.392 [FXGL Background Thread 1 ] DEBUG PhysicsWorld         - Using strategy: BRUTE_FORCE
15:29:43.395 [FXGL Background Thread 1 ] DEBUG GameScene            - Game scene initialized: 1920x1080
15:29:43.400 [FXGL Background Thread 1 ] DEBUG FXGLAssetLoaderServi - Loading from file system: file:/Users/kylefry/Desktop/RhythmKnight/Project/target/classes/assets/textures/logo-with-menu.png
15:29:43.509 [FXGL Background Thread 1 ] DEBUG FXGLAssetLoaderServi - Loading from file system: file:/Users/kylefry/Desktop/RhythmKnight/Project/target/classes/assets/textures/rest.png
15:29:43.528 [FXGL Background Thread 1 ] DEBUG FXGL.DefaultMenu     - createMenuBodyGameMenu()
15:29:43.538 [FXGL Background Thread 1 ] DEBUG FXGL.DefaultMenu     - createOptionsMenu()
15:29:43.541 [FXGL Background Thread 1 ] DEBUG FXGLAssetLoaderServi - Loading from file system: jar:file:/Users/kylefry/.m2/repository/com/github/almasb/fxgl/11.16/fxgl-11.16.jar!/fxglassets/textures/particles/smoke.png
15:29:43.612 [FXGL Background Thread 1 ] DEBUG FXGLAssetLoaderServi - Loading from file system: jar:file:/Users/kylefry/.m2/repository/com/github/almasb/fxgl/11.16/fxgl-11.16.jar!/fxglassets/textures/particles/trace_horizontal.png
15:29:43.631 [FXGL Background Thread 1 ] DEBUG GameApplicationServi - Application scenes initialized
15:29:43.641 [FXGL Background Thread 1 ] DEBUG SystemBundleService  - Loading FXGL system data
15:29:43.644 [FXGL Background Thread 1 ] DEBUG FileSystemAccess     - Reading from: /Users/kylefry/Desktop/RhythmKnight/Project/system/fxgl.bundle
15:29:43.650 [FXGL Background Thread 1 ] DEBUG SystemBundleService  - Bundle FXGL: {}
15:29:43.650 [FXGL Background Thread 1 ] DEBUG UpdaterService       - Checking for updates
15:29:43.654 [FXGL Background Thread 4 ] DEBUG FXGLApplication      - Loading fonts
15:29:43.655 [FXGL Background Thread 1 ] DEBUG FXGLApplication      - Loading default localization
15:29:43.655 [FXGL Background Thread 1 ] DEBUG FXGLAssetLoaderServi - Loading from file system: jar:file:/Users/kylefry/.m2/repository/com/github/almasb/fxgl/11.16/fxgl-11.16.jar!/fxglassets/languages/english.lang
15:29:43.657 [FXGL Background Thread 4 ] DEBUG FXGLAssetLoaderServi - Loading from file system: jar:file:/Users/kylefry/.m2/repository/com/github/almasb/fxgl/11.16/fxgl-11.16.jar!/fxglassets/ui/fonts/VarelaRound-Regular.ttf
15:29:43.673 [FXGL Background Thread 1 ] INFO  FXGLApplication      - FXGL initialization took: 1.104 sec
15:29:43.674 [JavaFX Application Thread] DEBUG FXGLAssetLoaderServi - Loading from file system: jar:file:/Users/kylefry/.m2/repository/com/github/almasb/fxgl/11.16/fxgl-11.16.jar!/fxglassets/textures/fxgl_icon.png
15:29:43.677 [FXGL Background Thread 4 ] DEBUG FXGLAssetLoaderServi - Loading from file system: jar:file:/Users/kylefry/.m2/repository/com/github/almasb/fxgl/11.16/fxgl-11.16.jar!/fxglassets/ui/fonts/Abel-Regular.ttf
15:29:43.686 [FXGL Background Thread 4 ] DEBUG FXGLAssetLoaderServi - Loading from file system: jar:file:/Users/kylefry/.m2/repository/com/github/almasb/fxgl/11.16/fxgl-11.16.jar!/fxglassets/ui/fonts/lucida_console.ttf
15:29:43.693 [FXGL Background Thread 4 ] DEBUG FXGLAssetLoaderServi - Loading from file system: jar:file:/Users/kylefry/.m2/repository/com/github/almasb/fxgl/11.16/fxgl-11.16.jar!/fxglassets/ui/fonts/Courier-Prime.ttf
15:29:43.702 [JavaFX Application Thread] DEBUG FXGLAssetLoaderServi - Loading from file system: jar:file:/Users/kylefry/.m2/repository/com/github/almasb/fxgl/11.16/fxgl-11.16.jar!/fxglassets/textures/fxgl_default_cursor.png
15:29:43.714 [JavaFX Application Thread] DEBUG Input                - Registered new binding: Screenshot - CTRL+8
15:29:43.715 [JavaFX Application Thread] DEBUG Input                - Registered new binding: System info dump - CTRL+9
15:29:43.716 [JavaFX Application Thread] DEBUG Input                - Registered new binding: Restart - CTRL+R
15:29:43.717 [JavaFX Application Thread] DEBUG Input                - Registered new binding: Toggle Debug Camera - CTRL+C
15:29:43.719 [JavaFX Application Thread] DEBUG LoopRunner           - Starting loop
15:29:43.719 [JavaFX Application Thread] DEBUG LoopRunner           - Initializing JavaFX AnimationTimerLoop
15:29:43.722 [JavaFX Application Thread] DEBUG Input                - Clearing active input actions
15:29:43.730 [JavaFX Application Thread] DEBUG GameApplicationServi - Removing overlay from FXGLStartupScene and adding to FXGLMainMenuDummyScene
15:29:43.731 [JavaFX Application Thread] DEBUG PrimaryStageWindow   - FXGLStartupScene -> FXGLMainMenuDummyScene
15:29:43.731 [JavaFX Application Thread] DEBUG PrimaryStageWindow   - Push state: AppMainMenu
15:29:43.731 [JavaFX Application Thread] DEBUG Input                - Clearing active input actions
15:29:43.739 [JavaFX Application Thread] DEBUG GameApplicationServi - Removing overlay from FXGLMainMenuDummyScene and adding to AppMainMenu
15:29:43.739 [JavaFX Application Thread] DEBUG PrimaryStageWindow   - FXGLMainMenuDummyScene -> AppMainMenu
15:29:43.767 [JavaFX Application Thread] DEBUG FXGLApplication      - Registering font factories with UI factory
15:29:44.599 [JavaFX Application Thread] DEBUG Menu                 - fireNewGame()
15:29:44.600 [JavaFX Application Thread] DEBUG GameApplicationServi - Starting new game
15:29:44.600 [JavaFX Application Thread] DEBUG PrimaryStageWindow   - Pop state: AppMainMenu
15:29:44.600 [JavaFX Application Thread] DEBUG Input                - Clearing active input actions
15:29:44.601 [JavaFX Application Thread] DEBUG GameApplicationServi - Removing overlay from AppMainMenu and adding to FXGLMainMenuDummyScene
15:29:44.602 [JavaFX Application Thread] DEBUG PrimaryStageWindow   - FXGLMainMenuDummyScene <- AppMainMenu
15:29:44.602 [JavaFX Application Thread] DEBUG Input                - Clearing active input actions
15:29:44.613 [JavaFX Application Thread] DEBUG GameApplicationServi - Removing overlay from FXGLMainMenuDummyScene and adding to FXGLLoadingScene
15:29:44.614 [JavaFX Application Thread] DEBUG PrimaryStageWindow   - FXGLMainMenuDummyScene -> FXGLLoadingScene
15:29:44.614 [JavaFX Application Thread] DEBUG GameApplicationServi - Clearing previous game
15:29:44.614 [JavaFX Application Thread] DEBUG GameScene            - Clearing game scene
15:29:44.614 [JavaFX Application Thread] DEBUG GameWorld            - Clearing game world
15:29:44.614 [JavaFX Application Thread] DEBUG PhysicsWorld         - Clearing physics world
15:29:44.615 [FXGL Background Thread 2 ] DEBUG FXGLApplication      - Initializing game
15:29:44.945 [FXGL Background Thread 2 ] DEBUG FXGLAssetLoaderServi - Loading from file system: file:/Users/kylefry/Desktop/RhythmKnight/Project/target/classes/assets/sounds/snare01.wav
15:29:44.986 [FXGL Background Thread 2 ] DEBUG FXGLAssetLoaderServi - Loading from file system: file:/Users/kylefry/Desktop/RhythmKnight/Project/target/classes/assets/textures/unvisited.png
15:29:44.989 [FXGL Background Thread 2 ] DEBUG FXGLAssetLoaderServi - Loading from file system: file:/Users/kylefry/Desktop/RhythmKnight/Project/target/classes/assets/textures/cutout.png
15:29:45.027 [FXGL Background Thread 2 ] DEBUG FXGLAssetLoaderServi - Loading from file system: file:/Users/kylefry/Desktop/RhythmKnight/Project/target/classes/assets/textures/TutorialTilemap.png
15:29:45.083 [FXGL Background Thread 2 ] INFO  FXGLApplication      - Game initialization took: 0.467 sec
15:29:45.084 [JavaFX Application Thread] DEBUG Input                - Clearing active input actions
15:29:45.093 [JavaFX Application Thread] DEBUG GameApplicationServi - Removing overlay from FXGLLoadingScene and adding to GameScene
15:29:45.094 [JavaFX Application Thread] DEBUG PrimaryStageWindow   - FXGLLoadingScene -> GameScene
15:29:46.658 [FXGL Background Thread 3 ] DEBUG Engine               - Logging environment variables
15:29:46.658 [FXGL Background Thread 3 ] DEBUG Engine               - achievements: []
15:29:46.659 [FXGL Background Thread 3 ] DEBUG Engine               - actualHeight: 801.0
15:29:46.659 [FXGL Background Thread 3 ] DEBUG Engine               - actualHeightProperty: ReadOnlyDoubleProperty [value: 801.0]
15:29:46.659 [FXGL Background Thread 3 ] DEBUG Engine               - actualWidth: 1400.0
15:29:46.659 [FXGL Background Thread 3 ] DEBUG Engine               - actualWidthProperty: ReadOnlyDoubleProperty [value: 1400.0]
15:29:46.659 [FXGL Background Thread 3 ] DEBUG Engine               - appIcon: fxgl_icon.png
15:29:46.659 [FXGL Background Thread 3 ] DEBUG Engine               - applicationMode: DEVELOPER
15:29:46.660 [FXGL Background Thread 3 ] DEBUG Engine               - cSSList: [fxgl_dark.css]
15:29:46.660 [FXGL Background Thread 3 ] DEBUG Engine               - collisionDetectionStrategy: BRUTE_FORCE
15:29:46.660 [FXGL Background Thread 3 ] DEBUG Engine               - configClass: Optional.empty
15:29:46.660 [FXGL Background Thread 3 ] DEBUG Engine               - credits: []
15:29:46.660 [FXGL Background Thread 3 ] DEBUG Engine               - defaultCursor: CursorInfo(imageName=fxgl_default_cursor.png, hotspotX=7.0, hotspotY=6.0)
15:29:46.661 [FXGL Background Thread 3 ] DEBUG Engine               - devBBoxColorProperty: ObjectProperty [value: 0xff0000ff]
15:29:46.661 [FXGL Background Thread 3 ] DEBUG Engine               - devEnableDebugCameraProperty: BooleanProperty [value: false]
15:29:46.661 [FXGL Background Thread 3 ] DEBUG Engine               - devSensorColorProperty: ObjectProperty [value: 0xffff00ff]
15:29:46.661 [FXGL Background Thread 3 ] DEBUG Engine               - devShowBBoxProperty: BooleanProperty [value: false]
15:29:46.661 [FXGL Background Thread 3 ] DEBUG Engine               - devShowPositionProperty: BooleanProperty [value: false]
15:29:46.662 [FXGL Background Thread 3 ] DEBUG Engine               - enabledMenuItems: []
15:29:46.662 [FXGL Background Thread 3 ] DEBUG Engine               - engineServices: [class com.almasb.fxgl.app.services.FXGLAssetLoaderService, class com.almasb.fxgl.app.FXGLApplication$GameApplicationService, class com.almasb.fxgl.app.services.FXGLDialogService, class com.almasb.fxgl.app.services.IOTaskExecutorService, class com.almasb.fxgl.io.FileSystemService, class com.almasb.fxgl.localization.LocalizationService, class com.almasb.fxgl.app.services.SystemBundleService, class com.almasb.fxgl.profile.SaveLoadService, class com.almasb.fxgl.ui.FXGLUIFactoryServiceProvider, class com.almasb.fxgl.ui.FXGLDialogFactoryServiceProvider, class com.almasb.fxgl.audio.AudioPlayer, class com.almasb.fxgl.notification.impl.NotificationServiceProvider, class com.almasb.fxgl.achievement.AchievementService, class com.almasb.fxgl.cutscene.CutsceneService, class com.almasb.fxgl.minigames.MiniGameService, class com.almasb.fxgl.net.NetService, class com.almasb.fxgl.app.services.UpdaterService, class com.almasb.fxgl.dev.DevService]
15:29:46.662 [FXGL Background Thread 3 ] DEBUG Engine               - fontGame: Abel-Regular.ttf
15:29:46.662 [FXGL Background Thread 3 ] DEBUG Engine               - fontMono: lucida_console.ttf
15:29:46.662 [FXGL Background Thread 3 ] DEBUG Engine               - fontText: Courier-Prime.ttf
15:29:46.662 [FXGL Background Thread 3 ] DEBUG Engine               - fontUI: VarelaRound-Regular.ttf
15:29:46.662 [FXGL Background Thread 3 ] DEBUG Engine               - fullScreen: BooleanProperty [value: false]
15:29:46.663 [FXGL Background Thread 3 ] DEBUG Engine               - gameDifficulty: MEDIUM
15:29:46.663 [FXGL Background Thread 3 ] DEBUG Engine               - gameDifficultyProperty: ObjectProperty [value: MEDIUM]
15:29:46.663 [FXGL Background Thread 3 ] DEBUG Engine               - globalMusicVolume: 0.5
15:29:46.663 [FXGL Background Thread 3 ] DEBUG Engine               - globalMusicVolumeProperty: DoubleProperty [value: 0.5]
15:29:46.663 [FXGL Background Thread 3 ] DEBUG Engine               - globalSoundVolume: 0.5
15:29:46.663 [FXGL Background Thread 3 ] DEBUG Engine               - globalSoundVolumeProperty: DoubleProperty [value: 0.5]
15:29:46.663 [FXGL Background Thread 3 ] DEBUG Engine               - height: 1080
15:29:46.664 [FXGL Background Thread 3 ] DEBUG Engine               - is3D: false
15:29:46.664 [FXGL Background Thread 3 ] DEBUG Engine               - isAndroid: false
15:29:46.664 [FXGL Background Thread 3 ] DEBUG Engine               - isBrowser: false
15:29:46.664 [FXGL Background Thread 3 ] DEBUG Engine               - isClickFeedbackEnabled: false
15:29:46.664 [FXGL Background Thread 3 ] DEBUG Engine               - isCloseConfirmation: false
15:29:46.665 [FXGL Background Thread 3 ] DEBUG Engine               - isDesktop: true
15:29:46.665 [FXGL Background Thread 3 ] DEBUG Engine               - isDeveloperMenuEnabled: false
15:29:46.665 [FXGL Background Thread 3 ] DEBUG Engine               - isEntityPreloadEnabled: true
15:29:46.665 [FXGL Background Thread 3 ] DEBUG Engine               - isExperimentalTiledLargeMap: false
15:29:46.665 [FXGL Background Thread 3 ] DEBUG Engine               - isFileSystemWriteAllowed: true
15:29:46.666 [FXGL Background Thread 3 ] DEBUG Engine               - isFullScreenAllowed: false
15:29:46.666 [FXGL Background Thread 3 ] DEBUG Engine               - isFullScreenFromStart: false
15:29:46.666 [FXGL Background Thread 3 ] DEBUG Engine               - isGameMenuEnabled: true
15:29:46.666 [FXGL Background Thread 3 ] DEBUG Engine               - isIOS: false
15:29:46.666 [FXGL Background Thread 3 ] DEBUG Engine               - isIntroEnabled: false
15:29:46.667 [FXGL Background Thread 3 ] DEBUG Engine               - isLinux: false
15:29:46.667 [FXGL Background Thread 3 ] DEBUG Engine               - isMac: true
15:29:46.667 [FXGL Background Thread 3 ] DEBUG Engine               - isMainMenuEnabled: true
15:29:46.667 [FXGL Background Thread 3 ] DEBUG Engine               - isManualResizeEnabled: false
15:29:46.667 [FXGL Background Thread 3 ] DEBUG Engine               - isMobile: false
15:29:46.667 [FXGL Background Thread 3 ] DEBUG Engine               - isNative: false
15:29:46.667 [FXGL Background Thread 3 ] DEBUG Engine               - isPreserveResizeRatio: false
15:29:46.667 [FXGL Background Thread 3 ] DEBUG Engine               - isProfilingEnabled: false
15:29:46.667 [FXGL Background Thread 3 ] DEBUG Engine               - isScaleAffectedOnResize: true
15:29:46.667 [FXGL Background Thread 3 ] DEBUG Engine               - isSingleStep: false
15:29:46.668 [FXGL Background Thread 3 ] DEBUG Engine               - isUserProfileEnabled: false
15:29:46.668 [FXGL Background Thread 3 ] DEBUG Engine               - isWindows: false
15:29:46.668 [FXGL Background Thread 3 ] DEBUG Engine               - language: ObjectProperty [value: ENGLISH]
15:29:46.668 [FXGL Background Thread 3 ] DEBUG Engine               - menuKey: ESCAPE
15:29:46.668 [FXGL Background Thread 3 ] DEBUG Engine               - mouseSensitivity: 0.2
15:29:46.668 [FXGL Background Thread 3 ] DEBUG Engine               - notificationViewClass: class com.almasb.fxgl.notification.view.XboxNotificationView
15:29:46.669 [FXGL Background Thread 3 ] DEBUG Engine               - pixelsPerMeter: 50.0
15:29:46.669 [FXGL Background Thread 3 ] DEBUG Engine               - platform: MAC
15:29:46.669 [FXGL Background Thread 3 ] DEBUG Engine               - prefHeightProperty: ReadOnlyDoubleProperty [value: 1080.0]
15:29:46.669 [FXGL Background Thread 3 ] DEBUG Engine               - prefWidthProperty: ReadOnlyDoubleProperty [value: 1920.0]
15:29:46.669 [FXGL Background Thread 3 ] DEBUG Engine               - profileDir: profiles/
15:29:46.669 [FXGL Background Thread 3 ] DEBUG Engine               - profileName: StringProperty [value: DEFAULT]
15:29:46.670 [FXGL Background Thread 3 ] DEBUG Engine               - randomSeed: -1
15:29:46.670 [FXGL Background Thread 3 ] DEBUG Engine               - runtimeInfo: RuntimeInfo(platform=MAC, version=11.16, build=25.05.2021 08.16)
15:29:46.671 [FXGL Background Thread 3 ] DEBUG Engine               - saveFileExt: sav
15:29:46.671 [FXGL Background Thread 3 ] DEBUG Engine               - scaledHeightProp$fxgl: DoubleProperty [bound, value: 801.0]
15:29:46.672 [FXGL Background Thread 3 ] DEBUG Engine               - scaledWidthProp$fxgl: DoubleProperty [bound, value: 1400.0]
15:29:46.672 [FXGL Background Thread 3 ] DEBUG Engine               - sceneFactory: GameApp$1@22f0d0f4
15:29:46.672 [FXGL Background Thread 3 ] DEBUG Engine               - secondsIn24h: 60
15:29:46.673 [FXGL Background Thread 3 ] DEBUG Engine               - soundMenuBack: menu/back.wav
15:29:46.673 [FXGL Background Thread 3 ] DEBUG Engine               - soundMenuPress: menu/press.wav
15:29:46.673 [FXGL Background Thread 3 ] DEBUG Engine               - soundMenuSelect: menu/select.wav
15:29:46.673 [FXGL Background Thread 3 ] DEBUG Engine               - soundNotification: core/notification.wav
15:29:46.673 [FXGL Background Thread 3 ] DEBUG Engine               - stageStyle: DECORATED
15:29:46.673 [FXGL Background Thread 3 ] DEBUG Engine               - supportedLanguages: [ENGLISH, FRENCH, GERMAN, HUNGARIAN, RUSSIAN]
15:29:46.673 [FXGL Background Thread 3 ] DEBUG Engine               - ticksPerSecond: -1
15:29:46.673 [FXGL Background Thread 3 ] DEBUG Engine               - title: Rhythm Knight
15:29:46.674 [FXGL Background Thread 3 ] DEBUG Engine               - urlGithub: https://github.com/AlmasB/FXGL
15:29:46.674 [FXGL Background Thread 3 ] DEBUG Engine               - urlLeaderboard: http://fxgl-top.herokuapp.com/
15:29:46.674 [FXGL Background Thread 3 ] DEBUG Engine               - urlPOM: https://raw.githubusercontent.com/AlmasB/FXGL/release/README.md
15:29:46.674 [FXGL Background Thread 3 ] DEBUG Engine               - userAppClass: class GameApp
15:29:46.674 [FXGL Background Thread 3 ] DEBUG Engine               - version: Pre-Alpha 1
15:29:46.675 [FXGL Background Thread 3 ] DEBUG Engine               - versionCheckDays: 7
15:29:46.675 [FXGL Background Thread 3 ] DEBUG Engine               - width: 1920
15:29:46.675 [FXGL Background Thread 3 ] DEBUG Engine               - Logging services
15:29:46.675 [FXGL Background Thread 3 ] DEBUG Engine               - class com.almasb.fxgl.app.services.FXGLAssetLoaderService
15:29:46.675 [FXGL Background Thread 3 ] DEBUG Engine               - class com.almasb.fxgl.app.FXGLApplication$GameApplicationService
15:29:46.675 [FXGL Background Thread 3 ] DEBUG Engine               - class com.almasb.fxgl.app.services.FXGLDialogService
15:29:46.675 [FXGL Background Thread 3 ] DEBUG Engine               - class com.almasb.fxgl.app.services.IOTaskExecutorService
15:29:46.675 [FXGL Background Thread 3 ] DEBUG Engine               - class com.almasb.fxgl.io.FileSystemService
15:29:46.675 [FXGL Background Thread 3 ] DEBUG Engine               - class com.almasb.fxgl.localization.LocalizationService
15:29:46.676 [FXGL Background Thread 3 ] DEBUG Engine               - class com.almasb.fxgl.app.services.SystemBundleService
15:29:46.676 [FXGL Background Thread 3 ] DEBUG Engine               - class com.almasb.fxgl.profile.SaveLoadService
15:29:46.676 [FXGL Background Thread 3 ] DEBUG Engine               - class com.almasb.fxgl.ui.FXGLUIFactoryServiceProvider
15:29:46.676 [FXGL Background Thread 3 ] DEBUG Engine               - class com.almasb.fxgl.ui.FXGLDialogFactoryServiceProvider
15:29:46.676 [FXGL Background Thread 3 ] DEBUG Engine               - class com.almasb.fxgl.audio.AudioPlayer
15:29:46.676 [FXGL Background Thread 3 ] DEBUG Engine               - class com.almasb.fxgl.notification.impl.NotificationServiceProvider
15:29:46.676 [FXGL Background Thread 3 ] DEBUG Engine               - class com.almasb.fxgl.achievement.AchievementService
15:29:46.676 [FXGL Background Thread 3 ] DEBUG Engine               - class com.almasb.fxgl.cutscene.CutsceneService
15:29:46.676 [FXGL Background Thread 3 ] DEBUG Engine               - class com.almasb.fxgl.minigames.MiniGameService
15:29:46.676 [FXGL Background Thread 3 ] DEBUG Engine               - class com.almasb.fxgl.net.NetService
15:29:46.677 [FXGL Background Thread 3 ] DEBUG Engine               - class com.almasb.fxgl.app.services.UpdaterService
15:29:46.677 [FXGL Background Thread 3 ] DEBUG Engine               - class com.almasb.fxgl.dev.DevService
15:29:51.582 [JavaFX Application Thread] DEBUG FXGLApplication      - Exiting FXGL
15:29:51.583 [JavaFX Application Thread] DEBUG LoopRunner           - Stopping loop
15:29:51.583 [JavaFX Application Thread] DEBUG SystemBundleService  - Saving FXGL system data
15:29:51.584 [JavaFX Application Thread] DEBUG FileSystemAccess     - Writing to: /Users/kylefry/Desktop/RhythmKnight/Project/system/fxgl.bundle
15:29:51.586 [JavaFX Application Thread] DEBUG Async                - Shutting down background threads
15:29:51.586 [JavaFX Application Thread] DEBUG PrimaryStageWindow   - Closing main window
15:29:51.592 [JavaFX Application Thread] DEBUG Logger               - Closing Logger
