11:10:24.485 [main                     ] DEBUG Logger               - Configured Logger
11:10:24.512 [main                     ] DEBUG GameApplication      - Logging settings
Title: Rhythm Knight
Version: Pre-Alpha 1
Width: 1920
Height: 1080
Fullscreen: false
Intro: false
Profiling: false
Single step:false
App Mode: DEVELOPER
Menu Key: ESCAPE
Stage Style: DECORATED
Scene Factory: class GameApp$1

11:10:25.172 [JavaFX Application Thread] DEBUG FXGLApplication      - Initializing FXGL
11:10:25.175 [JavaFX Application Thread] INFO  Engine               - FXGL-11.16 (25.05.2021 08.16) on MAC (J:11.0.8 FX:16)
11:10:25.175 [JavaFX Application Thread] DEBUG Engine               - JRE Vendor Name: Oracle Corporation
11:10:25.175 [JavaFX Application Thread] DEBUG Engine               - Running on OS: Mac OS X version 10.16
11:10:25.175 [JavaFX Application Thread] DEBUG Engine               - Architecture: x86_64
11:10:25.176 [JavaFX Application Thread] INFO  Engine               - Source code and latest versions at: https://github.com/AlmasB/FXGL
11:10:25.176 [JavaFX Application Thread] INFO  Engine               -              Join the FXGL chat at: https://gitter.im/AlmasB/FXGL
11:10:25.483 [JavaFX Application Thread] DEBUG PrimaryStageWindow   - Creating a JavaFX scene
11:10:25.484 [JavaFX Application Thread] DEBUG PrimaryStageWindow   - Target size > screen size
11:10:25.595 [JavaFX Application Thread] DEBUG PrimaryStageWindow   - Target settings size: 1920.0 x 1080.0
11:10:25.596 [JavaFX Application Thread] DEBUG PrimaryStageWindow   - Scaled scene size:    1400.0 x 801.0
11:10:25.596 [JavaFX Application Thread] DEBUG PrimaryStageWindow   - Scaled ratio: (0.7291666666666666, 0.7416666666666667)
11:10:25.597 [JavaFX Application Thread] DEBUG PrimaryStageWindow   - Set initial scene to FXGLStartupScene
11:10:25.606 [JavaFX Application Thread] DEBUG PrimaryStageWindow   - Opening main window
11:10:25.830 [JavaFX Application Thread] DEBUG PrimaryStageWindow   - Window border size: (0.0, 28.0)
11:10:25.830 [JavaFX Application Thread] DEBUG PrimaryStageWindow   - Scaled size: 1400.0 x 801.0
11:10:25.831 [JavaFX Application Thread] DEBUG PrimaryStageWindow   - Scaled ratio: (0.7291666666666666, 0.7416666666666667)
11:10:25.831 [JavaFX Application Thread] DEBUG PrimaryStageWindow   - Scene size: 1400.0 x 801.0
11:10:25.831 [JavaFX Application Thread] DEBUG PrimaryStageWindow   - Stage size: 1400.0 x 829.0
11:10:25.841 [FXGL Background Thread 1 ] DEBUG Engine               - Initializing environment variables
11:10:25.950 [FXGL Background Thread 1 ] DEBUG FXGLAssetLoaderServi - User app class for loading assets: class GameApp
11:10:25.950 [FXGL Background Thread 1 ] DEBUG GameApplicationServi - Applying CSS: fxgl_dark.css
11:10:25.952 [FXGL Background Thread 1 ] DEBUG FXGLAssetLoaderServi - Loading from file system: jar:file:/Users/kylefry/.m2/repository/com/github/almasb/fxgl/11.16/fxgl-11.16.jar!/fxglassets/ui/css/fxgl_dark.css
11:10:26.039 [FXGL Background Thread 1 ] DEBUG GameApplicationServi - Initializing application scenes
11:10:26.642 [FXGL Background Thread 1 ] DEBUG GameWorld            - Game world initialized
11:10:26.722 [FXGL Background Thread 1 ] DEBUG PhysicsWorld         - Physics world initialized: appHeight=1080, physics.ppm=50.0
11:10:26.722 [FXGL Background Thread 1 ] DEBUG PhysicsWorld         - Using strategy: BRUTE_FORCE
11:10:26.725 [FXGL Background Thread 1 ] DEBUG GameScene            - Game scene initialized: 1920x1080
11:10:26.732 [FXGL Background Thread 1 ] DEBUG FXGLAssetLoaderServi - Loading from file system: file:/Users/kylefry/Desktop/RhythmKnight/Project/target/classes/assets/textures/logo-with-menu.png
11:10:26.869 [FXGL Background Thread 1 ] DEBUG FXGLAssetLoaderServi - Loading from file system: file:/Users/kylefry/Desktop/RhythmKnight/Project/target/classes/assets/textures/rest.png
11:10:26.886 [FXGL Background Thread 1 ] DEBUG FXGL.DefaultMenu     - createMenuBodyGameMenu()
11:10:26.902 [FXGL Background Thread 1 ] DEBUG FXGL.DefaultMenu     - createOptionsMenu()
11:10:26.910 [FXGL Background Thread 1 ] DEBUG FXGLAssetLoaderServi - Loading from file system: jar:file:/Users/kylefry/.m2/repository/com/github/almasb/fxgl/11.16/fxgl-11.16.jar!/fxglassets/textures/particles/smoke.png
11:10:27.033 [FXGL Background Thread 1 ] DEBUG FXGLAssetLoaderServi - Loading from file system: jar:file:/Users/kylefry/.m2/repository/com/github/almasb/fxgl/11.16/fxgl-11.16.jar!/fxglassets/textures/particles/trace_horizontal.png
11:10:27.063 [FXGL Background Thread 1 ] DEBUG GameApplicationServi - Application scenes initialized
11:10:27.077 [FXGL Background Thread 1 ] DEBUG SystemBundleService  - Loading FXGL system data
11:10:27.088 [FXGL Background Thread 1 ] DEBUG FileSystemAccess     - Reading from: /Users/kylefry/Desktop/RhythmKnight/Project/system/fxgl.bundle
11:10:27.100 [FXGL Background Thread 1 ] DEBUG SystemBundleService  - Bundle FXGL: {}
11:10:27.100 [FXGL Background Thread 1 ] DEBUG UpdaterService       - Checking for updates
11:10:27.104 [FXGL Background Thread 4 ] DEBUG FXGLApplication      - Loading fonts
11:10:27.104 [FXGL Background Thread 1 ] DEBUG FXGLApplication      - Loading default localization
11:10:27.105 [FXGL Background Thread 4 ] DEBUG FXGLAssetLoaderServi - Loading from file system: jar:file:/Users/kylefry/.m2/repository/com/github/almasb/fxgl/11.16/fxgl-11.16.jar!/fxglassets/ui/fonts/VarelaRound-Regular.ttf
11:10:27.106 [FXGL Background Thread 1 ] DEBUG FXGLAssetLoaderServi - Loading from file system: jar:file:/Users/kylefry/.m2/repository/com/github/almasb/fxgl/11.16/fxgl-11.16.jar!/fxglassets/languages/english.lang
11:10:27.160 [FXGL Background Thread 1 ] INFO  FXGLApplication      - FXGL initialization took: 1.319 sec
11:10:27.161 [JavaFX Application Thread] DEBUG FXGLAssetLoaderServi - Loading from file system: jar:file:/Users/kylefry/.m2/repository/com/github/almasb/fxgl/11.16/fxgl-11.16.jar!/fxglassets/textures/fxgl_icon.png
11:10:27.193 [FXGL Background Thread 4 ] DEBUG FXGLAssetLoaderServi - Loading from file system: jar:file:/Users/kylefry/.m2/repository/com/github/almasb/fxgl/11.16/fxgl-11.16.jar!/fxglassets/ui/fonts/Abel-Regular.ttf
11:10:27.197 [FXGL Background Thread 4 ] DEBUG FXGLAssetLoaderServi - Loading from file system: jar:file:/Users/kylefry/.m2/repository/com/github/almasb/fxgl/11.16/fxgl-11.16.jar!/fxglassets/ui/fonts/lucida_console.ttf
11:10:27.203 [FXGL Background Thread 4 ] DEBUG FXGLAssetLoaderServi - Loading from file system: jar:file:/Users/kylefry/.m2/repository/com/github/almasb/fxgl/11.16/fxgl-11.16.jar!/fxglassets/ui/fonts/Courier-Prime.ttf
11:10:27.236 [JavaFX Application Thread] DEBUG FXGLAssetLoaderServi - Loading from file system: jar:file:/Users/kylefry/.m2/repository/com/github/almasb/fxgl/11.16/fxgl-11.16.jar!/fxglassets/textures/fxgl_default_cursor.png
11:10:27.265 [JavaFX Application Thread] DEBUG Input                - Registered new binding: Screenshot - CTRL+8
11:10:27.266 [JavaFX Application Thread] DEBUG Input                - Registered new binding: System info dump - CTRL+9
11:10:27.266 [JavaFX Application Thread] DEBUG Input                - Registered new binding: Restart - CTRL+R
11:10:27.267 [JavaFX Application Thread] DEBUG Input                - Registered new binding: Toggle Debug Camera - CTRL+C
11:10:27.269 [JavaFX Application Thread] DEBUG LoopRunner           - Starting loop
11:10:27.269 [JavaFX Application Thread] DEBUG LoopRunner           - Initializing JavaFX AnimationTimerLoop
11:10:27.272 [JavaFX Application Thread] DEBUG Input                - Clearing active input actions
11:10:27.281 [JavaFX Application Thread] DEBUG GameApplicationServi - Removing overlay from FXGLStartupScene and adding to FXGLMainMenuDummyScene
11:10:27.281 [JavaFX Application Thread] DEBUG PrimaryStageWindow   - FXGLStartupScene -> FXGLMainMenuDummyScene
11:10:27.281 [JavaFX Application Thread] DEBUG PrimaryStageWindow   - Push state: AppMainMenu
11:10:27.282 [JavaFX Application Thread] DEBUG Input                - Clearing active input actions
11:10:27.298 [JavaFX Application Thread] DEBUG GameApplicationServi - Removing overlay from FXGLMainMenuDummyScene and adding to AppMainMenu
11:10:27.299 [JavaFX Application Thread] DEBUG PrimaryStageWindow   - FXGLMainMenuDummyScene -> AppMainMenu
11:10:27.335 [JavaFX Application Thread] DEBUG FXGLApplication      - Registering font factories with UI factory
11:10:28.792 [JavaFX Application Thread] DEBUG Menu                 - fireNewGame()
11:10:28.792 [JavaFX Application Thread] DEBUG GameApplicationServi - Starting new game
11:10:28.792 [JavaFX Application Thread] DEBUG PrimaryStageWindow   - Pop state: AppMainMenu
11:10:28.792 [JavaFX Application Thread] DEBUG Input                - Clearing active input actions
11:10:28.793 [JavaFX Application Thread] DEBUG GameApplicationServi - Removing overlay from AppMainMenu and adding to FXGLMainMenuDummyScene
11:10:28.794 [JavaFX Application Thread] DEBUG PrimaryStageWindow   - FXGLMainMenuDummyScene <- AppMainMenu
11:10:28.794 [JavaFX Application Thread] DEBUG Input                - Clearing active input actions
11:10:28.802 [JavaFX Application Thread] DEBUG GameApplicationServi - Removing overlay from FXGLMainMenuDummyScene and adding to FXGLLoadingScene
11:10:28.802 [JavaFX Application Thread] DEBUG PrimaryStageWindow   - FXGLMainMenuDummyScene -> FXGLLoadingScene
11:10:28.802 [JavaFX Application Thread] DEBUG GameApplicationServi - Clearing previous game
11:10:28.802 [JavaFX Application Thread] DEBUG GameScene            - Clearing game scene
11:10:28.802 [JavaFX Application Thread] DEBUG GameWorld            - Clearing game world
11:10:28.802 [JavaFX Application Thread] DEBUG PhysicsWorld         - Clearing physics world
11:10:28.803 [FXGL Background Thread 2 ] DEBUG FXGLApplication      - Initializing game
11:10:28.832 [JavaFX Application Thread] DEBUG LoopRunner           - Stopping loop
11:10:28.834 [JavaFX Application Thread] FATAL FXGLApplication      - Uncaught Exception:
java.lang.RuntimeException: Initialization failed
	at com.almasb.fxgl.app.FXGLApplication$InitAppTask.failed(FXGLApplication.kt:343)
	at javafx.concurrent.Task.setState(Task.java:710)
	at javafx.concurrent.Task$TaskCallable.lambda$call$2(Task.java:1455)
	at com.sun.javafx.application.PlatformImpl.lambda$runLater$10(PlatformImpl.java:447)
	at java.base/java.security.AccessController.doPrivileged(Native Method)
	at com.sun.javafx.application.PlatformImpl.lambda$runLater$11(PlatformImpl.java:446)
	at com.sun.glass.ui.InvokeLaterDispatcher$Future.run(InvokeLaterDispatcher.java:96)
Caused by: java.lang.NullPointerException
	at GameApp.initGame(GameApp.java:70)
	at com.almasb.fxgl.app.FXGLApplication$InitAppTask.initGame(FXGLApplication.kt:339)
	at com.almasb.fxgl.app.FXGLApplication$InitAppTask.call(FXGLApplication.kt:319)
	at com.almasb.fxgl.app.FXGLApplication$InitAppTask.call(FXGLApplication.kt:311)
	at javafx.concurrent.Task$TaskCallable.call(Task.java:1425)
	at java.base/java.util.concurrent.FutureTask.run(FutureTask.java:264)
	at java.base/java.util.concurrent.Executors$RunnableAdapter.call(Executors.java:515)
	at java.base/java.util.concurrent.FutureTask.run(FutureTask.java:264)
	at java.base/java.util.concurrent.ThreadPoolExecutor.runWorker(ThreadPoolExecutor.java:1128)
	at java.base/java.util.concurrent.ThreadPoolExecutor$Worker.run(ThreadPoolExecutor.java:628)
	at java.base/java.lang.Thread.run(Thread.java:834)

11:10:28.834 [JavaFX Application Thread] FATAL FXGLApplication      - Application will now exit
11:10:28.870 [JavaFX Application Thread] DEBUG PrimaryStageWindow   - Push state: ErrorSubScene
11:10:28.870 [JavaFX Application Thread] DEBUG Input                - Clearing active input actions
11:10:28.874 [JavaFX Application Thread] DEBUG GameApplicationServi - Removing overlay from FXGLLoadingScene and adding to ErrorSubScene
11:10:28.875 [JavaFX Application Thread] DEBUG PrimaryStageWindow   - FXGLLoadingScene -> ErrorSubScene
11:10:30.107 [FXGL Background Thread 3 ] DEBUG Engine               - Logging environment variables
11:10:30.109 [FXGL Background Thread 3 ] DEBUG Engine               - achievements: []
11:10:30.109 [FXGL Background Thread 3 ] DEBUG Engine               - actualHeight: 801.0
11:10:30.109 [FXGL Background Thread 3 ] DEBUG Engine               - actualHeightProperty: ReadOnlyDoubleProperty [value: 801.0]
11:10:30.109 [FXGL Background Thread 3 ] DEBUG Engine               - actualWidth: 1400.0
11:10:30.109 [FXGL Background Thread 3 ] DEBUG Engine               - actualWidthProperty: ReadOnlyDoubleProperty [value: 1400.0]
11:10:30.109 [FXGL Background Thread 3 ] DEBUG Engine               - appIcon: fxgl_icon.png
11:10:30.110 [FXGL Background Thread 3 ] DEBUG Engine               - applicationMode: DEVELOPER
11:10:30.110 [FXGL Background Thread 3 ] DEBUG Engine               - cSSList: [fxgl_dark.css]
11:10:30.110 [FXGL Background Thread 3 ] DEBUG Engine               - collisionDetectionStrategy: BRUTE_FORCE
11:10:30.110 [FXGL Background Thread 3 ] DEBUG Engine               - configClass: Optional.empty
11:10:30.110 [FXGL Background Thread 3 ] DEBUG Engine               - credits: []
11:10:30.110 [FXGL Background Thread 3 ] DEBUG Engine               - defaultCursor: CursorInfo(imageName=fxgl_default_cursor.png, hotspotX=7.0, hotspotY=6.0)
11:10:30.110 [FXGL Background Thread 3 ] DEBUG Engine               - devBBoxColorProperty: ObjectProperty [value: 0xff0000ff]
11:10:30.110 [FXGL Background Thread 3 ] DEBUG Engine               - devEnableDebugCameraProperty: BooleanProperty [value: false]
11:10:30.111 [FXGL Background Thread 3 ] DEBUG Engine               - devSensorColorProperty: ObjectProperty [value: 0xffff00ff]
11:10:30.111 [FXGL Background Thread 3 ] DEBUG Engine               - devShowBBoxProperty: BooleanProperty [value: false]
11:10:30.111 [FXGL Background Thread 3 ] DEBUG Engine               - devShowPositionProperty: BooleanProperty [value: false]
11:10:30.111 [FXGL Background Thread 3 ] DEBUG Engine               - enabledMenuItems: []
11:10:30.111 [FXGL Background Thread 3 ] DEBUG Engine               - engineServices: [class com.almasb.fxgl.app.services.FXGLAssetLoaderService, class com.almasb.fxgl.app.FXGLApplication$GameApplicationService, class com.almasb.fxgl.app.services.FXGLDialogService, class com.almasb.fxgl.app.services.IOTaskExecutorService, class com.almasb.fxgl.io.FileSystemService, class com.almasb.fxgl.localization.LocalizationService, class com.almasb.fxgl.app.services.SystemBundleService, class com.almasb.fxgl.profile.SaveLoadService, class com.almasb.fxgl.ui.FXGLUIFactoryServiceProvider, class com.almasb.fxgl.ui.FXGLDialogFactoryServiceProvider, class com.almasb.fxgl.audio.AudioPlayer, class com.almasb.fxgl.notification.impl.NotificationServiceProvider, class com.almasb.fxgl.achievement.AchievementService, class com.almasb.fxgl.cutscene.CutsceneService, class com.almasb.fxgl.minigames.MiniGameService, class com.almasb.fxgl.net.NetService, class com.almasb.fxgl.app.services.UpdaterService, class com.almasb.fxgl.dev.DevService]
11:10:30.111 [FXGL Background Thread 3 ] DEBUG Engine               - fontGame: Abel-Regular.ttf
11:10:30.111 [FXGL Background Thread 3 ] DEBUG Engine               - fontMono: lucida_console.ttf
11:10:30.111 [FXGL Background Thread 3 ] DEBUG Engine               - fontText: Courier-Prime.ttf
11:10:30.111 [FXGL Background Thread 3 ] DEBUG Engine               - fontUI: VarelaRound-Regular.ttf
11:10:30.111 [FXGL Background Thread 3 ] DEBUG Engine               - fullScreen: BooleanProperty [value: false]
11:10:30.112 [FXGL Background Thread 3 ] DEBUG Engine               - gameDifficulty: MEDIUM
11:10:30.112 [FXGL Background Thread 3 ] DEBUG Engine               - gameDifficultyProperty: ObjectProperty [value: MEDIUM]
11:10:30.112 [FXGL Background Thread 3 ] DEBUG Engine               - globalMusicVolume: 0.5
11:10:30.112 [FXGL Background Thread 3 ] DEBUG Engine               - globalMusicVolumeProperty: DoubleProperty [value: 0.5]
11:10:30.112 [FXGL Background Thread 3 ] DEBUG Engine               - globalSoundVolume: 0.5
11:10:30.112 [FXGL Background Thread 3 ] DEBUG Engine               - globalSoundVolumeProperty: DoubleProperty [value: 0.5]
11:10:30.112 [FXGL Background Thread 3 ] DEBUG Engine               - height: 1080
11:10:30.113 [FXGL Background Thread 3 ] DEBUG Engine               - is3D: false
11:10:30.113 [FXGL Background Thread 3 ] DEBUG Engine               - isAndroid: false
11:10:30.113 [FXGL Background Thread 3 ] DEBUG Engine               - isBrowser: false
11:10:30.113 [FXGL Background Thread 3 ] DEBUG Engine               - isClickFeedbackEnabled: false
11:10:30.113 [FXGL Background Thread 3 ] DEBUG Engine               - isCloseConfirmation: false
11:10:30.113 [FXGL Background Thread 3 ] DEBUG Engine               - isDesktop: true
11:10:30.113 [FXGL Background Thread 3 ] DEBUG Engine               - isDeveloperMenuEnabled: false
11:10:30.114 [FXGL Background Thread 3 ] DEBUG Engine               - isEntityPreloadEnabled: true
11:10:30.114 [FXGL Background Thread 3 ] DEBUG Engine               - isExperimentalTiledLargeMap: false
11:10:30.114 [FXGL Background Thread 3 ] DEBUG Engine               - isFileSystemWriteAllowed: true
11:10:30.114 [FXGL Background Thread 3 ] DEBUG Engine               - isFullScreenAllowed: false
11:10:30.114 [FXGL Background Thread 3 ] DEBUG Engine               - isFullScreenFromStart: false
11:10:30.115 [FXGL Background Thread 3 ] DEBUG Engine               - isGameMenuEnabled: true
11:10:30.115 [FXGL Background Thread 3 ] DEBUG Engine               - isIOS: false
11:10:30.115 [FXGL Background Thread 3 ] DEBUG Engine               - isIntroEnabled: false
11:10:30.116 [FXGL Background Thread 3 ] DEBUG Engine               - isLinux: false
11:10:30.116 [FXGL Background Thread 3 ] DEBUG Engine               - isMac: true
11:10:30.116 [FXGL Background Thread 3 ] DEBUG Engine               - isMainMenuEnabled: true
11:10:30.116 [FXGL Background Thread 3 ] DEBUG Engine               - isManualResizeEnabled: false
11:10:30.116 [FXGL Background Thread 3 ] DEBUG Engine               - isMobile: false
11:10:30.117 [FXGL Background Thread 3 ] DEBUG Engine               - isNative: false
11:10:30.117 [FXGL Background Thread 3 ] DEBUG Engine               - isPreserveResizeRatio: false
11:10:30.117 [FXGL Background Thread 3 ] DEBUG Engine               - isProfilingEnabled: false
11:10:30.117 [FXGL Background Thread 3 ] DEBUG Engine               - isScaleAffectedOnResize: true
11:10:30.117 [FXGL Background Thread 3 ] DEBUG Engine               - isSingleStep: false
11:10:30.118 [FXGL Background Thread 3 ] DEBUG Engine               - isUserProfileEnabled: false
11:10:30.118 [FXGL Background Thread 3 ] DEBUG Engine               - isWindows: false
11:10:30.118 [FXGL Background Thread 3 ] DEBUG Engine               - language: ObjectProperty [value: ENGLISH]
11:10:30.118 [FXGL Background Thread 3 ] DEBUG Engine               - menuKey: ESCAPE
11:10:30.118 [FXGL Background Thread 3 ] DEBUG Engine               - mouseSensitivity: 0.2
11:10:30.119 [FXGL Background Thread 3 ] DEBUG Engine               - notificationViewClass: class com.almasb.fxgl.notification.view.XboxNotificationView
11:10:30.119 [FXGL Background Thread 3 ] DEBUG Engine               - pixelsPerMeter: 50.0
11:10:30.119 [FXGL Background Thread 3 ] DEBUG Engine               - platform: MAC
11:10:30.119 [FXGL Background Thread 3 ] DEBUG Engine               - prefHeightProperty: ReadOnlyDoubleProperty [value: 1080.0]
11:10:30.119 [FXGL Background Thread 3 ] DEBUG Engine               - prefWidthProperty: ReadOnlyDoubleProperty [value: 1920.0]
11:10:30.119 [FXGL Background Thread 3 ] DEBUG Engine               - profileDir: profiles/
11:10:30.119 [FXGL Background Thread 3 ] DEBUG Engine               - profileName: StringProperty [value: DEFAULT]
11:10:30.120 [FXGL Background Thread 3 ] DEBUG Engine               - randomSeed: -1
11:10:30.120 [FXGL Background Thread 3 ] DEBUG Engine               - runtimeInfo: RuntimeInfo(platform=MAC, version=11.16, build=25.05.2021 08.16)
11:10:30.120 [FXGL Background Thread 3 ] DEBUG Engine               - saveFileExt: sav
11:10:30.120 [FXGL Background Thread 3 ] DEBUG Engine               - scaledHeightProp$fxgl: DoubleProperty [bound, value: 801.0]
11:10:30.120 [FXGL Background Thread 3 ] DEBUG Engine               - scaledWidthProp$fxgl: DoubleProperty [bound, value: 1400.0]
11:10:30.120 [FXGL Background Thread 3 ] DEBUG Engine               - sceneFactory: GameApp$1@870b72d
11:10:30.120 [FXGL Background Thread 3 ] DEBUG Engine               - secondsIn24h: 60
11:10:30.120 [FXGL Background Thread 3 ] DEBUG Engine               - soundMenuBack: menu/back.wav
11:10:30.120 [FXGL Background Thread 3 ] DEBUG Engine               - soundMenuPress: menu/press.wav
11:10:30.120 [FXGL Background Thread 3 ] DEBUG Engine               - soundMenuSelect: menu/select.wav
11:10:30.120 [FXGL Background Thread 3 ] DEBUG Engine               - soundNotification: core/notification.wav
11:10:30.120 [FXGL Background Thread 3 ] DEBUG Engine               - stageStyle: DECORATED
11:10:30.120 [FXGL Background Thread 3 ] DEBUG Engine               - supportedLanguages: [ENGLISH, FRENCH, GERMAN, HUNGARIAN, RUSSIAN]
11:10:30.120 [FXGL Background Thread 3 ] DEBUG Engine               - ticksPerSecond: -1
11:10:30.120 [FXGL Background Thread 3 ] DEBUG Engine               - title: Rhythm Knight
11:10:30.121 [FXGL Background Thread 3 ] DEBUG Engine               - urlGithub: https://github.com/AlmasB/FXGL
11:10:30.121 [FXGL Background Thread 3 ] DEBUG Engine               - urlLeaderboard: http://fxgl-top.herokuapp.com/
11:10:30.121 [FXGL Background Thread 3 ] DEBUG Engine               - urlPOM: https://raw.githubusercontent.com/AlmasB/FXGL/release/README.md
11:10:30.121 [FXGL Background Thread 3 ] DEBUG Engine               - userAppClass: class GameApp
11:10:30.121 [FXGL Background Thread 3 ] DEBUG Engine               - version: Pre-Alpha 1
11:10:30.121 [FXGL Background Thread 3 ] DEBUG Engine               - versionCheckDays: 7
11:10:30.121 [FXGL Background Thread 3 ] DEBUG Engine               - width: 1920
11:10:30.121 [FXGL Background Thread 3 ] DEBUG Engine               - Logging services
11:10:30.121 [FXGL Background Thread 3 ] DEBUG Engine               - class com.almasb.fxgl.app.services.FXGLAssetLoaderService
11:10:30.121 [FXGL Background Thread 3 ] DEBUG Engine               - class com.almasb.fxgl.app.FXGLApplication$GameApplicationService
11:10:30.122 [FXGL Background Thread 3 ] DEBUG Engine               - class com.almasb.fxgl.app.services.FXGLDialogService
11:10:30.122 [FXGL Background Thread 3 ] DEBUG Engine               - class com.almasb.fxgl.app.services.IOTaskExecutorService
11:10:30.122 [FXGL Background Thread 3 ] DEBUG Engine               - class com.almasb.fxgl.io.FileSystemService
11:10:30.122 [FXGL Background Thread 3 ] DEBUG Engine               - class com.almasb.fxgl.localization.LocalizationService
11:10:30.122 [FXGL Background Thread 3 ] DEBUG Engine               - class com.almasb.fxgl.app.services.SystemBundleService
11:10:30.122 [FXGL Background Thread 3 ] DEBUG Engine               - class com.almasb.fxgl.profile.SaveLoadService
11:10:30.122 [FXGL Background Thread 3 ] DEBUG Engine               - class com.almasb.fxgl.ui.FXGLUIFactoryServiceProvider
11:10:30.122 [FXGL Background Thread 3 ] DEBUG Engine               - class com.almasb.fxgl.ui.FXGLDialogFactoryServiceProvider
11:10:30.122 [FXGL Background Thread 3 ] DEBUG Engine               - class com.almasb.fxgl.audio.AudioPlayer
11:10:30.122 [FXGL Background Thread 3 ] DEBUG Engine               - class com.almasb.fxgl.notification.impl.NotificationServiceProvider
11:10:30.122 [FXGL Background Thread 3 ] DEBUG Engine               - class com.almasb.fxgl.achievement.AchievementService
11:10:30.123 [FXGL Background Thread 3 ] DEBUG Engine               - class com.almasb.fxgl.cutscene.CutsceneService
11:10:30.123 [FXGL Background Thread 3 ] DEBUG Engine               - class com.almasb.fxgl.minigames.MiniGameService
11:10:30.123 [FXGL Background Thread 3 ] DEBUG Engine               - class com.almasb.fxgl.net.NetService
11:10:30.123 [FXGL Background Thread 3 ] DEBUG Engine               - class com.almasb.fxgl.app.services.UpdaterService
11:10:30.123 [FXGL Background Thread 3 ] DEBUG Engine               - class com.almasb.fxgl.dev.DevService
11:10:42.402 [JavaFX Application Thread] DEBUG FXGLApplication      - Exiting FXGL
11:10:42.402 [JavaFX Application Thread] DEBUG Async                - Shutting down background threads
11:10:42.403 [JavaFX Application Thread] DEBUG PrimaryStageWindow   - Closing main window
11:10:42.412 [JavaFX Application Thread] DEBUG Logger               - Closing Logger
