10:12:07.583 [main                     ] DEBUG Logger               - Configured Logger
10:12:07.617 [main                     ] DEBUG GameApplication      - Logging settings
Title: Rhythm Knight
Version: Pre-Alpha 1
Width: 1920
Height: 1080
Fullscreen: false
Intro: false
Profiling: false
Single step:false
App Mode: DEVELOPER
Menu Key: ESCAPE
Stage Style: DECORATED
Scene Factory: class GameApp$1

10:12:08.186 [JavaFX Application Thread] DEBUG FXGLApplication      - Initializing FXGL
10:12:08.188 [JavaFX Application Thread] INFO  Engine               - FXGL-11.16 (25.05.2021 08.16) on MAC (J:11.0.8 FX:16)
10:12:08.189 [JavaFX Application Thread] DEBUG Engine               - JRE Vendor Name: Oracle Corporation
10:12:08.190 [JavaFX Application Thread] DEBUG Engine               - Running on OS: Mac OS X version 10.16
10:12:08.190 [JavaFX Application Thread] DEBUG Engine               - Architecture: x86_64
10:12:08.191 [JavaFX Application Thread] INFO  Engine               - Source code and latest versions at: https://github.com/AlmasB/FXGL
10:12:08.191 [JavaFX Application Thread] INFO  Engine               -              Join the FXGL chat at: https://gitter.im/AlmasB/FXGL
10:12:08.502 [JavaFX Application Thread] DEBUG PrimaryStageWindow   - Creating a JavaFX scene
10:12:08.503 [JavaFX Application Thread] DEBUG PrimaryStageWindow   - Target size > screen size
10:12:08.576 [JavaFX Application Thread] DEBUG PrimaryStageWindow   - Target settings size: 1920.0 x 1080.0
10:12:08.576 [JavaFX Application Thread] DEBUG PrimaryStageWindow   - Scaled scene size:    1400.0 x 801.0
10:12:08.576 [JavaFX Application Thread] DEBUG PrimaryStageWindow   - Scaled ratio: (0.7291666666666666, 0.7416666666666667)
10:12:08.578 [JavaFX Application Thread] DEBUG PrimaryStageWindow   - Set initial scene to FXGLStartupScene
10:12:08.589 [JavaFX Application Thread] DEBUG PrimaryStageWindow   - Opening main window
10:12:08.922 [JavaFX Application Thread] DEBUG PrimaryStageWindow   - Window border size: (0.0, 28.0)
10:12:08.922 [JavaFX Application Thread] DEBUG PrimaryStageWindow   - Scaled size: 1400.0 x 801.0
10:12:08.922 [JavaFX Application Thread] DEBUG PrimaryStageWindow   - Scaled ratio: (0.7291666666666666, 0.7416666666666667)
10:12:08.922 [JavaFX Application Thread] DEBUG PrimaryStageWindow   - Scene size: 1400.0 x 801.0
10:12:08.923 [JavaFX Application Thread] DEBUG PrimaryStageWindow   - Stage size: 1400.0 x 829.0
10:12:08.931 [FXGL Background Thread 1 ] DEBUG Engine               - Initializing environment variables
10:12:08.979 [FXGL Background Thread 1 ] DEBUG FXGLAssetLoaderServi - User app class for loading assets: class GameApp
10:12:08.979 [FXGL Background Thread 1 ] DEBUG GameApplicationServi - Applying CSS: fxgl_dark.css
10:12:08.980 [FXGL Background Thread 1 ] DEBUG FXGLAssetLoaderServi - Loading from file system: jar:file:/Users/kylefry/.m2/repository/com/github/almasb/fxgl/11.16/fxgl-11.16.jar!/fxglassets/ui/css/fxgl_dark.css
10:12:09.084 [FXGL Background Thread 1 ] DEBUG GameApplicationServi - Initializing application scenes
10:12:09.749 [FXGL Background Thread 1 ] DEBUG GameWorld            - Game world initialized
10:12:09.837 [FXGL Background Thread 1 ] DEBUG PhysicsWorld         - Physics world initialized: appHeight=1080, physics.ppm=50.0
10:12:09.838 [FXGL Background Thread 1 ] DEBUG PhysicsWorld         - Using strategy: BRUTE_FORCE
10:12:09.842 [FXGL Background Thread 1 ] DEBUG GameScene            - Game scene initialized: 1920x1080
10:12:09.849 [FXGL Background Thread 1 ] DEBUG FXGLAssetLoaderServi - Loading from file system: file:/Users/kylefry/Desktop/RhythmKnight/Project/target/classes/assets/textures/logo-with-menu.png
10:12:10.107 [FXGL Background Thread 1 ] DEBUG FXGL.DefaultMenu     - createMenuBodyGameMenu()
10:12:10.125 [FXGL Background Thread 1 ] DEBUG FXGL.DefaultMenu     - createOptionsMenu()
10:12:10.135 [FXGL Background Thread 1 ] DEBUG FXGLAssetLoaderServi - Loading from file system: jar:file:/Users/kylefry/.m2/repository/com/github/almasb/fxgl/11.16/fxgl-11.16.jar!/fxglassets/textures/particles/smoke.png
10:12:10.281 [FXGL Background Thread 1 ] DEBUG FXGLAssetLoaderServi - Loading from file system: jar:file:/Users/kylefry/.m2/repository/com/github/almasb/fxgl/11.16/fxgl-11.16.jar!/fxglassets/textures/particles/trace_horizontal.png
10:12:10.313 [FXGL Background Thread 1 ] DEBUG GameApplicationServi - Application scenes initialized
10:12:10.326 [FXGL Background Thread 1 ] DEBUG SystemBundleService  - Loading FXGL system data
10:12:10.331 [FXGL Background Thread 1 ] DEBUG FileSystemAccess     - Reading from: /Users/kylefry/Desktop/RhythmKnight/Project/system/fxgl.bundle
10:12:10.337 [FXGL Background Thread 1 ] DEBUG SystemBundleService  - Bundle FXGL: {}
10:12:10.337 [FXGL Background Thread 1 ] DEBUG UpdaterService       - Checking for updates
10:12:10.341 [FXGL Background Thread 4 ] DEBUG FXGLApplication      - Loading fonts
10:12:10.342 [FXGL Background Thread 1 ] DEBUG FXGLApplication      - Loading default localization
10:12:10.344 [FXGL Background Thread 1 ] DEBUG FXGLAssetLoaderServi - Loading from file system: jar:file:/Users/kylefry/.m2/repository/com/github/almasb/fxgl/11.16/fxgl-11.16.jar!/fxglassets/languages/english.lang
10:12:10.345 [FXGL Background Thread 4 ] DEBUG FXGLAssetLoaderServi - Loading from file system: jar:file:/Users/kylefry/.m2/repository/com/github/almasb/fxgl/11.16/fxgl-11.16.jar!/fxglassets/ui/fonts/VarelaRound-Regular.ttf
10:12:10.371 [FXGL Background Thread 4 ] DEBUG FXGLAssetLoaderServi - Loading from file system: jar:file:/Users/kylefry/.m2/repository/com/github/almasb/fxgl/11.16/fxgl-11.16.jar!/fxglassets/ui/fonts/Abel-Regular.ttf
10:12:10.374 [FXGL Background Thread 1 ] INFO  FXGLApplication      - FXGL initialization took: 1.443 sec
10:12:10.376 [FXGL Background Thread 4 ] DEBUG FXGLAssetLoaderServi - Loading from file system: jar:file:/Users/kylefry/.m2/repository/com/github/almasb/fxgl/11.16/fxgl-11.16.jar!/fxglassets/ui/fonts/lucida_console.ttf
10:12:10.377 [JavaFX Application Thread] DEBUG FXGLAssetLoaderServi - Loading from file system: jar:file:/Users/kylefry/.m2/repository/com/github/almasb/fxgl/11.16/fxgl-11.16.jar!/fxglassets/textures/fxgl_icon.png
10:12:10.382 [FXGL Background Thread 4 ] DEBUG FXGLAssetLoaderServi - Loading from file system: jar:file:/Users/kylefry/.m2/repository/com/github/almasb/fxgl/11.16/fxgl-11.16.jar!/fxglassets/ui/fonts/Courier-Prime.ttf
10:12:10.414 [JavaFX Application Thread] DEBUG FXGLAssetLoaderServi - Loading from file system: jar:file:/Users/kylefry/.m2/repository/com/github/almasb/fxgl/11.16/fxgl-11.16.jar!/fxglassets/textures/fxgl_default_cursor.png
10:12:10.441 [JavaFX Application Thread] DEBUG Input                - Registered new binding: Screenshot - CTRL+8
10:12:10.442 [JavaFX Application Thread] DEBUG Input                - Registered new binding: System info dump - CTRL+9
10:12:10.442 [JavaFX Application Thread] DEBUG Input                - Registered new binding: Restart - CTRL+R
10:12:10.443 [JavaFX Application Thread] DEBUG Input                - Registered new binding: Toggle Debug Camera - CTRL+C
10:12:10.445 [JavaFX Application Thread] DEBUG LoopRunner           - Starting loop
10:12:10.445 [JavaFX Application Thread] DEBUG LoopRunner           - Initializing JavaFX AnimationTimerLoop
10:12:10.448 [JavaFX Application Thread] DEBUG Input                - Clearing active input actions
10:12:10.457 [JavaFX Application Thread] DEBUG GameApplicationServi - Removing overlay from FXGLStartupScene and adding to FXGLMainMenuDummyScene
10:12:10.458 [JavaFX Application Thread] DEBUG PrimaryStageWindow   - FXGLStartupScene -> FXGLMainMenuDummyScene
10:12:10.458 [JavaFX Application Thread] DEBUG PrimaryStageWindow   - Push state: AppMainMenu
10:12:10.458 [JavaFX Application Thread] DEBUG Input                - Clearing active input actions
10:12:10.465 [JavaFX Application Thread] DEBUG GameApplicationServi - Removing overlay from FXGLMainMenuDummyScene and adding to AppMainMenu
10:12:10.466 [JavaFX Application Thread] DEBUG PrimaryStageWindow   - FXGLMainMenuDummyScene -> AppMainMenu
10:12:10.495 [JavaFX Application Thread] DEBUG FXGLApplication      - Registering font factories with UI factory
10:12:11.137 [JavaFX Application Thread] DEBUG FXGLAssetLoaderServi - Loading from file system: file:/Users/kylefry/Desktop/RhythmKnight/Project/target/classes/assets/sounds/SelectSFX.mp3
10:12:13.340 [FXGL Background Thread 3 ] DEBUG Engine               - Logging environment variables
10:12:13.342 [FXGL Background Thread 3 ] DEBUG Engine               - achievements: []
10:12:13.343 [FXGL Background Thread 3 ] DEBUG Engine               - actualHeight: 801.0
10:12:13.343 [FXGL Background Thread 3 ] DEBUG Engine               - actualHeightProperty: ReadOnlyDoubleProperty [value: 801.0]
10:12:13.343 [FXGL Background Thread 3 ] DEBUG Engine               - actualWidth: 1400.0
10:12:13.344 [FXGL Background Thread 3 ] DEBUG Engine               - actualWidthProperty: ReadOnlyDoubleProperty [value: 1400.0]
10:12:13.344 [FXGL Background Thread 3 ] DEBUG Engine               - appIcon: fxgl_icon.png
10:12:13.344 [FXGL Background Thread 3 ] DEBUG Engine               - applicationMode: DEVELOPER
10:12:13.344 [FXGL Background Thread 3 ] DEBUG Engine               - cSSList: [fxgl_dark.css]
10:12:13.344 [FXGL Background Thread 3 ] DEBUG Engine               - collisionDetectionStrategy: BRUTE_FORCE
10:12:13.344 [FXGL Background Thread 3 ] DEBUG Engine               - configClass: Optional.empty
10:12:13.345 [FXGL Background Thread 3 ] DEBUG Engine               - credits: []
10:12:13.345 [FXGL Background Thread 3 ] DEBUG Engine               - defaultCursor: CursorInfo(imageName=fxgl_default_cursor.png, hotspotX=7.0, hotspotY=6.0)
10:12:13.345 [FXGL Background Thread 3 ] DEBUG Engine               - devBBoxColorProperty: ObjectProperty [value: 0xff0000ff]
10:12:13.345 [FXGL Background Thread 3 ] DEBUG Engine               - devEnableDebugCameraProperty: BooleanProperty [value: false]
10:12:13.346 [FXGL Background Thread 3 ] DEBUG Engine               - devSensorColorProperty: ObjectProperty [value: 0xffff00ff]
10:12:13.346 [FXGL Background Thread 3 ] DEBUG Engine               - devShowBBoxProperty: BooleanProperty [value: false]
10:12:13.346 [FXGL Background Thread 3 ] DEBUG Engine               - devShowPositionProperty: BooleanProperty [value: false]
10:12:13.346 [FXGL Background Thread 3 ] DEBUG Engine               - enabledMenuItems: []
10:12:13.346 [FXGL Background Thread 3 ] DEBUG Engine               - engineServices: [class com.almasb.fxgl.app.services.FXGLAssetLoaderService, class com.almasb.fxgl.app.FXGLApplication$GameApplicationService, class com.almasb.fxgl.app.services.FXGLDialogService, class com.almasb.fxgl.app.services.IOTaskExecutorService, class com.almasb.fxgl.io.FileSystemService, class com.almasb.fxgl.localization.LocalizationService, class com.almasb.fxgl.app.services.SystemBundleService, class com.almasb.fxgl.profile.SaveLoadService, class com.almasb.fxgl.ui.FXGLUIFactoryServiceProvider, class com.almasb.fxgl.ui.FXGLDialogFactoryServiceProvider, class com.almasb.fxgl.audio.AudioPlayer, class com.almasb.fxgl.notification.impl.NotificationServiceProvider, class com.almasb.fxgl.achievement.AchievementService, class com.almasb.fxgl.cutscene.CutsceneService, class com.almasb.fxgl.minigames.MiniGameService, class com.almasb.fxgl.net.NetService, class com.almasb.fxgl.app.services.UpdaterService, class com.almasb.fxgl.dev.DevService]
10:12:13.346 [FXGL Background Thread 3 ] DEBUG Engine               - fontGame: Abel-Regular.ttf
10:12:13.346 [FXGL Background Thread 3 ] DEBUG Engine               - fontMono: lucida_console.ttf
10:12:13.347 [FXGL Background Thread 3 ] DEBUG Engine               - fontText: Courier-Prime.ttf
10:12:13.347 [FXGL Background Thread 3 ] DEBUG Engine               - fontUI: VarelaRound-Regular.ttf
10:12:13.347 [FXGL Background Thread 3 ] DEBUG Engine               - fullScreen: BooleanProperty [value: false]
10:12:13.347 [FXGL Background Thread 3 ] DEBUG Engine               - gameDifficulty: MEDIUM
10:12:13.347 [FXGL Background Thread 3 ] DEBUG Engine               - gameDifficultyProperty: ObjectProperty [value: MEDIUM]
10:12:13.347 [FXGL Background Thread 3 ] DEBUG Engine               - globalMusicVolume: 0.5
10:12:13.347 [FXGL Background Thread 3 ] DEBUG Engine               - globalMusicVolumeProperty: DoubleProperty [value: 0.5]
10:12:13.347 [FXGL Background Thread 3 ] DEBUG Engine               - globalSoundVolume: 0.5
10:12:13.347 [FXGL Background Thread 3 ] DEBUG Engine               - globalSoundVolumeProperty: DoubleProperty [value: 0.5]
10:12:13.347 [FXGL Background Thread 3 ] DEBUG Engine               - height: 1080
10:12:13.348 [FXGL Background Thread 3 ] DEBUG Engine               - is3D: false
10:12:13.348 [FXGL Background Thread 3 ] DEBUG Engine               - isAndroid: false
10:12:13.348 [FXGL Background Thread 3 ] DEBUG Engine               - isBrowser: false
10:12:13.348 [FXGL Background Thread 3 ] DEBUG Engine               - isClickFeedbackEnabled: false
10:12:13.348 [FXGL Background Thread 3 ] DEBUG Engine               - isCloseConfirmation: false
10:12:13.348 [FXGL Background Thread 3 ] DEBUG Engine               - isDesktop: true
10:12:13.348 [FXGL Background Thread 3 ] DEBUG Engine               - isDeveloperMenuEnabled: false
10:12:13.348 [FXGL Background Thread 3 ] DEBUG Engine               - isEntityPreloadEnabled: true
10:12:13.349 [FXGL Background Thread 3 ] DEBUG Engine               - isExperimentalTiledLargeMap: false
10:12:13.349 [FXGL Background Thread 3 ] DEBUG Engine               - isFileSystemWriteAllowed: true
10:12:13.349 [FXGL Background Thread 3 ] DEBUG Engine               - isFullScreenAllowed: false
10:12:13.349 [FXGL Background Thread 3 ] DEBUG Engine               - isFullScreenFromStart: false
10:12:13.349 [FXGL Background Thread 3 ] DEBUG Engine               - isGameMenuEnabled: true
10:12:13.349 [FXGL Background Thread 3 ] DEBUG Engine               - isIOS: false
10:12:13.350 [FXGL Background Thread 3 ] DEBUG Engine               - isIntroEnabled: false
10:12:13.350 [FXGL Background Thread 3 ] DEBUG Engine               - isLinux: false
10:12:13.350 [FXGL Background Thread 3 ] DEBUG Engine               - isMac: true
10:12:13.350 [FXGL Background Thread 3 ] DEBUG Engine               - isMainMenuEnabled: true
10:12:13.350 [FXGL Background Thread 3 ] DEBUG Engine               - isManualResizeEnabled: false
10:12:13.350 [FXGL Background Thread 3 ] DEBUG Engine               - isMobile: false
10:12:13.350 [FXGL Background Thread 3 ] DEBUG Engine               - isNative: false
10:12:13.350 [FXGL Background Thread 3 ] DEBUG Engine               - isPreserveResizeRatio: false
10:12:13.350 [FXGL Background Thread 3 ] DEBUG Engine               - isProfilingEnabled: false
10:12:13.350 [FXGL Background Thread 3 ] DEBUG Engine               - isScaleAffectedOnResize: true
10:12:13.351 [FXGL Background Thread 3 ] DEBUG Engine               - isSingleStep: false
10:12:13.351 [FXGL Background Thread 3 ] DEBUG Engine               - isUserProfileEnabled: false
10:12:13.351 [FXGL Background Thread 3 ] DEBUG Engine               - isWindows: false
10:12:13.351 [FXGL Background Thread 3 ] DEBUG Engine               - language: ObjectProperty [value: ENGLISH]
10:12:13.351 [FXGL Background Thread 3 ] DEBUG Engine               - menuKey: ESCAPE
10:12:13.351 [FXGL Background Thread 3 ] DEBUG Engine               - mouseSensitivity: 0.2
10:12:13.351 [FXGL Background Thread 3 ] DEBUG Engine               - notificationViewClass: class com.almasb.fxgl.notification.view.XboxNotificationView
10:12:13.352 [FXGL Background Thread 3 ] DEBUG Engine               - pixelsPerMeter: 50.0
10:12:13.352 [FXGL Background Thread 3 ] DEBUG Engine               - platform: MAC
10:12:13.352 [FXGL Background Thread 3 ] DEBUG Engine               - prefHeightProperty: ReadOnlyDoubleProperty [value: 1080.0]
10:12:13.352 [FXGL Background Thread 3 ] DEBUG Engine               - prefWidthProperty: ReadOnlyDoubleProperty [value: 1920.0]
10:12:13.352 [FXGL Background Thread 3 ] DEBUG Engine               - profileDir: profiles/
10:12:13.352 [FXGL Background Thread 3 ] DEBUG Engine               - profileName: StringProperty [value: DEFAULT]
10:12:13.352 [FXGL Background Thread 3 ] DEBUG Engine               - randomSeed: -1
10:12:13.353 [FXGL Background Thread 3 ] DEBUG Engine               - runtimeInfo: RuntimeInfo(platform=MAC, version=11.16, build=25.05.2021 08.16)
10:12:13.353 [FXGL Background Thread 3 ] DEBUG Engine               - saveFileExt: sav
10:12:13.353 [FXGL Background Thread 3 ] DEBUG Engine               - scaledHeightProp$fxgl: DoubleProperty [bound, value: 801.0]
10:12:13.353 [FXGL Background Thread 3 ] DEBUG Engine               - scaledWidthProp$fxgl: DoubleProperty [bound, value: 1400.0]
10:12:13.353 [FXGL Background Thread 3 ] DEBUG Engine               - sceneFactory: GameApp$1@3d89e2db
10:12:13.353 [FXGL Background Thread 3 ] DEBUG Engine               - secondsIn24h: 60
10:12:13.353 [FXGL Background Thread 3 ] DEBUG Engine               - soundMenuBack: menu/back.wav
10:12:13.353 [FXGL Background Thread 3 ] DEBUG Engine               - soundMenuPress: menu/press.wav
10:12:13.353 [FXGL Background Thread 3 ] DEBUG Engine               - soundMenuSelect: menu/select.wav
10:12:13.353 [FXGL Background Thread 3 ] DEBUG Engine               - soundNotification: core/notification.wav
10:12:13.354 [FXGL Background Thread 3 ] DEBUG Engine               - stageStyle: DECORATED
10:12:13.354 [FXGL Background Thread 3 ] DEBUG Engine               - supportedLanguages: [ENGLISH, FRENCH, GERMAN, HUNGARIAN, RUSSIAN]
10:12:13.354 [FXGL Background Thread 3 ] DEBUG Engine               - ticksPerSecond: -1
10:12:13.354 [FXGL Background Thread 3 ] DEBUG Engine               - title: Rhythm Knight
10:12:13.354 [FXGL Background Thread 3 ] DEBUG Engine               - urlGithub: https://github.com/AlmasB/FXGL
10:12:13.354 [FXGL Background Thread 3 ] DEBUG Engine               - urlLeaderboard: http://fxgl-top.herokuapp.com/
10:12:13.354 [FXGL Background Thread 3 ] DEBUG Engine               - urlPOM: https://raw.githubusercontent.com/AlmasB/FXGL/release/README.md
10:12:13.354 [FXGL Background Thread 3 ] DEBUG Engine               - userAppClass: class GameApp
10:12:13.354 [FXGL Background Thread 3 ] DEBUG Engine               - version: Pre-Alpha 1
10:12:13.354 [FXGL Background Thread 3 ] DEBUG Engine               - versionCheckDays: 7
10:12:13.355 [FXGL Background Thread 3 ] DEBUG Engine               - width: 1920
10:12:13.355 [FXGL Background Thread 3 ] DEBUG Engine               - Logging services
10:12:13.355 [FXGL Background Thread 3 ] DEBUG Engine               - class com.almasb.fxgl.app.services.FXGLAssetLoaderService
10:12:13.355 [FXGL Background Thread 3 ] DEBUG Engine               - class com.almasb.fxgl.app.FXGLApplication$GameApplicationService
10:12:13.355 [FXGL Background Thread 3 ] DEBUG Engine               - class com.almasb.fxgl.app.services.FXGLDialogService
10:12:13.355 [FXGL Background Thread 3 ] DEBUG Engine               - class com.almasb.fxgl.app.services.IOTaskExecutorService
10:12:13.355 [FXGL Background Thread 3 ] DEBUG Engine               - class com.almasb.fxgl.io.FileSystemService
10:12:13.355 [FXGL Background Thread 3 ] DEBUG Engine               - class com.almasb.fxgl.localization.LocalizationService
10:12:13.355 [FXGL Background Thread 3 ] DEBUG Engine               - class com.almasb.fxgl.app.services.SystemBundleService
10:12:13.355 [FXGL Background Thread 3 ] DEBUG Engine               - class com.almasb.fxgl.profile.SaveLoadService
10:12:13.355 [FXGL Background Thread 3 ] DEBUG Engine               - class com.almasb.fxgl.ui.FXGLUIFactoryServiceProvider
10:12:13.356 [FXGL Background Thread 3 ] DEBUG Engine               - class com.almasb.fxgl.ui.FXGLDialogFactoryServiceProvider
10:12:13.356 [FXGL Background Thread 3 ] DEBUG Engine               - class com.almasb.fxgl.audio.AudioPlayer
10:12:13.356 [FXGL Background Thread 3 ] DEBUG Engine               - class com.almasb.fxgl.notification.impl.NotificationServiceProvider
10:12:13.356 [FXGL Background Thread 3 ] DEBUG Engine               - class com.almasb.fxgl.achievement.AchievementService
10:12:13.356 [FXGL Background Thread 3 ] DEBUG Engine               - class com.almasb.fxgl.cutscene.CutsceneService
10:12:13.357 [FXGL Background Thread 3 ] DEBUG Engine               - class com.almasb.fxgl.minigames.MiniGameService
10:12:13.357 [FXGL Background Thread 3 ] DEBUG Engine               - class com.almasb.fxgl.net.NetService
10:12:13.357 [FXGL Background Thread 3 ] DEBUG Engine               - class com.almasb.fxgl.app.services.UpdaterService
10:12:13.357 [FXGL Background Thread 3 ] DEBUG Engine               - class com.almasb.fxgl.dev.DevService
10:12:15.128 [JavaFX Application Thread] DEBUG FXGLApplication      - Exiting FXGL
10:12:15.128 [JavaFX Application Thread] DEBUG LoopRunner           - Stopping loop
10:12:15.128 [JavaFX Application Thread] DEBUG SystemBundleService  - Saving FXGL system data
10:12:15.132 [JavaFX Application Thread] DEBUG FileSystemAccess     - Writing to: /Users/kylefry/Desktop/RhythmKnight/Project/system/fxgl.bundle
10:12:15.134 [JavaFX Application Thread] DEBUG Async                - Shutting down background threads
10:12:15.135 [JavaFX Application Thread] DEBUG PrimaryStageWindow   - Closing main window
10:12:15.143 [JavaFX Application Thread] DEBUG Logger               - Closing Logger
