17:20:07.061 [main                     ] DEBUG Logger               - Configured Logger
17:20:07.066 [main                     ] DEBUG GameApplication      - Logging settings
Title: Rhythm Knight
Version: Milestone 2
Width: 1920
Height: 1080
Fullscreen: false
Intro: false
Profiling: false
Single step:false
App Mode: DEVELOPER
Menu Key: ESCAPE
Stage Style: DECORATED
Scene Factory: class GameApp$1

17:20:07.644 [JavaFX Application Thread] DEBUG FXGLApplication      - Initializing FXGL
17:20:07.646 [JavaFX Application Thread] INFO  Engine               - FXGL-11.16 (25.05.2021 08.16) on MAC (J:16.0.1 FX:16)
17:20:07.647 [JavaFX Application Thread] DEBUG Engine               - JRE Vendor Name: Oracle Corporation
17:20:07.647 [JavaFX Application Thread] DEBUG Engine               - Running on OS: Mac OS X version 11.4
17:20:07.647 [JavaFX Application Thread] DEBUG Engine               - Architecture: x86_64
17:20:07.647 [JavaFX Application Thread] INFO  Engine               - Source code and latest versions at: https://github.com/AlmasB/FXGL
17:20:07.647 [JavaFX Application Thread] INFO  Engine               -              Join the FXGL chat at: https://gitter.im/AlmasB/FXGL
17:20:07.867 [JavaFX Application Thread] DEBUG PrimaryStageWindow   - Creating a JavaFX scene
17:20:07.867 [JavaFX Application Thread] DEBUG PrimaryStageWindow   - Target size > screen size
17:20:07.926 [JavaFX Application Thread] DEBUG PrimaryStageWindow   - Target settings size: 1920.0 x 1080.0
17:20:07.926 [JavaFX Application Thread] DEBUG PrimaryStageWindow   - Scaled scene size:    1400.0 x 801.0
17:20:07.927 [JavaFX Application Thread] DEBUG PrimaryStageWindow   - Scaled ratio: (0.7291666666666666, 0.7416666666666667)
17:20:07.928 [JavaFX Application Thread] DEBUG PrimaryStageWindow   - Set initial scene to FXGLStartupScene
17:20:07.937 [JavaFX Application Thread] DEBUG PrimaryStageWindow   - Opening main window
17:20:08.144 [JavaFX Application Thread] DEBUG PrimaryStageWindow   - Window border size: (0.0, 28.0)
17:20:08.144 [JavaFX Application Thread] DEBUG PrimaryStageWindow   - Scaled size: 1400.0 x 801.0
17:20:08.144 [JavaFX Application Thread] DEBUG PrimaryStageWindow   - Scaled ratio: (0.7291666666666666, 0.7416666666666667)
17:20:08.144 [JavaFX Application Thread] DEBUG PrimaryStageWindow   - Scene size: 1400.0 x 801.0
17:20:08.145 [JavaFX Application Thread] DEBUG PrimaryStageWindow   - Stage size: 1400.0 x 829.0
17:20:08.153 [FXGL Background Thread 1 ] DEBUG Engine               - Initializing environment variables
17:20:08.221 [FXGL Background Thread 1 ] DEBUG FXGLAssetLoaderServi - User app class for loading assets: class GameApp
17:20:08.221 [FXGL Background Thread 1 ] DEBUG GameApplicationServi - Applying CSS: fxgl_dark.css
17:20:08.222 [FXGL Background Thread 1 ] DEBUG FXGLAssetLoaderServi - Loading from file system: jar:file:/Users/kylefry/.m2/repository/com/github/almasb/fxgl/11.16/fxgl-11.16.jar!/fxglassets/ui/css/fxgl_dark.css
17:20:08.279 [FXGL Background Thread 1 ] DEBUG GameApplicationServi - Initializing application scenes
17:20:08.749 [FXGL Background Thread 1 ] DEBUG GameWorld            - Game world initialized
17:20:08.812 [FXGL Background Thread 1 ] DEBUG PhysicsWorld         - Physics world initialized: appHeight=1080, physics.ppm=50.0
17:20:08.812 [FXGL Background Thread 1 ] DEBUG PhysicsWorld         - Using strategy: BRUTE_FORCE
17:20:08.814 [FXGL Background Thread 1 ] DEBUG GameScene            - Game scene initialized: 1920x1080
17:20:08.820 [FXGL Background Thread 1 ] DEBUG FXGLAssetLoaderServi - Loading from file system: file:/Users/kylefry/Desktop/RhythmKnight/Project/target/classes/assets/textures/logo-with-menu.png
17:20:08.966 [FXGL Background Thread 1 ] DEBUG FXGL.DefaultMenu     - createMenuBodyGameMenu()
17:20:08.976 [FXGL Background Thread 1 ] DEBUG FXGL.DefaultMenu     - createOptionsMenu()
17:20:08.983 [FXGL Background Thread 1 ] DEBUG FXGLAssetLoaderServi - Loading from file system: jar:file:/Users/kylefry/.m2/repository/com/github/almasb/fxgl/11.16/fxgl-11.16.jar!/fxglassets/textures/particles/smoke.png
17:20:09.081 [FXGL Background Thread 1 ] DEBUG FXGLAssetLoaderServi - Loading from file system: jar:file:/Users/kylefry/.m2/repository/com/github/almasb/fxgl/11.16/fxgl-11.16.jar!/fxglassets/textures/particles/trace_horizontal.png
17:20:09.110 [FXGL Background Thread 1 ] DEBUG GameApplicationServi - Application scenes initialized
17:20:09.123 [FXGL Background Thread 1 ] DEBUG SystemBundleService  - Loading FXGL system data
17:20:09.127 [FXGL Background Thread 1 ] DEBUG FileSystemAccess     - Reading from: /Users/kylefry/Desktop/RhythmKnight/Project/system/fxgl.bundle
17:20:09.133 [FXGL Background Thread 1 ] DEBUG SystemBundleService  - Bundle FXGL: {}
17:20:09.133 [FXGL Background Thread 1 ] DEBUG UpdaterService       - Checking for updates
17:20:09.137 [FXGL Background Thread 4 ] DEBUG FXGLApplication      - Loading fonts
17:20:09.137 [FXGL Background Thread 1 ] DEBUG FXGLApplication      - Loading default localization
17:20:09.137 [FXGL Background Thread 4 ] DEBUG FXGLAssetLoaderServi - Loading from file system: jar:file:/Users/kylefry/.m2/repository/com/github/almasb/fxgl/11.16/fxgl-11.16.jar!/fxglassets/ui/fonts/VarelaRound-Regular.ttf
17:20:09.138 [FXGL Background Thread 1 ] DEBUG FXGLAssetLoaderServi - Loading from file system: jar:file:/Users/kylefry/.m2/repository/com/github/almasb/fxgl/11.16/fxgl-11.16.jar!/fxglassets/languages/english.lang
17:20:09.161 [FXGL Background Thread 4 ] DEBUG FXGLAssetLoaderServi - Loading from file system: jar:file:/Users/kylefry/.m2/repository/com/github/almasb/fxgl/11.16/fxgl-11.16.jar!/fxglassets/ui/fonts/Abel-Regular.ttf
17:20:09.165 [FXGL Background Thread 4 ] DEBUG FXGLAssetLoaderServi - Loading from file system: jar:file:/Users/kylefry/.m2/repository/com/github/almasb/fxgl/11.16/fxgl-11.16.jar!/fxglassets/ui/fonts/lucida_console.ttf
17:20:09.170 [FXGL Background Thread 4 ] DEBUG FXGLAssetLoaderServi - Loading from file system: jar:file:/Users/kylefry/.m2/repository/com/github/almasb/fxgl/11.16/fxgl-11.16.jar!/fxglassets/ui/fonts/Courier-Prime.ttf
17:20:09.172 [FXGL Background Thread 1 ] INFO  FXGLApplication      - FXGL initialization took: 1.019 sec
17:20:09.175 [JavaFX Application Thread] DEBUG FXGLAssetLoaderServi - Loading from file system: jar:file:/Users/kylefry/.m2/repository/com/github/almasb/fxgl/11.16/fxgl-11.16.jar!/fxglassets/textures/fxgl_icon.png
17:20:09.200 [JavaFX Application Thread] DEBUG FXGLAssetLoaderServi - Loading from file system: jar:file:/Users/kylefry/.m2/repository/com/github/almasb/fxgl/11.16/fxgl-11.16.jar!/fxglassets/textures/fxgl_default_cursor.png
17:20:09.223 [JavaFX Application Thread] DEBUG Input                - Registered new binding: Screenshot - CTRL+8
17:20:09.224 [JavaFX Application Thread] DEBUG Input                - Registered new binding: System info dump - CTRL+9
17:20:09.225 [JavaFX Application Thread] DEBUG Input                - Registered new binding: Restart - CTRL+R
17:20:09.225 [JavaFX Application Thread] DEBUG Input                - Registered new binding: Toggle Debug Camera - CTRL+C
17:20:09.228 [JavaFX Application Thread] DEBUG LoopRunner           - Starting loop
17:20:09.228 [JavaFX Application Thread] DEBUG LoopRunner           - Initializing JavaFX AnimationTimerLoop
17:20:09.231 [JavaFX Application Thread] DEBUG Input                - Clearing active input actions
17:20:09.239 [JavaFX Application Thread] DEBUG GameApplicationServi - Removing overlay from FXGLStartupScene and adding to FXGLMainMenuDummyScene
17:20:09.239 [JavaFX Application Thread] DEBUG PrimaryStageWindow   - FXGLStartupScene -> FXGLMainMenuDummyScene
17:20:09.240 [JavaFX Application Thread] DEBUG PrimaryStageWindow   - Push state: ui.AppMainMenu
17:20:09.240 [JavaFX Application Thread] DEBUG Input                - Clearing active input actions
17:20:09.246 [JavaFX Application Thread] DEBUG GameApplicationServi - Removing overlay from FXGLMainMenuDummyScene and adding to ui.AppMainMenu
17:20:09.247 [JavaFX Application Thread] DEBUG PrimaryStageWindow   - FXGLMainMenuDummyScene -> ui.AppMainMenu
17:20:09.274 [JavaFX Application Thread] DEBUG FXGLApplication      - Registering font factories with UI factory
17:20:10.152 [JavaFX Application Thread] DEBUG FXGLApplication      - Exiting FXGL
17:20:10.152 [JavaFX Application Thread] DEBUG LoopRunner           - Stopping loop
17:20:10.153 [JavaFX Application Thread] DEBUG SystemBundleService  - Saving FXGL system data
17:20:10.158 [JavaFX Application Thread] DEBUG FileSystemAccess     - Writing to: /Users/kylefry/Desktop/RhythmKnight/Project/system/fxgl.bundle
17:20:10.160 [JavaFX Application Thread] DEBUG Async                - Shutting down background threads
17:20:10.161 [JavaFX Application Thread] DEBUG PrimaryStageWindow   - Closing main window
17:20:10.168 [JavaFX Application Thread] DEBUG Logger               - Closing Logger
