10:42:26.419 [main                     ] DEBUG Logger               - Configured Logger
10:42:26.425 [main                     ] DEBUG GameApplication      - Logging settings
Title: Rhythm Knight
Version: Pre-Alpha 1
Width: 1920
Height: 1080
Fullscreen: false
Intro: false
Profiling: false
Single step:false
App Mode: DEVELOPER
Menu Key: ESCAPE
Stage Style: DECORATED
Scene Factory: class GameApp$1

10:42:26.965 [JavaFX Application Thread] DEBUG FXGLApplication      - Initializing FXGL
10:42:26.967 [JavaFX Application Thread] INFO  Engine               - FXGL-11.16 (25.05.2021 08.16) on MAC (J:16.0.1 FX:16)
10:42:26.967 [JavaFX Application Thread] DEBUG Engine               - JRE Vendor Name: Oracle Corporation
10:42:26.967 [JavaFX Application Thread] DEBUG Engine               - Running on OS: Mac OS X version 11.4
10:42:26.968 [JavaFX Application Thread] DEBUG Engine               - Architecture: x86_64
10:42:26.968 [JavaFX Application Thread] INFO  Engine               - Source code and latest versions at: https://github.com/AlmasB/FXGL
10:42:26.968 [JavaFX Application Thread] INFO  Engine               -              Join the FXGL chat at: https://gitter.im/AlmasB/FXGL
10:42:27.137 [JavaFX Application Thread] DEBUG PrimaryStageWindow   - Creating a JavaFX scene
10:42:27.137 [JavaFX Application Thread] DEBUG PrimaryStageWindow   - Target size > screen size
10:42:27.230 [JavaFX Application Thread] DEBUG PrimaryStageWindow   - Target settings size: 1920.0 x 1080.0
10:42:27.231 [JavaFX Application Thread] DEBUG PrimaryStageWindow   - Scaled scene size:    1400.0 x 801.0
10:42:27.231 [JavaFX Application Thread] DEBUG PrimaryStageWindow   - Scaled ratio: (0.7291666666666666, 0.7416666666666667)
10:42:27.233 [JavaFX Application Thread] DEBUG PrimaryStageWindow   - Set initial scene to FXGLStartupScene
10:42:27.267 [JavaFX Application Thread] DEBUG PrimaryStageWindow   - Opening main window
10:42:27.473 [JavaFX Application Thread] DEBUG PrimaryStageWindow   - Window border size: (0.0, 28.0)
10:42:27.473 [JavaFX Application Thread] DEBUG PrimaryStageWindow   - Scaled size: 1400.0 x 801.0
10:42:27.473 [JavaFX Application Thread] DEBUG PrimaryStageWindow   - Scaled ratio: (0.7291666666666666, 0.7416666666666667)
10:42:27.473 [JavaFX Application Thread] DEBUG PrimaryStageWindow   - Scene size: 1400.0 x 801.0
10:42:27.473 [JavaFX Application Thread] DEBUG PrimaryStageWindow   - Stage size: 1400.0 x 829.0
10:42:27.480 [FXGL Background Thread 1 ] DEBUG Engine               - Initializing environment variables
10:42:27.580 [FXGL Background Thread 1 ] DEBUG FXGLAssetLoaderServi - User app class for loading assets: class GameApp
10:42:27.580 [FXGL Background Thread 1 ] DEBUG GameApplicationServi - Applying CSS: fxgl_dark.css
10:42:27.581 [FXGL Background Thread 1 ] DEBUG FXGLAssetLoaderServi - Loading from file system: jar:file:/Users/kylefry/.m2/repository/com/github/almasb/fxgl/11.16/fxgl-11.16.jar!/fxglassets/ui/css/fxgl_dark.css
10:42:27.678 [FXGL Background Thread 1 ] DEBUG GameApplicationServi - Initializing application scenes
10:42:28.234 [FXGL Background Thread 1 ] DEBUG GameWorld            - Game world initialized
10:42:28.469 [FXGL Background Thread 1 ] DEBUG PhysicsWorld         - Physics world initialized: appHeight=1080, physics.ppm=50.0
10:42:28.470 [FXGL Background Thread 1 ] DEBUG PhysicsWorld         - Using strategy: BRUTE_FORCE
10:42:28.472 [FXGL Background Thread 1 ] DEBUG GameScene            - Game scene initialized: 1920x1080
10:42:28.478 [FXGL Background Thread 1 ] DEBUG FXGLAssetLoaderServi - Loading from file system: file:/Users/kylefry/Desktop/RhythmKnight/Project/target/classes/assets/textures/logo-with-menu.png
10:42:28.667 [FXGL Background Thread 1 ] DEBUG FXGLAssetLoaderServi - Loading from file system: file:/Users/kylefry/Desktop/RhythmKnight/Project/target/classes/assets/textures/rest.png
10:42:28.685 [FXGL Background Thread 1 ] DEBUG FXGL.DefaultMenu     - createMenuBodyGameMenu()
10:42:28.726 [FXGL Background Thread 1 ] DEBUG FXGL.DefaultMenu     - createOptionsMenu()
10:42:28.734 [FXGL Background Thread 1 ] DEBUG FXGLAssetLoaderServi - Loading from file system: jar:file:/Users/kylefry/.m2/repository/com/github/almasb/fxgl/11.16/fxgl-11.16.jar!/fxglassets/textures/particles/smoke.png
10:42:28.881 [FXGL Background Thread 1 ] DEBUG FXGLAssetLoaderServi - Loading from file system: jar:file:/Users/kylefry/.m2/repository/com/github/almasb/fxgl/11.16/fxgl-11.16.jar!/fxglassets/textures/particles/trace_horizontal.png
10:42:28.911 [FXGL Background Thread 1 ] DEBUG GameApplicationServi - Application scenes initialized
10:42:28.922 [FXGL Background Thread 1 ] DEBUG SystemBundleService  - Loading FXGL system data
10:42:28.926 [FXGL Background Thread 1 ] DEBUG FileSystemAccess     - Reading from: /Users/kylefry/Desktop/RhythmKnight/Project/system/fxgl.bundle
10:42:28.933 [FXGL Background Thread 1 ] DEBUG SystemBundleService  - Bundle FXGL: {}
10:42:28.934 [FXGL Background Thread 1 ] DEBUG UpdaterService       - Checking for updates
10:42:28.938 [FXGL Background Thread 4 ] DEBUG FXGLApplication      - Loading fonts
10:42:28.939 [FXGL Background Thread 4 ] DEBUG FXGLAssetLoaderServi - Loading from file system: jar:file:/Users/kylefry/.m2/repository/com/github/almasb/fxgl/11.16/fxgl-11.16.jar!/fxglassets/ui/fonts/VarelaRound-Regular.ttf
10:42:28.939 [FXGL Background Thread 1 ] DEBUG FXGLApplication      - Loading default localization
10:42:28.940 [FXGL Background Thread 1 ] DEBUG FXGLAssetLoaderServi - Loading from file system: jar:file:/Users/kylefry/.m2/repository/com/github/almasb/fxgl/11.16/fxgl-11.16.jar!/fxglassets/languages/english.lang
10:42:28.960 [FXGL Background Thread 4 ] DEBUG FXGLAssetLoaderServi - Loading from file system: jar:file:/Users/kylefry/.m2/repository/com/github/almasb/fxgl/11.16/fxgl-11.16.jar!/fxglassets/ui/fonts/Abel-Regular.ttf
10:42:28.964 [FXGL Background Thread 4 ] DEBUG FXGLAssetLoaderServi - Loading from file system: jar:file:/Users/kylefry/.m2/repository/com/github/almasb/fxgl/11.16/fxgl-11.16.jar!/fxglassets/ui/fonts/lucida_console.ttf
10:42:28.969 [FXGL Background Thread 4 ] DEBUG FXGLAssetLoaderServi - Loading from file system: jar:file:/Users/kylefry/.m2/repository/com/github/almasb/fxgl/11.16/fxgl-11.16.jar!/fxglassets/ui/fonts/Courier-Prime.ttf
10:42:28.974 [JavaFX Application Thread] DEBUG FXGLApplication      - Registering font factories with UI factory
10:42:28.979 [FXGL Background Thread 1 ] INFO  FXGLApplication      - FXGL initialization took: 1.498 sec
10:42:28.980 [JavaFX Application Thread] DEBUG FXGLAssetLoaderServi - Loading from file system: jar:file:/Users/kylefry/.m2/repository/com/github/almasb/fxgl/11.16/fxgl-11.16.jar!/fxglassets/textures/fxgl_icon.png
10:42:28.998 [JavaFX Application Thread] DEBUG FXGLAssetLoaderServi - Loading from file system: jar:file:/Users/kylefry/.m2/repository/com/github/almasb/fxgl/11.16/fxgl-11.16.jar!/fxglassets/textures/fxgl_default_cursor.png
10:42:29.021 [JavaFX Application Thread] DEBUG Input                - Registered new binding: Screenshot - CTRL+8
10:42:29.022 [JavaFX Application Thread] DEBUG Input                - Registered new binding: System info dump - CTRL+9
10:42:29.023 [JavaFX Application Thread] DEBUG Input                - Registered new binding: Restart - CTRL+R
10:42:29.023 [JavaFX Application Thread] DEBUG Input                - Registered new binding: Toggle Debug Camera - CTRL+C
10:42:29.025 [JavaFX Application Thread] DEBUG LoopRunner           - Starting loop
10:42:29.026 [JavaFX Application Thread] DEBUG LoopRunner           - Initializing JavaFX AnimationTimerLoop
10:42:29.029 [JavaFX Application Thread] DEBUG Input                - Clearing active input actions
10:42:29.038 [JavaFX Application Thread] DEBUG GameApplicationServi - Removing overlay from FXGLStartupScene and adding to FXGLMainMenuDummyScene
10:42:29.038 [JavaFX Application Thread] DEBUG PrimaryStageWindow   - FXGLStartupScene -> FXGLMainMenuDummyScene
10:42:29.039 [JavaFX Application Thread] DEBUG PrimaryStageWindow   - Push state: AppMainMenu
10:42:29.039 [JavaFX Application Thread] DEBUG Input                - Clearing active input actions
10:42:29.047 [JavaFX Application Thread] DEBUG GameApplicationServi - Removing overlay from FXGLMainMenuDummyScene and adding to AppMainMenu
10:42:29.048 [JavaFX Application Thread] DEBUG PrimaryStageWindow   - FXGLMainMenuDummyScene -> AppMainMenu
10:42:30.367 [JavaFX Application Thread] DEBUG Menu                 - fireNewGame()
10:42:30.367 [JavaFX Application Thread] DEBUG GameApplicationServi - Starting new game
10:42:30.368 [JavaFX Application Thread] DEBUG PrimaryStageWindow   - Pop state: AppMainMenu
10:42:30.368 [JavaFX Application Thread] DEBUG Input                - Clearing active input actions
10:42:30.369 [JavaFX Application Thread] DEBUG GameApplicationServi - Removing overlay from AppMainMenu and adding to FXGLMainMenuDummyScene
10:42:30.369 [JavaFX Application Thread] DEBUG PrimaryStageWindow   - FXGLMainMenuDummyScene <- AppMainMenu
10:42:30.369 [JavaFX Application Thread] DEBUG Input                - Clearing active input actions
10:42:30.378 [JavaFX Application Thread] DEBUG GameApplicationServi - Removing overlay from FXGLMainMenuDummyScene and adding to FXGLLoadingScene
10:42:30.378 [JavaFX Application Thread] DEBUG PrimaryStageWindow   - FXGLMainMenuDummyScene -> FXGLLoadingScene
10:42:30.379 [JavaFX Application Thread] DEBUG GameApplicationServi - Clearing previous game
10:42:30.379 [JavaFX Application Thread] DEBUG GameScene            - Clearing game scene
10:42:30.379 [JavaFX Application Thread] DEBUG GameWorld            - Clearing game world
10:42:30.379 [JavaFX Application Thread] DEBUG PhysicsWorld         - Clearing physics world
10:42:30.381 [FXGL Background Thread 2 ] DEBUG FXGLApplication      - Initializing game
10:42:30.754 [FXGL Background Thread 2 ] DEBUG FXGLAssetLoaderServi - Loading from file system: file:/Users/kylefry/Desktop/RhythmKnight/Project/target/classes/assets/sounds/snare01.wav
10:42:30.786 [FXGL Background Thread 2 ] DEBUG FXGLAssetLoaderServi - Loading from file system: file:/Users/kylefry/Desktop/RhythmKnight/Project/target/classes/assets/textures/unvisited.png
10:42:30.788 [FXGL Background Thread 2 ] DEBUG FXGLAssetLoaderServi - Loading from file system: file:/Users/kylefry/Desktop/RhythmKnight/Project/target/classes/assets/textures/cutout.png
10:42:30.828 [FXGL Background Thread 2 ] DEBUG FXGLAssetLoaderServi - Loading from file system: file:/Users/kylefry/Desktop/RhythmKnight/Project/target/classes/assets/textures/TutorialTilemap.png
10:42:30.878 [FXGL Background Thread 2 ] INFO  FXGLApplication      - Game initialization took: 0.496 sec
10:42:30.879 [JavaFX Application Thread] DEBUG Input                - Clearing active input actions
10:42:30.885 [JavaFX Application Thread] DEBUG GameApplicationServi - Removing overlay from FXGLLoadingScene and adding to GameScene
10:42:30.886 [JavaFX Application Thread] DEBUG PrimaryStageWindow   - FXGLLoadingScene -> GameScene
10:42:31.940 [FXGL Background Thread 3 ] DEBUG Engine               - Logging environment variables
10:42:31.941 [FXGL Background Thread 3 ] DEBUG Engine               - achievements: []
10:42:31.942 [FXGL Background Thread 3 ] DEBUG Engine               - actualHeight: 801.0
10:42:31.942 [FXGL Background Thread 3 ] DEBUG Engine               - actualHeightProperty: ReadOnlyDoubleProperty [value: 801.0]
10:42:31.942 [FXGL Background Thread 3 ] DEBUG Engine               - actualWidth: 1400.0
10:42:31.943 [FXGL Background Thread 3 ] DEBUG Engine               - actualWidthProperty: ReadOnlyDoubleProperty [value: 1400.0]
10:42:31.943 [FXGL Background Thread 3 ] DEBUG Engine               - appIcon: fxgl_icon.png
10:42:31.943 [FXGL Background Thread 3 ] DEBUG Engine               - applicationMode: DEVELOPER
10:42:31.943 [FXGL Background Thread 3 ] DEBUG Engine               - cSSList: [fxgl_dark.css]
10:42:31.944 [FXGL Background Thread 3 ] DEBUG Engine               - collisionDetectionStrategy: BRUTE_FORCE
10:42:31.944 [FXGL Background Thread 3 ] DEBUG Engine               - configClass: Optional.empty
10:42:31.944 [FXGL Background Thread 3 ] DEBUG Engine               - credits: []
10:42:31.944 [FXGL Background Thread 3 ] DEBUG Engine               - defaultCursor: CursorInfo(imageName=fxgl_default_cursor.png, hotspotX=7.0, hotspotY=6.0)
10:42:31.945 [FXGL Background Thread 3 ] DEBUG Engine               - devBBoxColorProperty: ObjectProperty [value: 0xff0000ff]
10:42:31.945 [FXGL Background Thread 3 ] DEBUG Engine               - devEnableDebugCameraProperty: BooleanProperty [value: false]
10:42:31.946 [FXGL Background Thread 3 ] DEBUG Engine               - devSensorColorProperty: ObjectProperty [value: 0xffff00ff]
10:42:31.946 [FXGL Background Thread 3 ] DEBUG Engine               - devShowBBoxProperty: BooleanProperty [value: false]
10:42:31.946 [FXGL Background Thread 3 ] DEBUG Engine               - devShowPositionProperty: BooleanProperty [value: false]
10:42:31.946 [FXGL Background Thread 3 ] DEBUG Engine               - enabledMenuItems: []
10:42:31.947 [FXGL Background Thread 3 ] DEBUG Engine               - engineServices: [class com.almasb.fxgl.app.services.FXGLAssetLoaderService, class com.almasb.fxgl.app.FXGLApplication$GameApplicationService, class com.almasb.fxgl.app.services.FXGLDialogService, class com.almasb.fxgl.app.services.IOTaskExecutorService, class com.almasb.fxgl.io.FileSystemService, class com.almasb.fxgl.localization.LocalizationService, class com.almasb.fxgl.app.services.SystemBundleService, class com.almasb.fxgl.profile.SaveLoadService, class com.almasb.fxgl.ui.FXGLUIFactoryServiceProvider, class com.almasb.fxgl.ui.FXGLDialogFactoryServiceProvider, class com.almasb.fxgl.audio.AudioPlayer, class com.almasb.fxgl.notification.impl.NotificationServiceProvider, class com.almasb.fxgl.achievement.AchievementService, class com.almasb.fxgl.cutscene.CutsceneService, class com.almasb.fxgl.minigames.MiniGameService, class com.almasb.fxgl.net.NetService, class com.almasb.fxgl.app.services.UpdaterService, class com.almasb.fxgl.dev.DevService]
10:42:31.947 [FXGL Background Thread 3 ] DEBUG Engine               - fontGame: Abel-Regular.ttf
10:42:31.947 [FXGL Background Thread 3 ] DEBUG Engine               - fontMono: lucida_console.ttf
10:42:31.947 [FXGL Background Thread 3 ] DEBUG Engine               - fontText: Courier-Prime.ttf
10:42:31.947 [FXGL Background Thread 3 ] DEBUG Engine               - fontUI: VarelaRound-Regular.ttf
10:42:31.948 [FXGL Background Thread 3 ] DEBUG Engine               - fullScreen: BooleanProperty [value: false]
10:42:31.948 [FXGL Background Thread 3 ] DEBUG Engine               - gameDifficulty: MEDIUM
10:42:31.948 [FXGL Background Thread 3 ] DEBUG Engine               - gameDifficultyProperty: ObjectProperty [value: MEDIUM]
10:42:31.948 [FXGL Background Thread 3 ] DEBUG Engine               - globalMusicVolume: 0.5
10:42:31.949 [FXGL Background Thread 3 ] DEBUG Engine               - globalMusicVolumeProperty: DoubleProperty [value: 0.5]
10:42:31.949 [FXGL Background Thread 3 ] DEBUG Engine               - globalSoundVolume: 0.5
10:42:31.949 [FXGL Background Thread 3 ] DEBUG Engine               - globalSoundVolumeProperty: DoubleProperty [value: 0.5]
10:42:31.949 [FXGL Background Thread 3 ] DEBUG Engine               - height: 1080
10:42:31.949 [FXGL Background Thread 3 ] DEBUG Engine               - is3D: false
10:42:31.949 [FXGL Background Thread 3 ] DEBUG Engine               - isAndroid: false
10:42:31.950 [FXGL Background Thread 3 ] DEBUG Engine               - isBrowser: false
10:42:31.950 [FXGL Background Thread 3 ] DEBUG Engine               - isClickFeedbackEnabled: false
10:42:31.950 [FXGL Background Thread 3 ] DEBUG Engine               - isCloseConfirmation: false
10:42:31.950 [FXGL Background Thread 3 ] DEBUG Engine               - isDesktop: true
10:42:31.951 [FXGL Background Thread 3 ] DEBUG Engine               - isDeveloperMenuEnabled: false
10:42:31.951 [FXGL Background Thread 3 ] DEBUG Engine               - isEntityPreloadEnabled: true
10:42:31.951 [FXGL Background Thread 3 ] DEBUG Engine               - isExperimentalTiledLargeMap: false
10:42:31.951 [FXGL Background Thread 3 ] DEBUG Engine               - isFileSystemWriteAllowed: true
10:42:31.951 [FXGL Background Thread 3 ] DEBUG Engine               - isFullScreenAllowed: false
10:42:31.951 [FXGL Background Thread 3 ] DEBUG Engine               - isFullScreenFromStart: false
10:42:31.952 [FXGL Background Thread 3 ] DEBUG Engine               - isGameMenuEnabled: true
10:42:31.952 [FXGL Background Thread 3 ] DEBUG Engine               - isIOS: false
10:42:31.952 [FXGL Background Thread 3 ] DEBUG Engine               - isIntroEnabled: false
10:42:31.952 [FXGL Background Thread 3 ] DEBUG Engine               - isLinux: false
10:42:31.952 [FXGL Background Thread 3 ] DEBUG Engine               - isMac: true
10:42:31.952 [FXGL Background Thread 3 ] DEBUG Engine               - isMainMenuEnabled: true
10:42:31.953 [FXGL Background Thread 3 ] DEBUG Engine               - isManualResizeEnabled: false
10:42:31.953 [FXGL Background Thread 3 ] DEBUG Engine               - isMobile: false
10:42:31.954 [FXGL Background Thread 3 ] DEBUG Engine               - isNative: false
10:42:31.954 [FXGL Background Thread 3 ] DEBUG Engine               - isPreserveResizeRatio: false
10:42:31.954 [FXGL Background Thread 3 ] DEBUG Engine               - isProfilingEnabled: false
10:42:31.954 [FXGL Background Thread 3 ] DEBUG Engine               - isScaleAffectedOnResize: true
10:42:31.955 [FXGL Background Thread 3 ] DEBUG Engine               - isSingleStep: false
10:42:31.955 [FXGL Background Thread 3 ] DEBUG Engine               - isUserProfileEnabled: false
10:42:31.955 [FXGL Background Thread 3 ] DEBUG Engine               - isWindows: false
10:42:31.955 [FXGL Background Thread 3 ] DEBUG Engine               - language: ObjectProperty [value: ENGLISH]
10:42:31.955 [FXGL Background Thread 3 ] DEBUG Engine               - menuKey: ESCAPE
10:42:31.956 [FXGL Background Thread 3 ] DEBUG Engine               - mouseSensitivity: 0.2
10:42:31.956 [FXGL Background Thread 3 ] DEBUG Engine               - notificationViewClass: class com.almasb.fxgl.notification.view.XboxNotificationView
10:42:31.956 [FXGL Background Thread 3 ] DEBUG Engine               - pixelsPerMeter: 50.0
10:42:31.956 [FXGL Background Thread 3 ] DEBUG Engine               - platform: MAC
10:42:31.956 [FXGL Background Thread 3 ] DEBUG Engine               - prefHeightProperty: ReadOnlyDoubleProperty [value: 1080.0]
10:42:31.956 [FXGL Background Thread 3 ] DEBUG Engine               - prefWidthProperty: ReadOnlyDoubleProperty [value: 1920.0]
10:42:31.956 [FXGL Background Thread 3 ] DEBUG Engine               - profileDir: profiles/
10:42:31.957 [FXGL Background Thread 3 ] DEBUG Engine               - profileName: StringProperty [value: DEFAULT]
10:42:31.957 [FXGL Background Thread 3 ] DEBUG Engine               - randomSeed: -1
10:42:31.957 [FXGL Background Thread 3 ] DEBUG Engine               - runtimeInfo: RuntimeInfo(platform=MAC, version=11.16, build=25.05.2021 08.16)
10:42:31.957 [FXGL Background Thread 3 ] DEBUG Engine               - saveFileExt: sav
10:42:31.957 [FXGL Background Thread 3 ] DEBUG Engine               - scaledHeightProp$fxgl: DoubleProperty [bound, value: 801.0]
10:42:31.957 [FXGL Background Thread 3 ] DEBUG Engine               - scaledWidthProp$fxgl: DoubleProperty [bound, value: 1400.0]
10:42:31.957 [FXGL Background Thread 3 ] DEBUG Engine               - sceneFactory: GameApp$1@1ac4fda
10:42:31.957 [FXGL Background Thread 3 ] DEBUG Engine               - secondsIn24h: 60
10:42:31.958 [FXGL Background Thread 3 ] DEBUG Engine               - soundMenuBack: menu/back.wav
10:42:31.959 [FXGL Background Thread 3 ] DEBUG Engine               - soundMenuPress: menu/press.wav
10:42:31.959 [FXGL Background Thread 3 ] DEBUG Engine               - soundMenuSelect: menu/select.wav
10:42:31.959 [FXGL Background Thread 3 ] DEBUG Engine               - soundNotification: core/notification.wav
10:42:31.959 [FXGL Background Thread 3 ] DEBUG Engine               - stageStyle: DECORATED
10:42:31.959 [FXGL Background Thread 3 ] DEBUG Engine               - supportedLanguages: [ENGLISH, FRENCH, GERMAN, HUNGARIAN, RUSSIAN]
10:42:31.960 [FXGL Background Thread 3 ] DEBUG Engine               - ticksPerSecond: -1
10:42:31.960 [FXGL Background Thread 3 ] DEBUG Engine               - title: Rhythm Knight
10:42:31.960 [FXGL Background Thread 3 ] DEBUG Engine               - urlGithub: https://github.com/AlmasB/FXGL
10:42:31.960 [FXGL Background Thread 3 ] DEBUG Engine               - urlLeaderboard: http://fxgl-top.herokuapp.com/
10:42:31.960 [FXGL Background Thread 3 ] DEBUG Engine               - urlPOM: https://raw.githubusercontent.com/AlmasB/FXGL/release/README.md
10:42:31.960 [FXGL Background Thread 3 ] DEBUG Engine               - userAppClass: class GameApp
10:42:31.960 [FXGL Background Thread 3 ] DEBUG Engine               - version: Pre-Alpha 1
10:42:31.960 [FXGL Background Thread 3 ] DEBUG Engine               - versionCheckDays: 7
10:42:31.960 [FXGL Background Thread 3 ] DEBUG Engine               - width: 1920
10:42:31.961 [FXGL Background Thread 3 ] DEBUG Engine               - Logging services
10:42:31.961 [FXGL Background Thread 3 ] DEBUG Engine               - class com.almasb.fxgl.app.services.FXGLAssetLoaderService
10:42:31.961 [FXGL Background Thread 3 ] DEBUG Engine               - class com.almasb.fxgl.app.FXGLApplication$GameApplicationService
10:42:31.961 [FXGL Background Thread 3 ] DEBUG Engine               - class com.almasb.fxgl.app.services.FXGLDialogService
10:42:31.961 [FXGL Background Thread 3 ] DEBUG Engine               - class com.almasb.fxgl.app.services.IOTaskExecutorService
10:42:31.961 [FXGL Background Thread 3 ] DEBUG Engine               - class com.almasb.fxgl.io.FileSystemService
10:42:31.961 [FXGL Background Thread 3 ] DEBUG Engine               - class com.almasb.fxgl.localization.LocalizationService
10:42:31.961 [FXGL Background Thread 3 ] DEBUG Engine               - class com.almasb.fxgl.app.services.SystemBundleService
10:42:31.962 [FXGL Background Thread 3 ] DEBUG Engine               - class com.almasb.fxgl.profile.SaveLoadService
10:42:31.962 [FXGL Background Thread 3 ] DEBUG Engine               - class com.almasb.fxgl.ui.FXGLUIFactoryServiceProvider
10:42:31.962 [FXGL Background Thread 3 ] DEBUG Engine               - class com.almasb.fxgl.ui.FXGLDialogFactoryServiceProvider
10:42:31.962 [FXGL Background Thread 3 ] DEBUG Engine               - class com.almasb.fxgl.audio.AudioPlayer
10:42:31.962 [FXGL Background Thread 3 ] DEBUG Engine               - class com.almasb.fxgl.notification.impl.NotificationServiceProvider
10:42:31.962 [FXGL Background Thread 3 ] DEBUG Engine               - class com.almasb.fxgl.achievement.AchievementService
10:42:31.962 [FXGL Background Thread 3 ] DEBUG Engine               - class com.almasb.fxgl.cutscene.CutsceneService
10:42:31.962 [FXGL Background Thread 3 ] DEBUG Engine               - class com.almasb.fxgl.minigames.MiniGameService
10:42:31.962 [FXGL Background Thread 3 ] DEBUG Engine               - class com.almasb.fxgl.net.NetService
10:42:31.962 [FXGL Background Thread 3 ] DEBUG Engine               - class com.almasb.fxgl.app.services.UpdaterService
10:42:31.963 [FXGL Background Thread 3 ] DEBUG Engine               - class com.almasb.fxgl.dev.DevService
10:42:34.148 [JavaFX Application Thread] DEBUG FXGLApplication      - Exiting FXGL
10:42:34.148 [JavaFX Application Thread] DEBUG LoopRunner           - Stopping loop
10:42:34.148 [JavaFX Application Thread] DEBUG SystemBundleService  - Saving FXGL system data
10:42:34.152 [JavaFX Application Thread] DEBUG FileSystemAccess     - Writing to: /Users/kylefry/Desktop/RhythmKnight/Project/system/fxgl.bundle
10:42:34.153 [JavaFX Application Thread] DEBUG Async                - Shutting down background threads
10:42:34.154 [JavaFX Application Thread] DEBUG PrimaryStageWindow   - Closing main window
10:42:34.160 [JavaFX Application Thread] DEBUG Logger               - Closing Logger
