11:34:30.069 [main                     ] DEBUG Logger               - Configured Logger
11:34:30.105 [main                     ] DEBUG GameApplication      - Logging settings
Title: Rhythm Knight
Version: Pre-Alpha 1
Width: 1920
Height: 1080
Fullscreen: false
Intro: false
Profiling: false
Single step:false
App Mode: DEVELOPER
Menu Key: ESCAPE
Stage Style: DECORATED
Scene Factory: class GameApp$1

11:34:30.818 [JavaFX Application Thread] DEBUG FXGLApplication      - Initializing FXGL
11:34:30.821 [JavaFX Application Thread] INFO  Engine               - FXGL-11.16 (25.05.2021 08.16) on MAC (J:11.0.8 FX:16)
11:34:30.821 [JavaFX Application Thread] DEBUG Engine               - JRE Vendor Name: Oracle Corporation
11:34:30.821 [JavaFX Application Thread] DEBUG Engine               - Running on OS: Mac OS X version 10.16
11:34:30.821 [JavaFX Application Thread] DEBUG Engine               - Architecture: x86_64
11:34:30.822 [JavaFX Application Thread] INFO  Engine               - Source code and latest versions at: https://github.com/AlmasB/FXGL
11:34:30.822 [JavaFX Application Thread] INFO  Engine               -              Join the FXGL chat at: https://gitter.im/AlmasB/FXGL
11:34:31.003 [JavaFX Application Thread] DEBUG PrimaryStageWindow   - Creating a JavaFX scene
11:34:31.004 [JavaFX Application Thread] DEBUG PrimaryStageWindow   - Target size > screen size
11:34:31.152 [JavaFX Application Thread] DEBUG PrimaryStageWindow   - Target settings size: 1920.0 x 1080.0
11:34:31.152 [JavaFX Application Thread] DEBUG PrimaryStageWindow   - Scaled scene size:    1400.0 x 801.0
11:34:31.152 [JavaFX Application Thread] DEBUG PrimaryStageWindow   - Scaled ratio: (0.7291666666666666, 0.7416666666666667)
11:34:31.153 [JavaFX Application Thread] DEBUG PrimaryStageWindow   - Set initial scene to FXGLStartupScene
11:34:31.162 [JavaFX Application Thread] DEBUG PrimaryStageWindow   - Opening main window
11:34:31.531 [JavaFX Application Thread] DEBUG PrimaryStageWindow   - Window border size: (0.0, 28.0)
11:34:31.531 [JavaFX Application Thread] DEBUG PrimaryStageWindow   - Scaled size: 1400.0 x 801.0
11:34:31.531 [JavaFX Application Thread] DEBUG PrimaryStageWindow   - Scaled ratio: (0.7291666666666666, 0.7416666666666667)
11:34:31.532 [JavaFX Application Thread] DEBUG PrimaryStageWindow   - Scene size: 1400.0 x 801.0
11:34:31.532 [JavaFX Application Thread] DEBUG PrimaryStageWindow   - Stage size: 1400.0 x 829.0
11:34:31.540 [FXGL Background Thread 1 ] DEBUG Engine               - Initializing environment variables
11:34:31.605 [FXGL Background Thread 1 ] DEBUG FXGLAssetLoaderServi - User app class for loading assets: class GameApp
11:34:31.606 [FXGL Background Thread 1 ] DEBUG GameApplicationServi - Applying CSS: fxgl_dark.css
11:34:31.607 [FXGL Background Thread 1 ] DEBUG FXGLAssetLoaderServi - Loading from file system: jar:file:/Users/kylefry/.m2/repository/com/github/almasb/fxgl/11.16/fxgl-11.16.jar!/fxglassets/ui/css/fxgl_dark.css
11:34:31.678 [FXGL Background Thread 1 ] DEBUG GameApplicationServi - Initializing application scenes
11:34:32.214 [FXGL Background Thread 1 ] DEBUG GameWorld            - Game world initialized
11:34:32.282 [FXGL Background Thread 1 ] DEBUG PhysicsWorld         - Physics world initialized: appHeight=1080, physics.ppm=50.0
11:34:32.283 [FXGL Background Thread 1 ] DEBUG PhysicsWorld         - Using strategy: BRUTE_FORCE
11:34:32.285 [FXGL Background Thread 1 ] DEBUG GameScene            - Game scene initialized: 1920x1080
11:34:32.292 [FXGL Background Thread 1 ] DEBUG FXGLAssetLoaderServi - Loading from file system: file:/Users/kylefry/Desktop/RhythmKnight/Project/target/classes/assets/textures/logo-with-menu.png
11:34:32.462 [FXGL Background Thread 1 ] DEBUG FXGLAssetLoaderServi - Loading from file system: file:/Users/kylefry/Desktop/RhythmKnight/Project/target/classes/assets/textures/rest.png
11:34:32.482 [FXGL Background Thread 1 ] DEBUG FXGL.DefaultMenu     - createMenuBodyGameMenu()
11:34:32.494 [FXGL Background Thread 1 ] DEBUG FXGL.DefaultMenu     - createOptionsMenu()
11:34:32.502 [FXGL Background Thread 1 ] DEBUG FXGLAssetLoaderServi - Loading from file system: jar:file:/Users/kylefry/.m2/repository/com/github/almasb/fxgl/11.16/fxgl-11.16.jar!/fxglassets/textures/particles/smoke.png
11:34:32.605 [FXGL Background Thread 1 ] DEBUG FXGLAssetLoaderServi - Loading from file system: jar:file:/Users/kylefry/.m2/repository/com/github/almasb/fxgl/11.16/fxgl-11.16.jar!/fxglassets/textures/particles/trace_horizontal.png
11:34:32.634 [FXGL Background Thread 1 ] DEBUG GameApplicationServi - Application scenes initialized
11:34:32.648 [FXGL Background Thread 1 ] DEBUG SystemBundleService  - Loading FXGL system data
11:34:32.652 [FXGL Background Thread 1 ] DEBUG FileSystemAccess     - Reading from: /Users/kylefry/Desktop/RhythmKnight/Project/system/fxgl.bundle
11:34:32.658 [FXGL Background Thread 1 ] DEBUG SystemBundleService  - Bundle FXGL: {}
11:34:32.658 [FXGL Background Thread 1 ] DEBUG UpdaterService       - Checking for updates
11:34:32.663 [FXGL Background Thread 4 ] DEBUG FXGLApplication      - Loading fonts
11:34:32.664 [FXGL Background Thread 1 ] DEBUG FXGLApplication      - Loading default localization
11:34:32.664 [FXGL Background Thread 4 ] DEBUG FXGLAssetLoaderServi - Loading from file system: jar:file:/Users/kylefry/.m2/repository/com/github/almasb/fxgl/11.16/fxgl-11.16.jar!/fxglassets/ui/fonts/VarelaRound-Regular.ttf
11:34:32.665 [FXGL Background Thread 1 ] DEBUG FXGLAssetLoaderServi - Loading from file system: jar:file:/Users/kylefry/.m2/repository/com/github/almasb/fxgl/11.16/fxgl-11.16.jar!/fxglassets/languages/english.lang
11:34:32.694 [FXGL Background Thread 1 ] INFO  FXGLApplication      - FXGL initialization took: 1.153 sec
11:34:32.695 [JavaFX Application Thread] DEBUG FXGLAssetLoaderServi - Loading from file system: jar:file:/Users/kylefry/.m2/repository/com/github/almasb/fxgl/11.16/fxgl-11.16.jar!/fxglassets/textures/fxgl_icon.png
11:34:32.715 [FXGL Background Thread 4 ] DEBUG FXGLAssetLoaderServi - Loading from file system: jar:file:/Users/kylefry/.m2/repository/com/github/almasb/fxgl/11.16/fxgl-11.16.jar!/fxglassets/ui/fonts/Abel-Regular.ttf
11:34:32.720 [FXGL Background Thread 4 ] DEBUG FXGLAssetLoaderServi - Loading from file system: jar:file:/Users/kylefry/.m2/repository/com/github/almasb/fxgl/11.16/fxgl-11.16.jar!/fxglassets/ui/fonts/lucida_console.ttf
11:34:32.727 [JavaFX Application Thread] DEBUG FXGLAssetLoaderServi - Loading from file system: jar:file:/Users/kylefry/.m2/repository/com/github/almasb/fxgl/11.16/fxgl-11.16.jar!/fxglassets/textures/fxgl_default_cursor.png
11:34:32.728 [FXGL Background Thread 4 ] DEBUG FXGLAssetLoaderServi - Loading from file system: jar:file:/Users/kylefry/.m2/repository/com/github/almasb/fxgl/11.16/fxgl-11.16.jar!/fxglassets/ui/fonts/Courier-Prime.ttf
11:34:32.756 [JavaFX Application Thread] DEBUG Input                - Registered new binding: Screenshot - CTRL+8
11:34:32.756 [JavaFX Application Thread] DEBUG Input                - Registered new binding: System info dump - CTRL+9
11:34:32.757 [JavaFX Application Thread] DEBUG Input                - Registered new binding: Restart - CTRL+R
11:34:32.757 [JavaFX Application Thread] DEBUG Input                - Registered new binding: Toggle Debug Camera - CTRL+C
11:34:32.760 [JavaFX Application Thread] DEBUG LoopRunner           - Starting loop
11:34:32.760 [JavaFX Application Thread] DEBUG LoopRunner           - Initializing JavaFX AnimationTimerLoop
11:34:32.763 [JavaFX Application Thread] DEBUG Input                - Clearing active input actions
11:34:32.773 [JavaFX Application Thread] DEBUG GameApplicationServi - Removing overlay from FXGLStartupScene and adding to FXGLMainMenuDummyScene
11:34:32.773 [JavaFX Application Thread] DEBUG PrimaryStageWindow   - FXGLStartupScene -> FXGLMainMenuDummyScene
11:34:32.773 [JavaFX Application Thread] DEBUG PrimaryStageWindow   - Push state: AppMainMenu
11:34:32.773 [JavaFX Application Thread] DEBUG Input                - Clearing active input actions
11:34:32.787 [JavaFX Application Thread] DEBUG GameApplicationServi - Removing overlay from FXGLMainMenuDummyScene and adding to AppMainMenu
11:34:32.788 [JavaFX Application Thread] DEBUG PrimaryStageWindow   - FXGLMainMenuDummyScene -> AppMainMenu
11:34:32.829 [JavaFX Application Thread] DEBUG FXGLApplication      - Registering font factories with UI factory
11:34:33.948 [JavaFX Application Thread] DEBUG Menu                 - fireNewGame()
11:34:33.948 [JavaFX Application Thread] DEBUG GameApplicationServi - Starting new game
11:34:33.948 [JavaFX Application Thread] DEBUG PrimaryStageWindow   - Pop state: AppMainMenu
11:34:33.948 [JavaFX Application Thread] DEBUG Input                - Clearing active input actions
11:34:33.949 [JavaFX Application Thread] DEBUG GameApplicationServi - Removing overlay from AppMainMenu and adding to FXGLMainMenuDummyScene
11:34:33.950 [JavaFX Application Thread] DEBUG PrimaryStageWindow   - FXGLMainMenuDummyScene <- AppMainMenu
11:34:33.950 [JavaFX Application Thread] DEBUG Input                - Clearing active input actions
11:34:33.956 [JavaFX Application Thread] DEBUG GameApplicationServi - Removing overlay from FXGLMainMenuDummyScene and adding to FXGLLoadingScene
11:34:33.956 [JavaFX Application Thread] DEBUG PrimaryStageWindow   - FXGLMainMenuDummyScene -> FXGLLoadingScene
11:34:33.956 [JavaFX Application Thread] DEBUG GameApplicationServi - Clearing previous game
11:34:33.957 [JavaFX Application Thread] DEBUG GameScene            - Clearing game scene
11:34:33.957 [JavaFX Application Thread] DEBUG GameWorld            - Clearing game world
11:34:33.957 [JavaFX Application Thread] DEBUG PhysicsWorld         - Clearing physics world
11:34:33.958 [FXGL Background Thread 2 ] DEBUG FXGLApplication      - Initializing game
11:34:34.376 [FXGL Background Thread 2 ] DEBUG FXGLAssetLoaderServi - Loading from file system: file:/Users/kylefry/Desktop/RhythmKnight/Project/target/classes/assets/textures/cutout.png
11:34:34.489 [FXGL Background Thread 2 ] DEBUG FXGLAssetLoaderServi - Loading from file system: file:/Users/kylefry/Desktop/RhythmKnight/Project/target/classes/assets/sounds/snare01.wav
11:34:34.650 [FXGL Background Thread 2 ] DEBUG FXGLAssetLoaderServi - Loading from file system: file:/Users/kylefry/Desktop/RhythmKnight/Project/target/classes/assets/textures/unvisited.png
11:34:34.656 [FXGL Background Thread 2 ] DEBUG FXGLAssetLoaderServi - Loading from file system: file:/Users/kylefry/Desktop/RhythmKnight/Project/target/classes/assets/textures/TutorialTilemap.png
11:34:34.727 [FXGL Background Thread 2 ] INFO  FXGLApplication      - Game initialization took: 0.769 sec
11:34:34.912 [JavaFX Application Thread] DEBUG Input                - Clearing active input actions
11:34:34.922 [JavaFX Application Thread] DEBUG GameApplicationServi - Removing overlay from FXGLLoadingScene and adding to GameScene
11:34:34.922 [JavaFX Application Thread] DEBUG PrimaryStageWindow   - FXGLLoadingScene -> GameScene
11:34:34.929 [JavaFX Application Thread] DEBUG LoopRunner           - Stopping loop
11:34:34.931 [JavaFX Application Thread] FATAL FXGLApplication      - Uncaught Exception:
java.lang.ArrayIndexOutOfBoundsException: Index 1 out of bounds for length 1
	at Conductor.lambda$startAndKeepRhythm$1(Conductor.java:54)
	at com.almasb.fxgl.time.TimerAction.update(TimerAction.kt:69)
	at com.almasb.fxgl.time.Timer.update(Timer.kt:38)
	at com.almasb.fxgl.scene.Scene.update(Scene.kt:104)
	at com.almasb.fxgl.app.MainWindow$update$1.invoke(MainWindow.kt:110)
	at com.almasb.fxgl.app.MainWindow$update$1.invoke(MainWindow.kt:42)
	at com.almasb.fxgl.core.fsm.StateMachine.runOnActiveStates(StateMachine.kt:69)
	at com.almasb.fxgl.app.MainWindow.update(MainWindow.kt:110)
	at com.almasb.fxgl.app.FXGLApplication$GameApplicationService.onUpdate(FXGLApplication.kt:426)
	at com.almasb.fxgl.app.Engine.loop(Engine.kt:133)
	at com.almasb.fxgl.app.Engine.access$loop(Engine.kt:24)
	at com.almasb.fxgl.app.Engine$loop$1.invoke(Engine.kt:28)
	at com.almasb.fxgl.app.Engine$loop$1.invoke(Engine.kt:24)
	at com.almasb.fxgl.app.LoopRunner.frame(LoopRunner.kt:103)
	at com.almasb.fxgl.app.LoopRunner.access$frame(LoopRunner.kt:23)
	at com.almasb.fxgl.app.LoopRunner$impl$2$1.onTick(LoopRunner.kt:57)
	at com.almasb.fxgl.app.AnimationTimerLoop$timer$1.handle(LoopRunner.kt:137)
	at javafx.animation.AnimationTimer$AnimationTimerReceiver.lambda$handle$0(AnimationTimer.java:57)
	at java.base/java.security.AccessController.doPrivileged(Native Method)
	at javafx.animation.AnimationTimer$AnimationTimerReceiver.handle(AnimationTimer.java:56)
	at com.sun.scenario.animation.AbstractPrimaryTimer.timePulseImpl(AbstractPrimaryTimer.java:356)
	at com.sun.scenario.animation.AbstractPrimaryTimer$MainLoop.run(AbstractPrimaryTimer.java:266)
	at com.sun.javafx.tk.quantum.QuantumToolkit.pulse(QuantumToolkit.java:559)
	at com.sun.javafx.tk.quantum.QuantumToolkit.pulse(QuantumToolkit.java:543)
	at com.sun.javafx.tk.quantum.QuantumToolkit.pulseFromQueue(QuantumToolkit.java:536)
	at com.sun.javafx.tk.quantum.QuantumToolkit.lambda$runToolkit$11(QuantumToolkit.java:342)
	at com.sun.glass.ui.InvokeLaterDispatcher$Future.run(InvokeLaterDispatcher.java:96)

11:34:34.931 [JavaFX Application Thread] FATAL FXGLApplication      - Application will now exit
11:34:34.960 [JavaFX Application Thread] DEBUG PrimaryStageWindow   - Push state: ErrorSubScene
11:34:34.961 [JavaFX Application Thread] DEBUG Input                - Clearing active input actions
11:34:34.964 [JavaFX Application Thread] DEBUG GameApplicationServi - Removing overlay from GameScene and adding to ErrorSubScene
11:34:34.964 [JavaFX Application Thread] DEBUG PrimaryStageWindow   - GameScene -> ErrorSubScene
11:34:35.662 [FXGL Background Thread 3 ] DEBUG Engine               - Logging environment variables
11:34:35.664 [FXGL Background Thread 3 ] DEBUG Engine               - achievements: []
11:34:35.664 [FXGL Background Thread 3 ] DEBUG Engine               - actualHeight: 801.0
11:34:35.664 [FXGL Background Thread 3 ] DEBUG Engine               - actualHeightProperty: ReadOnlyDoubleProperty [value: 801.0]
11:34:35.664 [FXGL Background Thread 3 ] DEBUG Engine               - actualWidth: 1400.0
11:34:35.665 [FXGL Background Thread 3 ] DEBUG Engine               - actualWidthProperty: ReadOnlyDoubleProperty [value: 1400.0]
11:34:35.665 [FXGL Background Thread 3 ] DEBUG Engine               - appIcon: fxgl_icon.png
11:34:35.665 [FXGL Background Thread 3 ] DEBUG Engine               - applicationMode: DEVELOPER
11:34:35.665 [FXGL Background Thread 3 ] DEBUG Engine               - cSSList: [fxgl_dark.css]
11:34:35.665 [FXGL Background Thread 3 ] DEBUG Engine               - collisionDetectionStrategy: BRUTE_FORCE
11:34:35.666 [FXGL Background Thread 3 ] DEBUG Engine               - configClass: Optional.empty
11:34:35.666 [FXGL Background Thread 3 ] DEBUG Engine               - credits: []
11:34:35.666 [FXGL Background Thread 3 ] DEBUG Engine               - defaultCursor: CursorInfo(imageName=fxgl_default_cursor.png, hotspotX=7.0, hotspotY=6.0)
11:34:35.666 [FXGL Background Thread 3 ] DEBUG Engine               - devBBoxColorProperty: ObjectProperty [value: 0xff0000ff]
11:34:35.667 [FXGL Background Thread 3 ] DEBUG Engine               - devEnableDebugCameraProperty: BooleanProperty [value: false]
11:34:35.667 [FXGL Background Thread 3 ] DEBUG Engine               - devSensorColorProperty: ObjectProperty [value: 0xffff00ff]
11:34:35.667 [FXGL Background Thread 3 ] DEBUG Engine               - devShowBBoxProperty: BooleanProperty [value: false]
11:34:35.667 [FXGL Background Thread 3 ] DEBUG Engine               - devShowPositionProperty: BooleanProperty [value: false]
11:34:35.667 [FXGL Background Thread 3 ] DEBUG Engine               - enabledMenuItems: []
11:34:35.667 [FXGL Background Thread 3 ] DEBUG Engine               - engineServices: [class com.almasb.fxgl.app.services.FXGLAssetLoaderService, class com.almasb.fxgl.app.FXGLApplication$GameApplicationService, class com.almasb.fxgl.app.services.FXGLDialogService, class com.almasb.fxgl.app.services.IOTaskExecutorService, class com.almasb.fxgl.io.FileSystemService, class com.almasb.fxgl.localization.LocalizationService, class com.almasb.fxgl.app.services.SystemBundleService, class com.almasb.fxgl.profile.SaveLoadService, class com.almasb.fxgl.ui.FXGLUIFactoryServiceProvider, class com.almasb.fxgl.ui.FXGLDialogFactoryServiceProvider, class com.almasb.fxgl.audio.AudioPlayer, class com.almasb.fxgl.notification.impl.NotificationServiceProvider, class com.almasb.fxgl.achievement.AchievementService, class com.almasb.fxgl.cutscene.CutsceneService, class com.almasb.fxgl.minigames.MiniGameService, class com.almasb.fxgl.net.NetService, class com.almasb.fxgl.app.services.UpdaterService, class com.almasb.fxgl.dev.DevService]
11:34:35.667 [FXGL Background Thread 3 ] DEBUG Engine               - fontGame: Abel-Regular.ttf
11:34:35.668 [FXGL Background Thread 3 ] DEBUG Engine               - fontMono: lucida_console.ttf
11:34:35.668 [FXGL Background Thread 3 ] DEBUG Engine               - fontText: Courier-Prime.ttf
11:34:35.668 [FXGL Background Thread 3 ] DEBUG Engine               - fontUI: VarelaRound-Regular.ttf
11:34:35.668 [FXGL Background Thread 3 ] DEBUG Engine               - fullScreen: BooleanProperty [value: false]
11:34:35.668 [FXGL Background Thread 3 ] DEBUG Engine               - gameDifficulty: MEDIUM
11:34:35.668 [FXGL Background Thread 3 ] DEBUG Engine               - gameDifficultyProperty: ObjectProperty [value: MEDIUM]
11:34:35.668 [FXGL Background Thread 3 ] DEBUG Engine               - globalMusicVolume: 0.5
11:34:35.669 [FXGL Background Thread 3 ] DEBUG Engine               - globalMusicVolumeProperty: DoubleProperty [value: 0.5]
11:34:35.669 [FXGL Background Thread 3 ] DEBUG Engine               - globalSoundVolume: 0.5
11:34:35.669 [FXGL Background Thread 3 ] DEBUG Engine               - globalSoundVolumeProperty: DoubleProperty [value: 0.5]
11:34:35.669 [FXGL Background Thread 3 ] DEBUG Engine               - height: 1080
11:34:35.669 [FXGL Background Thread 3 ] DEBUG Engine               - is3D: false
11:34:35.669 [FXGL Background Thread 3 ] DEBUG Engine               - isAndroid: false
11:34:35.670 [FXGL Background Thread 3 ] DEBUG Engine               - isBrowser: false
11:34:35.670 [FXGL Background Thread 3 ] DEBUG Engine               - isClickFeedbackEnabled: false
11:34:35.670 [FXGL Background Thread 3 ] DEBUG Engine               - isCloseConfirmation: false
11:34:35.670 [FXGL Background Thread 3 ] DEBUG Engine               - isDesktop: true
11:34:35.670 [FXGL Background Thread 3 ] DEBUG Engine               - isDeveloperMenuEnabled: false
11:34:35.670 [FXGL Background Thread 3 ] DEBUG Engine               - isEntityPreloadEnabled: true
11:34:35.670 [FXGL Background Thread 3 ] DEBUG Engine               - isExperimentalTiledLargeMap: false
11:34:35.671 [FXGL Background Thread 3 ] DEBUG Engine               - isFileSystemWriteAllowed: true
11:34:35.671 [FXGL Background Thread 3 ] DEBUG Engine               - isFullScreenAllowed: false
11:34:35.671 [FXGL Background Thread 3 ] DEBUG Engine               - isFullScreenFromStart: false
11:34:35.671 [FXGL Background Thread 3 ] DEBUG Engine               - isGameMenuEnabled: true
11:34:35.671 [FXGL Background Thread 3 ] DEBUG Engine               - isIOS: false
11:34:35.671 [FXGL Background Thread 3 ] DEBUG Engine               - isIntroEnabled: false
11:34:35.671 [FXGL Background Thread 3 ] DEBUG Engine               - isLinux: false
11:34:35.671 [FXGL Background Thread 3 ] DEBUG Engine               - isMac: true
11:34:35.672 [FXGL Background Thread 3 ] DEBUG Engine               - isMainMenuEnabled: true
11:34:35.672 [FXGL Background Thread 3 ] DEBUG Engine               - isManualResizeEnabled: false
11:34:35.672 [FXGL Background Thread 3 ] DEBUG Engine               - isMobile: false
11:34:35.672 [FXGL Background Thread 3 ] DEBUG Engine               - isNative: false
11:34:35.672 [FXGL Background Thread 3 ] DEBUG Engine               - isPreserveResizeRatio: false
11:34:35.672 [FXGL Background Thread 3 ] DEBUG Engine               - isProfilingEnabled: false
11:34:35.672 [FXGL Background Thread 3 ] DEBUG Engine               - isScaleAffectedOnResize: true
11:34:35.673 [FXGL Background Thread 3 ] DEBUG Engine               - isSingleStep: false
11:34:35.673 [FXGL Background Thread 3 ] DEBUG Engine               - isUserProfileEnabled: false
11:34:35.673 [FXGL Background Thread 3 ] DEBUG Engine               - isWindows: false
11:34:35.673 [FXGL Background Thread 3 ] DEBUG Engine               - language: ObjectProperty [value: ENGLISH]
11:34:35.673 [FXGL Background Thread 3 ] DEBUG Engine               - menuKey: ESCAPE
11:34:35.673 [FXGL Background Thread 3 ] DEBUG Engine               - mouseSensitivity: 0.2
11:34:35.673 [FXGL Background Thread 3 ] DEBUG Engine               - notificationViewClass: class com.almasb.fxgl.notification.view.XboxNotificationView
11:34:35.673 [FXGL Background Thread 3 ] DEBUG Engine               - pixelsPerMeter: 50.0
11:34:35.673 [FXGL Background Thread 3 ] DEBUG Engine               - platform: MAC
11:34:35.674 [FXGL Background Thread 3 ] DEBUG Engine               - prefHeightProperty: ReadOnlyDoubleProperty [value: 1080.0]
11:34:35.674 [FXGL Background Thread 3 ] DEBUG Engine               - prefWidthProperty: ReadOnlyDoubleProperty [value: 1920.0]
11:34:35.674 [FXGL Background Thread 3 ] DEBUG Engine               - profileDir: profiles/
11:34:35.674 [FXGL Background Thread 3 ] DEBUG Engine               - profileName: StringProperty [value: DEFAULT]
11:34:35.674 [FXGL Background Thread 3 ] DEBUG Engine               - randomSeed: -1
11:34:35.674 [FXGL Background Thread 3 ] DEBUG Engine               - runtimeInfo: RuntimeInfo(platform=MAC, version=11.16, build=25.05.2021 08.16)
11:34:35.674 [FXGL Background Thread 3 ] DEBUG Engine               - saveFileExt: sav
11:34:35.675 [FXGL Background Thread 3 ] DEBUG Engine               - scaledHeightProp$fxgl: DoubleProperty [bound, value: 801.0]
11:34:35.675 [FXGL Background Thread 3 ] DEBUG Engine               - scaledWidthProp$fxgl: DoubleProperty [bound, value: 1400.0]
11:34:35.675 [FXGL Background Thread 3 ] DEBUG Engine               - sceneFactory: GameApp$1@38f63940
11:34:35.675 [FXGL Background Thread 3 ] DEBUG Engine               - secondsIn24h: 60
11:34:35.675 [FXGL Background Thread 3 ] DEBUG Engine               - soundMenuBack: menu/back.wav
11:34:35.675 [FXGL Background Thread 3 ] DEBUG Engine               - soundMenuPress: menu/press.wav
11:34:35.675 [FXGL Background Thread 3 ] DEBUG Engine               - soundMenuSelect: menu/select.wav
11:34:35.675 [FXGL Background Thread 3 ] DEBUG Engine               - soundNotification: core/notification.wav
11:34:35.676 [FXGL Background Thread 3 ] DEBUG Engine               - stageStyle: DECORATED
11:34:35.676 [FXGL Background Thread 3 ] DEBUG Engine               - supportedLanguages: [ENGLISH, FRENCH, GERMAN, HUNGARIAN, RUSSIAN]
11:34:35.676 [FXGL Background Thread 3 ] DEBUG Engine               - ticksPerSecond: -1
11:34:35.676 [FXGL Background Thread 3 ] DEBUG Engine               - title: Rhythm Knight
11:34:35.676 [FXGL Background Thread 3 ] DEBUG Engine               - urlGithub: https://github.com/AlmasB/FXGL
11:34:35.676 [FXGL Background Thread 3 ] DEBUG Engine               - urlLeaderboard: http://fxgl-top.herokuapp.com/
11:34:35.677 [FXGL Background Thread 3 ] DEBUG Engine               - urlPOM: https://raw.githubusercontent.com/AlmasB/FXGL/release/README.md
11:34:35.677 [FXGL Background Thread 3 ] DEBUG Engine               - userAppClass: class GameApp
11:34:35.677 [FXGL Background Thread 3 ] DEBUG Engine               - version: Pre-Alpha 1
11:34:35.677 [FXGL Background Thread 3 ] DEBUG Engine               - versionCheckDays: 7
11:34:35.677 [FXGL Background Thread 3 ] DEBUG Engine               - width: 1920
11:34:35.677 [FXGL Background Thread 3 ] DEBUG Engine               - Logging services
11:34:35.677 [FXGL Background Thread 3 ] DEBUG Engine               - class com.almasb.fxgl.app.services.FXGLAssetLoaderService
11:34:35.677 [FXGL Background Thread 3 ] DEBUG Engine               - class com.almasb.fxgl.app.FXGLApplication$GameApplicationService
11:34:35.677 [FXGL Background Thread 3 ] DEBUG Engine               - class com.almasb.fxgl.app.services.FXGLDialogService
11:34:35.677 [FXGL Background Thread 3 ] DEBUG Engine               - class com.almasb.fxgl.app.services.IOTaskExecutorService
11:34:35.678 [FXGL Background Thread 3 ] DEBUG Engine               - class com.almasb.fxgl.io.FileSystemService
11:34:35.678 [FXGL Background Thread 3 ] DEBUG Engine               - class com.almasb.fxgl.localization.LocalizationService
11:34:35.678 [FXGL Background Thread 3 ] DEBUG Engine               - class com.almasb.fxgl.app.services.SystemBundleService
11:34:35.678 [FXGL Background Thread 3 ] DEBUG Engine               - class com.almasb.fxgl.profile.SaveLoadService
11:34:35.678 [FXGL Background Thread 3 ] DEBUG Engine               - class com.almasb.fxgl.ui.FXGLUIFactoryServiceProvider
11:34:35.678 [FXGL Background Thread 3 ] DEBUG Engine               - class com.almasb.fxgl.ui.FXGLDialogFactoryServiceProvider
11:34:35.678 [FXGL Background Thread 3 ] DEBUG Engine               - class com.almasb.fxgl.audio.AudioPlayer
11:34:35.678 [FXGL Background Thread 3 ] DEBUG Engine               - class com.almasb.fxgl.notification.impl.NotificationServiceProvider
11:34:35.678 [FXGL Background Thread 3 ] DEBUG Engine               - class com.almasb.fxgl.achievement.AchievementService
11:34:35.678 [FXGL Background Thread 3 ] DEBUG Engine               - class com.almasb.fxgl.cutscene.CutsceneService
11:34:35.678 [FXGL Background Thread 3 ] DEBUG Engine               - class com.almasb.fxgl.minigames.MiniGameService
11:34:35.679 [FXGL Background Thread 3 ] DEBUG Engine               - class com.almasb.fxgl.net.NetService
11:34:35.679 [FXGL Background Thread 3 ] DEBUG Engine               - class com.almasb.fxgl.app.services.UpdaterService
11:34:35.679 [FXGL Background Thread 3 ] DEBUG Engine               - class com.almasb.fxgl.dev.DevService
11:34:37.659 [JavaFX Application Thread] DEBUG FXGLApplication      - Exiting FXGL
11:34:37.659 [JavaFX Application Thread] DEBUG Async                - Shutting down background threads
11:34:37.659 [JavaFX Application Thread] DEBUG PrimaryStageWindow   - Closing main window
11:34:37.667 [JavaFX Application Thread] DEBUG Logger               - Closing Logger
