15:38:15.766 [main                     ] DEBUG Logger               - Configured Logger
15:38:15.793 [main                     ] DEBUG GameApplication      - Logging settings
Title: Rhythm Knight
Version: Pre-Alpha 1
Width: 1920
Height: 1080
Fullscreen: false
Intro: false
Profiling: false
Single step:false
App Mode: DEVELOPER
Menu Key: ESCAPE
Stage Style: DECORATED
Scene Factory: class GameApp$1

15:38:16.407 [JavaFX Application Thread] DEBUG FXGLApplication      - Initializing FXGL
15:38:16.410 [JavaFX Application Thread] INFO  Engine               - FXGL-11.16 (25.05.2021 08.16) on MAC (J:11.0.8 FX:16)
15:38:16.410 [JavaFX Application Thread] DEBUG Engine               - JRE Vendor Name: Oracle Corporation
15:38:16.410 [JavaFX Application Thread] DEBUG Engine               - Running on OS: Mac OS X version 10.16
15:38:16.411 [JavaFX Application Thread] DEBUG Engine               - Architecture: x86_64
15:38:16.411 [JavaFX Application Thread] INFO  Engine               - Source code and latest versions at: https://github.com/AlmasB/FXGL
15:38:16.412 [JavaFX Application Thread] INFO  Engine               -              Join the FXGL chat at: https://gitter.im/AlmasB/FXGL
15:38:16.708 [JavaFX Application Thread] DEBUG PrimaryStageWindow   - Creating a JavaFX scene
15:38:16.709 [JavaFX Application Thread] DEBUG PrimaryStageWindow   - Target size > screen size
15:38:16.800 [JavaFX Application Thread] DEBUG PrimaryStageWindow   - Target settings size: 1920.0 x 1080.0
15:38:16.801 [JavaFX Application Thread] DEBUG PrimaryStageWindow   - Scaled scene size:    1400.0 x 801.0
15:38:16.801 [JavaFX Application Thread] DEBUG PrimaryStageWindow   - Scaled ratio: (0.7291666666666666, 0.7416666666666667)
15:38:16.803 [JavaFX Application Thread] DEBUG PrimaryStageWindow   - Set initial scene to FXGLStartupScene
15:38:16.812 [JavaFX Application Thread] DEBUG PrimaryStageWindow   - Opening main window
15:38:17.131 [JavaFX Application Thread] DEBUG PrimaryStageWindow   - Window border size: (0.0, 28.0)
15:38:17.132 [JavaFX Application Thread] DEBUG PrimaryStageWindow   - Scaled size: 1400.0 x 801.0
15:38:17.132 [JavaFX Application Thread] DEBUG PrimaryStageWindow   - Scaled ratio: (0.7291666666666666, 0.7416666666666667)
15:38:17.132 [JavaFX Application Thread] DEBUG PrimaryStageWindow   - Scene size: 1400.0 x 801.0
15:38:17.132 [JavaFX Application Thread] DEBUG PrimaryStageWindow   - Stage size: 1400.0 x 829.0
15:38:17.140 [FXGL Background Thread 1 ] DEBUG Engine               - Initializing environment variables
15:38:17.210 [FXGL Background Thread 1 ] DEBUG FXGLAssetLoaderServi - User app class for loading assets: class GameApp
15:38:17.211 [FXGL Background Thread 1 ] DEBUG GameApplicationServi - Applying CSS: fxgl_dark.css
15:38:17.212 [FXGL Background Thread 1 ] DEBUG FXGLAssetLoaderServi - Loading from file system: jar:file:/Users/kylefry/.m2/repository/com/github/almasb/fxgl/11.16/fxgl-11.16.jar!/fxglassets/ui/css/fxgl_dark.css
15:38:17.307 [FXGL Background Thread 1 ] DEBUG GameApplicationServi - Initializing application scenes
15:38:17.739 [FXGL Background Thread 1 ] DEBUG GameWorld            - Game world initialized
15:38:17.822 [FXGL Background Thread 1 ] DEBUG PhysicsWorld         - Physics world initialized: appHeight=1080, physics.ppm=50.0
15:38:17.823 [FXGL Background Thread 1 ] DEBUG PhysicsWorld         - Using strategy: BRUTE_FORCE
15:38:17.826 [FXGL Background Thread 1 ] DEBUG GameScene            - Game scene initialized: 1920x1080
15:38:17.833 [FXGL Background Thread 1 ] DEBUG FXGLAssetLoaderServi - Loading from file system: file:/Users/kylefry/Desktop/RhythmKnight/Project/target/classes/assets/textures/logo-with-menu.png
15:38:17.966 [FXGL Background Thread 1 ] DEBUG FXGL.DefaultMenu     - createMenuBodyGameMenu()
15:38:17.975 [FXGL Background Thread 1 ] DEBUG FXGL.DefaultMenu     - createOptionsMenu()
15:38:17.979 [FXGL Background Thread 1 ] DEBUG FXGLAssetLoaderServi - Loading from file system: jar:file:/Users/kylefry/.m2/repository/com/github/almasb/fxgl/11.16/fxgl-11.16.jar!/fxglassets/textures/particles/smoke.png
15:38:18.061 [FXGL Background Thread 1 ] DEBUG FXGLAssetLoaderServi - Loading from file system: jar:file:/Users/kylefry/.m2/repository/com/github/almasb/fxgl/11.16/fxgl-11.16.jar!/fxglassets/textures/particles/trace_horizontal.png
15:38:18.079 [FXGL Background Thread 1 ] DEBUG GameApplicationServi - Application scenes initialized
15:38:18.087 [FXGL Background Thread 1 ] DEBUG SystemBundleService  - Loading FXGL system data
15:38:18.090 [FXGL Background Thread 1 ] DEBUG FileSystemAccess     - Reading from: /Users/kylefry/Desktop/RhythmKnight/Project/system/fxgl.bundle
15:38:18.096 [FXGL Background Thread 1 ] DEBUG SystemBundleService  - Bundle FXGL: {}
15:38:18.096 [FXGL Background Thread 1 ] DEBUG UpdaterService       - Checking for updates
15:38:18.101 [FXGL Background Thread 1 ] DEBUG FXGLApplication      - Loading default localization
15:38:18.101 [FXGL Background Thread 1 ] DEBUG FXGLAssetLoaderServi - Loading from file system: jar:file:/Users/kylefry/.m2/repository/com/github/almasb/fxgl/11.16/fxgl-11.16.jar!/fxglassets/languages/english.lang
15:38:18.100 [FXGL Background Thread 4 ] DEBUG FXGLApplication      - Loading fonts
15:38:18.102 [FXGL Background Thread 4 ] DEBUG FXGLAssetLoaderServi - Loading from file system: jar:file:/Users/kylefry/.m2/repository/com/github/almasb/fxgl/11.16/fxgl-11.16.jar!/fxglassets/ui/fonts/VarelaRound-Regular.ttf
15:38:18.121 [FXGL Background Thread 1 ] INFO  FXGLApplication      - FXGL initialization took: 0.981 sec
15:38:18.124 [JavaFX Application Thread] DEBUG FXGLAssetLoaderServi - Loading from file system: jar:file:/Users/kylefry/.m2/repository/com/github/almasb/fxgl/11.16/fxgl-11.16.jar!/fxglassets/textures/fxgl_icon.png
15:38:18.125 [FXGL Background Thread 4 ] DEBUG FXGLAssetLoaderServi - Loading from file system: jar:file:/Users/kylefry/.m2/repository/com/github/almasb/fxgl/11.16/fxgl-11.16.jar!/fxglassets/ui/fonts/Abel-Regular.ttf
15:38:18.129 [FXGL Background Thread 4 ] DEBUG FXGLAssetLoaderServi - Loading from file system: jar:file:/Users/kylefry/.m2/repository/com/github/almasb/fxgl/11.16/fxgl-11.16.jar!/fxglassets/ui/fonts/lucida_console.ttf
15:38:18.133 [FXGL Background Thread 4 ] DEBUG FXGLAssetLoaderServi - Loading from file system: jar:file:/Users/kylefry/.m2/repository/com/github/almasb/fxgl/11.16/fxgl-11.16.jar!/fxglassets/ui/fonts/Courier-Prime.ttf
15:38:18.159 [JavaFX Application Thread] DEBUG FXGLAssetLoaderServi - Loading from file system: jar:file:/Users/kylefry/.m2/repository/com/github/almasb/fxgl/11.16/fxgl-11.16.jar!/fxglassets/textures/fxgl_default_cursor.png
15:38:18.175 [JavaFX Application Thread] DEBUG Input                - Registered new binding: Screenshot - CTRL+8
15:38:18.176 [JavaFX Application Thread] DEBUG Input                - Registered new binding: System info dump - CTRL+9
15:38:18.176 [JavaFX Application Thread] DEBUG Input                - Registered new binding: Restart - CTRL+R
15:38:18.177 [JavaFX Application Thread] DEBUG Input                - Registered new binding: Toggle Debug Camera - CTRL+C
15:38:18.179 [JavaFX Application Thread] DEBUG LoopRunner           - Starting loop
15:38:18.179 [JavaFX Application Thread] DEBUG LoopRunner           - Initializing JavaFX AnimationTimerLoop
15:38:18.181 [JavaFX Application Thread] DEBUG Input                - Clearing active input actions
15:38:18.189 [JavaFX Application Thread] DEBUG GameApplicationServi - Removing overlay from FXGLStartupScene and adding to FXGLMainMenuDummyScene
15:38:18.190 [JavaFX Application Thread] DEBUG PrimaryStageWindow   - FXGLStartupScene -> FXGLMainMenuDummyScene
15:38:18.190 [JavaFX Application Thread] DEBUG PrimaryStageWindow   - Push state: AppMainMenu
15:38:18.190 [JavaFX Application Thread] DEBUG Input                - Clearing active input actions
15:38:18.196 [JavaFX Application Thread] DEBUG GameApplicationServi - Removing overlay from FXGLMainMenuDummyScene and adding to AppMainMenu
15:38:18.196 [JavaFX Application Thread] DEBUG PrimaryStageWindow   - FXGLMainMenuDummyScene -> AppMainMenu
15:38:18.223 [JavaFX Application Thread] DEBUG FXGLApplication      - Registering font factories with UI factory
15:38:19.083 [JavaFX Application Thread] DEBUG FXGLAssetLoaderServi - Loading from file system: file:/Users/kylefry/Desktop/RhythmKnight/Project/target/classes/assets/sounds/SelectSFX.mp3
15:38:19.689 [JavaFX Application Thread] DEBUG FXGLAssetLoaderServi - Loading from file system: file:/Users/kylefry/Desktop/RhythmKnight/Project/target/classes/assets/textures/configUI.png
15:38:21.103 [FXGL Background Thread 3 ] DEBUG Engine               - Logging environment variables
15:38:21.105 [FXGL Background Thread 3 ] DEBUG Engine               - achievements: []
15:38:21.105 [FXGL Background Thread 3 ] DEBUG Engine               - actualHeight: 801.0
15:38:21.105 [FXGL Background Thread 3 ] DEBUG Engine               - actualHeightProperty: ReadOnlyDoubleProperty [value: 801.0]
15:38:21.105 [FXGL Background Thread 3 ] DEBUG Engine               - actualWidth: 1400.0
15:38:21.105 [FXGL Background Thread 3 ] DEBUG Engine               - actualWidthProperty: ReadOnlyDoubleProperty [value: 1400.0]
15:38:21.105 [FXGL Background Thread 3 ] DEBUG Engine               - appIcon: fxgl_icon.png
15:38:21.106 [FXGL Background Thread 3 ] DEBUG Engine               - applicationMode: DEVELOPER
15:38:21.106 [FXGL Background Thread 3 ] DEBUG Engine               - cSSList: [fxgl_dark.css]
15:38:21.106 [FXGL Background Thread 3 ] DEBUG Engine               - collisionDetectionStrategy: BRUTE_FORCE
15:38:21.106 [FXGL Background Thread 3 ] DEBUG Engine               - configClass: Optional.empty
15:38:21.106 [FXGL Background Thread 3 ] DEBUG Engine               - credits: []
15:38:21.106 [FXGL Background Thread 3 ] DEBUG Engine               - defaultCursor: CursorInfo(imageName=fxgl_default_cursor.png, hotspotX=7.0, hotspotY=6.0)
15:38:21.106 [FXGL Background Thread 3 ] DEBUG Engine               - devBBoxColorProperty: ObjectProperty [value: 0xff0000ff]
15:38:21.106 [FXGL Background Thread 3 ] DEBUG Engine               - devEnableDebugCameraProperty: BooleanProperty [value: false]
15:38:21.107 [FXGL Background Thread 3 ] DEBUG Engine               - devSensorColorProperty: ObjectProperty [value: 0xffff00ff]
15:38:21.107 [FXGL Background Thread 3 ] DEBUG Engine               - devShowBBoxProperty: BooleanProperty [value: false]
15:38:21.107 [FXGL Background Thread 3 ] DEBUG Engine               - devShowPositionProperty: BooleanProperty [value: false]
15:38:21.107 [FXGL Background Thread 3 ] DEBUG Engine               - enabledMenuItems: []
15:38:21.107 [FXGL Background Thread 3 ] DEBUG Engine               - engineServices: [class com.almasb.fxgl.app.services.FXGLAssetLoaderService, class com.almasb.fxgl.app.FXGLApplication$GameApplicationService, class com.almasb.fxgl.app.services.FXGLDialogService, class com.almasb.fxgl.app.services.IOTaskExecutorService, class com.almasb.fxgl.io.FileSystemService, class com.almasb.fxgl.localization.LocalizationService, class com.almasb.fxgl.app.services.SystemBundleService, class com.almasb.fxgl.profile.SaveLoadService, class com.almasb.fxgl.ui.FXGLUIFactoryServiceProvider, class com.almasb.fxgl.ui.FXGLDialogFactoryServiceProvider, class com.almasb.fxgl.audio.AudioPlayer, class com.almasb.fxgl.notification.impl.NotificationServiceProvider, class com.almasb.fxgl.achievement.AchievementService, class com.almasb.fxgl.cutscene.CutsceneService, class com.almasb.fxgl.minigames.MiniGameService, class com.almasb.fxgl.net.NetService, class com.almasb.fxgl.app.services.UpdaterService, class com.almasb.fxgl.dev.DevService]
15:38:21.107 [FXGL Background Thread 3 ] DEBUG Engine               - fontGame: Abel-Regular.ttf
15:38:21.107 [FXGL Background Thread 3 ] DEBUG Engine               - fontMono: lucida_console.ttf
15:38:21.107 [FXGL Background Thread 3 ] DEBUG Engine               - fontText: Courier-Prime.ttf
15:38:21.107 [FXGL Background Thread 3 ] DEBUG Engine               - fontUI: VarelaRound-Regular.ttf
15:38:21.107 [FXGL Background Thread 3 ] DEBUG Engine               - fullScreen: BooleanProperty [value: false]
15:38:21.107 [FXGL Background Thread 3 ] DEBUG Engine               - gameDifficulty: MEDIUM
15:38:21.108 [FXGL Background Thread 3 ] DEBUG Engine               - gameDifficultyProperty: ObjectProperty [value: MEDIUM]
15:38:21.108 [FXGL Background Thread 3 ] DEBUG Engine               - globalMusicVolume: 0.5
15:38:21.108 [FXGL Background Thread 3 ] DEBUG Engine               - globalMusicVolumeProperty: DoubleProperty [value: 0.5]
15:38:21.108 [FXGL Background Thread 3 ] DEBUG Engine               - globalSoundVolume: 0.5
15:38:21.108 [FXGL Background Thread 3 ] DEBUG Engine               - globalSoundVolumeProperty: DoubleProperty [value: 0.5]
15:38:21.108 [FXGL Background Thread 3 ] DEBUG Engine               - height: 1080
15:38:21.109 [FXGL Background Thread 3 ] DEBUG Engine               - is3D: false
15:38:21.109 [FXGL Background Thread 3 ] DEBUG Engine               - isAndroid: false
15:38:21.109 [FXGL Background Thread 3 ] DEBUG Engine               - isBrowser: false
15:38:21.109 [FXGL Background Thread 3 ] DEBUG Engine               - isClickFeedbackEnabled: false
15:38:21.109 [FXGL Background Thread 3 ] DEBUG Engine               - isCloseConfirmation: false
15:38:21.110 [FXGL Background Thread 3 ] DEBUG Engine               - isDesktop: true
15:38:21.110 [FXGL Background Thread 3 ] DEBUG Engine               - isDeveloperMenuEnabled: false
15:38:21.110 [FXGL Background Thread 3 ] DEBUG Engine               - isEntityPreloadEnabled: true
15:38:21.110 [FXGL Background Thread 3 ] DEBUG Engine               - isExperimentalTiledLargeMap: false
15:38:21.110 [FXGL Background Thread 3 ] DEBUG Engine               - isFileSystemWriteAllowed: true
15:38:21.110 [FXGL Background Thread 3 ] DEBUG Engine               - isFullScreenAllowed: false
15:38:21.110 [FXGL Background Thread 3 ] DEBUG Engine               - isFullScreenFromStart: false
15:38:21.111 [FXGL Background Thread 3 ] DEBUG Engine               - isGameMenuEnabled: true
15:38:21.111 [FXGL Background Thread 3 ] DEBUG Engine               - isIOS: false
15:38:21.111 [FXGL Background Thread 3 ] DEBUG Engine               - isIntroEnabled: false
15:38:21.111 [FXGL Background Thread 3 ] DEBUG Engine               - isLinux: false
15:38:21.111 [FXGL Background Thread 3 ] DEBUG Engine               - isMac: true
15:38:21.111 [FXGL Background Thread 3 ] DEBUG Engine               - isMainMenuEnabled: true
15:38:21.111 [FXGL Background Thread 3 ] DEBUG Engine               - isManualResizeEnabled: false
15:38:21.112 [FXGL Background Thread 3 ] DEBUG Engine               - isMobile: false
15:38:21.112 [FXGL Background Thread 3 ] DEBUG Engine               - isNative: false
15:38:21.112 [FXGL Background Thread 3 ] DEBUG Engine               - isPreserveResizeRatio: false
15:38:21.112 [FXGL Background Thread 3 ] DEBUG Engine               - isProfilingEnabled: false
15:38:21.112 [FXGL Background Thread 3 ] DEBUG Engine               - isScaleAffectedOnResize: true
15:38:21.112 [FXGL Background Thread 3 ] DEBUG Engine               - isSingleStep: false
15:38:21.112 [FXGL Background Thread 3 ] DEBUG Engine               - isUserProfileEnabled: false
15:38:21.113 [FXGL Background Thread 3 ] DEBUG Engine               - isWindows: false
15:38:21.113 [FXGL Background Thread 3 ] DEBUG Engine               - language: ObjectProperty [value: ENGLISH]
15:38:21.113 [FXGL Background Thread 3 ] DEBUG Engine               - menuKey: ESCAPE
15:38:21.113 [FXGL Background Thread 3 ] DEBUG Engine               - mouseSensitivity: 0.2
15:38:21.113 [FXGL Background Thread 3 ] DEBUG Engine               - notificationViewClass: class com.almasb.fxgl.notification.view.XboxNotificationView
15:38:21.113 [FXGL Background Thread 3 ] DEBUG Engine               - pixelsPerMeter: 50.0
15:38:21.113 [FXGL Background Thread 3 ] DEBUG Engine               - platform: MAC
15:38:21.114 [FXGL Background Thread 3 ] DEBUG Engine               - prefHeightProperty: ReadOnlyDoubleProperty [value: 1080.0]
15:38:21.114 [FXGL Background Thread 3 ] DEBUG Engine               - prefWidthProperty: ReadOnlyDoubleProperty [value: 1920.0]
15:38:21.114 [FXGL Background Thread 3 ] DEBUG Engine               - profileDir: profiles/
15:38:21.114 [FXGL Background Thread 3 ] DEBUG Engine               - profileName: StringProperty [value: DEFAULT]
15:38:21.114 [FXGL Background Thread 3 ] DEBUG Engine               - randomSeed: -1
15:38:21.114 [FXGL Background Thread 3 ] DEBUG Engine               - runtimeInfo: RuntimeInfo(platform=MAC, version=11.16, build=25.05.2021 08.16)
15:38:21.114 [FXGL Background Thread 3 ] DEBUG Engine               - saveFileExt: sav
15:38:21.114 [FXGL Background Thread 3 ] DEBUG Engine               - scaledHeightProp$fxgl: DoubleProperty [bound, value: 801.0]
15:38:21.115 [FXGL Background Thread 3 ] DEBUG Engine               - scaledWidthProp$fxgl: DoubleProperty [bound, value: 1400.0]
15:38:21.115 [FXGL Background Thread 3 ] DEBUG Engine               - sceneFactory: GameApp$1@6d35488f
15:38:21.115 [FXGL Background Thread 3 ] DEBUG Engine               - secondsIn24h: 60
15:38:21.115 [FXGL Background Thread 3 ] DEBUG Engine               - soundMenuBack: menu/back.wav
15:38:21.115 [FXGL Background Thread 3 ] DEBUG Engine               - soundMenuPress: menu/press.wav
15:38:21.115 [FXGL Background Thread 3 ] DEBUG Engine               - soundMenuSelect: menu/select.wav
15:38:21.115 [FXGL Background Thread 3 ] DEBUG Engine               - soundNotification: core/notification.wav
15:38:21.115 [FXGL Background Thread 3 ] DEBUG Engine               - stageStyle: DECORATED
15:38:21.115 [FXGL Background Thread 3 ] DEBUG Engine               - supportedLanguages: [ENGLISH, FRENCH, GERMAN, HUNGARIAN, RUSSIAN]
15:38:21.115 [FXGL Background Thread 3 ] DEBUG Engine               - ticksPerSecond: -1
15:38:21.116 [FXGL Background Thread 3 ] DEBUG Engine               - title: Rhythm Knight
15:38:21.116 [FXGL Background Thread 3 ] DEBUG Engine               - urlGithub: https://github.com/AlmasB/FXGL
15:38:21.116 [FXGL Background Thread 3 ] DEBUG Engine               - urlLeaderboard: http://fxgl-top.herokuapp.com/
15:38:21.116 [FXGL Background Thread 3 ] DEBUG Engine               - urlPOM: https://raw.githubusercontent.com/AlmasB/FXGL/release/README.md
15:38:21.116 [FXGL Background Thread 3 ] DEBUG Engine               - userAppClass: class GameApp
15:38:21.116 [FXGL Background Thread 3 ] DEBUG Engine               - version: Pre-Alpha 1
15:38:21.116 [FXGL Background Thread 3 ] DEBUG Engine               - versionCheckDays: 7
15:38:21.117 [FXGL Background Thread 3 ] DEBUG Engine               - width: 1920
15:38:21.117 [FXGL Background Thread 3 ] DEBUG Engine               - Logging services
15:38:21.117 [FXGL Background Thread 3 ] DEBUG Engine               - class com.almasb.fxgl.app.services.FXGLAssetLoaderService
15:38:21.118 [FXGL Background Thread 3 ] DEBUG Engine               - class com.almasb.fxgl.app.FXGLApplication$GameApplicationService
15:38:21.118 [FXGL Background Thread 3 ] DEBUG Engine               - class com.almasb.fxgl.app.services.FXGLDialogService
15:38:21.118 [FXGL Background Thread 3 ] DEBUG Engine               - class com.almasb.fxgl.app.services.IOTaskExecutorService
15:38:21.118 [FXGL Background Thread 3 ] DEBUG Engine               - class com.almasb.fxgl.io.FileSystemService
15:38:21.118 [FXGL Background Thread 3 ] DEBUG Engine               - class com.almasb.fxgl.localization.LocalizationService
15:38:21.118 [FXGL Background Thread 3 ] DEBUG Engine               - class com.almasb.fxgl.app.services.SystemBundleService
15:38:21.118 [FXGL Background Thread 3 ] DEBUG Engine               - class com.almasb.fxgl.profile.SaveLoadService
15:38:21.119 [FXGL Background Thread 3 ] DEBUG Engine               - class com.almasb.fxgl.ui.FXGLUIFactoryServiceProvider
15:38:21.119 [FXGL Background Thread 3 ] DEBUG Engine               - class com.almasb.fxgl.ui.FXGLDialogFactoryServiceProvider
15:38:21.119 [FXGL Background Thread 3 ] DEBUG Engine               - class com.almasb.fxgl.audio.AudioPlayer
15:38:21.119 [FXGL Background Thread 3 ] DEBUG Engine               - class com.almasb.fxgl.notification.impl.NotificationServiceProvider
15:38:21.119 [FXGL Background Thread 3 ] DEBUG Engine               - class com.almasb.fxgl.achievement.AchievementService
15:38:21.119 [FXGL Background Thread 3 ] DEBUG Engine               - class com.almasb.fxgl.cutscene.CutsceneService
15:38:21.119 [FXGL Background Thread 3 ] DEBUG Engine               - class com.almasb.fxgl.minigames.MiniGameService
15:38:21.119 [FXGL Background Thread 3 ] DEBUG Engine               - class com.almasb.fxgl.net.NetService
15:38:21.119 [FXGL Background Thread 3 ] DEBUG Engine               - class com.almasb.fxgl.app.services.UpdaterService
15:38:21.119 [FXGL Background Thread 3 ] DEBUG Engine               - class com.almasb.fxgl.dev.DevService
15:38:23.901 [JavaFX Application Thread] DEBUG Menu                 - fireNewGame()
15:38:23.902 [JavaFX Application Thread] DEBUG GameApplicationServi - Starting new game
15:38:23.902 [JavaFX Application Thread] DEBUG PrimaryStageWindow   - Pop state: AppMainMenu
15:38:23.902 [JavaFX Application Thread] DEBUG Input                - Clearing active input actions
15:38:23.903 [JavaFX Application Thread] DEBUG GameApplicationServi - Removing overlay from AppMainMenu and adding to FXGLMainMenuDummyScene
15:38:23.903 [JavaFX Application Thread] DEBUG PrimaryStageWindow   - FXGLMainMenuDummyScene <- AppMainMenu
15:38:23.904 [JavaFX Application Thread] DEBUG Input                - Clearing active input actions
15:38:23.914 [JavaFX Application Thread] DEBUG GameApplicationServi - Removing overlay from FXGLMainMenuDummyScene and adding to FXGLLoadingScene
15:38:23.915 [JavaFX Application Thread] DEBUG PrimaryStageWindow   - FXGLMainMenuDummyScene -> FXGLLoadingScene
15:38:23.915 [JavaFX Application Thread] DEBUG GameApplicationServi - Clearing previous game
15:38:23.915 [JavaFX Application Thread] DEBUG GameScene            - Clearing game scene
15:38:23.915 [JavaFX Application Thread] DEBUG GameWorld            - Clearing game world
15:38:23.915 [JavaFX Application Thread] DEBUG PhysicsWorld         - Clearing physics world
15:38:23.916 [FXGL Background Thread 2 ] DEBUG FXGLApplication      - Initializing game
15:38:24.022 [FXGL Background Thread 2 ] DEBUG FXGLAssetLoaderServi - Loading from file system: file:/Users/kylefry/Desktop/RhythmKnight/Project/target/classes/assets/textures/cutout.png
15:38:24.054 [FXGL Background Thread 2 ] DEBUG FXGLAssetLoaderServi - Loading from file system: file:/Users/kylefry/Desktop/RhythmKnight/Project/target/classes/assets/textures/unvisited.png
15:38:24.056 [FXGL Background Thread 2 ] DEBUG FXGLAssetLoaderServi - Loading from file system: file:/Users/kylefry/Desktop/RhythmKnight/Project/target/classes/assets/textures/player.png
15:38:24.058 [FXGL Background Thread 2 ] DEBUG FXGLAssetLoaderServi - Loading from file system: file:/Users/kylefry/Desktop/RhythmKnight/Project/target/classes/assets/textures/rhythm-knight.png
15:38:24.071 [FXGL Background Thread 2 ] DEBUG FXGLAssetLoaderServi - Loading from file system: file:/Users/kylefry/Desktop/RhythmKnight/Project/target/classes/assets/textures/Level1-1Dungeon.png
15:38:24.181 [FXGL Background Thread 2 ] DEBUG FXGLAssetLoaderServi - Loading from file system: file:/Users/kylefry/Desktop/RhythmKnight/Project/target/classes/assets/textures/Level1-1Layout.png
15:38:24.216 [FXGL Background Thread 2 ] DEBUG FXGLAssetLoaderServi - Loading from file system: file:/Users/kylefry/Desktop/RhythmKnight/Project/target/classes/assets/textures/UI-Layout.png
15:38:24.277 [FXGL Background Thread 2 ] INFO  FXGLApplication      - Game initialization took: 0.360 sec
15:38:24.278 [JavaFX Application Thread] DEBUG Input                - Clearing active input actions
15:38:24.285 [JavaFX Application Thread] DEBUG GameApplicationServi - Removing overlay from FXGLLoadingScene and adding to GameScene
15:38:24.285 [JavaFX Application Thread] DEBUG PrimaryStageWindow   - FXGLLoadingScene -> GameScene
15:38:24.294 [JavaFX Application Thread] DEBUG FXGLAssetLoaderServi - Loading from file system: file:/Users/kylefry/Desktop/RhythmKnight/Project/target/classes/assets/sounds/snare01.wav
15:38:31.635 [JavaFX Application Thread] DEBUG FXGLApplication      - Exiting FXGL
15:38:31.635 [JavaFX Application Thread] DEBUG LoopRunner           - Stopping loop
15:38:31.635 [JavaFX Application Thread] DEBUG SystemBundleService  - Saving FXGL system data
15:38:31.639 [JavaFX Application Thread] DEBUG FileSystemAccess     - Writing to: /Users/kylefry/Desktop/RhythmKnight/Project/system/fxgl.bundle
15:38:31.640 [JavaFX Application Thread] DEBUG Async                - Shutting down background threads
15:38:31.640 [JavaFX Application Thread] DEBUG PrimaryStageWindow   - Closing main window
15:38:31.645 [JavaFX Application Thread] DEBUG Logger               - Closing Logger
