21:02:33.426 [main                     ] DEBUG Logger               - Configured Logger
21:02:33.432 [main                     ] DEBUG GameApplication      - Logging settings
Title: Rhythm Knight
Version: Milestone 2
Width: 1920
Height: 1080
Fullscreen: false
Intro: false
Profiling: false
Single step:false
App Mode: DEVELOPER
Menu Key: ESCAPE
Stage Style: DECORATED
Scene Factory: class GameApp$1

21:02:33.988 [JavaFX Application Thread] DEBUG FXGLApplication      - Initializing FXGL
21:02:33.990 [JavaFX Application Thread] INFO  Engine               - FXGL-11.16 (25.05.2021 08.16) on MAC (J:16.0.1 FX:16)
21:02:33.990 [JavaFX Application Thread] DEBUG Engine               - JRE Vendor Name: Oracle Corporation
21:02:33.991 [JavaFX Application Thread] DEBUG Engine               - Running on OS: Mac OS X version 11.4
21:02:33.991 [JavaFX Application Thread] DEBUG Engine               - Architecture: x86_64
21:02:33.991 [JavaFX Application Thread] INFO  Engine               - Source code and latest versions at: https://github.com/AlmasB/FXGL
21:02:33.991 [JavaFX Application Thread] INFO  Engine               -              Join the FXGL chat at: https://gitter.im/AlmasB/FXGL
21:02:34.133 [JavaFX Application Thread] DEBUG PrimaryStageWindow   - Creating a JavaFX scene
21:02:34.134 [JavaFX Application Thread] DEBUG PrimaryStageWindow   - Target size > screen size
21:02:34.240 [JavaFX Application Thread] DEBUG PrimaryStageWindow   - Target settings size: 1920.0 x 1080.0
21:02:34.240 [JavaFX Application Thread] DEBUG PrimaryStageWindow   - Scaled scene size:    1400.0 x 801.0
21:02:34.240 [JavaFX Application Thread] DEBUG PrimaryStageWindow   - Scaled ratio: (0.7291666666666666, 0.7416666666666667)
21:02:34.242 [JavaFX Application Thread] DEBUG PrimaryStageWindow   - Set initial scene to FXGLStartupScene
21:02:34.261 [JavaFX Application Thread] DEBUG PrimaryStageWindow   - Opening main window
21:02:34.637 [JavaFX Application Thread] DEBUG PrimaryStageWindow   - Window border size: (0.0, 28.0)
21:02:34.637 [JavaFX Application Thread] DEBUG PrimaryStageWindow   - Scaled size: 1400.0 x 801.0
21:02:34.638 [JavaFX Application Thread] DEBUG PrimaryStageWindow   - Scaled ratio: (0.7291666666666666, 0.7416666666666667)
21:02:34.638 [JavaFX Application Thread] DEBUG PrimaryStageWindow   - Scene size: 1400.0 x 801.0
21:02:34.638 [JavaFX Application Thread] DEBUG PrimaryStageWindow   - Stage size: 1400.0 x 829.0
21:02:34.645 [FXGL Background Thread 1 ] DEBUG Engine               - Initializing environment variables
21:02:34.711 [FXGL Background Thread 1 ] DEBUG FXGLAssetLoaderServi - User app class for loading assets: class GameApp
21:02:34.711 [FXGL Background Thread 1 ] DEBUG GameApplicationServi - Applying CSS: fxgl_dark.css
21:02:34.717 [FXGL Background Thread 1 ] DEBUG FXGLAssetLoaderServi - Loading from file system: jar:file:/Users/kylefry/.m2/repository/com/github/almasb/fxgl/11.16/fxgl-11.16.jar!/fxglassets/ui/css/fxgl_dark.css
21:02:34.824 [FXGL Background Thread 1 ] DEBUG GameApplicationServi - Initializing application scenes
21:02:35.335 [FXGL Background Thread 1 ] DEBUG GameWorld            - Game world initialized
21:02:35.425 [FXGL Background Thread 1 ] DEBUG PhysicsWorld         - Physics world initialized: appHeight=1080, physics.ppm=50.0
21:02:35.426 [FXGL Background Thread 1 ] DEBUG PhysicsWorld         - Using strategy: BRUTE_FORCE
21:02:35.428 [FXGL Background Thread 1 ] DEBUG GameScene            - Game scene initialized: 1920x1080
21:02:35.437 [FXGL Background Thread 1 ] DEBUG FXGLAssetLoaderServi - Loading from file system: file:/Users/kylefry/Desktop/RhythmKnight/Project/target/classes/assets/textures/logo-with-menu.png
21:02:35.596 [FXGL Background Thread 1 ] DEBUG FXGL.DefaultMenu     - createMenuBodyGameMenu()
21:02:35.608 [FXGL Background Thread 1 ] DEBUG FXGL.DefaultMenu     - createOptionsMenu()
21:02:35.615 [FXGL Background Thread 1 ] DEBUG FXGLAssetLoaderServi - Loading from file system: jar:file:/Users/kylefry/.m2/repository/com/github/almasb/fxgl/11.16/fxgl-11.16.jar!/fxglassets/textures/particles/smoke.png
21:02:35.698 [FXGL Background Thread 1 ] DEBUG FXGLAssetLoaderServi - Loading from file system: jar:file:/Users/kylefry/.m2/repository/com/github/almasb/fxgl/11.16/fxgl-11.16.jar!/fxglassets/textures/particles/trace_horizontal.png
21:02:35.721 [FXGL Background Thread 1 ] DEBUG GameApplicationServi - Application scenes initialized
21:02:35.731 [FXGL Background Thread 1 ] DEBUG SystemBundleService  - Loading FXGL system data
21:02:35.735 [FXGL Background Thread 1 ] DEBUG FileSystemAccess     - Reading from: /Users/kylefry/Desktop/RhythmKnight/Project/system/fxgl.bundle
21:02:35.741 [FXGL Background Thread 1 ] DEBUG SystemBundleService  - Bundle FXGL: {}
21:02:35.741 [FXGL Background Thread 1 ] DEBUG UpdaterService       - Checking for updates
21:02:35.745 [FXGL Background Thread 4 ] DEBUG FXGLApplication      - Loading fonts
21:02:35.746 [FXGL Background Thread 4 ] DEBUG FXGLAssetLoaderServi - Loading from file system: jar:file:/Users/kylefry/.m2/repository/com/github/almasb/fxgl/11.16/fxgl-11.16.jar!/fxglassets/ui/fonts/VarelaRound-Regular.ttf
21:02:35.747 [FXGL Background Thread 1 ] DEBUG FXGLApplication      - Loading default localization
21:02:35.748 [FXGL Background Thread 1 ] DEBUG FXGLAssetLoaderServi - Loading from file system: jar:file:/Users/kylefry/.m2/repository/com/github/almasb/fxgl/11.16/fxgl-11.16.jar!/fxglassets/languages/english.lang
21:02:35.777 [FXGL Background Thread 4 ] DEBUG FXGLAssetLoaderServi - Loading from file system: jar:file:/Users/kylefry/.m2/repository/com/github/almasb/fxgl/11.16/fxgl-11.16.jar!/fxglassets/ui/fonts/Abel-Regular.ttf
21:02:35.781 [FXGL Background Thread 4 ] DEBUG FXGLAssetLoaderServi - Loading from file system: jar:file:/Users/kylefry/.m2/repository/com/github/almasb/fxgl/11.16/fxgl-11.16.jar!/fxglassets/ui/fonts/lucida_console.ttf
21:02:35.792 [FXGL Background Thread 4 ] DEBUG FXGLAssetLoaderServi - Loading from file system: jar:file:/Users/kylefry/.m2/repository/com/github/almasb/fxgl/11.16/fxgl-11.16.jar!/fxglassets/ui/fonts/Courier-Prime.ttf
21:02:35.795 [JavaFX Application Thread] DEBUG FXGLApplication      - Registering font factories with UI factory
21:02:35.802 [FXGL Background Thread 1 ] INFO  FXGLApplication      - FXGL initialization took: 1.157 sec
21:02:35.804 [JavaFX Application Thread] DEBUG FXGLAssetLoaderServi - Loading from file system: jar:file:/Users/kylefry/.m2/repository/com/github/almasb/fxgl/11.16/fxgl-11.16.jar!/fxglassets/textures/fxgl_icon.png
21:02:35.830 [JavaFX Application Thread] DEBUG FXGLAssetLoaderServi - Loading from file system: jar:file:/Users/kylefry/.m2/repository/com/github/almasb/fxgl/11.16/fxgl-11.16.jar!/fxglassets/textures/fxgl_default_cursor.png
21:02:35.854 [JavaFX Application Thread] DEBUG Input                - Registered new binding: Screenshot - CTRL+8
21:02:35.854 [JavaFX Application Thread] DEBUG Input                - Registered new binding: System info dump - CTRL+9
21:02:35.855 [JavaFX Application Thread] DEBUG Input                - Registered new binding: Restart - CTRL+R
21:02:35.855 [JavaFX Application Thread] DEBUG Input                - Registered new binding: Toggle Debug Camera - CTRL+C
21:02:35.858 [JavaFX Application Thread] DEBUG LoopRunner           - Starting loop
21:02:35.858 [JavaFX Application Thread] DEBUG LoopRunner           - Initializing JavaFX AnimationTimerLoop
21:02:35.861 [JavaFX Application Thread] DEBUG Input                - Clearing active input actions
21:02:35.870 [JavaFX Application Thread] DEBUG GameApplicationServi - Removing overlay from FXGLStartupScene and adding to FXGLMainMenuDummyScene
21:02:35.870 [JavaFX Application Thread] DEBUG PrimaryStageWindow   - FXGLStartupScene -> FXGLMainMenuDummyScene
21:02:35.870 [JavaFX Application Thread] DEBUG PrimaryStageWindow   - Push state: AppMainMenu
21:02:35.870 [JavaFX Application Thread] DEBUG Input                - Clearing active input actions
21:02:35.879 [JavaFX Application Thread] DEBUG GameApplicationServi - Removing overlay from FXGLMainMenuDummyScene and adding to AppMainMenu
21:02:35.880 [JavaFX Application Thread] DEBUG PrimaryStageWindow   - FXGLMainMenuDummyScene -> AppMainMenu
21:02:37.057 [JavaFX Application Thread] DEBUG FXGLAssetLoaderServi - Loading from file system: file:/Users/kylefry/Desktop/RhythmKnight/Project/target/classes/assets/sounds/SelectSFX.mp3
21:02:37.885 [JavaFX Application Thread] DEBUG FXGLAssetLoaderServi - Loading from file system: file:/Users/kylefry/Desktop/RhythmKnight/Project/target/classes/assets/textures/configUI.png
21:02:37.904 [JavaFX Application Thread] DEBUG FXGLAssetLoaderServi - Loading from file system: file:/Users/kylefry/Desktop/RhythmKnight/Project/target/classes/assets/textures/rhythm-knight.png
21:02:38.748 [FXGL Background Thread 3 ] DEBUG Engine               - Logging environment variables
21:02:38.749 [FXGL Background Thread 3 ] DEBUG Engine               - achievements: []
21:02:38.749 [FXGL Background Thread 3 ] DEBUG Engine               - actualHeight: 801.0
21:02:38.749 [FXGL Background Thread 3 ] DEBUG Engine               - actualHeightProperty: ReadOnlyDoubleProperty [value: 801.0]
21:02:38.750 [FXGL Background Thread 3 ] DEBUG Engine               - actualWidth: 1400.0
21:02:38.750 [FXGL Background Thread 3 ] DEBUG Engine               - actualWidthProperty: ReadOnlyDoubleProperty [value: 1400.0]
21:02:38.750 [FXGL Background Thread 3 ] DEBUG Engine               - appIcon: fxgl_icon.png
21:02:38.750 [FXGL Background Thread 3 ] DEBUG Engine               - applicationMode: DEVELOPER
21:02:38.751 [FXGL Background Thread 3 ] DEBUG Engine               - cSSList: [fxgl_dark.css]
21:02:38.751 [FXGL Background Thread 3 ] DEBUG Engine               - collisionDetectionStrategy: BRUTE_FORCE
21:02:38.752 [FXGL Background Thread 3 ] DEBUG Engine               - configClass: Optional.empty
21:02:38.752 [FXGL Background Thread 3 ] DEBUG Engine               - credits: []
21:02:38.752 [FXGL Background Thread 3 ] DEBUG Engine               - defaultCursor: CursorInfo(imageName=fxgl_default_cursor.png, hotspotX=7.0, hotspotY=6.0)
21:02:38.753 [FXGL Background Thread 3 ] DEBUG Engine               - devBBoxColorProperty: ObjectProperty [value: 0xff0000ff]
21:02:38.753 [FXGL Background Thread 3 ] DEBUG Engine               - devEnableDebugCameraProperty: BooleanProperty [value: false]
21:02:38.753 [FXGL Background Thread 3 ] DEBUG Engine               - devSensorColorProperty: ObjectProperty [value: 0xffff00ff]
21:02:38.753 [FXGL Background Thread 3 ] DEBUG Engine               - devShowBBoxProperty: BooleanProperty [value: false]
21:02:38.753 [FXGL Background Thread 3 ] DEBUG Engine               - devShowPositionProperty: BooleanProperty [value: false]
21:02:38.753 [FXGL Background Thread 3 ] DEBUG Engine               - enabledMenuItems: []
21:02:38.754 [FXGL Background Thread 3 ] DEBUG Engine               - engineServices: [class com.almasb.fxgl.app.services.FXGLAssetLoaderService, class com.almasb.fxgl.app.FXGLApplication$GameApplicationService, class com.almasb.fxgl.app.services.FXGLDialogService, class com.almasb.fxgl.app.services.IOTaskExecutorService, class com.almasb.fxgl.io.FileSystemService, class com.almasb.fxgl.localization.LocalizationService, class com.almasb.fxgl.app.services.SystemBundleService, class com.almasb.fxgl.profile.SaveLoadService, class com.almasb.fxgl.ui.FXGLUIFactoryServiceProvider, class com.almasb.fxgl.ui.FXGLDialogFactoryServiceProvider, class com.almasb.fxgl.audio.AudioPlayer, class com.almasb.fxgl.notification.impl.NotificationServiceProvider, class com.almasb.fxgl.achievement.AchievementService, class com.almasb.fxgl.cutscene.CutsceneService, class com.almasb.fxgl.minigames.MiniGameService, class com.almasb.fxgl.net.NetService, class com.almasb.fxgl.app.services.UpdaterService, class com.almasb.fxgl.dev.DevService]
21:02:38.754 [FXGL Background Thread 3 ] DEBUG Engine               - fontGame: Abel-Regular.ttf
21:02:38.754 [FXGL Background Thread 3 ] DEBUG Engine               - fontMono: lucida_console.ttf
21:02:38.754 [FXGL Background Thread 3 ] DEBUG Engine               - fontText: Courier-Prime.ttf
21:02:38.754 [FXGL Background Thread 3 ] DEBUG Engine               - fontUI: VarelaRound-Regular.ttf
21:02:38.754 [FXGL Background Thread 3 ] DEBUG Engine               - fullScreen: BooleanProperty [value: false]
21:02:38.755 [FXGL Background Thread 3 ] DEBUG Engine               - gameDifficulty: MEDIUM
21:02:38.755 [FXGL Background Thread 3 ] DEBUG Engine               - gameDifficultyProperty: ObjectProperty [value: MEDIUM]
21:02:38.755 [FXGL Background Thread 3 ] DEBUG Engine               - globalMusicVolume: 0.5
21:02:38.755 [FXGL Background Thread 3 ] DEBUG Engine               - globalMusicVolumeProperty: DoubleProperty [value: 0.5]
21:02:38.755 [FXGL Background Thread 3 ] DEBUG Engine               - globalSoundVolume: 0.5
21:02:38.756 [FXGL Background Thread 3 ] DEBUG Engine               - globalSoundVolumeProperty: DoubleProperty [value: 0.5]
21:02:38.756 [FXGL Background Thread 3 ] DEBUG Engine               - height: 1080
21:02:38.756 [FXGL Background Thread 3 ] DEBUG Engine               - is3D: false
21:02:38.756 [FXGL Background Thread 3 ] DEBUG Engine               - isAndroid: false
21:02:38.756 [FXGL Background Thread 3 ] DEBUG Engine               - isBrowser: false
21:02:38.756 [FXGL Background Thread 3 ] DEBUG Engine               - isClickFeedbackEnabled: false
21:02:38.756 [FXGL Background Thread 3 ] DEBUG Engine               - isCloseConfirmation: false
21:02:38.756 [FXGL Background Thread 3 ] DEBUG Engine               - isDesktop: true
21:02:38.757 [FXGL Background Thread 3 ] DEBUG Engine               - isDeveloperMenuEnabled: false
21:02:38.757 [FXGL Background Thread 3 ] DEBUG Engine               - isEntityPreloadEnabled: true
21:02:38.757 [FXGL Background Thread 3 ] DEBUG Engine               - isExperimentalTiledLargeMap: false
21:02:38.757 [FXGL Background Thread 3 ] DEBUG Engine               - isFileSystemWriteAllowed: true
21:02:38.757 [FXGL Background Thread 3 ] DEBUG Engine               - isFullScreenAllowed: false
21:02:38.757 [FXGL Background Thread 3 ] DEBUG Engine               - isFullScreenFromStart: false
21:02:38.757 [FXGL Background Thread 3 ] DEBUG Engine               - isGameMenuEnabled: true
21:02:38.757 [FXGL Background Thread 3 ] DEBUG Engine               - isIOS: false
21:02:38.758 [FXGL Background Thread 3 ] DEBUG Engine               - isIntroEnabled: false
21:02:38.758 [FXGL Background Thread 3 ] DEBUG Engine               - isLinux: false
21:02:38.758 [FXGL Background Thread 3 ] DEBUG Engine               - isMac: true
21:02:38.758 [FXGL Background Thread 3 ] DEBUG Engine               - isMainMenuEnabled: true
21:02:38.758 [FXGL Background Thread 3 ] DEBUG Engine               - isManualResizeEnabled: false
21:02:38.758 [FXGL Background Thread 3 ] DEBUG Engine               - isMobile: false
21:02:38.758 [FXGL Background Thread 3 ] DEBUG Engine               - isNative: false
21:02:38.758 [FXGL Background Thread 3 ] DEBUG Engine               - isPreserveResizeRatio: false
21:02:38.758 [FXGL Background Thread 3 ] DEBUG Engine               - isProfilingEnabled: false
21:02:38.758 [FXGL Background Thread 3 ] DEBUG Engine               - isScaleAffectedOnResize: true
21:02:38.759 [FXGL Background Thread 3 ] DEBUG Engine               - isSingleStep: false
21:02:38.759 [FXGL Background Thread 3 ] DEBUG Engine               - isUserProfileEnabled: false
21:02:38.759 [FXGL Background Thread 3 ] DEBUG Engine               - isWindows: false
21:02:38.760 [FXGL Background Thread 3 ] DEBUG Engine               - language: ObjectProperty [value: ENGLISH]
21:02:38.760 [FXGL Background Thread 3 ] DEBUG Engine               - menuKey: ESCAPE
21:02:38.760 [FXGL Background Thread 3 ] DEBUG Engine               - mouseSensitivity: 0.2
21:02:38.760 [FXGL Background Thread 3 ] DEBUG Engine               - notificationViewClass: class com.almasb.fxgl.notification.view.XboxNotificationView
21:02:38.760 [FXGL Background Thread 3 ] DEBUG Engine               - pixelsPerMeter: 50.0
21:02:38.760 [FXGL Background Thread 3 ] DEBUG Engine               - platform: MAC
21:02:38.761 [FXGL Background Thread 3 ] DEBUG Engine               - prefHeightProperty: ReadOnlyDoubleProperty [value: 1080.0]
21:02:38.761 [FXGL Background Thread 3 ] DEBUG Engine               - prefWidthProperty: ReadOnlyDoubleProperty [value: 1920.0]
21:02:38.761 [FXGL Background Thread 3 ] DEBUG Engine               - profileDir: profiles/
21:02:38.761 [FXGL Background Thread 3 ] DEBUG Engine               - profileName: StringProperty [value: DEFAULT]
21:02:38.761 [FXGL Background Thread 3 ] DEBUG Engine               - randomSeed: -1
21:02:38.761 [FXGL Background Thread 3 ] DEBUG Engine               - runtimeInfo: RuntimeInfo(platform=MAC, version=11.16, build=25.05.2021 08.16)
21:02:38.762 [FXGL Background Thread 3 ] DEBUG Engine               - saveFileExt: sav
21:02:38.762 [FXGL Background Thread 3 ] DEBUG Engine               - scaledHeightProp$fxgl: DoubleProperty [bound, value: 801.0]
21:02:38.762 [FXGL Background Thread 3 ] DEBUG Engine               - scaledWidthProp$fxgl: DoubleProperty [bound, value: 1400.0]
21:02:38.762 [FXGL Background Thread 3 ] DEBUG Engine               - sceneFactory: GameApp$1@350e9c73
21:02:38.762 [FXGL Background Thread 3 ] DEBUG Engine               - secondsIn24h: 60
21:02:38.762 [FXGL Background Thread 3 ] DEBUG Engine               - soundMenuBack: menu/back.wav
21:02:38.762 [FXGL Background Thread 3 ] DEBUG Engine               - soundMenuPress: menu/press.wav
21:02:38.762 [FXGL Background Thread 3 ] DEBUG Engine               - soundMenuSelect: menu/select.wav
21:02:38.762 [FXGL Background Thread 3 ] DEBUG Engine               - soundNotification: core/notification.wav
21:02:38.762 [FXGL Background Thread 3 ] DEBUG Engine               - stageStyle: DECORATED
21:02:38.763 [FXGL Background Thread 3 ] DEBUG Engine               - supportedLanguages: [ENGLISH, FRENCH, GERMAN, HUNGARIAN, RUSSIAN]
21:02:38.763 [FXGL Background Thread 3 ] DEBUG Engine               - ticksPerSecond: -1
21:02:38.763 [FXGL Background Thread 3 ] DEBUG Engine               - title: Rhythm Knight
21:02:38.763 [FXGL Background Thread 3 ] DEBUG Engine               - urlGithub: https://github.com/AlmasB/FXGL
21:02:38.763 [FXGL Background Thread 3 ] DEBUG Engine               - urlLeaderboard: http://fxgl-top.herokuapp.com/
21:02:38.763 [FXGL Background Thread 3 ] DEBUG Engine               - urlPOM: https://raw.githubusercontent.com/AlmasB/FXGL/release/README.md
21:02:38.763 [FXGL Background Thread 3 ] DEBUG Engine               - userAppClass: class GameApp
21:02:38.763 [FXGL Background Thread 3 ] DEBUG Engine               - version: Milestone 2
21:02:38.763 [FXGL Background Thread 3 ] DEBUG Engine               - versionCheckDays: 7
21:02:38.763 [FXGL Background Thread 3 ] DEBUG Engine               - width: 1920
21:02:38.763 [FXGL Background Thread 3 ] DEBUG Engine               - Logging services
21:02:38.764 [FXGL Background Thread 3 ] DEBUG Engine               - class com.almasb.fxgl.app.services.FXGLAssetLoaderService
21:02:38.764 [FXGL Background Thread 3 ] DEBUG Engine               - class com.almasb.fxgl.app.FXGLApplication$GameApplicationService
21:02:38.764 [FXGL Background Thread 3 ] DEBUG Engine               - class com.almasb.fxgl.app.services.FXGLDialogService
21:02:38.764 [FXGL Background Thread 3 ] DEBUG Engine               - class com.almasb.fxgl.app.services.IOTaskExecutorService
21:02:38.764 [FXGL Background Thread 3 ] DEBUG Engine               - class com.almasb.fxgl.io.FileSystemService
21:02:38.764 [FXGL Background Thread 3 ] DEBUG Engine               - class com.almasb.fxgl.localization.LocalizationService
21:02:38.765 [FXGL Background Thread 3 ] DEBUG Engine               - class com.almasb.fxgl.app.services.SystemBundleService
21:02:38.765 [FXGL Background Thread 3 ] DEBUG Engine               - class com.almasb.fxgl.profile.SaveLoadService
21:02:38.765 [FXGL Background Thread 3 ] DEBUG Engine               - class com.almasb.fxgl.ui.FXGLUIFactoryServiceProvider
21:02:38.765 [FXGL Background Thread 3 ] DEBUG Engine               - class com.almasb.fxgl.ui.FXGLDialogFactoryServiceProvider
21:02:38.765 [FXGL Background Thread 3 ] DEBUG Engine               - class com.almasb.fxgl.audio.AudioPlayer
21:02:38.765 [FXGL Background Thread 3 ] DEBUG Engine               - class com.almasb.fxgl.notification.impl.NotificationServiceProvider
21:02:38.765 [FXGL Background Thread 3 ] DEBUG Engine               - class com.almasb.fxgl.achievement.AchievementService
21:02:38.766 [FXGL Background Thread 3 ] DEBUG Engine               - class com.almasb.fxgl.cutscene.CutsceneService
21:02:38.766 [FXGL Background Thread 3 ] DEBUG Engine               - class com.almasb.fxgl.minigames.MiniGameService
21:02:38.766 [FXGL Background Thread 3 ] DEBUG Engine               - class com.almasb.fxgl.net.NetService
21:02:38.766 [FXGL Background Thread 3 ] DEBUG Engine               - class com.almasb.fxgl.app.services.UpdaterService
21:02:38.766 [FXGL Background Thread 3 ] DEBUG Engine               - class com.almasb.fxgl.dev.DevService
21:02:45.210 [JavaFX Application Thread] DEBUG Menu                 - fireNewGame()
21:02:45.210 [JavaFX Application Thread] DEBUG GameApplicationServi - Starting new game
21:02:45.210 [JavaFX Application Thread] DEBUG PrimaryStageWindow   - Pop state: AppMainMenu
21:02:45.211 [JavaFX Application Thread] DEBUG Input                - Clearing active input actions
21:02:45.211 [JavaFX Application Thread] DEBUG GameApplicationServi - Removing overlay from AppMainMenu and adding to FXGLMainMenuDummyScene
21:02:45.212 [JavaFX Application Thread] DEBUG PrimaryStageWindow   - FXGLMainMenuDummyScene <- AppMainMenu
21:02:45.212 [JavaFX Application Thread] DEBUG Input                - Clearing active input actions
21:02:45.222 [JavaFX Application Thread] DEBUG GameApplicationServi - Removing overlay from FXGLMainMenuDummyScene and adding to FXGLLoadingScene
21:02:45.222 [JavaFX Application Thread] DEBUG PrimaryStageWindow   - FXGLMainMenuDummyScene -> FXGLLoadingScene
21:02:45.222 [JavaFX Application Thread] DEBUG GameApplicationServi - Clearing previous game
21:02:45.222 [JavaFX Application Thread] DEBUG GameScene            - Clearing game scene
21:02:45.223 [JavaFX Application Thread] DEBUG GameWorld            - Clearing game world
21:02:45.223 [JavaFX Application Thread] DEBUG PhysicsWorld         - Clearing physics world
21:02:45.226 [FXGL Background Thread 2 ] DEBUG FXGLApplication      - Initializing game
21:02:45.297 [FXGL Background Thread 2 ] DEBUG FXGLAssetLoaderServi - Loading from file system: file:/Users/kylefry/Desktop/RhythmKnight/Project/target/classes/assets/textures/weapons/weapon1.png
21:02:45.307 [FXGL Background Thread 2 ] DEBUG FXGLAssetLoaderServi - Loading from file system: file:/Users/kylefry/Desktop/RhythmKnight/Project/target/classes/assets/textures/cutout.png
21:02:45.344 [FXGL Background Thread 2 ] DEBUG FXGLAssetLoaderServi - Loading from file system: file:/Users/kylefry/Desktop/RhythmKnight/Project/target/classes/assets/textures/unvisited.png
21:02:45.346 [FXGL Background Thread 2 ] DEBUG FXGLAssetLoaderServi - Loading from file system: file:/Users/kylefry/Desktop/RhythmKnight/Project/target/classes/assets/textures/player.png
21:02:45.348 [FXGL Background Thread 2 ] DEBUG FXGLAssetLoaderServi - Loading from file system: file:/Users/kylefry/Desktop/RhythmKnight/Project/target/classes/assets/textures/stairs.png
21:02:45.355 [FXGL Background Thread 2 ] DEBUG FXGLAssetLoaderServi - Loading from file system: file:/Users/kylefry/Desktop/RhythmKnight/Project/target/classes/assets/textures/Level1-1Layout.png
21:02:45.464 [FXGL Background Thread 2 ] DEBUG FXGLAssetLoaderServi - Loading from file system: file:/Users/kylefry/Desktop/RhythmKnight/Project/target/classes/assets/textures/UI-Layout.png
21:02:45.513 [FXGL Background Thread 2 ] INFO  FXGLApplication      - Game initialization took: 0.287 sec
21:02:45.514 [JavaFX Application Thread] DEBUG Input                - Clearing active input actions
21:02:45.521 [JavaFX Application Thread] DEBUG GameApplicationServi - Removing overlay from FXGLLoadingScene and adding to GameScene
21:02:45.521 [JavaFX Application Thread] DEBUG PrimaryStageWindow   - FXGLLoadingScene -> GameScene
21:02:45.526 [JavaFX Application Thread] DEBUG FXGLAssetLoaderServi - Loading from file system: file:/Users/kylefry/Desktop/RhythmKnight/Project/target/classes/assets/sounds/snare01.wav
21:02:57.788 [JavaFX Application Thread] DEBUG FXGLApplication      - Exiting FXGL
21:02:57.788 [JavaFX Application Thread] DEBUG LoopRunner           - Stopping loop
21:02:57.788 [JavaFX Application Thread] DEBUG SystemBundleService  - Saving FXGL system data
21:02:57.793 [JavaFX Application Thread] DEBUG FileSystemAccess     - Writing to: /Users/kylefry/Desktop/RhythmKnight/Project/system/fxgl.bundle
21:02:57.795 [JavaFX Application Thread] DEBUG Async                - Shutting down background threads
21:02:57.795 [JavaFX Application Thread] DEBUG PrimaryStageWindow   - Closing main window
21:02:57.800 [JavaFX Application Thread] DEBUG Logger               - Closing Logger
