12:12:53.571 [main                     ] DEBUG Logger               - Configured Logger
12:12:53.600 [main                     ] DEBUG GameApplication      - Logging settings
Title: Rhythm Knight
Version: Pre-Alpha 1
Width: 1920
Height: 1080
Fullscreen: false
Intro: false
Profiling: false
Single step:false
App Mode: DEVELOPER
Menu Key: ESCAPE
Stage Style: DECORATED
Scene Factory: class GameApp$1

12:12:54.168 [JavaFX Application Thread] DEBUG FXGLApplication      - Initializing FXGL
12:12:54.170 [JavaFX Application Thread] INFO  Engine               - FXGL-11.16 (25.05.2021 08.16) on MAC (J:11.0.8 FX:16)
12:12:54.171 [JavaFX Application Thread] DEBUG Engine               - JRE Vendor Name: Oracle Corporation
12:12:54.171 [JavaFX Application Thread] DEBUG Engine               - Running on OS: Mac OS X version 10.16
12:12:54.171 [JavaFX Application Thread] DEBUG Engine               - Architecture: x86_64
12:12:54.171 [JavaFX Application Thread] INFO  Engine               - Source code and latest versions at: https://github.com/AlmasB/FXGL
12:12:54.172 [JavaFX Application Thread] INFO  Engine               -              Join the FXGL chat at: https://gitter.im/AlmasB/FXGL
12:12:54.424 [JavaFX Application Thread] DEBUG PrimaryStageWindow   - Creating a JavaFX scene
12:12:54.425 [JavaFX Application Thread] DEBUG PrimaryStageWindow   - Target size > screen size
12:12:54.507 [JavaFX Application Thread] DEBUG PrimaryStageWindow   - Target settings size: 1920.0 x 1080.0
12:12:54.508 [JavaFX Application Thread] DEBUG PrimaryStageWindow   - Scaled scene size:    1400.0 x 801.0
12:12:54.508 [JavaFX Application Thread] DEBUG PrimaryStageWindow   - Scaled ratio: (0.7291666666666666, 0.7416666666666667)
12:12:54.509 [JavaFX Application Thread] DEBUG PrimaryStageWindow   - Set initial scene to FXGLStartupScene
12:12:54.517 [JavaFX Application Thread] DEBUG PrimaryStageWindow   - Opening main window
12:12:54.796 [JavaFX Application Thread] DEBUG PrimaryStageWindow   - Window border size: (0.0, 28.0)
12:12:54.796 [JavaFX Application Thread] DEBUG PrimaryStageWindow   - Scaled size: 1400.0 x 801.0
12:12:54.796 [JavaFX Application Thread] DEBUG PrimaryStageWindow   - Scaled ratio: (0.7291666666666666, 0.7416666666666667)
12:12:54.796 [JavaFX Application Thread] DEBUG PrimaryStageWindow   - Scene size: 1400.0 x 801.0
12:12:54.797 [JavaFX Application Thread] DEBUG PrimaryStageWindow   - Stage size: 1400.0 x 829.0
12:12:54.805 [FXGL Background Thread 1 ] DEBUG Engine               - Initializing environment variables
12:12:54.872 [FXGL Background Thread 1 ] DEBUG FXGLAssetLoaderServi - User app class for loading assets: class GameApp
12:12:54.872 [FXGL Background Thread 1 ] DEBUG GameApplicationServi - Applying CSS: fxgl_dark.css
12:12:54.873 [FXGL Background Thread 1 ] DEBUG FXGLAssetLoaderServi - Loading from file system: jar:file:/Users/kylefry/.m2/repository/com/github/almasb/fxgl/11.16/fxgl-11.16.jar!/fxglassets/ui/css/fxgl_dark.css
12:12:54.941 [FXGL Background Thread 1 ] DEBUG GameApplicationServi - Initializing application scenes
12:12:55.474 [FXGL Background Thread 1 ] DEBUG GameWorld            - Game world initialized
12:12:55.547 [FXGL Background Thread 1 ] DEBUG PhysicsWorld         - Physics world initialized: appHeight=1080, physics.ppm=50.0
12:12:55.548 [FXGL Background Thread 1 ] DEBUG PhysicsWorld         - Using strategy: BRUTE_FORCE
12:12:55.552 [FXGL Background Thread 1 ] DEBUG GameScene            - Game scene initialized: 1920x1080
12:12:55.558 [FXGL Background Thread 1 ] DEBUG FXGLAssetLoaderServi - Loading from file system: file:/Users/kylefry/Desktop/RhythmKnight/Project/target/classes/assets/textures/logo-with-menu.png
12:12:55.689 [FXGL Background Thread 1 ] DEBUG FXGLAssetLoaderServi - Loading from file system: file:/Users/kylefry/Desktop/RhythmKnight/Project/target/classes/assets/textures/rest.png
12:12:55.702 [FXGL Background Thread 1 ] DEBUG FXGL.DefaultMenu     - createMenuBodyGameMenu()
12:12:55.713 [FXGL Background Thread 1 ] DEBUG FXGL.DefaultMenu     - createOptionsMenu()
12:12:55.719 [FXGL Background Thread 1 ] DEBUG FXGLAssetLoaderServi - Loading from file system: jar:file:/Users/kylefry/.m2/repository/com/github/almasb/fxgl/11.16/fxgl-11.16.jar!/fxglassets/textures/particles/smoke.png
12:12:55.851 [FXGL Background Thread 1 ] DEBUG FXGLAssetLoaderServi - Loading from file system: jar:file:/Users/kylefry/.m2/repository/com/github/almasb/fxgl/11.16/fxgl-11.16.jar!/fxglassets/textures/particles/trace_horizontal.png
12:12:55.885 [FXGL Background Thread 1 ] DEBUG GameApplicationServi - Application scenes initialized
12:12:55.896 [FXGL Background Thread 1 ] DEBUG SystemBundleService  - Loading FXGL system data
12:12:55.901 [FXGL Background Thread 1 ] DEBUG FileSystemAccess     - Reading from: /Users/kylefry/Desktop/RhythmKnight/Project/system/fxgl.bundle
12:12:55.907 [FXGL Background Thread 1 ] DEBUG SystemBundleService  - Bundle FXGL: {}
12:12:55.907 [FXGL Background Thread 1 ] DEBUG UpdaterService       - Checking for updates
12:12:55.914 [FXGL Background Thread 1 ] DEBUG FXGLApplication      - Loading default localization
12:12:55.913 [FXGL Background Thread 4 ] DEBUG FXGLApplication      - Loading fonts
12:12:55.915 [FXGL Background Thread 1 ] DEBUG FXGLAssetLoaderServi - Loading from file system: jar:file:/Users/kylefry/.m2/repository/com/github/almasb/fxgl/11.16/fxgl-11.16.jar!/fxglassets/languages/english.lang
12:12:55.918 [FXGL Background Thread 4 ] DEBUG FXGLAssetLoaderServi - Loading from file system: jar:file:/Users/kylefry/.m2/repository/com/github/almasb/fxgl/11.16/fxgl-11.16.jar!/fxglassets/ui/fonts/VarelaRound-Regular.ttf
12:12:55.935 [FXGL Background Thread 1 ] INFO  FXGLApplication      - FXGL initialization took: 1.130 sec
12:12:55.938 [JavaFX Application Thread] DEBUG FXGLAssetLoaderServi - Loading from file system: jar:file:/Users/kylefry/.m2/repository/com/github/almasb/fxgl/11.16/fxgl-11.16.jar!/fxglassets/textures/fxgl_icon.png
12:12:55.957 [FXGL Background Thread 4 ] DEBUG FXGLAssetLoaderServi - Loading from file system: jar:file:/Users/kylefry/.m2/repository/com/github/almasb/fxgl/11.16/fxgl-11.16.jar!/fxglassets/ui/fonts/Abel-Regular.ttf
12:12:55.962 [FXGL Background Thread 4 ] DEBUG FXGLAssetLoaderServi - Loading from file system: jar:file:/Users/kylefry/.m2/repository/com/github/almasb/fxgl/11.16/fxgl-11.16.jar!/fxglassets/ui/fonts/lucida_console.ttf
12:12:55.968 [FXGL Background Thread 4 ] DEBUG FXGLAssetLoaderServi - Loading from file system: jar:file:/Users/kylefry/.m2/repository/com/github/almasb/fxgl/11.16/fxgl-11.16.jar!/fxglassets/ui/fonts/Courier-Prime.ttf
12:12:55.978 [JavaFX Application Thread] DEBUG FXGLAssetLoaderServi - Loading from file system: jar:file:/Users/kylefry/.m2/repository/com/github/almasb/fxgl/11.16/fxgl-11.16.jar!/fxglassets/textures/fxgl_default_cursor.png
12:12:56.000 [JavaFX Application Thread] DEBUG Input                - Registered new binding: Screenshot - CTRL+8
12:12:56.001 [JavaFX Application Thread] DEBUG Input                - Registered new binding: System info dump - CTRL+9
12:12:56.001 [JavaFX Application Thread] DEBUG Input                - Registered new binding: Restart - CTRL+R
12:12:56.002 [JavaFX Application Thread] DEBUG Input                - Registered new binding: Toggle Debug Camera - CTRL+C
12:12:56.004 [JavaFX Application Thread] DEBUG LoopRunner           - Starting loop
12:12:56.005 [JavaFX Application Thread] DEBUG LoopRunner           - Initializing JavaFX AnimationTimerLoop
12:12:56.008 [JavaFX Application Thread] DEBUG Input                - Clearing active input actions
12:12:56.016 [JavaFX Application Thread] DEBUG GameApplicationServi - Removing overlay from FXGLStartupScene and adding to FXGLMainMenuDummyScene
12:12:56.017 [JavaFX Application Thread] DEBUG PrimaryStageWindow   - FXGLStartupScene -> FXGLMainMenuDummyScene
12:12:56.017 [JavaFX Application Thread] DEBUG PrimaryStageWindow   - Push state: AppMainMenu
12:12:56.017 [JavaFX Application Thread] DEBUG Input                - Clearing active input actions
12:12:56.025 [JavaFX Application Thread] DEBUG GameApplicationServi - Removing overlay from FXGLMainMenuDummyScene and adding to AppMainMenu
12:12:56.025 [JavaFX Application Thread] DEBUG PrimaryStageWindow   - FXGLMainMenuDummyScene -> AppMainMenu
12:12:56.057 [JavaFX Application Thread] DEBUG FXGLApplication      - Registering font factories with UI factory
12:12:57.429 [JavaFX Application Thread] DEBUG Menu                 - fireNewGame()
12:12:57.429 [JavaFX Application Thread] DEBUG GameApplicationServi - Starting new game
12:12:57.429 [JavaFX Application Thread] DEBUG PrimaryStageWindow   - Pop state: AppMainMenu
12:12:57.430 [JavaFX Application Thread] DEBUG Input                - Clearing active input actions
12:12:57.430 [JavaFX Application Thread] DEBUG GameApplicationServi - Removing overlay from AppMainMenu and adding to FXGLMainMenuDummyScene
12:12:57.431 [JavaFX Application Thread] DEBUG PrimaryStageWindow   - FXGLMainMenuDummyScene <- AppMainMenu
12:12:57.431 [JavaFX Application Thread] DEBUG Input                - Clearing active input actions
12:12:57.444 [JavaFX Application Thread] DEBUG GameApplicationServi - Removing overlay from FXGLMainMenuDummyScene and adding to FXGLLoadingScene
12:12:57.445 [JavaFX Application Thread] DEBUG PrimaryStageWindow   - FXGLMainMenuDummyScene -> FXGLLoadingScene
12:12:57.445 [JavaFX Application Thread] DEBUG GameApplicationServi - Clearing previous game
12:12:57.445 [JavaFX Application Thread] DEBUG GameScene            - Clearing game scene
12:12:57.445 [JavaFX Application Thread] DEBUG GameWorld            - Clearing game world
12:12:57.445 [JavaFX Application Thread] DEBUG PhysicsWorld         - Clearing physics world
12:12:57.446 [FXGL Background Thread 2 ] DEBUG FXGLApplication      - Initializing game
12:12:57.894 [FXGL Background Thread 2 ] DEBUG FXGLAssetLoaderServi - Loading from file system: file:/Users/kylefry/Desktop/RhythmKnight/Project/target/classes/assets/textures/cutout.png
12:12:57.930 [FXGL Background Thread 2 ] DEBUG FXGLAssetLoaderServi - Loading from file system: file:/Users/kylefry/Desktop/RhythmKnight/Project/target/classes/assets/sounds/snare01.wav
12:12:57.981 [FXGL Background Thread 2 ] DEBUG FXGLAssetLoaderServi - Loading from file system: file:/Users/kylefry/Desktop/RhythmKnight/Project/target/classes/assets/textures/unvisited.png
12:12:57.996 [FXGL Background Thread 2 ] DEBUG FXGLAssetLoaderServi - Loading from file system: file:/Users/kylefry/Desktop/RhythmKnight/Project/target/classes/assets/textures/TutorialTilemap.png
12:12:58.039 [FXGL Background Thread 2 ] INFO  FXGLApplication      - Game initialization took: 0.593 sec
12:12:58.244 [JavaFX Application Thread] DEBUG Input                - Clearing active input actions
12:12:58.253 [JavaFX Application Thread] DEBUG GameApplicationServi - Removing overlay from FXGLLoadingScene and adding to GameScene
12:12:58.254 [JavaFX Application Thread] DEBUG PrimaryStageWindow   - FXGLLoadingScene -> GameScene
12:12:58.915 [FXGL Background Thread 3 ] DEBUG Engine               - Logging environment variables
12:12:58.916 [FXGL Background Thread 3 ] DEBUG Engine               - achievements: []
12:12:58.916 [FXGL Background Thread 3 ] DEBUG Engine               - actualHeight: 801.0
12:12:58.916 [FXGL Background Thread 3 ] DEBUG Engine               - actualHeightProperty: ReadOnlyDoubleProperty [value: 801.0]
12:12:58.916 [FXGL Background Thread 3 ] DEBUG Engine               - actualWidth: 1400.0
12:12:58.917 [FXGL Background Thread 3 ] DEBUG Engine               - actualWidthProperty: ReadOnlyDoubleProperty [value: 1400.0]
12:12:58.917 [FXGL Background Thread 3 ] DEBUG Engine               - appIcon: fxgl_icon.png
12:12:58.917 [FXGL Background Thread 3 ] DEBUG Engine               - applicationMode: DEVELOPER
12:12:58.917 [FXGL Background Thread 3 ] DEBUG Engine               - cSSList: [fxgl_dark.css]
12:12:58.917 [FXGL Background Thread 3 ] DEBUG Engine               - collisionDetectionStrategy: BRUTE_FORCE
12:12:58.917 [FXGL Background Thread 3 ] DEBUG Engine               - configClass: Optional.empty
12:12:58.917 [FXGL Background Thread 3 ] DEBUG Engine               - credits: []
12:12:58.917 [FXGL Background Thread 3 ] DEBUG Engine               - defaultCursor: CursorInfo(imageName=fxgl_default_cursor.png, hotspotX=7.0, hotspotY=6.0)
12:12:58.918 [FXGL Background Thread 3 ] DEBUG Engine               - devBBoxColorProperty: ObjectProperty [value: 0xff0000ff]
12:12:58.918 [FXGL Background Thread 3 ] DEBUG Engine               - devEnableDebugCameraProperty: BooleanProperty [value: false]
12:12:58.918 [FXGL Background Thread 3 ] DEBUG Engine               - devSensorColorProperty: ObjectProperty [value: 0xffff00ff]
12:12:58.918 [FXGL Background Thread 3 ] DEBUG Engine               - devShowBBoxProperty: BooleanProperty [value: false]
12:12:58.918 [FXGL Background Thread 3 ] DEBUG Engine               - devShowPositionProperty: BooleanProperty [value: false]
12:12:58.918 [FXGL Background Thread 3 ] DEBUG Engine               - enabledMenuItems: []
12:12:58.918 [FXGL Background Thread 3 ] DEBUG Engine               - engineServices: [class com.almasb.fxgl.app.services.FXGLAssetLoaderService, class com.almasb.fxgl.app.FXGLApplication$GameApplicationService, class com.almasb.fxgl.app.services.FXGLDialogService, class com.almasb.fxgl.app.services.IOTaskExecutorService, class com.almasb.fxgl.io.FileSystemService, class com.almasb.fxgl.localization.LocalizationService, class com.almasb.fxgl.app.services.SystemBundleService, class com.almasb.fxgl.profile.SaveLoadService, class com.almasb.fxgl.ui.FXGLUIFactoryServiceProvider, class com.almasb.fxgl.ui.FXGLDialogFactoryServiceProvider, class com.almasb.fxgl.audio.AudioPlayer, class com.almasb.fxgl.notification.impl.NotificationServiceProvider, class com.almasb.fxgl.achievement.AchievementService, class com.almasb.fxgl.cutscene.CutsceneService, class com.almasb.fxgl.minigames.MiniGameService, class com.almasb.fxgl.net.NetService, class com.almasb.fxgl.app.services.UpdaterService, class com.almasb.fxgl.dev.DevService]
12:12:58.918 [FXGL Background Thread 3 ] DEBUG Engine               - fontGame: Abel-Regular.ttf
12:12:58.918 [FXGL Background Thread 3 ] DEBUG Engine               - fontMono: lucida_console.ttf
12:12:58.919 [FXGL Background Thread 3 ] DEBUG Engine               - fontText: Courier-Prime.ttf
12:12:58.919 [FXGL Background Thread 3 ] DEBUG Engine               - fontUI: VarelaRound-Regular.ttf
12:12:58.919 [FXGL Background Thread 3 ] DEBUG Engine               - fullScreen: BooleanProperty [value: false]
12:12:58.919 [FXGL Background Thread 3 ] DEBUG Engine               - gameDifficulty: MEDIUM
12:12:58.919 [FXGL Background Thread 3 ] DEBUG Engine               - gameDifficultyProperty: ObjectProperty [value: MEDIUM]
12:12:58.919 [FXGL Background Thread 3 ] DEBUG Engine               - globalMusicVolume: 0.5
12:12:58.919 [FXGL Background Thread 3 ] DEBUG Engine               - globalMusicVolumeProperty: DoubleProperty [value: 0.5]
12:12:58.919 [FXGL Background Thread 3 ] DEBUG Engine               - globalSoundVolume: 0.5
12:12:58.920 [FXGL Background Thread 3 ] DEBUG Engine               - globalSoundVolumeProperty: DoubleProperty [value: 0.5]
12:12:58.920 [FXGL Background Thread 3 ] DEBUG Engine               - height: 1080
12:12:58.920 [FXGL Background Thread 3 ] DEBUG Engine               - is3D: false
12:12:58.920 [FXGL Background Thread 3 ] DEBUG Engine               - isAndroid: false
12:12:58.921 [FXGL Background Thread 3 ] DEBUG Engine               - isBrowser: false
12:12:58.921 [FXGL Background Thread 3 ] DEBUG Engine               - isClickFeedbackEnabled: false
12:12:58.921 [FXGL Background Thread 3 ] DEBUG Engine               - isCloseConfirmation: false
12:12:58.922 [FXGL Background Thread 3 ] DEBUG Engine               - isDesktop: true
12:12:58.922 [FXGL Background Thread 3 ] DEBUG Engine               - isDeveloperMenuEnabled: false
12:12:58.923 [FXGL Background Thread 3 ] DEBUG Engine               - isEntityPreloadEnabled: true
12:12:58.923 [FXGL Background Thread 3 ] DEBUG Engine               - isExperimentalTiledLargeMap: false
12:12:58.924 [FXGL Background Thread 3 ] DEBUG Engine               - isFileSystemWriteAllowed: true
12:12:58.925 [FXGL Background Thread 3 ] DEBUG Engine               - isFullScreenAllowed: false
12:12:58.926 [FXGL Background Thread 3 ] DEBUG Engine               - isFullScreenFromStart: false
12:12:58.927 [FXGL Background Thread 3 ] DEBUG Engine               - isGameMenuEnabled: true
12:12:58.928 [FXGL Background Thread 3 ] DEBUG Engine               - isIOS: false
12:12:58.929 [FXGL Background Thread 3 ] DEBUG Engine               - isIntroEnabled: false
12:12:58.929 [FXGL Background Thread 3 ] DEBUG Engine               - isLinux: false
12:12:58.929 [FXGL Background Thread 3 ] DEBUG Engine               - isMac: true
12:12:58.929 [FXGL Background Thread 3 ] DEBUG Engine               - isMainMenuEnabled: true
12:12:58.929 [FXGL Background Thread 3 ] DEBUG Engine               - isManualResizeEnabled: false
12:12:58.929 [FXGL Background Thread 3 ] DEBUG Engine               - isMobile: false
12:12:58.929 [FXGL Background Thread 3 ] DEBUG Engine               - isNative: false
12:12:58.929 [FXGL Background Thread 3 ] DEBUG Engine               - isPreserveResizeRatio: false
12:12:58.929 [FXGL Background Thread 3 ] DEBUG Engine               - isProfilingEnabled: false
12:12:58.930 [FXGL Background Thread 3 ] DEBUG Engine               - isScaleAffectedOnResize: true
12:12:58.930 [FXGL Background Thread 3 ] DEBUG Engine               - isSingleStep: false
12:12:58.930 [FXGL Background Thread 3 ] DEBUG Engine               - isUserProfileEnabled: false
12:12:58.930 [FXGL Background Thread 3 ] DEBUG Engine               - isWindows: false
12:12:58.930 [FXGL Background Thread 3 ] DEBUG Engine               - language: ObjectProperty [value: ENGLISH]
12:12:58.930 [FXGL Background Thread 3 ] DEBUG Engine               - menuKey: ESCAPE
12:12:58.930 [FXGL Background Thread 3 ] DEBUG Engine               - mouseSensitivity: 0.2
12:12:58.930 [FXGL Background Thread 3 ] DEBUG Engine               - notificationViewClass: class com.almasb.fxgl.notification.view.XboxNotificationView
12:12:58.931 [FXGL Background Thread 3 ] DEBUG Engine               - pixelsPerMeter: 50.0
12:12:58.931 [FXGL Background Thread 3 ] DEBUG Engine               - platform: MAC
12:12:58.931 [FXGL Background Thread 3 ] DEBUG Engine               - prefHeightProperty: ReadOnlyDoubleProperty [value: 1080.0]
12:12:58.932 [FXGL Background Thread 3 ] DEBUG Engine               - prefWidthProperty: ReadOnlyDoubleProperty [value: 1920.0]
12:12:58.932 [FXGL Background Thread 3 ] DEBUG Engine               - profileDir: profiles/
12:12:58.932 [FXGL Background Thread 3 ] DEBUG Engine               - profileName: StringProperty [value: DEFAULT]
12:12:58.932 [FXGL Background Thread 3 ] DEBUG Engine               - randomSeed: -1
12:12:58.932 [FXGL Background Thread 3 ] DEBUG Engine               - runtimeInfo: RuntimeInfo(platform=MAC, version=11.16, build=25.05.2021 08.16)
12:12:58.933 [FXGL Background Thread 3 ] DEBUG Engine               - saveFileExt: sav
12:12:58.933 [FXGL Background Thread 3 ] DEBUG Engine               - scaledHeightProp$fxgl: DoubleProperty [bound, value: 801.0]
12:12:58.933 [FXGL Background Thread 3 ] DEBUG Engine               - scaledWidthProp$fxgl: DoubleProperty [bound, value: 1400.0]
12:12:58.933 [FXGL Background Thread 3 ] DEBUG Engine               - sceneFactory: GameApp$1@497eea81
12:12:58.933 [FXGL Background Thread 3 ] DEBUG Engine               - secondsIn24h: 60
12:12:58.933 [FXGL Background Thread 3 ] DEBUG Engine               - soundMenuBack: menu/back.wav
12:12:58.933 [FXGL Background Thread 3 ] DEBUG Engine               - soundMenuPress: menu/press.wav
12:12:58.933 [FXGL Background Thread 3 ] DEBUG Engine               - soundMenuSelect: menu/select.wav
12:12:58.933 [FXGL Background Thread 3 ] DEBUG Engine               - soundNotification: core/notification.wav
12:12:58.933 [FXGL Background Thread 3 ] DEBUG Engine               - stageStyle: DECORATED
12:12:58.933 [FXGL Background Thread 3 ] DEBUG Engine               - supportedLanguages: [ENGLISH, FRENCH, GERMAN, HUNGARIAN, RUSSIAN]
12:12:58.933 [FXGL Background Thread 3 ] DEBUG Engine               - ticksPerSecond: -1
12:12:58.933 [FXGL Background Thread 3 ] DEBUG Engine               - title: Rhythm Knight
12:12:58.934 [FXGL Background Thread 3 ] DEBUG Engine               - urlGithub: https://github.com/AlmasB/FXGL
12:12:58.934 [FXGL Background Thread 3 ] DEBUG Engine               - urlLeaderboard: http://fxgl-top.herokuapp.com/
12:12:58.934 [FXGL Background Thread 3 ] DEBUG Engine               - urlPOM: https://raw.githubusercontent.com/AlmasB/FXGL/release/README.md
12:12:58.934 [FXGL Background Thread 3 ] DEBUG Engine               - userAppClass: class GameApp
12:12:58.934 [FXGL Background Thread 3 ] DEBUG Engine               - version: Pre-Alpha 1
12:12:58.934 [FXGL Background Thread 3 ] DEBUG Engine               - versionCheckDays: 7
12:12:58.934 [FXGL Background Thread 3 ] DEBUG Engine               - width: 1920
12:12:58.934 [FXGL Background Thread 3 ] DEBUG Engine               - Logging services
12:12:58.934 [FXGL Background Thread 3 ] DEBUG Engine               - class com.almasb.fxgl.app.services.FXGLAssetLoaderService
12:12:58.934 [FXGL Background Thread 3 ] DEBUG Engine               - class com.almasb.fxgl.app.FXGLApplication$GameApplicationService
12:12:58.934 [FXGL Background Thread 3 ] DEBUG Engine               - class com.almasb.fxgl.app.services.FXGLDialogService
12:12:58.934 [FXGL Background Thread 3 ] DEBUG Engine               - class com.almasb.fxgl.app.services.IOTaskExecutorService
12:12:58.935 [FXGL Background Thread 3 ] DEBUG Engine               - class com.almasb.fxgl.io.FileSystemService
12:12:58.935 [FXGL Background Thread 3 ] DEBUG Engine               - class com.almasb.fxgl.localization.LocalizationService
12:12:58.935 [FXGL Background Thread 3 ] DEBUG Engine               - class com.almasb.fxgl.app.services.SystemBundleService
12:12:58.935 [FXGL Background Thread 3 ] DEBUG Engine               - class com.almasb.fxgl.profile.SaveLoadService
12:12:58.935 [FXGL Background Thread 3 ] DEBUG Engine               - class com.almasb.fxgl.ui.FXGLUIFactoryServiceProvider
12:12:58.935 [FXGL Background Thread 3 ] DEBUG Engine               - class com.almasb.fxgl.ui.FXGLDialogFactoryServiceProvider
12:12:58.935 [FXGL Background Thread 3 ] DEBUG Engine               - class com.almasb.fxgl.audio.AudioPlayer
12:12:58.935 [FXGL Background Thread 3 ] DEBUG Engine               - class com.almasb.fxgl.notification.impl.NotificationServiceProvider
12:12:58.935 [FXGL Background Thread 3 ] DEBUG Engine               - class com.almasb.fxgl.achievement.AchievementService
12:12:58.935 [FXGL Background Thread 3 ] DEBUG Engine               - class com.almasb.fxgl.cutscene.CutsceneService
12:12:58.935 [FXGL Background Thread 3 ] DEBUG Engine               - class com.almasb.fxgl.minigames.MiniGameService
12:12:58.936 [FXGL Background Thread 3 ] DEBUG Engine               - class com.almasb.fxgl.net.NetService
12:12:58.936 [FXGL Background Thread 3 ] DEBUG Engine               - class com.almasb.fxgl.app.services.UpdaterService
12:12:58.936 [FXGL Background Thread 3 ] DEBUG Engine               - class com.almasb.fxgl.dev.DevService
12:12:59.597 [JavaFX Application Thread] DEBUG LoopRunner           - Stopping loop
12:12:59.599 [JavaFX Application Thread] FATAL FXGLApplication      - Uncaught Exception:
java.lang.NullPointerException
	at Animator.pulsateScore(Animator.java:28)
	at Conductor.lambda$checkRhythm$2(Conductor.java:77)
	at com.sun.javafx.event.CompositeEventHandler.dispatchBubblingEvent(CompositeEventHandler.java:86)
	at com.sun.javafx.event.EventHandlerManager.dispatchBubblingEvent(EventHandlerManager.java:234)
	at com.sun.javafx.event.EventHandlerManager.dispatchBubblingEvent(EventHandlerManager.java:191)
	at com.sun.javafx.event.CompositeEventDispatcher.dispatchBubblingEvent(CompositeEventDispatcher.java:59)
	at com.sun.javafx.event.BasicEventDispatcher.dispatchEvent(BasicEventDispatcher.java:58)
	at com.sun.javafx.event.EventDispatchChainImpl.dispatchEvent(EventDispatchChainImpl.java:114)
	at com.sun.javafx.event.BasicEventDispatcher.dispatchEvent(BasicEventDispatcher.java:56)
	at com.sun.javafx.event.EventDispatchChainImpl.dispatchEvent(EventDispatchChainImpl.java:114)
	at com.sun.javafx.event.BasicEventDispatcher.dispatchEvent(BasicEventDispatcher.java:56)
	at com.sun.javafx.event.EventDispatchChainImpl.dispatchEvent(EventDispatchChainImpl.java:114)
	at com.sun.javafx.event.EventUtil.fireEventImpl(EventUtil.java:74)
	at com.sun.javafx.event.EventUtil.fireEvent(EventUtil.java:54)
	at javafx.event.Event.fireEvent(Event.java:198)
	at javafx.scene.Scene$ClickGenerator.postProcess(Scene.java:3563)
	at javafx.scene.Scene$MouseHandler.process(Scene.java:3865)
	at javafx.scene.Scene.processMouseEvent(Scene.java:1851)
	at javafx.scene.Scene$ScenePeerListener.mouseEvent(Scene.java:2584)
	at com.sun.javafx.tk.quantum.GlassViewEventHandler$MouseEventNotification.run(GlassViewEventHandler.java:409)
	at com.sun.javafx.tk.quantum.GlassViewEventHandler$MouseEventNotification.run(GlassViewEventHandler.java:299)
	at java.base/java.security.AccessController.doPrivileged(Native Method)
	at com.sun.javafx.tk.quantum.GlassViewEventHandler.lambda$handleMouseEvent$2(GlassViewEventHandler.java:447)
	at com.sun.javafx.tk.quantum.QuantumToolkit.runWithoutRenderLock(QuantumToolkit.java:412)
	at com.sun.javafx.tk.quantum.GlassViewEventHandler.handleMouseEvent(GlassViewEventHandler.java:446)
	at com.sun.glass.ui.View.handleMouseEvent(View.java:556)
	at com.sun.glass.ui.View.notifyMouse(View.java:942)
	at com.sun.glass.ui.mac.MacView.notifyMouse(MacView.java:127)

12:12:59.599 [JavaFX Application Thread] FATAL FXGLApplication      - Application will now exit
12:12:59.614 [JavaFX Application Thread] DEBUG PrimaryStageWindow   - Push state: ErrorSubScene
12:12:59.614 [JavaFX Application Thread] DEBUG Input                - Clearing active input actions
12:12:59.617 [JavaFX Application Thread] DEBUG GameApplicationServi - Removing overlay from GameScene and adding to ErrorSubScene
12:12:59.617 [JavaFX Application Thread] DEBUG PrimaryStageWindow   - GameScene -> ErrorSubScene
12:13:01.948 [JavaFX Application Thread] DEBUG FXGLApplication      - Exiting FXGL
12:13:01.948 [JavaFX Application Thread] DEBUG Async                - Shutting down background threads
12:13:01.948 [JavaFX Application Thread] DEBUG PrimaryStageWindow   - Closing main window
12:13:01.958 [JavaFX Application Thread] DEBUG Logger               - Closing Logger
