13:16:19.583 [main                     ] DEBUG Logger               - Configured Logger
13:16:19.587 [main                     ] DEBUG GameApplication      - Logging settings
Title: Rhythm Knight
Version: Pre-Alpha 1
Width: 1920
Height: 1080
Fullscreen: true
Intro: false
Profiling: false
Single step:false
App Mode: DEVELOPER
Menu Key: ESCAPE
Stage Style: DECORATED
Scene Factory: class GameApp$1

13:16:20.081 [JavaFX Application Thread] DEBUG FXGLApplication      - Initializing FXGL
13:16:20.083 [JavaFX Application Thread] INFO  Engine               - FXGL-11.16 (25.05.2021 08.16) on LINUX (J:16.0.1 FX:16)
13:16:20.083 [JavaFX Application Thread] DEBUG Engine               - JRE Vendor Name: Oracle Corporation
13:16:20.083 [JavaFX Application Thread] DEBUG Engine               - Running on OS: Linux version 5.8.0-55-generic
13:16:20.083 [JavaFX Application Thread] DEBUG Engine               - Architecture: amd64
13:16:20.083 [JavaFX Application Thread] INFO  Engine               - Source code and latest versions at: https://github.com/AlmasB/FXGL
13:16:20.083 [JavaFX Application Thread] INFO  Engine               -              Join the FXGL chat at: https://gitter.im/AlmasB/FXGL
13:16:20.173 [JavaFX Application Thread] DEBUG PrimaryStageWindow   - Creating a JavaFX scene
13:16:20.246 [JavaFX Application Thread] DEBUG PrimaryStageWindow   - Target settings size: 1920.0 x 1080.0
13:16:20.246 [JavaFX Application Thread] DEBUG PrimaryStageWindow   - Scaled scene size:    1920.0 x 1080.0
13:16:20.246 [JavaFX Application Thread] DEBUG PrimaryStageWindow   - Scaled ratio: (1.0, 1.0)
13:16:20.247 [JavaFX Application Thread] DEBUG PrimaryStageWindow   - Set initial scene to FXGLStartupScene
13:16:20.251 [JavaFX Application Thread] DEBUG PrimaryStageWindow   - Opening main window
13:16:20.281 [JavaFX Application Thread] DEBUG PrimaryStageWindow   - Window border size: (2.0, 29.0)
13:16:20.281 [JavaFX Application Thread] DEBUG PrimaryStageWindow   - Scaled size: 1920.0 x 1080.0
13:16:20.281 [JavaFX Application Thread] DEBUG PrimaryStageWindow   - Scaled ratio: (1.0, 1.0)
13:16:20.281 [JavaFX Application Thread] DEBUG PrimaryStageWindow   - Scene size: 1920.0 x 1080.0
13:16:20.282 [JavaFX Application Thread] DEBUG PrimaryStageWindow   - Stage size: 1922.0 x 1109.0
13:16:20.293 [FXGL Background Thread 1 ] DEBUG Engine               - Initializing environment variables
13:16:20.337 [FXGL Background Thread 1 ] DEBUG FXGLAssetLoaderServi - User app class for loading assets: class GameApp
13:16:20.337 [FXGL Background Thread 1 ] DEBUG GameApplicationServi - Applying CSS: fxgl_dark.css
13:16:20.338 [FXGL Background Thread 1 ] DEBUG FXGLAssetLoaderServi - Loading from file system: jar:file:/home/user/.m2/repository/com/github/almasb/fxgl/11.16/fxgl-11.16.jar!/fxglassets/ui/css/fxgl_dark.css
13:16:20.402 [FXGL Background Thread 1 ] DEBUG GameApplicationServi - Initializing application scenes
13:16:20.437 [FXGL Background Thread 1 ] DEBUG GameWorld            - Game world initialized
13:16:20.471 [FXGL Background Thread 1 ] DEBUG PhysicsWorld         - Physics world initialized: appHeight=1080, physics.ppm=50.0
13:16:20.472 [FXGL Background Thread 1 ] DEBUG PhysicsWorld         - Using strategy: BRUTE_FORCE
13:16:20.473 [FXGL Background Thread 1 ] DEBUG GameScene            - Game scene initialized: 1920x1080
13:16:20.475 [FXGL Background Thread 1 ] DEBUG FXGLAssetLoaderServi - Loading from file system: file:/home/user/Desktop/2340G21-RhythmKnight-experimental/Project/target/classes/assets/textures/main-menu.png
13:16:20.540 [FXGL Background Thread 1 ] DEBUG FXGL.DefaultMenu     - createMenuBodyGameMenu()
13:16:20.547 [FXGL Background Thread 1 ] DEBUG FXGL.DefaultMenu     - createOptionsMenu()
13:16:20.550 [FXGL Background Thread 1 ] DEBUG FXGL.DefaultMenu     - createExtraMenu()
13:16:20.552 [FXGL Background Thread 1 ] DEBUG FXGLAssetLoaderServi - Loading from file system: jar:file:/home/user/.m2/repository/com/github/almasb/fxgl/11.16/fxgl-11.16.jar!/fxglassets/textures/particles/smoke.png
13:16:20.600 [FXGL Background Thread 1 ] DEBUG FXGLAssetLoaderServi - Loading from file system: jar:file:/home/user/.m2/repository/com/github/almasb/fxgl/11.16/fxgl-11.16.jar!/fxglassets/textures/particles/trace_horizontal.png
13:16:20.617 [FXGL Background Thread 1 ] DEBUG GameApplicationServi - Application scenes initialized
13:16:20.622 [FXGL Background Thread 1 ] DEBUG SystemBundleService  - Loading FXGL system data
13:16:20.624 [FXGL Background Thread 1 ] DEBUG FileSystemAccess     - Reading from: /home/user/Desktop/2340G21-RhythmKnight-experimental/Project/system/fxgl.bundle
13:16:20.629 [FXGL Background Thread 1 ] DEBUG SystemBundleService  - Bundle FXGL: {}
13:16:20.629 [FXGL Background Thread 1 ] DEBUG UpdaterService       - Checking for updates
13:16:20.633 [FXGL Background Thread 1 ] DEBUG FXGLApplication      - Loading default localization
13:16:20.634 [FXGL Background Thread 1 ] DEBUG FXGLAssetLoaderServi - Loading from file system: jar:file:/home/user/.m2/repository/com/github/almasb/fxgl/11.16/fxgl-11.16.jar!/fxglassets/languages/english.lang
13:16:20.633 [FXGL Background Thread 4 ] DEBUG FXGLApplication      - Loading fonts
13:16:20.635 [FXGL Background Thread 4 ] DEBUG FXGLAssetLoaderServi - Loading from file system: jar:file:/home/user/.m2/repository/com/github/almasb/fxgl/11.16/fxgl-11.16.jar!/fxglassets/ui/fonts/VarelaRound-Regular.ttf
13:16:20.644 [FXGL Background Thread 1 ] INFO  FXGLApplication      - FXGL initialization took: 0.351 sec
13:16:20.645 [JavaFX Application Thread] DEBUG FXGLAssetLoaderServi - Loading from file system: jar:file:/home/user/.m2/repository/com/github/almasb/fxgl/11.16/fxgl-11.16.jar!/fxglassets/textures/fxgl_icon.png
13:16:20.660 [JavaFX Application Thread] DEBUG FXGLAssetLoaderServi - Loading from file system: jar:file:/home/user/.m2/repository/com/github/almasb/fxgl/11.16/fxgl-11.16.jar!/fxglassets/textures/fxgl_default_cursor.png
13:16:20.668 [FXGL Background Thread 4 ] DEBUG FXGLAssetLoaderServi - Loading from file system: jar:file:/home/user/.m2/repository/com/github/almasb/fxgl/11.16/fxgl-11.16.jar!/fxglassets/ui/fonts/Abel-Regular.ttf
13:16:20.670 [FXGL Background Thread 4 ] DEBUG FXGLAssetLoaderServi - Loading from file system: jar:file:/home/user/.m2/repository/com/github/almasb/fxgl/11.16/fxgl-11.16.jar!/fxglassets/ui/fonts/lucida_console.ttf
13:16:20.672 [FXGL Background Thread 4 ] DEBUG FXGLAssetLoaderServi - Loading from file system: jar:file:/home/user/.m2/repository/com/github/almasb/fxgl/11.16/fxgl-11.16.jar!/fxglassets/ui/fonts/Courier-Prime.ttf
13:16:20.678 [JavaFX Application Thread] DEBUG Input                - Registered new binding: Screenshot - CTRL+8
13:16:20.681 [JavaFX Application Thread] DEBUG Input                - Registered new binding: System info dump - CTRL+9
13:16:20.682 [JavaFX Application Thread] DEBUG Input                - Registered new binding: Restart - CTRL+R
13:16:20.682 [JavaFX Application Thread] DEBUG Input                - Registered new binding: Toggle Debug Camera - CTRL+C
13:16:20.686 [JavaFX Application Thread] DEBUG LoopRunner           - Starting loop
13:16:20.686 [JavaFX Application Thread] DEBUG LoopRunner           - Initializing JavaFX AnimationTimerLoop
13:16:20.688 [JavaFX Application Thread] DEBUG Input                - Clearing active input actions
13:16:20.695 [JavaFX Application Thread] DEBUG GameApplicationServi - Removing overlay from FXGLStartupScene and adding to FXGLMainMenuDummyScene
13:16:20.695 [JavaFX Application Thread] DEBUG PrimaryStageWindow   - FXGLStartupScene -> FXGLMainMenuDummyScene
13:16:20.695 [JavaFX Application Thread] DEBUG PrimaryStageWindow   - Push state: AppMainMenu
13:16:20.695 [JavaFX Application Thread] DEBUG Input                - Clearing active input actions
13:16:20.698 [JavaFX Application Thread] DEBUG GameApplicationServi - Removing overlay from FXGLMainMenuDummyScene and adding to AppMainMenu
13:16:20.699 [JavaFX Application Thread] DEBUG PrimaryStageWindow   - FXGLMainMenuDummyScene -> AppMainMenu
13:16:20.701 [JavaFX Application Thread] DEBUG FXGLApplication      - Registering font factories with UI factory
13:16:21.809 [JavaFX Application Thread] DEBUG FXGLApplication      - Exiting FXGL
13:16:21.809 [JavaFX Application Thread] DEBUG LoopRunner           - Stopping loop
13:16:21.810 [JavaFX Application Thread] DEBUG SystemBundleService  - Saving FXGL system data
13:16:21.810 [JavaFX Application Thread] DEBUG FileSystemAccess     - Writing to: /home/user/Desktop/2340G21-RhythmKnight-experimental/Project/system/fxgl.bundle
13:16:21.812 [JavaFX Application Thread] DEBUG Async                - Shutting down background threads
13:16:21.812 [JavaFX Application Thread] DEBUG PrimaryStageWindow   - Closing main window
13:16:21.813 [JavaFX Application Thread] DEBUG Logger               - Closing Logger
