13:55:51.417 [main                     ] DEBUG Logger               - Configured Logger
13:55:51.420 [main                     ] DEBUG GameApplication      - Logging settings
Title: Rhythm Knight
Version: Pre-Alpha 1
Width: 1920
Height: 1080
Fullscreen: false
Intro: false
Profiling: false
Single step:false
App Mode: DEVELOPER
Menu Key: ESCAPE
Stage Style: DECORATED
Scene Factory: class GameApp$1

13:55:51.890 [JavaFX Application Thread] DEBUG FXGLApplication      - Initializing FXGL
13:55:51.892 [JavaFX Application Thread] INFO  Engine               - FXGL-11.16 (25.05.2021 08.16) on LINUX (J:16.0.1 FX:16)
13:55:51.892 [JavaFX Application Thread] DEBUG Engine               - JRE Vendor Name: Oracle Corporation
13:55:51.892 [JavaFX Application Thread] DEBUG Engine               - Running on OS: Linux version 5.8.0-55-generic
13:55:51.892 [JavaFX Application Thread] DEBUG Engine               - Architecture: amd64
13:55:51.892 [JavaFX Application Thread] INFO  Engine               - Source code and latest versions at: https://github.com/AlmasB/FXGL
13:55:51.893 [JavaFX Application Thread] INFO  Engine               -              Join the FXGL chat at: https://gitter.im/AlmasB/FXGL
13:55:51.977 [JavaFX Application Thread] DEBUG PrimaryStageWindow   - Creating a JavaFX scene
13:55:52.048 [JavaFX Application Thread] DEBUG PrimaryStageWindow   - Target settings size: 1920.0 x 1080.0
13:55:52.048 [JavaFX Application Thread] DEBUG PrimaryStageWindow   - Scaled scene size:    1920.0 x 1080.0
13:55:52.049 [JavaFX Application Thread] DEBUG PrimaryStageWindow   - Scaled ratio: (1.0, 1.0)
13:55:52.049 [JavaFX Application Thread] DEBUG PrimaryStageWindow   - Set initial scene to FXGLStartupScene
13:55:52.053 [JavaFX Application Thread] DEBUG PrimaryStageWindow   - Opening main window
13:55:52.079 [JavaFX Application Thread] DEBUG PrimaryStageWindow   - Window border size: (2.0, 29.0)
13:55:52.079 [JavaFX Application Thread] DEBUG PrimaryStageWindow   - Scaled size: 1920.0 x 1080.0
13:55:52.079 [JavaFX Application Thread] DEBUG PrimaryStageWindow   - Scaled ratio: (1.0, 1.0)
13:55:52.079 [JavaFX Application Thread] DEBUG PrimaryStageWindow   - Scene size: 1920.0 x 1080.0
13:55:52.080 [JavaFX Application Thread] DEBUG PrimaryStageWindow   - Stage size: 1922.0 x 1109.0
13:55:52.084 [FXGL Background Thread 1 ] DEBUG Engine               - Initializing environment variables
13:55:52.128 [FXGL Background Thread 1 ] DEBUG FXGLAssetLoaderServi - User app class for loading assets: class GameApp
13:55:52.128 [FXGL Background Thread 1 ] DEBUG GameApplicationServi - Applying CSS: fxgl_dark.css
13:55:52.130 [FXGL Background Thread 1 ] DEBUG FXGLAssetLoaderServi - Loading from file system: jar:file:/home/user/.m2/repository/com/github/almasb/fxgl/11.16/fxgl-11.16.jar!/fxglassets/ui/css/fxgl_dark.css
13:55:52.186 [FXGL Background Thread 1 ] DEBUG GameApplicationServi - Initializing application scenes
13:55:52.223 [FXGL Background Thread 1 ] DEBUG GameWorld            - Game world initialized
13:55:52.260 [FXGL Background Thread 1 ] DEBUG PhysicsWorld         - Physics world initialized: appHeight=1080, physics.ppm=50.0
13:55:52.260 [FXGL Background Thread 1 ] DEBUG PhysicsWorld         - Using strategy: BRUTE_FORCE
13:55:52.262 [FXGL Background Thread 1 ] DEBUG GameScene            - Game scene initialized: 1920x1080
13:55:52.265 [FXGL Background Thread 1 ] DEBUG FXGLAssetLoaderServi - Loading from file system: file:/home/user/Desktop/2340G21-RhythmKnight-experimental/Project/target/classes/assets/textures/main-menu.png
13:55:52.334 [FXGL Background Thread 1 ] DEBUG FXGLAssetLoaderServi - Loading from file system: file:/home/user/Desktop/2340G21-RhythmKnight-experimental/Project/target/classes/assets/textures/rest.png
13:55:52.343 [FXGL Background Thread 1 ] DEBUG FXGL.DefaultMenu     - createMenuBodyGameMenu()
13:55:52.349 [FXGL Background Thread 1 ] DEBUG FXGL.DefaultMenu     - createOptionsMenu()
13:55:52.353 [FXGL Background Thread 1 ] DEBUG FXGLAssetLoaderServi - Loading from file system: jar:file:/home/user/.m2/repository/com/github/almasb/fxgl/11.16/fxgl-11.16.jar!/fxglassets/textures/particles/smoke.png
13:55:52.398 [FXGL Background Thread 1 ] DEBUG FXGLAssetLoaderServi - Loading from file system: jar:file:/home/user/.m2/repository/com/github/almasb/fxgl/11.16/fxgl-11.16.jar!/fxglassets/textures/particles/trace_horizontal.png
13:55:52.415 [FXGL Background Thread 1 ] DEBUG GameApplicationServi - Application scenes initialized
13:55:52.421 [FXGL Background Thread 1 ] DEBUG SystemBundleService  - Loading FXGL system data
13:55:52.423 [FXGL Background Thread 1 ] DEBUG FileSystemAccess     - Reading from: /home/user/Desktop/2340G21-RhythmKnight-experimental/Project/system/fxgl.bundle
13:55:52.427 [FXGL Background Thread 1 ] DEBUG SystemBundleService  - Bundle FXGL: {}
13:55:52.427 [FXGL Background Thread 1 ] DEBUG UpdaterService       - Checking for updates
13:55:52.447 [FXGL Background Thread 1 ] DEBUG FXGLApplication      - Loading default localization
13:55:52.447 [FXGL Background Thread 1 ] DEBUG FXGLAssetLoaderServi - Loading from file system: jar:file:/home/user/.m2/repository/com/github/almasb/fxgl/11.16/fxgl-11.16.jar!/fxglassets/languages/english.lang
13:55:52.454 [FXGL Background Thread 4 ] DEBUG FXGLApplication      - Loading fonts
13:55:52.455 [FXGL Background Thread 4 ] DEBUG FXGLAssetLoaderServi - Loading from file system: jar:file:/home/user/.m2/repository/com/github/almasb/fxgl/11.16/fxgl-11.16.jar!/fxglassets/ui/fonts/VarelaRound-Regular.ttf
13:55:52.460 [FXGL Background Thread 1 ] INFO  FXGLApplication      - FXGL initialization took: 0.376 sec
13:55:52.461 [JavaFX Application Thread] DEBUG FXGLAssetLoaderServi - Loading from file system: jar:file:/home/user/.m2/repository/com/github/almasb/fxgl/11.16/fxgl-11.16.jar!/fxglassets/textures/fxgl_icon.png
13:55:52.463 [FXGL Background Thread 4 ] DEBUG FXGLAssetLoaderServi - Loading from file system: jar:file:/home/user/.m2/repository/com/github/almasb/fxgl/11.16/fxgl-11.16.jar!/fxglassets/ui/fonts/Abel-Regular.ttf
13:55:52.464 [FXGL Background Thread 4 ] DEBUG FXGLAssetLoaderServi - Loading from file system: jar:file:/home/user/.m2/repository/com/github/almasb/fxgl/11.16/fxgl-11.16.jar!/fxglassets/ui/fonts/lucida_console.ttf
13:55:52.465 [FXGL Background Thread 4 ] DEBUG FXGLAssetLoaderServi - Loading from file system: jar:file:/home/user/.m2/repository/com/github/almasb/fxgl/11.16/fxgl-11.16.jar!/fxglassets/ui/fonts/Courier-Prime.ttf
13:55:52.469 [JavaFX Application Thread] DEBUG FXGLAssetLoaderServi - Loading from file system: jar:file:/home/user/.m2/repository/com/github/almasb/fxgl/11.16/fxgl-11.16.jar!/fxglassets/textures/fxgl_default_cursor.png
13:55:52.476 [JavaFX Application Thread] DEBUG Input                - Registered new binding: Screenshot - CTRL+8
13:55:52.478 [JavaFX Application Thread] DEBUG Input                - Registered new binding: System info dump - CTRL+9
13:55:52.479 [JavaFX Application Thread] DEBUG Input                - Registered new binding: Restart - CTRL+R
13:55:52.479 [JavaFX Application Thread] DEBUG Input                - Registered new binding: Toggle Debug Camera - CTRL+C
13:55:52.480 [JavaFX Application Thread] DEBUG LoopRunner           - Starting loop
13:55:52.480 [JavaFX Application Thread] DEBUG LoopRunner           - Initializing JavaFX AnimationTimerLoop
13:55:52.482 [JavaFX Application Thread] DEBUG Input                - Clearing active input actions
13:55:52.487 [JavaFX Application Thread] DEBUG GameApplicationServi - Removing overlay from FXGLStartupScene and adding to FXGLMainMenuDummyScene
13:55:52.488 [JavaFX Application Thread] DEBUG PrimaryStageWindow   - FXGLStartupScene -> FXGLMainMenuDummyScene
13:55:52.488 [JavaFX Application Thread] DEBUG PrimaryStageWindow   - Push state: AppMainMenu
13:55:52.488 [JavaFX Application Thread] DEBUG Input                - Clearing active input actions
13:55:52.493 [JavaFX Application Thread] DEBUG GameApplicationServi - Removing overlay from FXGLMainMenuDummyScene and adding to AppMainMenu
13:55:52.494 [JavaFX Application Thread] DEBUG PrimaryStageWindow   - FXGLMainMenuDummyScene -> AppMainMenu
13:55:52.494 [JavaFX Application Thread] DEBUG FXGLApplication      - Registering font factories with UI factory
13:55:53.896 [JavaFX Application Thread] DEBUG Menu                 - fireNewGame()
13:55:53.897 [JavaFX Application Thread] DEBUG GameApplicationServi - Starting new game
13:55:53.897 [JavaFX Application Thread] DEBUG PrimaryStageWindow   - Pop state: AppMainMenu
13:55:53.897 [JavaFX Application Thread] DEBUG Input                - Clearing active input actions
13:55:53.897 [JavaFX Application Thread] DEBUG GameApplicationServi - Removing overlay from AppMainMenu and adding to FXGLMainMenuDummyScene
13:55:53.898 [JavaFX Application Thread] DEBUG PrimaryStageWindow   - FXGLMainMenuDummyScene <- AppMainMenu
13:55:53.898 [JavaFX Application Thread] DEBUG Input                - Clearing active input actions
13:55:53.903 [JavaFX Application Thread] DEBUG GameApplicationServi - Removing overlay from FXGLMainMenuDummyScene and adding to FXGLLoadingScene
13:55:53.903 [JavaFX Application Thread] DEBUG PrimaryStageWindow   - FXGLMainMenuDummyScene -> FXGLLoadingScene
13:55:53.903 [JavaFX Application Thread] DEBUG GameApplicationServi - Clearing previous game
13:55:53.904 [JavaFX Application Thread] DEBUG GameScene            - Clearing game scene
13:55:53.904 [JavaFX Application Thread] DEBUG GameWorld            - Clearing game world
13:55:53.904 [JavaFX Application Thread] DEBUG PhysicsWorld         - Clearing physics world
13:55:53.904 [FXGL Background Thread 2 ] DEBUG FXGLApplication      - Initializing game
13:55:53.905 [FXGL Background Thread 2 ] DEBUG FXGLAssetLoaderServi - Loading from file system: file:/home/user/Desktop/2340G21-RhythmKnight-experimental/Project/target/classes/assets/sounds/Tutorial.wav
13:55:53.977 [FXGL Background Thread 2 ] DEBUG FXGLAssetLoaderServi - Loading from file system: file:/home/user/Desktop/2340G21-RhythmKnight-experimental/Project/target/classes/assets/textures/TutorialTilemap.png
13:55:54.008 [FXGL Background Thread 2 ] INFO  FXGLApplication      - Game initialization took: 0.104 sec
13:55:54.009 [JavaFX Application Thread] DEBUG Input                - Clearing active input actions
13:55:54.013 [JavaFX Application Thread] DEBUG GameApplicationServi - Removing overlay from FXGLLoadingScene and adding to GameScene
13:55:54.013 [JavaFX Application Thread] DEBUG PrimaryStageWindow   - FXGLLoadingScene -> GameScene
13:55:55.431 [FXGL Background Thread 3 ] DEBUG Engine               - Logging environment variables
13:55:55.431 [FXGL Background Thread 3 ] DEBUG Engine               - achievements: []
13:55:55.431 [FXGL Background Thread 3 ] DEBUG Engine               - actualHeight: 1080.0
13:55:55.431 [FXGL Background Thread 3 ] DEBUG Engine               - actualHeightProperty: ReadOnlyDoubleProperty [value: 1081.0]
13:55:55.431 [FXGL Background Thread 3 ] DEBUG Engine               - actualWidth: 1920.0
13:55:55.431 [FXGL Background Thread 3 ] DEBUG Engine               - actualWidthProperty: ReadOnlyDoubleProperty [value: 1918.0]
13:55:55.431 [FXGL Background Thread 3 ] DEBUG Engine               - appIcon: fxgl_icon.png
13:55:55.432 [FXGL Background Thread 3 ] DEBUG Engine               - applicationMode: DEVELOPER
13:55:55.432 [FXGL Background Thread 3 ] DEBUG Engine               - cSSList: [fxgl_dark.css]
13:55:55.432 [FXGL Background Thread 3 ] DEBUG Engine               - collisionDetectionStrategy: BRUTE_FORCE
13:55:55.432 [FXGL Background Thread 3 ] DEBUG Engine               - configClass: Optional.empty
13:55:55.432 [FXGL Background Thread 3 ] DEBUG Engine               - credits: []
13:55:55.432 [FXGL Background Thread 3 ] DEBUG Engine               - defaultCursor: CursorInfo(imageName=fxgl_default_cursor.png, hotspotX=7.0, hotspotY=6.0)
13:55:55.432 [FXGL Background Thread 3 ] DEBUG Engine               - devBBoxColorProperty: ObjectProperty [value: 0xff0000ff]
13:55:55.432 [FXGL Background Thread 3 ] DEBUG Engine               - devEnableDebugCameraProperty: BooleanProperty [value: false]
13:55:55.433 [FXGL Background Thread 3 ] DEBUG Engine               - devSensorColorProperty: ObjectProperty [value: 0xffff00ff]
13:55:55.433 [FXGL Background Thread 3 ] DEBUG Engine               - devShowBBoxProperty: BooleanProperty [value: false]
13:55:55.433 [FXGL Background Thread 3 ] DEBUG Engine               - devShowPositionProperty: BooleanProperty [value: false]
13:55:55.433 [FXGL Background Thread 3 ] DEBUG Engine               - enabledMenuItems: []
13:55:55.433 [FXGL Background Thread 3 ] DEBUG Engine               - engineServices: [class com.almasb.fxgl.app.services.FXGLAssetLoaderService, class com.almasb.fxgl.app.FXGLApplication$GameApplicationService, class com.almasb.fxgl.app.services.FXGLDialogService, class com.almasb.fxgl.app.services.IOTaskExecutorService, class com.almasb.fxgl.io.FileSystemService, class com.almasb.fxgl.localization.LocalizationService, class com.almasb.fxgl.app.services.SystemBundleService, class com.almasb.fxgl.profile.SaveLoadService, class com.almasb.fxgl.ui.FXGLUIFactoryServiceProvider, class com.almasb.fxgl.ui.FXGLDialogFactoryServiceProvider, class com.almasb.fxgl.audio.AudioPlayer, class com.almasb.fxgl.notification.impl.NotificationServiceProvider, class com.almasb.fxgl.achievement.AchievementService, class com.almasb.fxgl.cutscene.CutsceneService, class com.almasb.fxgl.minigames.MiniGameService, class com.almasb.fxgl.net.NetService, class com.almasb.fxgl.app.services.UpdaterService, class com.almasb.fxgl.dev.DevService]
13:55:55.433 [FXGL Background Thread 3 ] DEBUG Engine               - fontGame: Abel-Regular.ttf
13:55:55.433 [FXGL Background Thread 3 ] DEBUG Engine               - fontMono: lucida_console.ttf
13:55:55.433 [FXGL Background Thread 3 ] DEBUG Engine               - fontText: Courier-Prime.ttf
13:55:55.433 [FXGL Background Thread 3 ] DEBUG Engine               - fontUI: VarelaRound-Regular.ttf
13:55:55.433 [FXGL Background Thread 3 ] DEBUG Engine               - fullScreen: BooleanProperty [value: false]
13:55:55.434 [FXGL Background Thread 3 ] DEBUG Engine               - gameDifficulty: MEDIUM
13:55:55.434 [FXGL Background Thread 3 ] DEBUG Engine               - gameDifficultyProperty: ObjectProperty [value: MEDIUM]
13:55:55.434 [FXGL Background Thread 3 ] DEBUG Engine               - globalMusicVolume: 0.5
13:55:55.434 [FXGL Background Thread 3 ] DEBUG Engine               - globalMusicVolumeProperty: DoubleProperty [value: 0.5]
13:55:55.434 [FXGL Background Thread 3 ] DEBUG Engine               - globalSoundVolume: 0.5
13:55:55.434 [FXGL Background Thread 3 ] DEBUG Engine               - globalSoundVolumeProperty: DoubleProperty [value: 0.5]
13:55:55.434 [FXGL Background Thread 3 ] DEBUG Engine               - height: 1080
13:55:55.434 [FXGL Background Thread 3 ] DEBUG Engine               - is3D: false
13:55:55.434 [FXGL Background Thread 3 ] DEBUG Engine               - isAndroid: false
13:55:55.434 [FXGL Background Thread 3 ] DEBUG Engine               - isBrowser: false
13:55:55.434 [FXGL Background Thread 3 ] DEBUG Engine               - isClickFeedbackEnabled: false
13:55:55.434 [FXGL Background Thread 3 ] DEBUG Engine               - isCloseConfirmation: false
13:55:55.435 [FXGL Background Thread 3 ] DEBUG Engine               - isDesktop: true
13:55:55.435 [FXGL Background Thread 3 ] DEBUG Engine               - isDeveloperMenuEnabled: false
13:55:55.435 [FXGL Background Thread 3 ] DEBUG Engine               - isEntityPreloadEnabled: true
13:55:55.435 [FXGL Background Thread 3 ] DEBUG Engine               - isExperimentalTiledLargeMap: false
13:55:55.435 [FXGL Background Thread 3 ] DEBUG Engine               - isFileSystemWriteAllowed: true
13:55:55.435 [FXGL Background Thread 3 ] DEBUG Engine               - isFullScreenAllowed: false
13:55:55.435 [FXGL Background Thread 3 ] DEBUG Engine               - isFullScreenFromStart: false
13:55:55.435 [FXGL Background Thread 3 ] DEBUG Engine               - isGameMenuEnabled: true
13:55:55.435 [FXGL Background Thread 3 ] DEBUG Engine               - isIOS: false
13:55:55.435 [FXGL Background Thread 3 ] DEBUG Engine               - isIntroEnabled: false
13:55:55.435 [FXGL Background Thread 3 ] DEBUG Engine               - isLinux: true
13:55:55.435 [FXGL Background Thread 3 ] DEBUG Engine               - isMac: false
13:55:55.435 [FXGL Background Thread 3 ] DEBUG Engine               - isMainMenuEnabled: true
13:55:55.436 [FXGL Background Thread 3 ] DEBUG Engine               - isManualResizeEnabled: false
13:55:55.436 [FXGL Background Thread 3 ] DEBUG Engine               - isMobile: false
13:55:55.436 [FXGL Background Thread 3 ] DEBUG Engine               - isNative: false
13:55:55.436 [FXGL Background Thread 3 ] DEBUG Engine               - isPreserveResizeRatio: false
13:55:55.436 [FXGL Background Thread 3 ] DEBUG Engine               - isProfilingEnabled: false
13:55:55.436 [FXGL Background Thread 3 ] DEBUG Engine               - isScaleAffectedOnResize: true
13:55:55.436 [FXGL Background Thread 3 ] DEBUG Engine               - isSingleStep: false
13:55:55.436 [FXGL Background Thread 3 ] DEBUG Engine               - isUserProfileEnabled: false
13:55:55.436 [FXGL Background Thread 3 ] DEBUG Engine               - isWindows: false
13:55:55.436 [FXGL Background Thread 3 ] DEBUG Engine               - language: ObjectProperty [value: ENGLISH]
13:55:55.436 [FXGL Background Thread 3 ] DEBUG Engine               - menuKey: ESCAPE
13:55:55.436 [FXGL Background Thread 3 ] DEBUG Engine               - mouseSensitivity: 0.2
13:55:55.436 [FXGL Background Thread 3 ] DEBUG Engine               - notificationViewClass: class com.almasb.fxgl.notification.view.XboxNotificationView
13:55:55.436 [FXGL Background Thread 3 ] DEBUG Engine               - pixelsPerMeter: 50.0
13:55:55.437 [FXGL Background Thread 3 ] DEBUG Engine               - platform: LINUX
13:55:55.437 [FXGL Background Thread 3 ] DEBUG Engine               - prefHeightProperty: ReadOnlyDoubleProperty [value: 1080.0]
13:55:55.437 [FXGL Background Thread 3 ] DEBUG Engine               - prefWidthProperty: ReadOnlyDoubleProperty [value: 1920.0]
13:55:55.437 [FXGL Background Thread 3 ] DEBUG Engine               - profileDir: profiles/
13:55:55.437 [FXGL Background Thread 3 ] DEBUG Engine               - profileName: StringProperty [value: DEFAULT]
13:55:55.437 [FXGL Background Thread 3 ] DEBUG Engine               - randomSeed: -1
13:55:55.437 [FXGL Background Thread 3 ] DEBUG Engine               - runtimeInfo: RuntimeInfo(platform=LINUX, version=11.16, build=25.05.2021 08.16)
13:55:55.437 [FXGL Background Thread 3 ] DEBUG Engine               - saveFileExt: sav
13:55:55.437 [FXGL Background Thread 3 ] DEBUG Engine               - scaledHeightProp$fxgl: DoubleProperty [bound, value: 1081.0]
13:55:55.437 [FXGL Background Thread 3 ] DEBUG Engine               - scaledWidthProp$fxgl: DoubleProperty [bound, value: 1918.0]
13:55:55.437 [FXGL Background Thread 3 ] DEBUG Engine               - sceneFactory: GameApp$1@6359e95d
13:55:55.437 [FXGL Background Thread 3 ] DEBUG Engine               - secondsIn24h: 60
13:55:55.438 [FXGL Background Thread 3 ] DEBUG Engine               - soundMenuBack: menu/back.wav
13:55:55.438 [FXGL Background Thread 3 ] DEBUG Engine               - soundMenuPress: menu/press.wav
13:55:55.438 [FXGL Background Thread 3 ] DEBUG Engine               - soundMenuSelect: menu/select.wav
13:55:55.438 [FXGL Background Thread 3 ] DEBUG Engine               - soundNotification: core/notification.wav
13:55:55.438 [FXGL Background Thread 3 ] DEBUG Engine               - stageStyle: DECORATED
13:55:55.438 [FXGL Background Thread 3 ] DEBUG Engine               - supportedLanguages: [ENGLISH, FRENCH, GERMAN, HUNGARIAN, RUSSIAN]
13:55:55.438 [FXGL Background Thread 3 ] DEBUG Engine               - ticksPerSecond: -1
13:55:55.438 [FXGL Background Thread 3 ] DEBUG Engine               - title: Rhythm Knight
13:55:55.438 [FXGL Background Thread 3 ] DEBUG Engine               - urlGithub: https://github.com/AlmasB/FXGL
13:55:55.438 [FXGL Background Thread 3 ] DEBUG Engine               - urlLeaderboard: http://fxgl-top.herokuapp.com/
13:55:55.439 [FXGL Background Thread 3 ] DEBUG Engine               - urlPOM: https://raw.githubusercontent.com/AlmasB/FXGL/release/README.md
13:55:55.439 [FXGL Background Thread 3 ] DEBUG Engine               - userAppClass: class GameApp
13:55:55.439 [FXGL Background Thread 3 ] DEBUG Engine               - version: Pre-Alpha 1
13:55:55.439 [FXGL Background Thread 3 ] DEBUG Engine               - versionCheckDays: 7
13:55:55.439 [FXGL Background Thread 3 ] DEBUG Engine               - width: 1920
13:55:55.439 [FXGL Background Thread 3 ] DEBUG Engine               - Logging services
13:55:55.439 [FXGL Background Thread 3 ] DEBUG Engine               - class com.almasb.fxgl.app.services.FXGLAssetLoaderService
13:55:55.439 [FXGL Background Thread 3 ] DEBUG Engine               - class com.almasb.fxgl.app.FXGLApplication$GameApplicationService
13:55:55.439 [FXGL Background Thread 3 ] DEBUG Engine               - class com.almasb.fxgl.app.services.FXGLDialogService
13:55:55.439 [FXGL Background Thread 3 ] DEBUG Engine               - class com.almasb.fxgl.app.services.IOTaskExecutorService
13:55:55.439 [FXGL Background Thread 3 ] DEBUG Engine               - class com.almasb.fxgl.io.FileSystemService
13:55:55.439 [FXGL Background Thread 3 ] DEBUG Engine               - class com.almasb.fxgl.localization.LocalizationService
13:55:55.439 [FXGL Background Thread 3 ] DEBUG Engine               - class com.almasb.fxgl.app.services.SystemBundleService
13:55:55.439 [FXGL Background Thread 3 ] DEBUG Engine               - class com.almasb.fxgl.profile.SaveLoadService
13:55:55.440 [FXGL Background Thread 3 ] DEBUG Engine               - class com.almasb.fxgl.ui.FXGLUIFactoryServiceProvider
13:55:55.440 [FXGL Background Thread 3 ] DEBUG Engine               - class com.almasb.fxgl.ui.FXGLDialogFactoryServiceProvider
13:55:55.440 [FXGL Background Thread 3 ] DEBUG Engine               - class com.almasb.fxgl.audio.AudioPlayer
13:55:55.440 [FXGL Background Thread 3 ] DEBUG Engine               - class com.almasb.fxgl.notification.impl.NotificationServiceProvider
13:55:55.440 [FXGL Background Thread 3 ] DEBUG Engine               - class com.almasb.fxgl.achievement.AchievementService
13:55:55.440 [FXGL Background Thread 3 ] DEBUG Engine               - class com.almasb.fxgl.cutscene.CutsceneService
13:55:55.440 [FXGL Background Thread 3 ] DEBUG Engine               - class com.almasb.fxgl.minigames.MiniGameService
13:55:55.440 [FXGL Background Thread 3 ] DEBUG Engine               - class com.almasb.fxgl.net.NetService
13:55:55.440 [FXGL Background Thread 3 ] DEBUG Engine               - class com.almasb.fxgl.app.services.UpdaterService
13:55:55.440 [FXGL Background Thread 3 ] DEBUG Engine               - class com.almasb.fxgl.dev.DevService
13:56:04.502 [JavaFX Application Thread] DEBUG FXGLApplication      - Exiting FXGL
13:56:04.502 [JavaFX Application Thread] DEBUG LoopRunner           - Stopping loop
13:56:04.502 [JavaFX Application Thread] DEBUG SystemBundleService  - Saving FXGL system data
13:56:04.503 [JavaFX Application Thread] DEBUG FileSystemAccess     - Writing to: /home/user/Desktop/2340G21-RhythmKnight-experimental/Project/system/fxgl.bundle
13:56:04.504 [JavaFX Application Thread] DEBUG Async                - Shutting down background threads
13:56:04.504 [JavaFX Application Thread] DEBUG PrimaryStageWindow   - Closing main window
13:56:04.505 [JavaFX Application Thread] DEBUG Logger               - Closing Logger
