15:56:39.322 [main                     ] DEBUG Logger               - Configured Logger
15:56:39.328 [main                     ] DEBUG GameApplication      - Logging settings
Title: Rhythm Knight v0.0.1
Version: 0.0
Width: 1920
Height: 1080
Fullscreen: false
Intro: false
Profiling: false
Single step:false
App Mode: DEVELOPER
Menu Key: ESCAPE
Stage Style: DECORATED
Scene Factory: class com.almasb.fxgl.app.scene.SceneFactory

15:56:39.797 [JavaFX Application Thread] DEBUG FXGLApplication      - Initializing FXGL
15:56:39.800 [JavaFX Application Thread] INFO  Engine               - FXGL-11.16 (25.05.2021 08.16) on MAC (J:16.0.1 FX:16)
15:56:39.800 [JavaFX Application Thread] DEBUG Engine               - JRE Vendor Name: Oracle Corporation
15:56:39.800 [JavaFX Application Thread] DEBUG Engine               - Running on OS: Mac OS X version 11.4
15:56:39.800 [JavaFX Application Thread] DEBUG Engine               - Architecture: x86_64
15:56:39.801 [JavaFX Application Thread] INFO  Engine               - Source code and latest versions at: https://github.com/AlmasB/FXGL
15:56:39.801 [JavaFX Application Thread] INFO  Engine               -              Join the FXGL chat at: https://gitter.im/AlmasB/FXGL
15:56:39.994 [JavaFX Application Thread] DEBUG PrimaryStageWindow   - Creating a JavaFX scene
15:56:39.994 [JavaFX Application Thread] DEBUG PrimaryStageWindow   - Target size > screen size
15:56:40.097 [JavaFX Application Thread] DEBUG PrimaryStageWindow   - Target settings size: 1920.0 x 1080.0
15:56:40.097 [JavaFX Application Thread] DEBUG PrimaryStageWindow   - Scaled scene size:    1400.0 x 801.0
15:56:40.097 [JavaFX Application Thread] DEBUG PrimaryStageWindow   - Scaled ratio: (0.7291666666666666, 0.7416666666666667)
15:56:40.100 [JavaFX Application Thread] DEBUG PrimaryStageWindow   - Set initial scene to FXGLStartupScene
15:56:40.109 [JavaFX Application Thread] DEBUG PrimaryStageWindow   - Opening main window
15:56:40.387 [JavaFX Application Thread] DEBUG PrimaryStageWindow   - Window border size: (0.0, 28.0)
15:56:40.387 [JavaFX Application Thread] DEBUG PrimaryStageWindow   - Scaled size: 1400.0 x 801.0
15:56:40.388 [JavaFX Application Thread] DEBUG PrimaryStageWindow   - Scaled ratio: (0.7291666666666666, 0.7416666666666667)
15:56:40.388 [JavaFX Application Thread] DEBUG PrimaryStageWindow   - Scene size: 1400.0 x 801.0
15:56:40.388 [JavaFX Application Thread] DEBUG PrimaryStageWindow   - Stage size: 1400.0 x 829.0
15:56:40.397 [FXGL Background Thread 1 ] DEBUG Engine               - Initializing environment variables
15:56:40.466 [FXGL Background Thread 1 ] DEBUG FXGLAssetLoaderServi - User app class for loading assets: class TestMap
15:56:40.467 [FXGL Background Thread 1 ] DEBUG GameApplicationServi - Applying CSS: fxgl_dark.css
15:56:40.468 [FXGL Background Thread 1 ] DEBUG FXGLAssetLoaderServi - Loading from file system: jar:file:/Users/kylefry/.m2/repository/com/github/almasb/fxgl/11.16/fxgl-11.16.jar!/fxglassets/ui/css/fxgl_dark.css
15:56:40.534 [FXGL Background Thread 1 ] DEBUG GameApplicationServi - Initializing application scenes
15:56:40.979 [FXGL Background Thread 1 ] DEBUG GameWorld            - Game world initialized
15:56:41.014 [FXGL Background Thread 1 ] DEBUG PhysicsWorld         - Physics world initialized: appHeight=1080, physics.ppm=50.0
15:56:41.014 [FXGL Background Thread 1 ] DEBUG PhysicsWorld         - Using strategy: BRUTE_FORCE
15:56:41.016 [FXGL Background Thread 1 ] DEBUG GameScene            - Game scene initialized: 1920x1080
15:56:41.024 [FXGL Background Thread 1 ] DEBUG FXGL.DefaultMenu     - createMenuBodyGameMenu()
15:56:41.035 [FXGL Background Thread 1 ] DEBUG FXGL.DefaultMenu     - createOptionsMenu()
15:56:41.042 [FXGL Background Thread 1 ] DEBUG FXGLAssetLoaderServi - Loading from file system: jar:file:/Users/kylefry/.m2/repository/com/github/almasb/fxgl/11.16/fxgl-11.16.jar!/fxglassets/textures/particles/smoke.png
15:56:41.120 [FXGL Background Thread 1 ] DEBUG FXGLAssetLoaderServi - Loading from file system: jar:file:/Users/kylefry/.m2/repository/com/github/almasb/fxgl/11.16/fxgl-11.16.jar!/fxglassets/textures/particles/trace_horizontal.png
15:56:41.142 [FXGL Background Thread 1 ] DEBUG GameApplicationServi - Application scenes initialized
15:56:41.149 [FXGL Background Thread 1 ] DEBUG SystemBundleService  - Loading FXGL system data
15:56:41.152 [FXGL Background Thread 1 ] DEBUG FileSystemAccess     - Reading from: /Users/kylefry/Desktop/RhythmKnight/Project/system/fxgl.bundle
15:56:41.157 [FXGL Background Thread 1 ] DEBUG SystemBundleService  - Bundle FXGL: {}
15:56:41.157 [FXGL Background Thread 1 ] DEBUG UpdaterService       - Checking for updates
15:56:41.160 [FXGL Background Thread 4 ] DEBUG FXGLApplication      - Loading fonts
15:56:41.161 [FXGL Background Thread 1 ] DEBUG FXGLApplication      - Loading default localization
15:56:41.161 [FXGL Background Thread 1 ] DEBUG FXGLAssetLoaderServi - Loading from file system: jar:file:/Users/kylefry/.m2/repository/com/github/almasb/fxgl/11.16/fxgl-11.16.jar!/fxglassets/languages/english.lang
15:56:41.161 [FXGL Background Thread 4 ] DEBUG FXGLAssetLoaderServi - Loading from file system: jar:file:/Users/kylefry/.m2/repository/com/github/almasb/fxgl/11.16/fxgl-11.16.jar!/fxglassets/ui/fonts/VarelaRound-Regular.ttf
15:56:41.175 [FXGL Background Thread 1 ] INFO  FXGLApplication      - FXGL initialization took: 0.778 sec
15:56:41.178 [JavaFX Application Thread] DEBUG FXGLAssetLoaderServi - Loading from file system: jar:file:/Users/kylefry/.m2/repository/com/github/almasb/fxgl/11.16/fxgl-11.16.jar!/fxglassets/textures/fxgl_icon.png
15:56:41.181 [FXGL Background Thread 4 ] DEBUG FXGLAssetLoaderServi - Loading from file system: jar:file:/Users/kylefry/.m2/repository/com/github/almasb/fxgl/11.16/fxgl-11.16.jar!/fxglassets/ui/fonts/Abel-Regular.ttf
15:56:41.185 [FXGL Background Thread 4 ] DEBUG FXGLAssetLoaderServi - Loading from file system: jar:file:/Users/kylefry/.m2/repository/com/github/almasb/fxgl/11.16/fxgl-11.16.jar!/fxglassets/ui/fonts/lucida_console.ttf
15:56:41.192 [FXGL Background Thread 4 ] DEBUG FXGLAssetLoaderServi - Loading from file system: jar:file:/Users/kylefry/.m2/repository/com/github/almasb/fxgl/11.16/fxgl-11.16.jar!/fxglassets/ui/fonts/Courier-Prime.ttf
15:56:41.202 [JavaFX Application Thread] DEBUG FXGLAssetLoaderServi - Loading from file system: jar:file:/Users/kylefry/.m2/repository/com/github/almasb/fxgl/11.16/fxgl-11.16.jar!/fxglassets/textures/fxgl_default_cursor.png
15:56:41.211 [JavaFX Application Thread] DEBUG Input                - Registered new binding: Screenshot - CTRL+8
15:56:41.212 [JavaFX Application Thread] DEBUG Input                - Registered new binding: System info dump - CTRL+9
15:56:41.212 [JavaFX Application Thread] DEBUG Input                - Registered new binding: Restart - CTRL+R
15:56:41.213 [JavaFX Application Thread] DEBUG Input                - Registered new binding: Toggle Debug Camera - CTRL+C
15:56:41.215 [JavaFX Application Thread] DEBUG LoopRunner           - Starting loop
15:56:41.215 [JavaFX Application Thread] DEBUG LoopRunner           - Initializing JavaFX AnimationTimerLoop
15:56:41.217 [JavaFX Application Thread] DEBUG GameApplicationServi - Starting new game
15:56:41.217 [JavaFX Application Thread] DEBUG Input                - Clearing active input actions
15:56:41.228 [JavaFX Application Thread] DEBUG GameApplicationServi - Removing overlay from FXGLStartupScene and adding to FXGLLoadingScene
15:56:41.229 [JavaFX Application Thread] DEBUG PrimaryStageWindow   - FXGLStartupScene -> FXGLLoadingScene
15:56:41.229 [JavaFX Application Thread] DEBUG GameApplicationServi - Clearing previous game
15:56:41.229 [JavaFX Application Thread] DEBUG GameScene            - Clearing game scene
15:56:41.229 [JavaFX Application Thread] DEBUG GameWorld            - Clearing game world
15:56:41.230 [JavaFX Application Thread] DEBUG PhysicsWorld         - Clearing physics world
15:56:41.231 [FXGL Background Thread 4 ] DEBUG FXGLApplication      - Initializing game
15:56:41.232 [FXGL Background Thread 4 ] DEBUG FXGLAssetLoaderServi - Loading from file system: file:/Users/kylefry/Desktop/RhythmKnight/Project/target/classes/assets/textures/hex.png
15:56:41.235 [FXGL Background Thread 4 ] DEBUG FXGLAssetLoaderServi - Loading from file system: file:/Users/kylefry/Desktop/RhythmKnight/Project/target/classes/assets/sounds/snare01.wav
15:56:41.258 [JavaFX Application Thread] DEBUG FXGLApplication      - Registering font factories with UI factory
15:56:41.413 [FXGL Background Thread 4 ] DEBUG FXGLAssetLoaderServi - Loading from file system: file:/Users/kylefry/Desktop/RhythmKnight/Project/target/classes/assets/textures/1-1TileMap.png
15:56:41.569 [FXGL Background Thread 4 ] INFO  FXGLApplication      - Game initialization took: 0.338 sec
15:56:41.569 [JavaFX Application Thread] DEBUG Input                - Clearing active input actions
15:56:41.580 [JavaFX Application Thread] DEBUG GameApplicationServi - Removing overlay from FXGLLoadingScene and adding to GameScene
15:56:41.580 [JavaFX Application Thread] DEBUG PrimaryStageWindow   - FXGLLoadingScene -> GameScene
15:56:44.162 [FXGL Background Thread 3 ] DEBUG Engine               - Logging environment variables
15:56:44.163 [FXGL Background Thread 3 ] DEBUG Engine               - achievements: []
15:56:44.163 [FXGL Background Thread 3 ] DEBUG Engine               - actualHeight: 801.0
15:56:44.164 [FXGL Background Thread 3 ] DEBUG Engine               - actualHeightProperty: ReadOnlyDoubleProperty [value: 801.0]
15:56:44.164 [FXGL Background Thread 3 ] DEBUG Engine               - actualWidth: 1400.0
15:56:44.164 [FXGL Background Thread 3 ] DEBUG Engine               - actualWidthProperty: ReadOnlyDoubleProperty [value: 1400.0]
15:56:44.164 [FXGL Background Thread 3 ] DEBUG Engine               - appIcon: fxgl_icon.png
15:56:44.164 [FXGL Background Thread 3 ] DEBUG Engine               - applicationMode: DEVELOPER
15:56:44.165 [FXGL Background Thread 3 ] DEBUG Engine               - cSSList: [fxgl_dark.css]
15:56:44.165 [FXGL Background Thread 3 ] DEBUG Engine               - collisionDetectionStrategy: BRUTE_FORCE
15:56:44.165 [FXGL Background Thread 3 ] DEBUG Engine               - configClass: Optional.empty
15:56:44.165 [FXGL Background Thread 3 ] DEBUG Engine               - credits: []
15:56:44.165 [FXGL Background Thread 3 ] DEBUG Engine               - defaultCursor: CursorInfo(imageName=fxgl_default_cursor.png, hotspotX=7.0, hotspotY=6.0)
15:56:44.166 [FXGL Background Thread 3 ] DEBUG Engine               - devBBoxColorProperty: ObjectProperty [value: 0xff0000ff]
15:56:44.166 [FXGL Background Thread 3 ] DEBUG Engine               - devEnableDebugCameraProperty: BooleanProperty [value: false]
15:56:44.166 [FXGL Background Thread 3 ] DEBUG Engine               - devSensorColorProperty: ObjectProperty [value: 0xffff00ff]
15:56:44.167 [FXGL Background Thread 3 ] DEBUG Engine               - devShowBBoxProperty: BooleanProperty [value: false]
15:56:44.167 [FXGL Background Thread 3 ] DEBUG Engine               - devShowPositionProperty: BooleanProperty [value: false]
15:56:44.167 [FXGL Background Thread 3 ] DEBUG Engine               - enabledMenuItems: []
15:56:44.167 [FXGL Background Thread 3 ] DEBUG Engine               - engineServices: [class com.almasb.fxgl.app.services.FXGLAssetLoaderService, class com.almasb.fxgl.app.FXGLApplication$GameApplicationService, class com.almasb.fxgl.app.services.FXGLDialogService, class com.almasb.fxgl.app.services.IOTaskExecutorService, class com.almasb.fxgl.io.FileSystemService, class com.almasb.fxgl.localization.LocalizationService, class com.almasb.fxgl.app.services.SystemBundleService, class com.almasb.fxgl.profile.SaveLoadService, class com.almasb.fxgl.ui.FXGLUIFactoryServiceProvider, class com.almasb.fxgl.ui.FXGLDialogFactoryServiceProvider, class com.almasb.fxgl.audio.AudioPlayer, class com.almasb.fxgl.notification.impl.NotificationServiceProvider, class com.almasb.fxgl.achievement.AchievementService, class com.almasb.fxgl.cutscene.CutsceneService, class com.almasb.fxgl.minigames.MiniGameService, class com.almasb.fxgl.net.NetService, class com.almasb.fxgl.app.services.UpdaterService, class com.almasb.fxgl.dev.DevService]
15:56:44.167 [FXGL Background Thread 3 ] DEBUG Engine               - fontGame: Abel-Regular.ttf
15:56:44.168 [FXGL Background Thread 3 ] DEBUG Engine               - fontMono: lucida_console.ttf
15:56:44.168 [FXGL Background Thread 3 ] DEBUG Engine               - fontText: Courier-Prime.ttf
15:56:44.168 [FXGL Background Thread 3 ] DEBUG Engine               - fontUI: VarelaRound-Regular.ttf
15:56:44.168 [FXGL Background Thread 3 ] DEBUG Engine               - fullScreen: BooleanProperty [value: false]
15:56:44.168 [FXGL Background Thread 3 ] DEBUG Engine               - gameDifficulty: MEDIUM
15:56:44.169 [FXGL Background Thread 3 ] DEBUG Engine               - gameDifficultyProperty: ObjectProperty [value: MEDIUM]
15:56:44.169 [FXGL Background Thread 3 ] DEBUG Engine               - globalMusicVolume: 0.5
15:56:44.169 [FXGL Background Thread 3 ] DEBUG Engine               - globalMusicVolumeProperty: DoubleProperty [value: 0.5]
15:56:44.170 [FXGL Background Thread 3 ] DEBUG Engine               - globalSoundVolume: 0.5
15:56:44.170 [FXGL Background Thread 3 ] DEBUG Engine               - globalSoundVolumeProperty: DoubleProperty [value: 0.5]
15:56:44.170 [FXGL Background Thread 3 ] DEBUG Engine               - height: 1080
15:56:44.170 [FXGL Background Thread 3 ] DEBUG Engine               - is3D: false
15:56:44.170 [FXGL Background Thread 3 ] DEBUG Engine               - isAndroid: false
15:56:44.170 [FXGL Background Thread 3 ] DEBUG Engine               - isBrowser: false
15:56:44.171 [FXGL Background Thread 3 ] DEBUG Engine               - isClickFeedbackEnabled: false
15:56:44.171 [FXGL Background Thread 3 ] DEBUG Engine               - isCloseConfirmation: false
15:56:44.171 [FXGL Background Thread 3 ] DEBUG Engine               - isDesktop: true
15:56:44.171 [FXGL Background Thread 3 ] DEBUG Engine               - isDeveloperMenuEnabled: false
15:56:44.171 [FXGL Background Thread 3 ] DEBUG Engine               - isEntityPreloadEnabled: true
15:56:44.171 [FXGL Background Thread 3 ] DEBUG Engine               - isExperimentalTiledLargeMap: false
15:56:44.171 [FXGL Background Thread 3 ] DEBUG Engine               - isFileSystemWriteAllowed: true
15:56:44.172 [FXGL Background Thread 3 ] DEBUG Engine               - isFullScreenAllowed: false
15:56:44.172 [FXGL Background Thread 3 ] DEBUG Engine               - isFullScreenFromStart: false
15:56:44.172 [FXGL Background Thread 3 ] DEBUG Engine               - isGameMenuEnabled: true
15:56:44.172 [FXGL Background Thread 3 ] DEBUG Engine               - isIOS: false
15:56:44.172 [FXGL Background Thread 3 ] DEBUG Engine               - isIntroEnabled: false
15:56:44.172 [FXGL Background Thread 3 ] DEBUG Engine               - isLinux: false
15:56:44.173 [FXGL Background Thread 3 ] DEBUG Engine               - isMac: true
15:56:44.173 [FXGL Background Thread 3 ] DEBUG Engine               - isMainMenuEnabled: false
15:56:44.173 [FXGL Background Thread 3 ] DEBUG Engine               - isManualResizeEnabled: false
15:56:44.173 [FXGL Background Thread 3 ] DEBUG Engine               - isMobile: false
15:56:44.173 [FXGL Background Thread 3 ] DEBUG Engine               - isNative: false
15:56:44.173 [FXGL Background Thread 3 ] DEBUG Engine               - isPreserveResizeRatio: false
15:56:44.173 [FXGL Background Thread 3 ] DEBUG Engine               - isProfilingEnabled: false
15:56:44.173 [FXGL Background Thread 3 ] DEBUG Engine               - isScaleAffectedOnResize: true
15:56:44.174 [FXGL Background Thread 3 ] DEBUG Engine               - isSingleStep: false
15:56:44.174 [FXGL Background Thread 3 ] DEBUG Engine               - isUserProfileEnabled: false
15:56:44.174 [FXGL Background Thread 3 ] DEBUG Engine               - isWindows: false
15:56:44.174 [FXGL Background Thread 3 ] DEBUG Engine               - language: ObjectProperty [value: ENGLISH]
15:56:44.174 [FXGL Background Thread 3 ] DEBUG Engine               - menuKey: ESCAPE
15:56:44.174 [FXGL Background Thread 3 ] DEBUG Engine               - mouseSensitivity: 0.2
15:56:44.174 [FXGL Background Thread 3 ] DEBUG Engine               - notificationViewClass: class com.almasb.fxgl.notification.view.XboxNotificationView
15:56:44.175 [FXGL Background Thread 3 ] DEBUG Engine               - pixelsPerMeter: 50.0
15:56:44.175 [FXGL Background Thread 3 ] DEBUG Engine               - platform: MAC
15:56:44.175 [FXGL Background Thread 3 ] DEBUG Engine               - prefHeightProperty: ReadOnlyDoubleProperty [value: 1080.0]
15:56:44.175 [FXGL Background Thread 3 ] DEBUG Engine               - prefWidthProperty: ReadOnlyDoubleProperty [value: 1920.0]
15:56:44.175 [FXGL Background Thread 3 ] DEBUG Engine               - profileDir: profiles/
15:56:44.175 [FXGL Background Thread 3 ] DEBUG Engine               - profileName: StringProperty [value: DEFAULT]
15:56:44.176 [FXGL Background Thread 3 ] DEBUG Engine               - randomSeed: -1
15:56:44.176 [FXGL Background Thread 3 ] DEBUG Engine               - runtimeInfo: RuntimeInfo(platform=MAC, version=11.16, build=25.05.2021 08.16)
15:56:44.176 [FXGL Background Thread 3 ] DEBUG Engine               - saveFileExt: sav
15:56:44.176 [FXGL Background Thread 3 ] DEBUG Engine               - scaledHeightProp$fxgl: DoubleProperty [bound, value: 801.0]
15:56:44.176 [FXGL Background Thread 3 ] DEBUG Engine               - scaledWidthProp$fxgl: DoubleProperty [bound, value: 1400.0]
15:56:44.176 [FXGL Background Thread 3 ] DEBUG Engine               - sceneFactory: com.almasb.fxgl.app.scene.SceneFactory@5d96242c
15:56:44.177 [FXGL Background Thread 3 ] DEBUG Engine               - secondsIn24h: 60
15:56:44.177 [FXGL Background Thread 3 ] DEBUG Engine               - soundMenuBack: menu/back.wav
15:56:44.177 [FXGL Background Thread 3 ] DEBUG Engine               - soundMenuPress: menu/press.wav
15:56:44.177 [FXGL Background Thread 3 ] DEBUG Engine               - soundMenuSelect: menu/select.wav
15:56:44.177 [FXGL Background Thread 3 ] DEBUG Engine               - soundNotification: core/notification.wav
15:56:44.177 [FXGL Background Thread 3 ] DEBUG Engine               - stageStyle: DECORATED
15:56:44.177 [FXGL Background Thread 3 ] DEBUG Engine               - supportedLanguages: [ENGLISH, FRENCH, GERMAN, HUNGARIAN, RUSSIAN]
15:56:44.178 [FXGL Background Thread 3 ] DEBUG Engine               - ticksPerSecond: -1
15:56:44.178 [FXGL Background Thread 3 ] DEBUG Engine               - title: Rhythm Knight v0.0.1
15:56:44.178 [FXGL Background Thread 3 ] DEBUG Engine               - urlGithub: https://github.com/AlmasB/FXGL
15:56:44.178 [FXGL Background Thread 3 ] DEBUG Engine               - urlLeaderboard: http://fxgl-top.herokuapp.com/
15:56:44.178 [FXGL Background Thread 3 ] DEBUG Engine               - urlPOM: https://raw.githubusercontent.com/AlmasB/FXGL/release/README.md
15:56:44.178 [FXGL Background Thread 3 ] DEBUG Engine               - userAppClass: class TestMap
15:56:44.178 [FXGL Background Thread 3 ] DEBUG Engine               - version: 0.0
15:56:44.178 [FXGL Background Thread 3 ] DEBUG Engine               - versionCheckDays: 7
15:56:44.179 [FXGL Background Thread 3 ] DEBUG Engine               - width: 1920
15:56:44.179 [FXGL Background Thread 3 ] DEBUG Engine               - Logging services
15:56:44.179 [FXGL Background Thread 3 ] DEBUG Engine               - class com.almasb.fxgl.app.services.FXGLAssetLoaderService
15:56:44.179 [FXGL Background Thread 3 ] DEBUG Engine               - class com.almasb.fxgl.app.FXGLApplication$GameApplicationService
15:56:44.179 [FXGL Background Thread 3 ] DEBUG Engine               - class com.almasb.fxgl.app.services.FXGLDialogService
15:56:44.179 [FXGL Background Thread 3 ] DEBUG Engine               - class com.almasb.fxgl.app.services.IOTaskExecutorService
15:56:44.179 [FXGL Background Thread 3 ] DEBUG Engine               - class com.almasb.fxgl.io.FileSystemService
15:56:44.180 [FXGL Background Thread 3 ] DEBUG Engine               - class com.almasb.fxgl.localization.LocalizationService
15:56:44.180 [FXGL Background Thread 3 ] DEBUG Engine               - class com.almasb.fxgl.app.services.SystemBundleService
15:56:44.180 [FXGL Background Thread 3 ] DEBUG Engine               - class com.almasb.fxgl.profile.SaveLoadService
15:56:44.180 [FXGL Background Thread 3 ] DEBUG Engine               - class com.almasb.fxgl.ui.FXGLUIFactoryServiceProvider
15:56:44.180 [FXGL Background Thread 3 ] DEBUG Engine               - class com.almasb.fxgl.ui.FXGLDialogFactoryServiceProvider
15:56:44.180 [FXGL Background Thread 3 ] DEBUG Engine               - class com.almasb.fxgl.audio.AudioPlayer
15:56:44.180 [FXGL Background Thread 3 ] DEBUG Engine               - class com.almasb.fxgl.notification.impl.NotificationServiceProvider
15:56:44.181 [FXGL Background Thread 3 ] DEBUG Engine               - class com.almasb.fxgl.achievement.AchievementService
15:56:44.181 [FXGL Background Thread 3 ] DEBUG Engine               - class com.almasb.fxgl.cutscene.CutsceneService
15:56:44.181 [FXGL Background Thread 3 ] DEBUG Engine               - class com.almasb.fxgl.minigames.MiniGameService
15:56:44.181 [FXGL Background Thread 3 ] DEBUG Engine               - class com.almasb.fxgl.net.NetService
15:56:44.181 [FXGL Background Thread 3 ] DEBUG Engine               - class com.almasb.fxgl.app.services.UpdaterService
15:56:44.181 [FXGL Background Thread 3 ] DEBUG Engine               - class com.almasb.fxgl.dev.DevService
15:57:21.001 [JavaFX Application Thread] DEBUG FXGLApplication      - Exiting FXGL
15:57:21.002 [JavaFX Application Thread] DEBUG LoopRunner           - Stopping loop
15:57:21.002 [JavaFX Application Thread] DEBUG SystemBundleService  - Saving FXGL system data
15:57:21.007 [JavaFX Application Thread] DEBUG FileSystemAccess     - Writing to: /Users/kylefry/Desktop/RhythmKnight/Project/system/fxgl.bundle
15:57:21.009 [JavaFX Application Thread] DEBUG Async                - Shutting down background threads
15:57:21.009 [JavaFX Application Thread] DEBUG PrimaryStageWindow   - Closing main window
15:57:21.017 [JavaFX Application Thread] DEBUG Logger               - Closing Logger
