16:23:05.514 [main                     ] DEBUG Logger               - Configured Logger
16:23:05.548 [main                     ] DEBUG GameApplication      - Logging settings
Title: Rhythm Knight
Version: Pre-Alpha 1
Width: 1920
Height: 1080
Fullscreen: false
Intro: false
Profiling: false
Single step:false
App Mode: DEVELOPER
Menu Key: ESCAPE
Stage Style: DECORATED
Scene Factory: class com.almasb.fxgl.app.scene.SceneFactory

16:23:06.178 [JavaFX Application Thread] DEBUG FXGLApplication      - Initializing FXGL
16:23:06.182 [JavaFX Application Thread] INFO  Engine               - FXGL-11.16 (25.05.2021 08.16) on MAC (J:11.0.8 FX:16)
16:23:06.182 [JavaFX Application Thread] DEBUG Engine               - JRE Vendor Name: Oracle Corporation
16:23:06.183 [JavaFX Application Thread] DEBUG Engine               - Running on OS: Mac OS X version 10.16
16:23:06.183 [JavaFX Application Thread] DEBUG Engine               - Architecture: x86_64
16:23:06.183 [JavaFX Application Thread] INFO  Engine               - Source code and latest versions at: https://github.com/AlmasB/FXGL
16:23:06.184 [JavaFX Application Thread] INFO  Engine               -              Join the FXGL chat at: https://gitter.im/AlmasB/FXGL
16:23:06.393 [JavaFX Application Thread] DEBUG PrimaryStageWindow   - Creating a JavaFX scene
16:23:06.393 [JavaFX Application Thread] DEBUG PrimaryStageWindow   - Target size > screen size
16:23:06.512 [JavaFX Application Thread] DEBUG PrimaryStageWindow   - Target settings size: 1920.0 x 1080.0
16:23:06.512 [JavaFX Application Thread] DEBUG PrimaryStageWindow   - Scaled scene size:    1400.0 x 801.0
16:23:06.512 [JavaFX Application Thread] DEBUG PrimaryStageWindow   - Scaled ratio: (0.7291666666666666, 0.7416666666666667)
16:23:06.513 [JavaFX Application Thread] DEBUG PrimaryStageWindow   - Set initial scene to FXGLStartupScene
16:23:06.522 [JavaFX Application Thread] DEBUG PrimaryStageWindow   - Opening main window
16:23:06.766 [JavaFX Application Thread] DEBUG PrimaryStageWindow   - Window border size: (0.0, 28.0)
16:23:06.766 [JavaFX Application Thread] DEBUG PrimaryStageWindow   - Scaled size: 1400.0 x 801.0
16:23:06.766 [JavaFX Application Thread] DEBUG PrimaryStageWindow   - Scaled ratio: (0.7291666666666666, 0.7416666666666667)
16:23:06.767 [JavaFX Application Thread] DEBUG PrimaryStageWindow   - Scene size: 1400.0 x 801.0
16:23:06.767 [JavaFX Application Thread] DEBUG PrimaryStageWindow   - Stage size: 1400.0 x 829.0
16:23:06.775 [FXGL Background Thread 1 ] DEBUG Engine               - Initializing environment variables
16:23:06.893 [FXGL Background Thread 1 ] DEBUG FXGLAssetLoaderServi - User app class for loading assets: class MainMenu
16:23:06.894 [FXGL Background Thread 1 ] DEBUG GameApplicationServi - Applying CSS: fxgl_dark.css
16:23:06.895 [FXGL Background Thread 1 ] DEBUG FXGLAssetLoaderServi - Loading from file system: jar:file:/Users/kylefry/.m2/repository/com/github/almasb/fxgl/11.16/fxgl-11.16.jar!/fxglassets/ui/css/fxgl_dark.css
16:23:06.985 [FXGL Background Thread 1 ] DEBUG GameApplicationServi - Initializing application scenes
16:23:07.413 [FXGL Background Thread 1 ] DEBUG GameWorld            - Game world initialized
16:23:07.474 [FXGL Background Thread 1 ] DEBUG PhysicsWorld         - Physics world initialized: appHeight=1080, physics.ppm=50.0
16:23:07.474 [FXGL Background Thread 1 ] DEBUG PhysicsWorld         - Using strategy: BRUTE_FORCE
16:23:07.477 [FXGL Background Thread 1 ] DEBUG GameScene            - Game scene initialized: 1920x1080
16:23:07.486 [FXGL Background Thread 1 ] DEBUG FXGL.DefaultMenu     - createMenuBodyGameMenu()
16:23:07.502 [FXGL Background Thread 1 ] DEBUG FXGL.DefaultMenu     - createOptionsMenu()
16:23:07.512 [FXGL Background Thread 1 ] DEBUG FXGLAssetLoaderServi - Loading from file system: jar:file:/Users/kylefry/.m2/repository/com/github/almasb/fxgl/11.16/fxgl-11.16.jar!/fxglassets/textures/particles/smoke.png
16:23:07.603 [FXGL Background Thread 1 ] DEBUG FXGLAssetLoaderServi - Loading from file system: jar:file:/Users/kylefry/.m2/repository/com/github/almasb/fxgl/11.16/fxgl-11.16.jar!/fxglassets/textures/particles/trace_horizontal.png
16:23:07.629 [FXGL Background Thread 1 ] DEBUG GameApplicationServi - Application scenes initialized
16:23:07.638 [FXGL Background Thread 1 ] DEBUG SystemBundleService  - Loading FXGL system data
16:23:07.641 [FXGL Background Thread 1 ] DEBUG FileSystemAccess     - Reading from: /Users/kylefry/Desktop/RhythmKnight/Project/system/fxgl.bundle
16:23:07.648 [FXGL Background Thread 1 ] DEBUG SystemBundleService  - Bundle FXGL: {}
16:23:07.648 [FXGL Background Thread 1 ] DEBUG UpdaterService       - Checking for updates
16:23:07.651 [FXGL Background Thread 4 ] DEBUG FXGLApplication      - Loading fonts
16:23:07.652 [FXGL Background Thread 4 ] DEBUG FXGLAssetLoaderServi - Loading from file system: jar:file:/Users/kylefry/.m2/repository/com/github/almasb/fxgl/11.16/fxgl-11.16.jar!/fxglassets/ui/fonts/VarelaRound-Regular.ttf
16:23:07.652 [FXGL Background Thread 1 ] DEBUG FXGLApplication      - Loading default localization
16:23:07.653 [FXGL Background Thread 1 ] DEBUG FXGLAssetLoaderServi - Loading from file system: jar:file:/Users/kylefry/.m2/repository/com/github/almasb/fxgl/11.16/fxgl-11.16.jar!/fxglassets/languages/english.lang
16:23:07.671 [FXGL Background Thread 1 ] INFO  FXGLApplication      - FXGL initialization took: 0.895 sec
16:23:07.673 [JavaFX Application Thread] DEBUG FXGLAssetLoaderServi - Loading from file system: jar:file:/Users/kylefry/.m2/repository/com/github/almasb/fxgl/11.16/fxgl-11.16.jar!/fxglassets/textures/fxgl_icon.png
16:23:07.677 [FXGL Background Thread 4 ] DEBUG FXGLAssetLoaderServi - Loading from file system: jar:file:/Users/kylefry/.m2/repository/com/github/almasb/fxgl/11.16/fxgl-11.16.jar!/fxglassets/ui/fonts/Abel-Regular.ttf
16:23:07.681 [FXGL Background Thread 4 ] DEBUG FXGLAssetLoaderServi - Loading from file system: jar:file:/Users/kylefry/.m2/repository/com/github/almasb/fxgl/11.16/fxgl-11.16.jar!/fxglassets/ui/fonts/lucida_console.ttf
16:23:07.685 [FXGL Background Thread 4 ] DEBUG FXGLAssetLoaderServi - Loading from file system: jar:file:/Users/kylefry/.m2/repository/com/github/almasb/fxgl/11.16/fxgl-11.16.jar!/fxglassets/ui/fonts/Courier-Prime.ttf
16:23:07.702 [JavaFX Application Thread] DEBUG FXGLAssetLoaderServi - Loading from file system: jar:file:/Users/kylefry/.m2/repository/com/github/almasb/fxgl/11.16/fxgl-11.16.jar!/fxglassets/textures/fxgl_default_cursor.png
16:23:07.726 [JavaFX Application Thread] DEBUG Input                - Registered new binding: Screenshot - CTRL+8
16:23:07.727 [JavaFX Application Thread] DEBUG Input                - Registered new binding: System info dump - CTRL+9
16:23:07.727 [JavaFX Application Thread] DEBUG Input                - Registered new binding: Restart - CTRL+R
16:23:07.727 [JavaFX Application Thread] DEBUG Input                - Registered new binding: Toggle Debug Camera - CTRL+C
16:23:07.729 [JavaFX Application Thread] DEBUG LoopRunner           - Starting loop
16:23:07.729 [JavaFX Application Thread] DEBUG LoopRunner           - Initializing JavaFX AnimationTimerLoop
16:23:07.731 [JavaFX Application Thread] DEBUG GameApplicationServi - Starting new game
16:23:07.731 [JavaFX Application Thread] DEBUG Input                - Clearing active input actions
16:23:07.744 [JavaFX Application Thread] DEBUG GameApplicationServi - Removing overlay from FXGLStartupScene and adding to FXGLLoadingScene
16:23:07.744 [JavaFX Application Thread] DEBUG PrimaryStageWindow   - FXGLStartupScene -> FXGLLoadingScene
16:23:07.744 [JavaFX Application Thread] DEBUG GameApplicationServi - Clearing previous game
16:23:07.744 [JavaFX Application Thread] DEBUG GameScene            - Clearing game scene
16:23:07.744 [JavaFX Application Thread] DEBUG GameWorld            - Clearing game world
16:23:07.745 [JavaFX Application Thread] DEBUG PhysicsWorld         - Clearing physics world
16:23:07.751 [FXGL Background Thread 4 ] DEBUG FXGLApplication      - Initializing game
16:23:07.753 [FXGL Background Thread 4 ] DEBUG FXGLAssetLoaderServi - Loading from file system: file:/Users/kylefry/Desktop/RhythmKnight/Project/target/classes/assets/textures/RhythmKnightLogo.png
16:23:07.761 [FXGL Background Thread 4 ] INFO  FXGLApplication      - Game initialization took: 0.010 sec
16:23:07.772 [JavaFX Application Thread] DEBUG FXGLApplication      - Registering font factories with UI factory
16:23:07.818 [JavaFX Application Thread] DEBUG Input                - Clearing active input actions
16:23:07.827 [JavaFX Application Thread] DEBUG GameApplicationServi - Removing overlay from FXGLLoadingScene and adding to GameScene
16:23:07.827 [JavaFX Application Thread] DEBUG PrimaryStageWindow   - FXGLLoadingScene -> GameScene
16:23:10.036 [JavaFX Application Thread] DEBUG FXGLApplication      - Exiting FXGL
16:23:10.036 [JavaFX Application Thread] DEBUG LoopRunner           - Stopping loop
16:23:10.036 [JavaFX Application Thread] DEBUG SystemBundleService  - Saving FXGL system data
16:23:10.038 [JavaFX Application Thread] DEBUG FileSystemAccess     - Writing to: /Users/kylefry/Desktop/RhythmKnight/Project/system/fxgl.bundle
16:23:10.039 [JavaFX Application Thread] DEBUG Async                - Shutting down background threads
16:23:10.040 [JavaFX Application Thread] DEBUG PrimaryStageWindow   - Closing main window
16:23:10.048 [JavaFX Application Thread] DEBUG Logger               - Closing Logger
