16:51:46.540 [main                     ] DEBUG Logger               - Configured Logger
16:51:46.547 [main                     ] DEBUG GameApplication      - Logging settings
Title: Rhythm Knight
Version: Pre-Alpha 1
Width: 1920
Height: 1080
Fullscreen: false
Intro: false
Profiling: false
Single step:false
App Mode: DEVELOPER
Menu Key: ESCAPE
Stage Style: DECORATED
Scene Factory: class GameApp$1

16:51:47.028 [JavaFX Application Thread] DEBUG FXGLApplication      - Initializing FXGL
16:51:47.030 [JavaFX Application Thread] INFO  Engine               - FXGL-11.16 (25.05.2021 08.16) on MAC (J:16.0.1 FX:16)
16:51:47.030 [JavaFX Application Thread] DEBUG Engine               - JRE Vendor Name: Oracle Corporation
16:51:47.030 [JavaFX Application Thread] DEBUG Engine               - Running on OS: Mac OS X version 11.4
16:51:47.030 [JavaFX Application Thread] DEBUG Engine               - Architecture: x86_64
16:51:47.031 [JavaFX Application Thread] INFO  Engine               - Source code and latest versions at: https://github.com/AlmasB/FXGL
16:51:47.031 [JavaFX Application Thread] INFO  Engine               -              Join the FXGL chat at: https://gitter.im/AlmasB/FXGL
16:51:47.192 [JavaFX Application Thread] DEBUG PrimaryStageWindow   - Creating a JavaFX scene
16:51:47.192 [JavaFX Application Thread] DEBUG PrimaryStageWindow   - Target size > screen size
16:51:47.259 [JavaFX Application Thread] DEBUG PrimaryStageWindow   - Target settings size: 1920.0 x 1080.0
16:51:47.259 [JavaFX Application Thread] DEBUG PrimaryStageWindow   - Scaled scene size:    1400.0 x 801.0
16:51:47.260 [JavaFX Application Thread] DEBUG PrimaryStageWindow   - Scaled ratio: (0.7291666666666666, 0.7416666666666667)
16:51:47.261 [JavaFX Application Thread] DEBUG PrimaryStageWindow   - Set initial scene to FXGLStartupScene
16:51:47.270 [JavaFX Application Thread] DEBUG PrimaryStageWindow   - Opening main window
16:51:47.437 [JavaFX Application Thread] DEBUG PrimaryStageWindow   - Window border size: (0.0, 28.0)
16:51:47.438 [JavaFX Application Thread] DEBUG PrimaryStageWindow   - Scaled size: 1400.0 x 801.0
16:51:47.438 [JavaFX Application Thread] DEBUG PrimaryStageWindow   - Scaled ratio: (0.7291666666666666, 0.7416666666666667)
16:51:47.438 [JavaFX Application Thread] DEBUG PrimaryStageWindow   - Scene size: 1400.0 x 801.0
16:51:47.438 [JavaFX Application Thread] DEBUG PrimaryStageWindow   - Stage size: 1400.0 x 829.0
16:51:47.448 [FXGL Background Thread 1 ] DEBUG Engine               - Initializing environment variables
16:51:47.498 [FXGL Background Thread 1 ] DEBUG FXGLAssetLoaderServi - User app class for loading assets: class GameApp
16:51:47.499 [FXGL Background Thread 1 ] DEBUG GameApplicationServi - Applying CSS: fxgl_dark.css
16:51:47.500 [FXGL Background Thread 1 ] DEBUG FXGLAssetLoaderServi - Loading from file system: jar:file:/Users/kylefry/.m2/repository/com/github/almasb/fxgl/11.16/fxgl-11.16.jar!/fxglassets/ui/css/fxgl_dark.css
16:51:47.563 [FXGL Background Thread 1 ] DEBUG GameApplicationServi - Initializing application scenes
16:51:48.147 [FXGL Background Thread 1 ] DEBUG GameWorld            - Game world initialized
16:51:48.203 [FXGL Background Thread 1 ] DEBUG PhysicsWorld         - Physics world initialized: appHeight=1080, physics.ppm=50.0
16:51:48.203 [FXGL Background Thread 1 ] DEBUG PhysicsWorld         - Using strategy: BRUTE_FORCE
16:51:48.208 [FXGL Background Thread 1 ] DEBUG GameScene            - Game scene initialized: 1920x1080
16:51:48.212 [FXGL Background Thread 1 ] DEBUG FXGLAssetLoaderServi - Loading from file system: file:/Users/kylefry/Desktop/RhythmKnight/Project/target/classes/assets/textures/main-menu.png
16:51:48.322 [FXGL Background Thread 1 ] DEBUG FXGLAssetLoaderServi - Loading from file system: file:/Users/kylefry/Desktop/RhythmKnight/Project/target/classes/assets/textures/rest.png
16:51:48.343 [FXGL Background Thread 1 ] DEBUG FXGL.DefaultMenu     - createMenuBodyGameMenu()
16:51:48.355 [FXGL Background Thread 1 ] DEBUG FXGL.DefaultMenu     - createOptionsMenu()
16:51:48.371 [FXGL Background Thread 1 ] DEBUG FXGLAssetLoaderServi - Loading from file system: jar:file:/Users/kylefry/.m2/repository/com/github/almasb/fxgl/11.16/fxgl-11.16.jar!/fxglassets/textures/particles/smoke.png
16:51:48.501 [FXGL Background Thread 1 ] DEBUG FXGLAssetLoaderServi - Loading from file system: jar:file:/Users/kylefry/.m2/repository/com/github/almasb/fxgl/11.16/fxgl-11.16.jar!/fxglassets/textures/particles/trace_horizontal.png
16:51:48.521 [FXGL Background Thread 1 ] DEBUG GameApplicationServi - Application scenes initialized
16:51:48.532 [FXGL Background Thread 1 ] DEBUG SystemBundleService  - Loading FXGL system data
16:51:48.535 [FXGL Background Thread 1 ] DEBUG FileSystemAccess     - Reading from: /Users/kylefry/Desktop/RhythmKnight/Project/system/fxgl.bundle
16:51:48.542 [FXGL Background Thread 1 ] DEBUG SystemBundleService  - Bundle FXGL: {}
16:51:48.542 [FXGL Background Thread 1 ] DEBUG UpdaterService       - Checking for updates
16:51:48.545 [FXGL Background Thread 4 ] DEBUG FXGLApplication      - Loading fonts
16:51:48.546 [FXGL Background Thread 1 ] DEBUG FXGLApplication      - Loading default localization
16:51:48.547 [FXGL Background Thread 1 ] DEBUG FXGLAssetLoaderServi - Loading from file system: jar:file:/Users/kylefry/.m2/repository/com/github/almasb/fxgl/11.16/fxgl-11.16.jar!/fxglassets/languages/english.lang
16:51:48.547 [FXGL Background Thread 4 ] DEBUG FXGLAssetLoaderServi - Loading from file system: jar:file:/Users/kylefry/.m2/repository/com/github/almasb/fxgl/11.16/fxgl-11.16.jar!/fxglassets/ui/fonts/VarelaRound-Regular.ttf
16:51:48.566 [FXGL Background Thread 1 ] INFO  FXGLApplication      - FXGL initialization took: 1.118 sec
16:51:48.566 [FXGL Background Thread 4 ] DEBUG FXGLAssetLoaderServi - Loading from file system: jar:file:/Users/kylefry/.m2/repository/com/github/almasb/fxgl/11.16/fxgl-11.16.jar!/fxglassets/ui/fonts/Abel-Regular.ttf
16:51:48.568 [JavaFX Application Thread] DEBUG FXGLAssetLoaderServi - Loading from file system: jar:file:/Users/kylefry/.m2/repository/com/github/almasb/fxgl/11.16/fxgl-11.16.jar!/fxglassets/textures/fxgl_icon.png
16:51:48.571 [FXGL Background Thread 4 ] DEBUG FXGLAssetLoaderServi - Loading from file system: jar:file:/Users/kylefry/.m2/repository/com/github/almasb/fxgl/11.16/fxgl-11.16.jar!/fxglassets/ui/fonts/lucida_console.ttf
16:51:48.578 [FXGL Background Thread 4 ] DEBUG FXGLAssetLoaderServi - Loading from file system: jar:file:/Users/kylefry/.m2/repository/com/github/almasb/fxgl/11.16/fxgl-11.16.jar!/fxglassets/ui/fonts/Courier-Prime.ttf
16:51:48.595 [JavaFX Application Thread] DEBUG FXGLAssetLoaderServi - Loading from file system: jar:file:/Users/kylefry/.m2/repository/com/github/almasb/fxgl/11.16/fxgl-11.16.jar!/fxglassets/textures/fxgl_default_cursor.png
16:51:48.607 [JavaFX Application Thread] DEBUG Input                - Registered new binding: Screenshot - CTRL+8
16:51:48.608 [JavaFX Application Thread] DEBUG Input                - Registered new binding: System info dump - CTRL+9
16:51:48.608 [JavaFX Application Thread] DEBUG Input                - Registered new binding: Restart - CTRL+R
16:51:48.609 [JavaFX Application Thread] DEBUG Input                - Registered new binding: Toggle Debug Camera - CTRL+C
16:51:48.611 [JavaFX Application Thread] DEBUG LoopRunner           - Starting loop
16:51:48.611 [JavaFX Application Thread] DEBUG LoopRunner           - Initializing JavaFX AnimationTimerLoop
16:51:48.614 [JavaFX Application Thread] DEBUG Input                - Clearing active input actions
16:51:48.624 [JavaFX Application Thread] DEBUG GameApplicationServi - Removing overlay from FXGLStartupScene and adding to FXGLMainMenuDummyScene
16:51:48.624 [JavaFX Application Thread] DEBUG PrimaryStageWindow   - FXGLStartupScene -> FXGLMainMenuDummyScene
16:51:48.624 [JavaFX Application Thread] DEBUG PrimaryStageWindow   - Push state: AppMainMenu
16:51:48.625 [JavaFX Application Thread] DEBUG Input                - Clearing active input actions
16:51:48.633 [JavaFX Application Thread] DEBUG GameApplicationServi - Removing overlay from FXGLMainMenuDummyScene and adding to AppMainMenu
16:51:48.633 [JavaFX Application Thread] DEBUG PrimaryStageWindow   - FXGLMainMenuDummyScene -> AppMainMenu
16:51:48.662 [JavaFX Application Thread] DEBUG FXGLApplication      - Registering font factories with UI factory
16:51:49.504 [JavaFX Application Thread] DEBUG Menu                 - fireNewGame()
16:51:49.504 [JavaFX Application Thread] DEBUG GameApplicationServi - Starting new game
16:51:49.504 [JavaFX Application Thread] DEBUG PrimaryStageWindow   - Pop state: AppMainMenu
16:51:49.504 [JavaFX Application Thread] DEBUG Input                - Clearing active input actions
16:51:49.505 [JavaFX Application Thread] DEBUG GameApplicationServi - Removing overlay from AppMainMenu and adding to FXGLMainMenuDummyScene
16:51:49.505 [JavaFX Application Thread] DEBUG PrimaryStageWindow   - FXGLMainMenuDummyScene <- AppMainMenu
16:51:49.506 [JavaFX Application Thread] DEBUG Input                - Clearing active input actions
16:51:49.512 [JavaFX Application Thread] DEBUG GameApplicationServi - Removing overlay from FXGLMainMenuDummyScene and adding to FXGLLoadingScene
16:51:49.513 [JavaFX Application Thread] DEBUG PrimaryStageWindow   - FXGLMainMenuDummyScene -> FXGLLoadingScene
16:51:49.513 [JavaFX Application Thread] DEBUG GameApplicationServi - Clearing previous game
16:51:49.513 [JavaFX Application Thread] DEBUG GameScene            - Clearing game scene
16:51:49.513 [JavaFX Application Thread] DEBUG GameWorld            - Clearing game world
16:51:49.513 [JavaFX Application Thread] DEBUG PhysicsWorld         - Clearing physics world
16:51:49.514 [FXGL Background Thread 2 ] DEBUG FXGLApplication      - Initializing game
16:51:49.515 [FXGL Background Thread 2 ] DEBUG FXGLAssetLoaderServi - Loading from file system: file:/Users/kylefry/Desktop/RhythmKnight/Project/target/classes/assets/sounds/Tutorial.wav
16:51:49.674 [FXGL Background Thread 2 ] DEBUG FXGLAssetLoaderServi - Loading from file system: file:/Users/kylefry/Desktop/RhythmKnight/Project/target/classes/assets/sounds/snare01.wav
16:51:49.678 [FXGL Background Thread 2 ] DEBUG FXGLAssetLoaderServi - Loading from file system: file:/Users/kylefry/Desktop/RhythmKnight/Project/target/classes/assets/textures/hex.png
16:51:49.683 [FXGL Background Thread 2 ] DEBUG FXGLAssetLoaderServi - Loading from file system: file:/Users/kylefry/Desktop/RhythmKnight/Project/target/classes/assets/textures/TutorialTilemap.png
16:51:49.733 [FXGL Background Thread 2 ] INFO  FXGLApplication      - Game initialization took: 0.219 sec
16:51:49.734 [JavaFX Application Thread] DEBUG Input                - Clearing active input actions
16:51:49.742 [JavaFX Application Thread] DEBUG GameApplicationServi - Removing overlay from FXGLLoadingScene and adding to GameScene
16:51:49.742 [JavaFX Application Thread] DEBUG PrimaryStageWindow   - FXGLLoadingScene -> GameScene
16:51:51.546 [FXGL Background Thread 3 ] DEBUG Engine               - Logging environment variables
16:51:51.547 [FXGL Background Thread 3 ] DEBUG Engine               - achievements: []
16:51:51.547 [FXGL Background Thread 3 ] DEBUG Engine               - actualHeight: 801.0
16:51:51.548 [FXGL Background Thread 3 ] DEBUG Engine               - actualHeightProperty: ReadOnlyDoubleProperty [value: 801.0]
16:51:51.548 [FXGL Background Thread 3 ] DEBUG Engine               - actualWidth: 1400.0
16:51:51.549 [FXGL Background Thread 3 ] DEBUG Engine               - actualWidthProperty: ReadOnlyDoubleProperty [value: 1400.0]
16:51:51.549 [FXGL Background Thread 3 ] DEBUG Engine               - appIcon: fxgl_icon.png
16:51:51.549 [FXGL Background Thread 3 ] DEBUG Engine               - applicationMode: DEVELOPER
16:51:51.549 [FXGL Background Thread 3 ] DEBUG Engine               - cSSList: [fxgl_dark.css]
16:51:51.550 [FXGL Background Thread 3 ] DEBUG Engine               - collisionDetectionStrategy: BRUTE_FORCE
16:51:51.550 [FXGL Background Thread 3 ] DEBUG Engine               - configClass: Optional.empty
16:51:51.550 [FXGL Background Thread 3 ] DEBUG Engine               - credits: []
16:51:51.550 [FXGL Background Thread 3 ] DEBUG Engine               - defaultCursor: CursorInfo(imageName=fxgl_default_cursor.png, hotspotX=7.0, hotspotY=6.0)
16:51:51.551 [FXGL Background Thread 3 ] DEBUG Engine               - devBBoxColorProperty: ObjectProperty [value: 0xff0000ff]
16:51:51.552 [FXGL Background Thread 3 ] DEBUG Engine               - devEnableDebugCameraProperty: BooleanProperty [value: false]
16:51:51.552 [FXGL Background Thread 3 ] DEBUG Engine               - devSensorColorProperty: ObjectProperty [value: 0xffff00ff]
16:51:51.552 [FXGL Background Thread 3 ] DEBUG Engine               - devShowBBoxProperty: BooleanProperty [value: false]
16:51:51.553 [FXGL Background Thread 3 ] DEBUG Engine               - devShowPositionProperty: BooleanProperty [value: false]
16:51:51.553 [FXGL Background Thread 3 ] DEBUG Engine               - enabledMenuItems: []
16:51:51.553 [FXGL Background Thread 3 ] DEBUG Engine               - engineServices: [class com.almasb.fxgl.app.services.FXGLAssetLoaderService, class com.almasb.fxgl.app.FXGLApplication$GameApplicationService, class com.almasb.fxgl.app.services.FXGLDialogService, class com.almasb.fxgl.app.services.IOTaskExecutorService, class com.almasb.fxgl.io.FileSystemService, class com.almasb.fxgl.localization.LocalizationService, class com.almasb.fxgl.app.services.SystemBundleService, class com.almasb.fxgl.profile.SaveLoadService, class com.almasb.fxgl.ui.FXGLUIFactoryServiceProvider, class com.almasb.fxgl.ui.FXGLDialogFactoryServiceProvider, class com.almasb.fxgl.audio.AudioPlayer, class com.almasb.fxgl.notification.impl.NotificationServiceProvider, class com.almasb.fxgl.achievement.AchievementService, class com.almasb.fxgl.cutscene.CutsceneService, class com.almasb.fxgl.minigames.MiniGameService, class com.almasb.fxgl.net.NetService, class com.almasb.fxgl.app.services.UpdaterService, class com.almasb.fxgl.dev.DevService]
16:51:51.553 [FXGL Background Thread 3 ] DEBUG Engine               - fontGame: Abel-Regular.ttf
16:51:51.553 [FXGL Background Thread 3 ] DEBUG Engine               - fontMono: lucida_console.ttf
16:51:51.554 [FXGL Background Thread 3 ] DEBUG Engine               - fontText: Courier-Prime.ttf
16:51:51.554 [FXGL Background Thread 3 ] DEBUG Engine               - fontUI: VarelaRound-Regular.ttf
16:51:51.554 [FXGL Background Thread 3 ] DEBUG Engine               - fullScreen: BooleanProperty [value: false]
16:51:51.554 [FXGL Background Thread 3 ] DEBUG Engine               - gameDifficulty: MEDIUM
16:51:51.554 [FXGL Background Thread 3 ] DEBUG Engine               - gameDifficultyProperty: ObjectProperty [value: MEDIUM]
16:51:51.554 [FXGL Background Thread 3 ] DEBUG Engine               - globalMusicVolume: 0.5
16:51:51.555 [FXGL Background Thread 3 ] DEBUG Engine               - globalMusicVolumeProperty: DoubleProperty [value: 0.5]
16:51:51.555 [FXGL Background Thread 3 ] DEBUG Engine               - globalSoundVolume: 0.5
16:51:51.555 [FXGL Background Thread 3 ] DEBUG Engine               - globalSoundVolumeProperty: DoubleProperty [value: 0.5]
16:51:51.555 [FXGL Background Thread 3 ] DEBUG Engine               - height: 1080
16:51:51.555 [FXGL Background Thread 3 ] DEBUG Engine               - is3D: false
16:51:51.556 [FXGL Background Thread 3 ] DEBUG Engine               - isAndroid: false
16:51:51.556 [FXGL Background Thread 3 ] DEBUG Engine               - isBrowser: false
16:51:51.556 [FXGL Background Thread 3 ] DEBUG Engine               - isClickFeedbackEnabled: false
16:51:51.556 [FXGL Background Thread 3 ] DEBUG Engine               - isCloseConfirmation: false
16:51:51.556 [FXGL Background Thread 3 ] DEBUG Engine               - isDesktop: true
16:51:51.556 [FXGL Background Thread 3 ] DEBUG Engine               - isDeveloperMenuEnabled: false
16:51:51.556 [FXGL Background Thread 3 ] DEBUG Engine               - isEntityPreloadEnabled: true
16:51:51.557 [FXGL Background Thread 3 ] DEBUG Engine               - isExperimentalTiledLargeMap: false
16:51:51.557 [FXGL Background Thread 3 ] DEBUG Engine               - isFileSystemWriteAllowed: true
16:51:51.557 [FXGL Background Thread 3 ] DEBUG Engine               - isFullScreenAllowed: false
16:51:51.557 [FXGL Background Thread 3 ] DEBUG Engine               - isFullScreenFromStart: false
16:51:51.557 [FXGL Background Thread 3 ] DEBUG Engine               - isGameMenuEnabled: true
16:51:51.557 [FXGL Background Thread 3 ] DEBUG Engine               - isIOS: false
16:51:51.558 [FXGL Background Thread 3 ] DEBUG Engine               - isIntroEnabled: false
16:51:51.558 [FXGL Background Thread 3 ] DEBUG Engine               - isLinux: false
16:51:51.558 [FXGL Background Thread 3 ] DEBUG Engine               - isMac: true
16:51:51.558 [FXGL Background Thread 3 ] DEBUG Engine               - isMainMenuEnabled: true
16:51:51.558 [FXGL Background Thread 3 ] DEBUG Engine               - isManualResizeEnabled: false
16:51:51.558 [FXGL Background Thread 3 ] DEBUG Engine               - isMobile: false
16:51:51.559 [FXGL Background Thread 3 ] DEBUG Engine               - isNative: false
16:51:51.559 [FXGL Background Thread 3 ] DEBUG Engine               - isPreserveResizeRatio: false
16:51:51.559 [FXGL Background Thread 3 ] DEBUG Engine               - isProfilingEnabled: false
16:51:51.559 [FXGL Background Thread 3 ] DEBUG Engine               - isScaleAffectedOnResize: true
16:51:51.559 [FXGL Background Thread 3 ] DEBUG Engine               - isSingleStep: false
16:51:51.559 [FXGL Background Thread 3 ] DEBUG Engine               - isUserProfileEnabled: false
16:51:51.559 [FXGL Background Thread 3 ] DEBUG Engine               - isWindows: false
16:51:51.560 [FXGL Background Thread 3 ] DEBUG Engine               - language: ObjectProperty [value: ENGLISH]
16:51:51.560 [FXGL Background Thread 3 ] DEBUG Engine               - menuKey: ESCAPE
16:51:51.560 [FXGL Background Thread 3 ] DEBUG Engine               - mouseSensitivity: 0.2
16:51:51.560 [FXGL Background Thread 3 ] DEBUG Engine               - notificationViewClass: class com.almasb.fxgl.notification.view.XboxNotificationView
16:51:51.561 [FXGL Background Thread 3 ] DEBUG Engine               - pixelsPerMeter: 50.0
16:51:51.561 [FXGL Background Thread 3 ] DEBUG Engine               - platform: MAC
16:51:51.561 [FXGL Background Thread 3 ] DEBUG Engine               - prefHeightProperty: ReadOnlyDoubleProperty [value: 1080.0]
16:51:51.561 [FXGL Background Thread 3 ] DEBUG Engine               - prefWidthProperty: ReadOnlyDoubleProperty [value: 1920.0]
16:51:51.561 [FXGL Background Thread 3 ] DEBUG Engine               - profileDir: profiles/
16:51:51.561 [FXGL Background Thread 3 ] DEBUG Engine               - profileName: StringProperty [value: DEFAULT]
16:51:51.562 [FXGL Background Thread 3 ] DEBUG Engine               - randomSeed: -1
16:51:51.562 [FXGL Background Thread 3 ] DEBUG Engine               - runtimeInfo: RuntimeInfo(platform=MAC, version=11.16, build=25.05.2021 08.16)
16:51:51.562 [FXGL Background Thread 3 ] DEBUG Engine               - saveFileExt: sav
16:51:51.562 [FXGL Background Thread 3 ] DEBUG Engine               - scaledHeightProp$fxgl: DoubleProperty [bound, value: 801.0]
16:51:51.562 [FXGL Background Thread 3 ] DEBUG Engine               - scaledWidthProp$fxgl: DoubleProperty [bound, value: 1400.0]
16:51:51.563 [FXGL Background Thread 3 ] DEBUG Engine               - sceneFactory: GameApp$1@745e206b
16:51:51.563 [FXGL Background Thread 3 ] DEBUG Engine               - secondsIn24h: 60
16:51:51.563 [FXGL Background Thread 3 ] DEBUG Engine               - soundMenuBack: menu/back.wav
16:51:51.563 [FXGL Background Thread 3 ] DEBUG Engine               - soundMenuPress: menu/press.wav
16:51:51.564 [FXGL Background Thread 3 ] DEBUG Engine               - soundMenuSelect: menu/select.wav
16:51:51.564 [FXGL Background Thread 3 ] DEBUG Engine               - soundNotification: core/notification.wav
16:51:51.564 [FXGL Background Thread 3 ] DEBUG Engine               - stageStyle: DECORATED
16:51:51.564 [FXGL Background Thread 3 ] DEBUG Engine               - supportedLanguages: [ENGLISH, FRENCH, GERMAN, HUNGARIAN, RUSSIAN]
16:51:51.564 [FXGL Background Thread 3 ] DEBUG Engine               - ticksPerSecond: -1
16:51:51.564 [FXGL Background Thread 3 ] DEBUG Engine               - title: Rhythm Knight
16:51:51.564 [FXGL Background Thread 3 ] DEBUG Engine               - urlGithub: https://github.com/AlmasB/FXGL
16:51:51.564 [FXGL Background Thread 3 ] DEBUG Engine               - urlLeaderboard: http://fxgl-top.herokuapp.com/
16:51:51.564 [FXGL Background Thread 3 ] DEBUG Engine               - urlPOM: https://raw.githubusercontent.com/AlmasB/FXGL/release/README.md
16:51:51.564 [FXGL Background Thread 3 ] DEBUG Engine               - userAppClass: class GameApp
16:51:51.564 [FXGL Background Thread 3 ] DEBUG Engine               - version: Pre-Alpha 1
16:51:51.564 [FXGL Background Thread 3 ] DEBUG Engine               - versionCheckDays: 7
16:51:51.564 [FXGL Background Thread 3 ] DEBUG Engine               - width: 1920
16:51:51.565 [FXGL Background Thread 3 ] DEBUG Engine               - Logging services
16:51:51.565 [FXGL Background Thread 3 ] DEBUG Engine               - class com.almasb.fxgl.app.services.FXGLAssetLoaderService
16:51:51.565 [FXGL Background Thread 3 ] DEBUG Engine               - class com.almasb.fxgl.app.FXGLApplication$GameApplicationService
16:51:51.565 [FXGL Background Thread 3 ] DEBUG Engine               - class com.almasb.fxgl.app.services.FXGLDialogService
16:51:51.565 [FXGL Background Thread 3 ] DEBUG Engine               - class com.almasb.fxgl.app.services.IOTaskExecutorService
16:51:51.566 [FXGL Background Thread 3 ] DEBUG Engine               - class com.almasb.fxgl.io.FileSystemService
16:51:51.566 [FXGL Background Thread 3 ] DEBUG Engine               - class com.almasb.fxgl.localization.LocalizationService
16:51:51.566 [FXGL Background Thread 3 ] DEBUG Engine               - class com.almasb.fxgl.app.services.SystemBundleService
16:51:51.566 [FXGL Background Thread 3 ] DEBUG Engine               - class com.almasb.fxgl.profile.SaveLoadService
16:51:51.566 [FXGL Background Thread 3 ] DEBUG Engine               - class com.almasb.fxgl.ui.FXGLUIFactoryServiceProvider
16:51:51.566 [FXGL Background Thread 3 ] DEBUG Engine               - class com.almasb.fxgl.ui.FXGLDialogFactoryServiceProvider
16:51:51.566 [FXGL Background Thread 3 ] DEBUG Engine               - class com.almasb.fxgl.audio.AudioPlayer
16:51:51.566 [FXGL Background Thread 3 ] DEBUG Engine               - class com.almasb.fxgl.notification.impl.NotificationServiceProvider
16:51:51.566 [FXGL Background Thread 3 ] DEBUG Engine               - class com.almasb.fxgl.achievement.AchievementService
16:51:51.566 [FXGL Background Thread 3 ] DEBUG Engine               - class com.almasb.fxgl.cutscene.CutsceneService
16:51:51.567 [FXGL Background Thread 3 ] DEBUG Engine               - class com.almasb.fxgl.minigames.MiniGameService
16:51:51.567 [FXGL Background Thread 3 ] DEBUG Engine               - class com.almasb.fxgl.net.NetService
16:51:51.568 [FXGL Background Thread 3 ] DEBUG Engine               - class com.almasb.fxgl.app.services.UpdaterService
16:51:51.568 [FXGL Background Thread 3 ] DEBUG Engine               - class com.almasb.fxgl.dev.DevService
16:54:08.023 [JavaFX Application Thread] DEBUG FXGLApplication      - Exiting FXGL
16:54:08.024 [JavaFX Application Thread] DEBUG LoopRunner           - Stopping loop
16:54:08.024 [JavaFX Application Thread] DEBUG SystemBundleService  - Saving FXGL system data
16:54:08.026 [JavaFX Application Thread] DEBUG FileSystemAccess     - Writing to: /Users/kylefry/Desktop/RhythmKnight/Project/system/fxgl.bundle
16:54:08.027 [JavaFX Application Thread] DEBUG Async                - Shutting down background threads
16:54:08.027 [JavaFX Application Thread] DEBUG PrimaryStageWindow   - Closing main window
16:54:08.036 [JavaFX Application Thread] DEBUG Logger               - Closing Logger
