10:47:54.110 [main                     ] DEBUG Logger               - Configured Logger
10:47:54.119 [main                     ] DEBUG GameApplication      - Logging settings
Title: Rhythm Knight
Version: Pre-Alpha 1
Width: 1920
Height: 1080
Fullscreen: false
Intro: false
Profiling: false
Single step:false
App Mode: DEVELOPER
Menu Key: ESCAPE
Stage Style: DECORATED
Scene Factory: class GameApp$1

10:47:54.671 [JavaFX Application Thread] DEBUG FXGLApplication      - Initializing FXGL
10:47:54.673 [JavaFX Application Thread] INFO  Engine               - FXGL-11.16 (25.05.2021 08.16) on MAC (J:16.0.1 FX:16)
10:47:54.674 [JavaFX Application Thread] DEBUG Engine               - JRE Vendor Name: Oracle Corporation
10:47:54.674 [JavaFX Application Thread] DEBUG Engine               - Running on OS: Mac OS X version 11.4
10:47:54.674 [JavaFX Application Thread] DEBUG Engine               - Architecture: x86_64
10:47:54.674 [JavaFX Application Thread] INFO  Engine               - Source code and latest versions at: https://github.com/AlmasB/FXGL
10:47:54.675 [JavaFX Application Thread] INFO  Engine               -              Join the FXGL chat at: https://gitter.im/AlmasB/FXGL
10:47:54.856 [JavaFX Application Thread] DEBUG PrimaryStageWindow   - Creating a JavaFX scene
10:47:54.857 [JavaFX Application Thread] DEBUG PrimaryStageWindow   - Target size > screen size
10:47:55.003 [JavaFX Application Thread] DEBUG PrimaryStageWindow   - Target settings size: 1920.0 x 1080.0
10:47:55.004 [JavaFX Application Thread] DEBUG PrimaryStageWindow   - Scaled scene size:    1400.0 x 801.0
10:47:55.004 [JavaFX Application Thread] DEBUG PrimaryStageWindow   - Scaled ratio: (0.7291666666666666, 0.7416666666666667)
10:47:55.005 [JavaFX Application Thread] DEBUG PrimaryStageWindow   - Set initial scene to FXGLStartupScene
10:47:55.016 [JavaFX Application Thread] DEBUG PrimaryStageWindow   - Opening main window
10:47:55.285 [JavaFX Application Thread] DEBUG PrimaryStageWindow   - Window border size: (0.0, 28.0)
10:47:55.285 [JavaFX Application Thread] DEBUG PrimaryStageWindow   - Scaled size: 1400.0 x 801.0
10:47:55.285 [JavaFX Application Thread] DEBUG PrimaryStageWindow   - Scaled ratio: (0.7291666666666666, 0.7416666666666667)
10:47:55.286 [JavaFX Application Thread] DEBUG PrimaryStageWindow   - Scene size: 1400.0 x 801.0
10:47:55.286 [JavaFX Application Thread] DEBUG PrimaryStageWindow   - Stage size: 1400.0 x 829.0
10:47:55.298 [FXGL Background Thread 1 ] DEBUG Engine               - Initializing environment variables
10:47:55.353 [FXGL Background Thread 1 ] DEBUG FXGLAssetLoaderServi - User app class for loading assets: class GameApp
10:47:55.353 [FXGL Background Thread 1 ] DEBUG GameApplicationServi - Applying CSS: fxgl_dark.css
10:47:55.354 [FXGL Background Thread 1 ] DEBUG FXGLAssetLoaderServi - Loading from file system: jar:file:/Users/kylefry/.m2/repository/com/github/almasb/fxgl/11.16/fxgl-11.16.jar!/fxglassets/ui/css/fxgl_dark.css
10:47:55.482 [FXGL Background Thread 1 ] DEBUG GameApplicationServi - Initializing application scenes
10:47:56.194 [FXGL Background Thread 1 ] DEBUG GameWorld            - Game world initialized
10:47:56.291 [FXGL Background Thread 1 ] DEBUG PhysicsWorld         - Physics world initialized: appHeight=1080, physics.ppm=50.0
10:47:56.292 [FXGL Background Thread 1 ] DEBUG PhysicsWorld         - Using strategy: BRUTE_FORCE
10:47:56.295 [FXGL Background Thread 1 ] DEBUG GameScene            - Game scene initialized: 1920x1080
10:47:56.307 [FXGL Background Thread 1 ] DEBUG FXGLAssetLoaderServi - Loading from file system: file:/Users/kylefry/Desktop/RhythmKnight/Project/target/classes/assets/textures/logo-with-menu.png
10:47:56.472 [FXGL Background Thread 1 ] DEBUG FXGLAssetLoaderServi - Loading from file system: file:/Users/kylefry/Desktop/RhythmKnight/Project/target/classes/assets/textures/rest.png
10:47:56.485 [FXGL Background Thread 1 ] DEBUG FXGL.DefaultMenu     - createMenuBodyGameMenu()
10:47:56.495 [FXGL Background Thread 1 ] DEBUG FXGL.DefaultMenu     - createOptionsMenu()
10:47:56.501 [FXGL Background Thread 1 ] DEBUG FXGLAssetLoaderServi - Loading from file system: jar:file:/Users/kylefry/.m2/repository/com/github/almasb/fxgl/11.16/fxgl-11.16.jar!/fxglassets/textures/particles/smoke.png
10:47:56.578 [FXGL Background Thread 1 ] DEBUG FXGLAssetLoaderServi - Loading from file system: jar:file:/Users/kylefry/.m2/repository/com/github/almasb/fxgl/11.16/fxgl-11.16.jar!/fxglassets/textures/particles/trace_horizontal.png
10:47:56.597 [FXGL Background Thread 1 ] DEBUG GameApplicationServi - Application scenes initialized
10:47:56.608 [FXGL Background Thread 1 ] DEBUG SystemBundleService  - Loading FXGL system data
10:47:56.612 [FXGL Background Thread 1 ] DEBUG FileSystemAccess     - Reading from: /Users/kylefry/Desktop/RhythmKnight/Project/system/fxgl.bundle
10:47:56.618 [FXGL Background Thread 1 ] DEBUG SystemBundleService  - Bundle FXGL: {}
10:47:56.618 [FXGL Background Thread 1 ] DEBUG UpdaterService       - Checking for updates
10:47:56.622 [FXGL Background Thread 4 ] DEBUG FXGLApplication      - Loading fonts
10:47:56.623 [FXGL Background Thread 1 ] DEBUG FXGLApplication      - Loading default localization
10:47:56.623 [FXGL Background Thread 4 ] DEBUG FXGLAssetLoaderServi - Loading from file system: jar:file:/Users/kylefry/.m2/repository/com/github/almasb/fxgl/11.16/fxgl-11.16.jar!/fxglassets/ui/fonts/VarelaRound-Regular.ttf
10:47:56.623 [FXGL Background Thread 1 ] DEBUG FXGLAssetLoaderServi - Loading from file system: jar:file:/Users/kylefry/.m2/repository/com/github/almasb/fxgl/11.16/fxgl-11.16.jar!/fxglassets/languages/english.lang
10:47:56.648 [FXGL Background Thread 4 ] DEBUG FXGLAssetLoaderServi - Loading from file system: jar:file:/Users/kylefry/.m2/repository/com/github/almasb/fxgl/11.16/fxgl-11.16.jar!/fxglassets/ui/fonts/Abel-Regular.ttf
10:47:56.653 [FXGL Background Thread 4 ] DEBUG FXGLAssetLoaderServi - Loading from file system: jar:file:/Users/kylefry/.m2/repository/com/github/almasb/fxgl/11.16/fxgl-11.16.jar!/fxglassets/ui/fonts/lucida_console.ttf
10:47:56.655 [FXGL Background Thread 1 ] INFO  FXGLApplication      - FXGL initialization took: 1.357 sec
10:47:56.657 [JavaFX Application Thread] DEBUG FXGLAssetLoaderServi - Loading from file system: jar:file:/Users/kylefry/.m2/repository/com/github/almasb/fxgl/11.16/fxgl-11.16.jar!/fxglassets/textures/fxgl_icon.png
10:47:56.658 [FXGL Background Thread 4 ] DEBUG FXGLAssetLoaderServi - Loading from file system: jar:file:/Users/kylefry/.m2/repository/com/github/almasb/fxgl/11.16/fxgl-11.16.jar!/fxglassets/ui/fonts/Courier-Prime.ttf
10:47:56.678 [JavaFX Application Thread] DEBUG FXGLAssetLoaderServi - Loading from file system: jar:file:/Users/kylefry/.m2/repository/com/github/almasb/fxgl/11.16/fxgl-11.16.jar!/fxglassets/textures/fxgl_default_cursor.png
10:47:56.693 [JavaFX Application Thread] DEBUG Input                - Registered new binding: Screenshot - CTRL+8
10:47:56.694 [JavaFX Application Thread] DEBUG Input                - Registered new binding: System info dump - CTRL+9
10:47:56.694 [JavaFX Application Thread] DEBUG Input                - Registered new binding: Restart - CTRL+R
10:47:56.695 [JavaFX Application Thread] DEBUG Input                - Registered new binding: Toggle Debug Camera - CTRL+C
10:47:56.697 [JavaFX Application Thread] DEBUG LoopRunner           - Starting loop
10:47:56.697 [JavaFX Application Thread] DEBUG LoopRunner           - Initializing JavaFX AnimationTimerLoop
10:47:56.699 [JavaFX Application Thread] DEBUG Input                - Clearing active input actions
10:47:56.708 [JavaFX Application Thread] DEBUG GameApplicationServi - Removing overlay from FXGLStartupScene and adding to FXGLMainMenuDummyScene
10:47:56.709 [JavaFX Application Thread] DEBUG PrimaryStageWindow   - FXGLStartupScene -> FXGLMainMenuDummyScene
10:47:56.709 [JavaFX Application Thread] DEBUG PrimaryStageWindow   - Push state: AppMainMenu
10:47:56.709 [JavaFX Application Thread] DEBUG Input                - Clearing active input actions
10:47:56.718 [JavaFX Application Thread] DEBUG GameApplicationServi - Removing overlay from FXGLMainMenuDummyScene and adding to AppMainMenu
10:47:56.719 [JavaFX Application Thread] DEBUG PrimaryStageWindow   - FXGLMainMenuDummyScene -> AppMainMenu
10:47:56.749 [JavaFX Application Thread] DEBUG FXGLApplication      - Registering font factories with UI factory
10:47:57.980 [JavaFX Application Thread] DEBUG Menu                 - fireNewGame()
10:47:57.980 [JavaFX Application Thread] DEBUG GameApplicationServi - Starting new game
10:47:57.981 [JavaFX Application Thread] DEBUG PrimaryStageWindow   - Pop state: AppMainMenu
10:47:57.981 [JavaFX Application Thread] DEBUG Input                - Clearing active input actions
10:47:57.982 [JavaFX Application Thread] DEBUG GameApplicationServi - Removing overlay from AppMainMenu and adding to FXGLMainMenuDummyScene
10:47:57.982 [JavaFX Application Thread] DEBUG PrimaryStageWindow   - FXGLMainMenuDummyScene <- AppMainMenu
10:47:57.983 [JavaFX Application Thread] DEBUG Input                - Clearing active input actions
10:47:57.990 [JavaFX Application Thread] DEBUG GameApplicationServi - Removing overlay from FXGLMainMenuDummyScene and adding to FXGLLoadingScene
10:47:57.991 [JavaFX Application Thread] DEBUG PrimaryStageWindow   - FXGLMainMenuDummyScene -> FXGLLoadingScene
10:47:57.991 [JavaFX Application Thread] DEBUG GameApplicationServi - Clearing previous game
10:47:57.991 [JavaFX Application Thread] DEBUG GameScene            - Clearing game scene
10:47:57.991 [JavaFX Application Thread] DEBUG GameWorld            - Clearing game world
10:47:57.991 [JavaFX Application Thread] DEBUG PhysicsWorld         - Clearing physics world
10:47:57.993 [FXGL Background Thread 2 ] DEBUG FXGLApplication      - Initializing game
10:47:59.621 [FXGL Background Thread 3 ] DEBUG Engine               - Logging environment variables
10:47:59.622 [FXGL Background Thread 3 ] DEBUG Engine               - achievements: []
10:47:59.623 [FXGL Background Thread 3 ] DEBUG Engine               - actualHeight: 801.0
10:47:59.623 [FXGL Background Thread 3 ] DEBUG Engine               - actualHeightProperty: ReadOnlyDoubleProperty [value: 801.0]
10:47:59.623 [FXGL Background Thread 3 ] DEBUG Engine               - actualWidth: 1400.0
10:47:59.623 [FXGL Background Thread 3 ] DEBUG Engine               - actualWidthProperty: ReadOnlyDoubleProperty [value: 1400.0]
10:47:59.624 [FXGL Background Thread 3 ] DEBUG Engine               - appIcon: fxgl_icon.png
10:47:59.624 [FXGL Background Thread 3 ] DEBUG Engine               - applicationMode: DEVELOPER
10:47:59.624 [FXGL Background Thread 3 ] DEBUG Engine               - cSSList: [fxgl_dark.css]
10:47:59.624 [FXGL Background Thread 3 ] DEBUG Engine               - collisionDetectionStrategy: BRUTE_FORCE
10:47:59.625 [FXGL Background Thread 3 ] DEBUG Engine               - configClass: Optional.empty
10:47:59.625 [FXGL Background Thread 3 ] DEBUG Engine               - credits: []
10:47:59.626 [FXGL Background Thread 3 ] DEBUG Engine               - defaultCursor: CursorInfo(imageName=fxgl_default_cursor.png, hotspotX=7.0, hotspotY=6.0)
10:47:59.626 [FXGL Background Thread 3 ] DEBUG Engine               - devBBoxColorProperty: ObjectProperty [value: 0xff0000ff]
10:47:59.626 [FXGL Background Thread 3 ] DEBUG Engine               - devEnableDebugCameraProperty: BooleanProperty [value: false]
10:47:59.627 [FXGL Background Thread 3 ] DEBUG Engine               - devSensorColorProperty: ObjectProperty [value: 0xffff00ff]
10:47:59.627 [FXGL Background Thread 3 ] DEBUG Engine               - devShowBBoxProperty: BooleanProperty [value: false]
10:47:59.628 [FXGL Background Thread 3 ] DEBUG Engine               - devShowPositionProperty: BooleanProperty [value: false]
10:47:59.628 [JavaFX Application Thread] DEBUG FXGLApplication      - Exiting FXGL
10:47:59.628 [FXGL Background Thread 3 ] DEBUG Engine               - enabledMenuItems: []
10:47:59.628 [JavaFX Application Thread] DEBUG LoopRunner           - Stopping loop
10:47:59.628 [FXGL Background Thread 3 ] DEBUG Engine               - engineServices: [class com.almasb.fxgl.app.services.FXGLAssetLoaderService, class com.almasb.fxgl.app.FXGLApplication$GameApplicationService, class com.almasb.fxgl.app.services.FXGLDialogService, class com.almasb.fxgl.app.services.IOTaskExecutorService, class com.almasb.fxgl.io.FileSystemService, class com.almasb.fxgl.localization.LocalizationService, class com.almasb.fxgl.app.services.SystemBundleService, class com.almasb.fxgl.profile.SaveLoadService, class com.almasb.fxgl.ui.FXGLUIFactoryServiceProvider, class com.almasb.fxgl.ui.FXGLDialogFactoryServiceProvider, class com.almasb.fxgl.audio.AudioPlayer, class com.almasb.fxgl.notification.impl.NotificationServiceProvider, class com.almasb.fxgl.achievement.AchievementService, class com.almasb.fxgl.cutscene.CutsceneService, class com.almasb.fxgl.minigames.MiniGameService, class com.almasb.fxgl.net.NetService, class com.almasb.fxgl.app.services.UpdaterService, class com.almasb.fxgl.dev.DevService]
10:47:59.628 [FXGL Background Thread 3 ] DEBUG Engine               - fontGame: Abel-Regular.ttf
10:47:59.628 [JavaFX Application Thread] DEBUG SystemBundleService  - Saving FXGL system data
10:47:59.629 [FXGL Background Thread 3 ] DEBUG Engine               - fontMono: lucida_console.ttf
10:47:59.629 [FXGL Background Thread 3 ] DEBUG Engine               - fontText: Courier-Prime.ttf
10:47:59.629 [FXGL Background Thread 3 ] DEBUG Engine               - fontUI: VarelaRound-Regular.ttf
10:47:59.629 [FXGL Background Thread 3 ] DEBUG Engine               - fullScreen: BooleanProperty [value: false]
10:47:59.629 [FXGL Background Thread 3 ] DEBUG Engine               - gameDifficulty: MEDIUM
10:47:59.629 [FXGL Background Thread 3 ] DEBUG Engine               - gameDifficultyProperty: ObjectProperty [value: MEDIUM]
10:47:59.630 [FXGL Background Thread 3 ] DEBUG Engine               - globalMusicVolume: 0.5
10:47:59.630 [FXGL Background Thread 3 ] DEBUG Engine               - globalMusicVolumeProperty: DoubleProperty [value: 0.5]
10:47:59.630 [FXGL Background Thread 3 ] DEBUG Engine               - globalSoundVolume: 0.5
10:47:59.630 [FXGL Background Thread 3 ] DEBUG Engine               - globalSoundVolumeProperty: DoubleProperty [value: 0.5]
10:47:59.631 [JavaFX Application Thread] DEBUG FileSystemAccess     - Writing to: /Users/kylefry/Desktop/RhythmKnight/Project/system/fxgl.bundle
10:47:59.631 [FXGL Background Thread 3 ] DEBUG Engine               - height: 1080
10:47:59.631 [FXGL Background Thread 3 ] DEBUG Engine               - is3D: false
10:47:59.631 [FXGL Background Thread 3 ] DEBUG Engine               - isAndroid: false
10:47:59.631 [FXGL Background Thread 3 ] DEBUG Engine               - isBrowser: false
10:47:59.631 [FXGL Background Thread 3 ] DEBUG Engine               - isClickFeedbackEnabled: false
10:47:59.632 [FXGL Background Thread 3 ] DEBUG Engine               - isCloseConfirmation: false
10:47:59.632 [FXGL Background Thread 3 ] DEBUG Engine               - isDesktop: true
10:47:59.632 [FXGL Background Thread 3 ] DEBUG Engine               - isDeveloperMenuEnabled: false
10:47:59.632 [FXGL Background Thread 3 ] DEBUG Engine               - isEntityPreloadEnabled: true
10:47:59.632 [FXGL Background Thread 3 ] DEBUG Engine               - isExperimentalTiledLargeMap: false
10:47:59.633 [JavaFX Application Thread] DEBUG Async                - Shutting down background threads
10:47:59.633 [JavaFX Application Thread] DEBUG PrimaryStageWindow   - Closing main window
10:47:59.632 [FXGL Background Thread 3 ] DEBUG Engine               - isFileSystemWriteAllowed: true
10:47:59.635 [FXGL Background Thread 3 ] DEBUG Engine               - isFullScreenAllowed: false
10:47:59.636 [FXGL Background Thread 3 ] DEBUG Engine               - isFullScreenFromStart: false
10:47:59.636 [FXGL Background Thread 3 ] DEBUG Engine               - isGameMenuEnabled: true
10:47:59.637 [FXGL Background Thread 3 ] DEBUG Engine               - isIOS: false
10:47:59.637 [FXGL Background Thread 3 ] DEBUG Engine               - isIntroEnabled: false
10:47:59.637 [FXGL Background Thread 3 ] DEBUG Engine               - isLinux: false
10:47:59.637 [FXGL Background Thread 3 ] DEBUG Engine               - isMac: true
10:47:59.638 [FXGL Background Thread 3 ] DEBUG Engine               - isMainMenuEnabled: true
10:47:59.638 [FXGL Background Thread 3 ] DEBUG Engine               - isManualResizeEnabled: false
10:47:59.638 [FXGL Background Thread 3 ] DEBUG Engine               - isMobile: false
10:47:59.638 [FXGL Background Thread 3 ] DEBUG Engine               - isNative: false
10:47:59.638 [FXGL Background Thread 3 ] DEBUG Engine               - isPreserveResizeRatio: false
10:47:59.638 [FXGL Background Thread 3 ] DEBUG Engine               - isProfilingEnabled: false
10:47:59.638 [FXGL Background Thread 3 ] DEBUG Engine               - isScaleAffectedOnResize: true
10:47:59.639 [FXGL Background Thread 3 ] DEBUG Engine               - isSingleStep: false
10:47:59.639 [FXGL Background Thread 3 ] DEBUG Engine               - isUserProfileEnabled: false
10:47:59.639 [FXGL Background Thread 3 ] DEBUG Engine               - isWindows: false
10:47:59.639 [FXGL Background Thread 3 ] DEBUG Engine               - language: ObjectProperty [value: ENGLISH]
10:47:59.639 [FXGL Background Thread 3 ] DEBUG Engine               - menuKey: ESCAPE
10:47:59.639 [FXGL Background Thread 3 ] DEBUG Engine               - mouseSensitivity: 0.2
10:47:59.640 [FXGL Background Thread 3 ] DEBUG Engine               - notificationViewClass: class com.almasb.fxgl.notification.view.XboxNotificationView
10:47:59.640 [FXGL Background Thread 3 ] DEBUG Engine               - pixelsPerMeter: 50.0
10:47:59.640 [FXGL Background Thread 3 ] DEBUG Engine               - platform: MAC
10:47:59.640 [FXGL Background Thread 3 ] DEBUG Engine               - prefHeightProperty: ReadOnlyDoubleProperty [value: 1080.0]
10:47:59.640 [FXGL Background Thread 3 ] DEBUG Engine               - prefWidthProperty: ReadOnlyDoubleProperty [value: 1920.0]
10:47:59.640 [FXGL Background Thread 3 ] DEBUG Engine               - profileDir: profiles/
10:47:59.640 [FXGL Background Thread 3 ] DEBUG Engine               - profileName: StringProperty [value: DEFAULT]
10:47:59.640 [FXGL Background Thread 3 ] DEBUG Engine               - randomSeed: -1
10:47:59.640 [FXGL Background Thread 3 ] DEBUG Engine               - runtimeInfo: RuntimeInfo(platform=MAC, version=11.16, build=25.05.2021 08.16)
10:47:59.640 [FXGL Background Thread 3 ] DEBUG Engine               - saveFileExt: sav
10:47:59.641 [JavaFX Application Thread] DEBUG Logger               - Closing Logger
10:47:59.641 [FXGL Background Thread 3 ] DEBUG Engine               - scaledHeightProp$fxgl: DoubleProperty [bound, value: 801.0]
10:47:59.641 [FXGL Background Thread 3 ] DEBUG Engine               - scaledWidthProp$fxgl: DoubleProperty [bound, value: 1400.0]
10:47:59.641 [FXGL Background Thread 3 ] DEBUG Engine               - sceneFactory: GameApp$1@5da1baab
10:47:59.641 [FXGL Background Thread 3 ] DEBUG Engine               - secondsIn24h: 60
10:47:59.641 [FXGL Background Thread 3 ] DEBUG Engine               - soundMenuBack: menu/back.wav
10:47:59.642 [FXGL Background Thread 3 ] DEBUG Engine               - soundMenuPress: menu/press.wav
10:47:59.642 [FXGL Background Thread 3 ] DEBUG Engine               - soundMenuSelect: menu/select.wav
10:47:59.642 [FXGL Background Thread 3 ] DEBUG Engine               - soundNotification: core/notification.wav
10:47:59.642 [FXGL Background Thread 3 ] DEBUG Engine               - stageStyle: DECORATED
10:47:59.642 [FXGL Background Thread 3 ] DEBUG Engine               - supportedLanguages: [ENGLISH, FRENCH, GERMAN, HUNGARIAN, RUSSIAN]
10:47:59.642 [FXGL Background Thread 3 ] DEBUG Engine               - ticksPerSecond: -1
10:47:59.642 [FXGL Background Thread 3 ] DEBUG Engine               - title: Rhythm Knight
10:47:59.642 [FXGL Background Thread 3 ] DEBUG Engine               - urlGithub: https://github.com/AlmasB/FXGL
10:47:59.643 [FXGL Background Thread 3 ] DEBUG Engine               - urlLeaderboard: http://fxgl-top.herokuapp.com/
10:47:59.643 [FXGL Background Thread 3 ] DEBUG Engine               - urlPOM: https://raw.githubusercontent.com/AlmasB/FXGL/release/README.md
10:47:59.643 [FXGL Background Thread 3 ] DEBUG Engine               - userAppClass: class GameApp
10:47:59.643 [FXGL Background Thread 3 ] DEBUG Engine               - version: Pre-Alpha 1
10:47:59.643 [FXGL Background Thread 3 ] DEBUG Engine               - versionCheckDays: 7
10:47:59.643 [FXGL Background Thread 3 ] DEBUG Engine               - width: 1920
10:47:59.643 [FXGL Background Thread 3 ] DEBUG Engine               - Logging services
10:47:59.643 [FXGL Background Thread 3 ] DEBUG Engine               - class com.almasb.fxgl.app.services.FXGLAssetLoaderService
10:47:59.643 [FXGL Background Thread 3 ] DEBUG Engine               - class com.almasb.fxgl.app.FXGLApplication$GameApplicationService
10:47:59.644 [FXGL Background Thread 3 ] DEBUG Engine               - class com.almasb.fxgl.app.services.FXGLDialogService
10:47:59.644 [FXGL Background Thread 3 ] DEBUG Engine               - class com.almasb.fxgl.app.services.IOTaskExecutorService
10:47:59.644 [FXGL Background Thread 3 ] DEBUG Engine               - class com.almasb.fxgl.io.FileSystemService
10:47:59.644 [FXGL Background Thread 3 ] DEBUG Engine               - class com.almasb.fxgl.localization.LocalizationService
10:47:59.644 [FXGL Background Thread 3 ] DEBUG Engine               - class com.almasb.fxgl.app.services.SystemBundleService
10:47:59.644 [FXGL Background Thread 3 ] DEBUG Engine               - class com.almasb.fxgl.profile.SaveLoadService
10:47:59.644 [FXGL Background Thread 3 ] DEBUG Engine               - class com.almasb.fxgl.ui.FXGLUIFactoryServiceProvider
10:47:59.644 [FXGL Background Thread 3 ] DEBUG Engine               - class com.almasb.fxgl.ui.FXGLDialogFactoryServiceProvider
10:47:59.645 [FXGL Background Thread 3 ] DEBUG Engine               - class com.almasb.fxgl.audio.AudioPlayer
10:47:59.645 [FXGL Background Thread 3 ] DEBUG Engine               - class com.almasb.fxgl.notification.impl.NotificationServiceProvider
10:47:59.645 [FXGL Background Thread 3 ] DEBUG Engine               - class com.almasb.fxgl.achievement.AchievementService
10:47:59.645 [FXGL Background Thread 3 ] DEBUG Engine               - class com.almasb.fxgl.cutscene.CutsceneService
10:47:59.645 [FXGL Background Thread 3 ] DEBUG Engine               - class com.almasb.fxgl.minigames.MiniGameService
10:47:59.645 [FXGL Background Thread 3 ] DEBUG Engine               - class com.almasb.fxgl.net.NetService
10:47:59.645 [FXGL Background Thread 3 ] DEBUG Engine               - class com.almasb.fxgl.app.services.UpdaterService
10:47:59.645 [FXGL Background Thread 3 ] DEBUG Engine               - class com.almasb.fxgl.dev.DevService
