16:20:40.414 [main                     ] DEBUG Logger               - Configured Logger
16:20:40.420 [main                     ] DEBUG GameApplication      - Logging settings
Title: Rhythm Knight v0.0.1
Version: 0.0
Width: 1920
Height: 1080
Fullscreen: false
Intro: false
Profiling: false
Single step:false
App Mode: DEVELOPER
Menu Key: ESCAPE
Stage Style: DECORATED
Scene Factory: class com.almasb.fxgl.app.scene.SceneFactory

16:20:40.938 [JavaFX Application Thread] DEBUG FXGLApplication      - Initializing FXGL
16:20:40.940 [JavaFX Application Thread] INFO  Engine               - FXGL-11.16 (25.05.2021 08.16) on MAC (J:16.0.1 FX:16)
16:20:40.941 [JavaFX Application Thread] DEBUG Engine               - JRE Vendor Name: Oracle Corporation
16:20:40.941 [JavaFX Application Thread] DEBUG Engine               - Running on OS: Mac OS X version 11.4
16:20:40.941 [JavaFX Application Thread] DEBUG Engine               - Architecture: x86_64
16:20:40.941 [JavaFX Application Thread] INFO  Engine               - Source code and latest versions at: https://github.com/AlmasB/FXGL
16:20:40.942 [JavaFX Application Thread] INFO  Engine               -              Join the FXGL chat at: https://gitter.im/AlmasB/FXGL
16:20:41.175 [JavaFX Application Thread] DEBUG PrimaryStageWindow   - Creating a JavaFX scene
16:20:41.176 [JavaFX Application Thread] DEBUG PrimaryStageWindow   - Target size > screen size
16:20:41.257 [JavaFX Application Thread] DEBUG PrimaryStageWindow   - Target settings size: 1920.0 x 1080.0
16:20:41.257 [JavaFX Application Thread] DEBUG PrimaryStageWindow   - Scaled scene size:    1400.0 x 801.0
16:20:41.257 [JavaFX Application Thread] DEBUG PrimaryStageWindow   - Scaled ratio: (0.7291666666666666, 0.7416666666666667)
16:20:41.258 [JavaFX Application Thread] DEBUG PrimaryStageWindow   - Set initial scene to FXGLStartupScene
16:20:41.268 [JavaFX Application Thread] DEBUG PrimaryStageWindow   - Opening main window
16:20:41.486 [JavaFX Application Thread] DEBUG PrimaryStageWindow   - Window border size: (0.0, 28.0)
16:20:41.486 [JavaFX Application Thread] DEBUG PrimaryStageWindow   - Scaled size: 1400.0 x 801.0
16:20:41.486 [JavaFX Application Thread] DEBUG PrimaryStageWindow   - Scaled ratio: (0.7291666666666666, 0.7416666666666667)
16:20:41.487 [JavaFX Application Thread] DEBUG PrimaryStageWindow   - Scene size: 1400.0 x 801.0
16:20:41.487 [JavaFX Application Thread] DEBUG PrimaryStageWindow   - Stage size: 1400.0 x 829.0
16:20:41.495 [FXGL Background Thread 1 ] DEBUG Engine               - Initializing environment variables
16:20:41.573 [FXGL Background Thread 1 ] DEBUG FXGLAssetLoaderServi - User app class for loading assets: class TestMap
16:20:41.573 [FXGL Background Thread 1 ] DEBUG GameApplicationServi - Applying CSS: fxgl_dark.css
16:20:41.574 [FXGL Background Thread 1 ] DEBUG FXGLAssetLoaderServi - Loading from file system: jar:file:/Users/kylefry/.m2/repository/com/github/almasb/fxgl/11.16/fxgl-11.16.jar!/fxglassets/ui/css/fxgl_dark.css
16:20:41.671 [FXGL Background Thread 1 ] DEBUG GameApplicationServi - Initializing application scenes
16:20:42.203 [FXGL Background Thread 1 ] DEBUG GameWorld            - Game world initialized
16:20:42.263 [FXGL Background Thread 1 ] DEBUG PhysicsWorld         - Physics world initialized: appHeight=1080, physics.ppm=50.0
16:20:42.263 [FXGL Background Thread 1 ] DEBUG PhysicsWorld         - Using strategy: BRUTE_FORCE
16:20:42.266 [FXGL Background Thread 1 ] DEBUG GameScene            - Game scene initialized: 1920x1080
16:20:42.273 [FXGL Background Thread 1 ] DEBUG FXGL.DefaultMenu     - createMenuBodyGameMenu()
16:20:42.289 [FXGL Background Thread 1 ] DEBUG FXGL.DefaultMenu     - createOptionsMenu()
16:20:42.298 [FXGL Background Thread 1 ] DEBUG FXGLAssetLoaderServi - Loading from file system: jar:file:/Users/kylefry/.m2/repository/com/github/almasb/fxgl/11.16/fxgl-11.16.jar!/fxglassets/textures/particles/smoke.png
16:20:42.393 [FXGL Background Thread 1 ] DEBUG FXGLAssetLoaderServi - Loading from file system: jar:file:/Users/kylefry/.m2/repository/com/github/almasb/fxgl/11.16/fxgl-11.16.jar!/fxglassets/textures/particles/trace_horizontal.png
16:20:42.424 [FXGL Background Thread 1 ] DEBUG GameApplicationServi - Application scenes initialized
16:20:42.435 [FXGL Background Thread 1 ] DEBUG SystemBundleService  - Loading FXGL system data
16:20:42.438 [FXGL Background Thread 1 ] DEBUG FileSystemAccess     - Reading from: /Users/kylefry/Desktop/RhythmKnight/Project/system/fxgl.bundle
16:20:42.445 [FXGL Background Thread 1 ] DEBUG SystemBundleService  - Bundle FXGL: {}
16:20:42.445 [FXGL Background Thread 1 ] DEBUG UpdaterService       - Checking for updates
16:20:42.448 [FXGL Background Thread 4 ] DEBUG FXGLApplication      - Loading fonts
16:20:42.450 [FXGL Background Thread 1 ] DEBUG FXGLApplication      - Loading default localization
16:20:42.450 [FXGL Background Thread 1 ] DEBUG FXGLAssetLoaderServi - Loading from file system: jar:file:/Users/kylefry/.m2/repository/com/github/almasb/fxgl/11.16/fxgl-11.16.jar!/fxglassets/languages/english.lang
16:20:42.449 [FXGL Background Thread 4 ] DEBUG FXGLAssetLoaderServi - Loading from file system: jar:file:/Users/kylefry/.m2/repository/com/github/almasb/fxgl/11.16/fxgl-11.16.jar!/fxglassets/ui/fonts/VarelaRound-Regular.ttf
16:20:42.467 [FXGL Background Thread 1 ] INFO  FXGLApplication      - FXGL initialization took: 0.973 sec
16:20:42.469 [JavaFX Application Thread] DEBUG FXGLAssetLoaderServi - Loading from file system: jar:file:/Users/kylefry/.m2/repository/com/github/almasb/fxgl/11.16/fxgl-11.16.jar!/fxglassets/textures/fxgl_icon.png
16:20:42.474 [FXGL Background Thread 4 ] DEBUG FXGLAssetLoaderServi - Loading from file system: jar:file:/Users/kylefry/.m2/repository/com/github/almasb/fxgl/11.16/fxgl-11.16.jar!/fxglassets/ui/fonts/Abel-Regular.ttf
16:20:42.482 [FXGL Background Thread 4 ] DEBUG FXGLAssetLoaderServi - Loading from file system: jar:file:/Users/kylefry/.m2/repository/com/github/almasb/fxgl/11.16/fxgl-11.16.jar!/fxglassets/ui/fonts/lucida_console.ttf
16:20:42.493 [FXGL Background Thread 4 ] DEBUG FXGLAssetLoaderServi - Loading from file system: jar:file:/Users/kylefry/.m2/repository/com/github/almasb/fxgl/11.16/fxgl-11.16.jar!/fxglassets/ui/fonts/Courier-Prime.ttf
16:20:42.507 [JavaFX Application Thread] DEBUG FXGLAssetLoaderServi - Loading from file system: jar:file:/Users/kylefry/.m2/repository/com/github/almasb/fxgl/11.16/fxgl-11.16.jar!/fxglassets/textures/fxgl_default_cursor.png
16:20:42.519 [JavaFX Application Thread] DEBUG Input                - Registered new binding: Screenshot - CTRL+8
16:20:42.519 [JavaFX Application Thread] DEBUG Input                - Registered new binding: System info dump - CTRL+9
16:20:42.520 [JavaFX Application Thread] DEBUG Input                - Registered new binding: Restart - CTRL+R
16:20:42.520 [JavaFX Application Thread] DEBUG Input                - Registered new binding: Toggle Debug Camera - CTRL+C
16:20:42.522 [JavaFX Application Thread] DEBUG LoopRunner           - Starting loop
16:20:42.523 [JavaFX Application Thread] DEBUG LoopRunner           - Initializing JavaFX AnimationTimerLoop
16:20:42.524 [JavaFX Application Thread] DEBUG GameApplicationServi - Starting new game
16:20:42.525 [JavaFX Application Thread] DEBUG Input                - Clearing active input actions
16:20:42.537 [JavaFX Application Thread] DEBUG GameApplicationServi - Removing overlay from FXGLStartupScene and adding to FXGLLoadingScene
16:20:42.538 [JavaFX Application Thread] DEBUG PrimaryStageWindow   - FXGLStartupScene -> FXGLLoadingScene
16:20:42.538 [JavaFX Application Thread] DEBUG GameApplicationServi - Clearing previous game
16:20:42.539 [JavaFX Application Thread] DEBUG GameScene            - Clearing game scene
16:20:42.539 [JavaFX Application Thread] DEBUG GameWorld            - Clearing game world
16:20:42.539 [JavaFX Application Thread] DEBUG PhysicsWorld         - Clearing physics world
16:20:42.543 [FXGL Background Thread 4 ] DEBUG FXGLApplication      - Initializing game
16:20:42.554 [FXGL Background Thread 4 ] DEBUG FXGLAssetLoaderServi - Loading from file system: file:/Users/kylefry/Desktop/RhythmKnight/Project/target/classes/assets/textures/1-1TileMap.png
16:20:42.567 [JavaFX Application Thread] DEBUG FXGLApplication      - Registering font factories with UI factory
16:20:42.810 [FXGL Background Thread 4 ] DEBUG FXGLAssetLoaderServi - Loading from file system: file:/Users/kylefry/Desktop/RhythmKnight/Project/target/classes/assets/textures/hex.png
16:20:42.812 [FXGL Background Thread 4 ] INFO  FXGLApplication      - Game initialization took: 0.270 sec
16:20:42.819 [JavaFX Application Thread] DEBUG Input                - Clearing active input actions
16:20:42.830 [JavaFX Application Thread] DEBUG GameApplicationServi - Removing overlay from FXGLLoadingScene and adding to GameScene
16:20:42.830 [JavaFX Application Thread] DEBUG PrimaryStageWindow   - FXGLLoadingScene -> GameScene
16:20:44.939 [JavaFX Application Thread] DEBUG FXGLApplication      - Exiting FXGL
16:20:44.939 [JavaFX Application Thread] DEBUG LoopRunner           - Stopping loop
16:20:44.939 [JavaFX Application Thread] DEBUG SystemBundleService  - Saving FXGL system data
16:20:44.941 [JavaFX Application Thread] DEBUG FileSystemAccess     - Writing to: /Users/kylefry/Desktop/RhythmKnight/Project/system/fxgl.bundle
16:20:44.943 [JavaFX Application Thread] DEBUG Async                - Shutting down background threads
16:20:44.943 [JavaFX Application Thread] DEBUG PrimaryStageWindow   - Closing main window
16:20:44.952 [JavaFX Application Thread] DEBUG Logger               - Closing Logger
