17:44:39.398 [main                     ] DEBUG Logger               - Configured Logger
17:44:39.404 [main                     ] DEBUG GameApplication      - Logging settings
Title: Rhythm Knight
Version: Milestone 2
Width: 1920
Height: 1080
Fullscreen: false
Intro: false
Profiling: false
Single step:false
App Mode: DEVELOPER
Menu Key: ESCAPE
Stage Style: DECORATED
Scene Factory: class GameApp$1

17:44:40.001 [JavaFX Application Thread] DEBUG FXGLApplication      - Initializing FXGL
17:44:40.003 [JavaFX Application Thread] INFO  Engine               - FXGL-11.16 (25.05.2021 08.16) on MAC (J:16.0.1 FX:16)
17:44:40.003 [JavaFX Application Thread] DEBUG Engine               - JRE Vendor Name: Oracle Corporation
17:44:40.004 [JavaFX Application Thread] DEBUG Engine               - Running on OS: Mac OS X version 11.4
17:44:40.004 [JavaFX Application Thread] DEBUG Engine               - Architecture: x86_64
17:44:40.004 [JavaFX Application Thread] INFO  Engine               - Source code and latest versions at: https://github.com/AlmasB/FXGL
17:44:40.004 [JavaFX Application Thread] INFO  Engine               -              Join the FXGL chat at: https://gitter.im/AlmasB/FXGL
17:44:40.267 [JavaFX Application Thread] DEBUG PrimaryStageWindow   - Creating a JavaFX scene
17:44:40.268 [JavaFX Application Thread] DEBUG PrimaryStageWindow   - Target size > screen size
17:44:40.347 [JavaFX Application Thread] DEBUG PrimaryStageWindow   - Target settings size: 1920.0 x 1080.0
17:44:40.348 [JavaFX Application Thread] DEBUG PrimaryStageWindow   - Scaled scene size:    1400.0 x 801.0
17:44:40.348 [JavaFX Application Thread] DEBUG PrimaryStageWindow   - Scaled ratio: (0.7291666666666666, 0.7416666666666667)
17:44:40.349 [JavaFX Application Thread] DEBUG PrimaryStageWindow   - Set initial scene to FXGLStartupScene
17:44:40.357 [JavaFX Application Thread] DEBUG PrimaryStageWindow   - Opening main window
17:44:40.721 [JavaFX Application Thread] DEBUG PrimaryStageWindow   - Window border size: (0.0, 28.0)
17:44:40.722 [JavaFX Application Thread] DEBUG PrimaryStageWindow   - Scaled size: 1400.0 x 801.0
17:44:40.722 [JavaFX Application Thread] DEBUG PrimaryStageWindow   - Scaled ratio: (0.7291666666666666, 0.7416666666666667)
17:44:40.722 [JavaFX Application Thread] DEBUG PrimaryStageWindow   - Scene size: 1400.0 x 801.0
17:44:40.722 [JavaFX Application Thread] DEBUG PrimaryStageWindow   - Stage size: 1400.0 x 829.0
17:44:40.730 [FXGL Background Thread 1 ] DEBUG Engine               - Initializing environment variables
17:44:40.771 [FXGL Background Thread 1 ] DEBUG FXGLAssetLoaderServi - User app class for loading assets: class GameApp
17:44:40.773 [FXGL Background Thread 1 ] DEBUG GameApplicationServi - Applying CSS: fxgl_dark.css
17:44:40.777 [FXGL Background Thread 1 ] DEBUG FXGLAssetLoaderServi - Loading from file system: jar:file:/Users/kylefry/.m2/repository/com/github/almasb/fxgl/11.16/fxgl-11.16.jar!/fxglassets/ui/css/fxgl_dark.css
17:44:40.854 [FXGL Background Thread 1 ] DEBUG GameApplicationServi - Initializing application scenes
17:44:41.509 [FXGL Background Thread 1 ] DEBUG GameWorld            - Game world initialized
17:44:41.691 [FXGL Background Thread 1 ] DEBUG PhysicsWorld         - Physics world initialized: appHeight=1080, physics.ppm=50.0
17:44:41.691 [FXGL Background Thread 1 ] DEBUG PhysicsWorld         - Using strategy: BRUTE_FORCE
17:44:41.696 [FXGL Background Thread 1 ] DEBUG GameScene            - Game scene initialized: 1920x1080
17:44:41.707 [FXGL Background Thread 1 ] DEBUG FXGLAssetLoaderServi - Loading from file system: file:/Users/kylefry/Desktop/RhythmKnight/Project/target/classes/assets/textures/logo-with-menu.png
17:44:41.881 [FXGL Background Thread 1 ] DEBUG FXGL.DefaultMenu     - createMenuBodyGameMenu()
17:44:41.892 [FXGL Background Thread 1 ] DEBUG FXGL.DefaultMenu     - createOptionsMenu()
17:44:41.898 [FXGL Background Thread 1 ] DEBUG FXGLAssetLoaderServi - Loading from file system: jar:file:/Users/kylefry/.m2/repository/com/github/almasb/fxgl/11.16/fxgl-11.16.jar!/fxglassets/textures/particles/smoke.png
17:44:41.982 [FXGL Background Thread 1 ] DEBUG FXGLAssetLoaderServi - Loading from file system: jar:file:/Users/kylefry/.m2/repository/com/github/almasb/fxgl/11.16/fxgl-11.16.jar!/fxglassets/textures/particles/trace_horizontal.png
17:44:42.002 [FXGL Background Thread 1 ] DEBUG GameApplicationServi - Application scenes initialized
17:44:42.010 [FXGL Background Thread 1 ] DEBUG SystemBundleService  - Loading FXGL system data
17:44:42.016 [FXGL Background Thread 1 ] DEBUG FileSystemAccess     - Reading from: /Users/kylefry/Desktop/RhythmKnight/Project/system/fxgl.bundle
17:44:42.022 [FXGL Background Thread 1 ] DEBUG SystemBundleService  - Bundle FXGL: {}
17:44:42.022 [FXGL Background Thread 1 ] DEBUG UpdaterService       - Checking for updates
17:44:42.025 [FXGL Background Thread 4 ] DEBUG FXGLApplication      - Loading fonts
17:44:42.026 [FXGL Background Thread 1 ] DEBUG FXGLApplication      - Loading default localization
17:44:42.026 [FXGL Background Thread 4 ] DEBUG FXGLAssetLoaderServi - Loading from file system: jar:file:/Users/kylefry/.m2/repository/com/github/almasb/fxgl/11.16/fxgl-11.16.jar!/fxglassets/ui/fonts/VarelaRound-Regular.ttf
17:44:42.027 [FXGL Background Thread 1 ] DEBUG FXGLAssetLoaderServi - Loading from file system: jar:file:/Users/kylefry/.m2/repository/com/github/almasb/fxgl/11.16/fxgl-11.16.jar!/fxglassets/languages/english.lang
17:44:42.046 [FXGL Background Thread 1 ] INFO  FXGLApplication      - FXGL initialization took: 1.316 sec
17:44:42.048 [JavaFX Application Thread] DEBUG FXGLAssetLoaderServi - Loading from file system: jar:file:/Users/kylefry/.m2/repository/com/github/almasb/fxgl/11.16/fxgl-11.16.jar!/fxglassets/textures/fxgl_icon.png
17:44:42.055 [FXGL Background Thread 4 ] DEBUG FXGLAssetLoaderServi - Loading from file system: jar:file:/Users/kylefry/.m2/repository/com/github/almasb/fxgl/11.16/fxgl-11.16.jar!/fxglassets/ui/fonts/Abel-Regular.ttf
17:44:42.061 [FXGL Background Thread 4 ] DEBUG FXGLAssetLoaderServi - Loading from file system: jar:file:/Users/kylefry/.m2/repository/com/github/almasb/fxgl/11.16/fxgl-11.16.jar!/fxglassets/ui/fonts/lucida_console.ttf
17:44:42.065 [FXGL Background Thread 4 ] DEBUG FXGLAssetLoaderServi - Loading from file system: jar:file:/Users/kylefry/.m2/repository/com/github/almasb/fxgl/11.16/fxgl-11.16.jar!/fxglassets/ui/fonts/Courier-Prime.ttf
17:44:42.074 [JavaFX Application Thread] DEBUG FXGLAssetLoaderServi - Loading from file system: jar:file:/Users/kylefry/.m2/repository/com/github/almasb/fxgl/11.16/fxgl-11.16.jar!/fxglassets/textures/fxgl_default_cursor.png
17:44:42.085 [JavaFX Application Thread] DEBUG Input                - Registered new binding: Screenshot - CTRL+8
17:44:42.086 [JavaFX Application Thread] DEBUG Input                - Registered new binding: System info dump - CTRL+9
17:44:42.086 [JavaFX Application Thread] DEBUG Input                - Registered new binding: Restart - CTRL+R
17:44:42.089 [JavaFX Application Thread] DEBUG Input                - Registered new binding: Toggle Debug Camera - CTRL+C
17:44:42.091 [JavaFX Application Thread] DEBUG LoopRunner           - Starting loop
17:44:42.091 [JavaFX Application Thread] DEBUG LoopRunner           - Initializing JavaFX AnimationTimerLoop
17:44:42.093 [JavaFX Application Thread] DEBUG Input                - Clearing active input actions
17:44:42.102 [JavaFX Application Thread] DEBUG GameApplicationServi - Removing overlay from FXGLStartupScene and adding to FXGLMainMenuDummyScene
17:44:42.102 [JavaFX Application Thread] DEBUG PrimaryStageWindow   - FXGLStartupScene -> FXGLMainMenuDummyScene
17:44:42.102 [JavaFX Application Thread] DEBUG PrimaryStageWindow   - Push state: ui.AppMainMenu
17:44:42.103 [JavaFX Application Thread] DEBUG Input                - Clearing active input actions
17:44:42.107 [JavaFX Application Thread] DEBUG GameApplicationServi - Removing overlay from FXGLMainMenuDummyScene and adding to ui.AppMainMenu
17:44:42.108 [JavaFX Application Thread] DEBUG PrimaryStageWindow   - FXGLMainMenuDummyScene -> ui.AppMainMenu
17:44:42.115 [JavaFX Application Thread] DEBUG FXGLApplication      - Registering font factories with UI factory
17:44:43.278 [JavaFX Application Thread] DEBUG FXGLAssetLoaderServi - Loading from file system: file:/Users/kylefry/Desktop/RhythmKnight/Project/target/classes/assets/sounds/SelectSFX.mp3
17:44:44.124 [JavaFX Application Thread] DEBUG FXGLAssetLoaderServi - Loading from file system: file:/Users/kylefry/Desktop/RhythmKnight/Project/target/classes/assets/textures/configUI.png
17:44:44.146 [JavaFX Application Thread] DEBUG FXGLAssetLoaderServi - Loading from file system: file:/Users/kylefry/Desktop/RhythmKnight/Project/target/classes/assets/textures/rhythm-knight.png
17:44:45.025 [FXGL Background Thread 3 ] DEBUG Engine               - Logging environment variables
17:44:45.026 [FXGL Background Thread 3 ] DEBUG Engine               - achievements: []
17:44:45.026 [FXGL Background Thread 3 ] DEBUG Engine               - actualHeight: 801.0
17:44:45.026 [FXGL Background Thread 3 ] DEBUG Engine               - actualHeightProperty: ReadOnlyDoubleProperty [value: 801.0]
17:44:45.026 [FXGL Background Thread 3 ] DEBUG Engine               - actualWidth: 1400.0
17:44:45.027 [FXGL Background Thread 3 ] DEBUG Engine               - actualWidthProperty: ReadOnlyDoubleProperty [value: 1400.0]
17:44:45.027 [FXGL Background Thread 3 ] DEBUG Engine               - appIcon: fxgl_icon.png
17:44:45.027 [FXGL Background Thread 3 ] DEBUG Engine               - applicationMode: DEVELOPER
17:44:45.028 [FXGL Background Thread 3 ] DEBUG Engine               - cSSList: [fxgl_dark.css]
17:44:45.028 [FXGL Background Thread 3 ] DEBUG Engine               - collisionDetectionStrategy: BRUTE_FORCE
17:44:45.028 [FXGL Background Thread 3 ] DEBUG Engine               - configClass: Optional.empty
17:44:45.028 [FXGL Background Thread 3 ] DEBUG Engine               - credits: []
17:44:45.028 [FXGL Background Thread 3 ] DEBUG Engine               - defaultCursor: CursorInfo(imageName=fxgl_default_cursor.png, hotspotX=7.0, hotspotY=6.0)
17:44:45.029 [FXGL Background Thread 3 ] DEBUG Engine               - devBBoxColorProperty: ObjectProperty [value: 0xff0000ff]
17:44:45.029 [FXGL Background Thread 3 ] DEBUG Engine               - devEnableDebugCameraProperty: BooleanProperty [value: false]
17:44:45.029 [FXGL Background Thread 3 ] DEBUG Engine               - devSensorColorProperty: ObjectProperty [value: 0xffff00ff]
17:44:45.030 [FXGL Background Thread 3 ] DEBUG Engine               - devShowBBoxProperty: BooleanProperty [value: false]
17:44:45.030 [FXGL Background Thread 3 ] DEBUG Engine               - devShowPositionProperty: BooleanProperty [value: false]
17:44:45.030 [FXGL Background Thread 3 ] DEBUG Engine               - enabledMenuItems: []
17:44:45.030 [FXGL Background Thread 3 ] DEBUG Engine               - engineServices: [class com.almasb.fxgl.app.services.FXGLAssetLoaderService, class com.almasb.fxgl.app.FXGLApplication$GameApplicationService, class com.almasb.fxgl.app.services.FXGLDialogService, class com.almasb.fxgl.app.services.IOTaskExecutorService, class com.almasb.fxgl.io.FileSystemService, class com.almasb.fxgl.localization.LocalizationService, class com.almasb.fxgl.app.services.SystemBundleService, class com.almasb.fxgl.profile.SaveLoadService, class com.almasb.fxgl.ui.FXGLUIFactoryServiceProvider, class com.almasb.fxgl.ui.FXGLDialogFactoryServiceProvider, class com.almasb.fxgl.audio.AudioPlayer, class com.almasb.fxgl.notification.impl.NotificationServiceProvider, class com.almasb.fxgl.achievement.AchievementService, class com.almasb.fxgl.cutscene.CutsceneService, class com.almasb.fxgl.minigames.MiniGameService, class com.almasb.fxgl.net.NetService, class com.almasb.fxgl.app.services.UpdaterService, class com.almasb.fxgl.dev.DevService]
17:44:45.030 [FXGL Background Thread 3 ] DEBUG Engine               - fontGame: Abel-Regular.ttf
17:44:45.030 [FXGL Background Thread 3 ] DEBUG Engine               - fontMono: lucida_console.ttf
17:44:45.031 [FXGL Background Thread 3 ] DEBUG Engine               - fontText: Courier-Prime.ttf
17:44:45.031 [FXGL Background Thread 3 ] DEBUG Engine               - fontUI: VarelaRound-Regular.ttf
17:44:45.031 [FXGL Background Thread 3 ] DEBUG Engine               - fullScreen: BooleanProperty [value: false]
17:44:45.031 [FXGL Background Thread 3 ] DEBUG Engine               - gameDifficulty: MEDIUM
17:44:45.031 [FXGL Background Thread 3 ] DEBUG Engine               - gameDifficultyProperty: ObjectProperty [value: MEDIUM]
17:44:45.031 [FXGL Background Thread 3 ] DEBUG Engine               - globalMusicVolume: 0.5
17:44:45.031 [FXGL Background Thread 3 ] DEBUG Engine               - globalMusicVolumeProperty: DoubleProperty [value: 0.5]
17:44:45.032 [FXGL Background Thread 3 ] DEBUG Engine               - globalSoundVolume: 0.5
17:44:45.032 [FXGL Background Thread 3 ] DEBUG Engine               - globalSoundVolumeProperty: DoubleProperty [value: 0.5]
17:44:45.032 [FXGL Background Thread 3 ] DEBUG Engine               - height: 1080
17:44:45.032 [FXGL Background Thread 3 ] DEBUG Engine               - is3D: false
17:44:45.033 [FXGL Background Thread 3 ] DEBUG Engine               - isAndroid: false
17:44:45.033 [FXGL Background Thread 3 ] DEBUG Engine               - isBrowser: false
17:44:45.033 [FXGL Background Thread 3 ] DEBUG Engine               - isClickFeedbackEnabled: false
17:44:45.033 [FXGL Background Thread 3 ] DEBUG Engine               - isCloseConfirmation: false
17:44:45.033 [FXGL Background Thread 3 ] DEBUG Engine               - isDesktop: true
17:44:45.034 [FXGL Background Thread 3 ] DEBUG Engine               - isDeveloperMenuEnabled: false
17:44:45.034 [FXGL Background Thread 3 ] DEBUG Engine               - isEntityPreloadEnabled: true
17:44:45.034 [FXGL Background Thread 3 ] DEBUG Engine               - isExperimentalTiledLargeMap: false
17:44:45.034 [FXGL Background Thread 3 ] DEBUG Engine               - isFileSystemWriteAllowed: true
17:44:45.034 [FXGL Background Thread 3 ] DEBUG Engine               - isFullScreenAllowed: false
17:44:45.035 [FXGL Background Thread 3 ] DEBUG Engine               - isFullScreenFromStart: false
17:44:45.035 [FXGL Background Thread 3 ] DEBUG Engine               - isGameMenuEnabled: true
17:44:45.035 [FXGL Background Thread 3 ] DEBUG Engine               - isIOS: false
17:44:45.035 [FXGL Background Thread 3 ] DEBUG Engine               - isIntroEnabled: false
17:44:45.036 [FXGL Background Thread 3 ] DEBUG Engine               - isLinux: false
17:44:45.036 [FXGL Background Thread 3 ] DEBUG Engine               - isMac: true
17:44:45.036 [FXGL Background Thread 3 ] DEBUG Engine               - isMainMenuEnabled: true
17:44:45.036 [FXGL Background Thread 3 ] DEBUG Engine               - isManualResizeEnabled: false
17:44:45.036 [FXGL Background Thread 3 ] DEBUG Engine               - isMobile: false
17:44:45.036 [FXGL Background Thread 3 ] DEBUG Engine               - isNative: false
17:44:45.036 [FXGL Background Thread 3 ] DEBUG Engine               - isPreserveResizeRatio: false
17:44:45.036 [FXGL Background Thread 3 ] DEBUG Engine               - isProfilingEnabled: false
17:44:45.036 [FXGL Background Thread 3 ] DEBUG Engine               - isScaleAffectedOnResize: true
17:44:45.036 [FXGL Background Thread 3 ] DEBUG Engine               - isSingleStep: false
17:44:45.037 [FXGL Background Thread 3 ] DEBUG Engine               - isUserProfileEnabled: false
17:44:45.037 [FXGL Background Thread 3 ] DEBUG Engine               - isWindows: false
17:44:45.037 [FXGL Background Thread 3 ] DEBUG Engine               - language: ObjectProperty [value: ENGLISH]
17:44:45.037 [FXGL Background Thread 3 ] DEBUG Engine               - menuKey: ESCAPE
17:44:45.037 [FXGL Background Thread 3 ] DEBUG Engine               - mouseSensitivity: 0.2
17:44:45.038 [FXGL Background Thread 3 ] DEBUG Engine               - notificationViewClass: class com.almasb.fxgl.notification.view.XboxNotificationView
17:44:45.038 [FXGL Background Thread 3 ] DEBUG Engine               - pixelsPerMeter: 50.0
17:44:45.038 [FXGL Background Thread 3 ] DEBUG Engine               - platform: MAC
17:44:45.038 [FXGL Background Thread 3 ] DEBUG Engine               - prefHeightProperty: ReadOnlyDoubleProperty [value: 1080.0]
17:44:45.038 [FXGL Background Thread 3 ] DEBUG Engine               - prefWidthProperty: ReadOnlyDoubleProperty [value: 1920.0]
17:44:45.038 [FXGL Background Thread 3 ] DEBUG Engine               - profileDir: profiles/
17:44:45.039 [FXGL Background Thread 3 ] DEBUG Engine               - profileName: StringProperty [value: DEFAULT]
17:44:45.039 [FXGL Background Thread 3 ] DEBUG Engine               - randomSeed: -1
17:44:45.039 [FXGL Background Thread 3 ] DEBUG Engine               - runtimeInfo: RuntimeInfo(platform=MAC, version=11.16, build=25.05.2021 08.16)
17:44:45.039 [FXGL Background Thread 3 ] DEBUG Engine               - saveFileExt: sav
17:44:45.039 [FXGL Background Thread 3 ] DEBUG Engine               - scaledHeightProp$fxgl: DoubleProperty [bound, value: 801.0]
17:44:45.039 [FXGL Background Thread 3 ] DEBUG Engine               - scaledWidthProp$fxgl: DoubleProperty [bound, value: 1400.0]
17:44:45.039 [FXGL Background Thread 3 ] DEBUG Engine               - sceneFactory: GameApp$1@5741dde8
17:44:45.040 [FXGL Background Thread 3 ] DEBUG Engine               - secondsIn24h: 60
17:44:45.040 [FXGL Background Thread 3 ] DEBUG Engine               - soundMenuBack: menu/back.wav
17:44:45.040 [FXGL Background Thread 3 ] DEBUG Engine               - soundMenuPress: menu/press.wav
17:44:45.040 [FXGL Background Thread 3 ] DEBUG Engine               - soundMenuSelect: menu/select.wav
17:44:45.040 [FXGL Background Thread 3 ] DEBUG Engine               - soundNotification: core/notification.wav
17:44:45.040 [FXGL Background Thread 3 ] DEBUG Engine               - stageStyle: DECORATED
17:44:45.040 [FXGL Background Thread 3 ] DEBUG Engine               - supportedLanguages: [ENGLISH, FRENCH, GERMAN, HUNGARIAN, RUSSIAN]
17:44:45.040 [FXGL Background Thread 3 ] DEBUG Engine               - ticksPerSecond: -1
17:44:45.040 [FXGL Background Thread 3 ] DEBUG Engine               - title: Rhythm Knight
17:44:45.040 [FXGL Background Thread 3 ] DEBUG Engine               - urlGithub: https://github.com/AlmasB/FXGL
17:44:45.041 [FXGL Background Thread 3 ] DEBUG Engine               - urlLeaderboard: http://fxgl-top.herokuapp.com/
17:44:45.041 [FXGL Background Thread 3 ] DEBUG Engine               - urlPOM: https://raw.githubusercontent.com/AlmasB/FXGL/release/README.md
17:44:45.041 [FXGL Background Thread 3 ] DEBUG Engine               - userAppClass: class GameApp
17:44:45.041 [FXGL Background Thread 3 ] DEBUG Engine               - version: Milestone 2
17:44:45.041 [FXGL Background Thread 3 ] DEBUG Engine               - versionCheckDays: 7
17:44:45.041 [FXGL Background Thread 3 ] DEBUG Engine               - width: 1920
17:44:45.041 [FXGL Background Thread 3 ] DEBUG Engine               - Logging services
17:44:45.042 [FXGL Background Thread 3 ] DEBUG Engine               - class com.almasb.fxgl.app.services.FXGLAssetLoaderService
17:44:45.042 [FXGL Background Thread 3 ] DEBUG Engine               - class com.almasb.fxgl.app.FXGLApplication$GameApplicationService
17:44:45.042 [FXGL Background Thread 3 ] DEBUG Engine               - class com.almasb.fxgl.app.services.FXGLDialogService
17:44:45.042 [FXGL Background Thread 3 ] DEBUG Engine               - class com.almasb.fxgl.app.services.IOTaskExecutorService
17:44:45.042 [FXGL Background Thread 3 ] DEBUG Engine               - class com.almasb.fxgl.io.FileSystemService
17:44:45.042 [FXGL Background Thread 3 ] DEBUG Engine               - class com.almasb.fxgl.localization.LocalizationService
17:44:45.042 [FXGL Background Thread 3 ] DEBUG Engine               - class com.almasb.fxgl.app.services.SystemBundleService
17:44:45.043 [FXGL Background Thread 3 ] DEBUG Engine               - class com.almasb.fxgl.profile.SaveLoadService
17:44:45.043 [FXGL Background Thread 3 ] DEBUG Engine               - class com.almasb.fxgl.ui.FXGLUIFactoryServiceProvider
17:44:45.043 [FXGL Background Thread 3 ] DEBUG Engine               - class com.almasb.fxgl.ui.FXGLDialogFactoryServiceProvider
17:44:45.043 [FXGL Background Thread 3 ] DEBUG Engine               - class com.almasb.fxgl.audio.AudioPlayer
17:44:45.043 [FXGL Background Thread 3 ] DEBUG Engine               - class com.almasb.fxgl.notification.impl.NotificationServiceProvider
17:44:45.043 [FXGL Background Thread 3 ] DEBUG Engine               - class com.almasb.fxgl.achievement.AchievementService
17:44:45.044 [FXGL Background Thread 3 ] DEBUG Engine               - class com.almasb.fxgl.cutscene.CutsceneService
17:44:45.044 [FXGL Background Thread 3 ] DEBUG Engine               - class com.almasb.fxgl.minigames.MiniGameService
17:44:45.044 [FXGL Background Thread 3 ] DEBUG Engine               - class com.almasb.fxgl.net.NetService
17:44:45.044 [FXGL Background Thread 3 ] DEBUG Engine               - class com.almasb.fxgl.app.services.UpdaterService
17:44:45.044 [FXGL Background Thread 3 ] DEBUG Engine               - class com.almasb.fxgl.dev.DevService
17:44:53.288 [JavaFX Application Thread] DEBUG Menu                 - fireNewGame()
17:44:53.289 [JavaFX Application Thread] DEBUG GameApplicationServi - Starting new game
17:44:53.289 [JavaFX Application Thread] DEBUG PrimaryStageWindow   - Pop state: ui.AppMainMenu
17:44:53.289 [JavaFX Application Thread] DEBUG Input                - Clearing active input actions
17:44:53.290 [JavaFX Application Thread] DEBUG GameApplicationServi - Removing overlay from ui.AppMainMenu and adding to FXGLMainMenuDummyScene
17:44:53.290 [JavaFX Application Thread] DEBUG PrimaryStageWindow   - FXGLMainMenuDummyScene <- ui.AppMainMenu
17:44:53.291 [JavaFX Application Thread] DEBUG Input                - Clearing active input actions
17:44:53.301 [JavaFX Application Thread] DEBUG GameApplicationServi - Removing overlay from FXGLMainMenuDummyScene and adding to FXGLLoadingScene
17:44:53.301 [JavaFX Application Thread] DEBUG PrimaryStageWindow   - FXGLMainMenuDummyScene -> FXGLLoadingScene
17:44:53.301 [JavaFX Application Thread] DEBUG GameApplicationServi - Clearing previous game
17:44:53.301 [JavaFX Application Thread] DEBUG GameScene            - Clearing game scene
17:44:53.301 [JavaFX Application Thread] DEBUG GameWorld            - Clearing game world
17:44:53.304 [JavaFX Application Thread] DEBUG PhysicsWorld         - Clearing physics world
17:44:53.307 [FXGL Background Thread 2 ] DEBUG FXGLApplication      - Initializing game
17:44:53.530 [FXGL Background Thread 2 ] DEBUG FXGLAssetLoaderServi - Loading from file system: file:/Users/kylefry/Desktop/RhythmKnight/Project/target/classes/assets/textures/weapons/weapon2.png
17:44:53.531 [FXGL Background Thread 2 ] DEBUG FXGLAssetLoaderServi - Loading from file system: file:/Users/kylefry/Desktop/RhythmKnight/Project/target/classes/assets/textures/cutout.png
17:44:53.568 [FXGL Background Thread 2 ] DEBUG FXGLAssetLoaderServi - Loading from file system: file:/Users/kylefry/Desktop/RhythmKnight/Project/target/classes/assets/textures/unvisited.png
17:44:53.571 [FXGL Background Thread 2 ] DEBUG FXGLAssetLoaderServi - Loading from file system: file:/Users/kylefry/Desktop/RhythmKnight/Project/target/classes/assets/textures/player.png
17:44:53.573 [FXGL Background Thread 2 ] DEBUG FXGLAssetLoaderServi - Loading from file system: file:/Users/kylefry/Desktop/RhythmKnight/Project/target/classes/assets/textures/stairs.png
17:44:53.578 [FXGL Background Thread 2 ] DEBUG FXGLAssetLoaderServi - Loading from file system: file:/Users/kylefry/Desktop/RhythmKnight/Project/target/classes/assets/textures/Level1-1Layout.png
17:44:53.656 [FXGL Background Thread 2 ] DEBUG FXGLAssetLoaderServi - Loading from file system: file:/Users/kylefry/Desktop/RhythmKnight/Project/target/classes/assets/textures/UI-Layout.png
17:44:53.707 [FXGL Background Thread 2 ] INFO  FXGLApplication      - Game initialization took: 0.400 sec
17:44:53.707 [JavaFX Application Thread] DEBUG Input                - Clearing active input actions
17:44:53.713 [JavaFX Application Thread] DEBUG GameApplicationServi - Removing overlay from FXGLLoadingScene and adding to GameScene
17:44:53.714 [JavaFX Application Thread] DEBUG PrimaryStageWindow   - FXGLLoadingScene -> GameScene
17:44:53.718 [JavaFX Application Thread] DEBUG FXGLAssetLoaderServi - Loading from file system: file:/Users/kylefry/Desktop/RhythmKnight/Project/target/classes/assets/sounds/snare01.wav
17:45:01.502 [JavaFX Application Thread] DEBUG FXGLApplication      - Exiting FXGL
17:45:01.502 [JavaFX Application Thread] DEBUG LoopRunner           - Stopping loop
17:45:01.502 [JavaFX Application Thread] DEBUG SystemBundleService  - Saving FXGL system data
17:45:01.506 [JavaFX Application Thread] DEBUG FileSystemAccess     - Writing to: /Users/kylefry/Desktop/RhythmKnight/Project/system/fxgl.bundle
17:45:01.507 [JavaFX Application Thread] DEBUG Async                - Shutting down background threads
17:45:01.507 [JavaFX Application Thread] DEBUG PrimaryStageWindow   - Closing main window
17:45:01.513 [JavaFX Application Thread] DEBUG Logger               - Closing Logger
