13:01:47.825 [main                     ] DEBUG Logger               - Configured Logger
13:01:47.830 [main                     ] DEBUG GameApplication      - Logging settings
Title: Rhythm Knight
Version: Pre-Alpha 1
Width: 1920
Height: 1080
Fullscreen: false
Intro: false
Profiling: false
Single step:false
App Mode: DEVELOPER
Menu Key: ESCAPE
Stage Style: DECORATED
Scene Factory: class GameApp$1

13:01:48.285 [JavaFX Application Thread] DEBUG FXGLApplication      - Initializing FXGL
13:01:48.287 [JavaFX Application Thread] INFO  Engine               - FXGL-11.16 (25.05.2021 08.16) on MAC (J:16.0.1 FX:16)
13:01:48.288 [JavaFX Application Thread] DEBUG Engine               - JRE Vendor Name: Oracle Corporation
13:01:48.288 [JavaFX Application Thread] DEBUG Engine               - Running on OS: Mac OS X version 11.4
13:01:48.288 [JavaFX Application Thread] DEBUG Engine               - Architecture: x86_64
13:01:48.288 [JavaFX Application Thread] INFO  Engine               - Source code and latest versions at: https://github.com/AlmasB/FXGL
13:01:48.289 [JavaFX Application Thread] INFO  Engine               -              Join the FXGL chat at: https://gitter.im/AlmasB/FXGL
13:01:48.436 [JavaFX Application Thread] DEBUG PrimaryStageWindow   - Creating a JavaFX scene
13:01:48.436 [JavaFX Application Thread] DEBUG PrimaryStageWindow   - Target size > screen size
13:01:48.484 [JavaFX Application Thread] DEBUG PrimaryStageWindow   - Target settings size: 1920.0 x 1080.0
13:01:48.484 [JavaFX Application Thread] DEBUG PrimaryStageWindow   - Scaled scene size:    1400.0 x 801.0
13:01:48.484 [JavaFX Application Thread] DEBUG PrimaryStageWindow   - Scaled ratio: (0.7291666666666666, 0.7416666666666667)
13:01:48.485 [JavaFX Application Thread] DEBUG PrimaryStageWindow   - Set initial scene to FXGLStartupScene
13:01:48.494 [JavaFX Application Thread] DEBUG PrimaryStageWindow   - Opening main window
13:01:48.685 [JavaFX Application Thread] DEBUG PrimaryStageWindow   - Window border size: (0.0, 28.0)
13:01:48.686 [JavaFX Application Thread] DEBUG PrimaryStageWindow   - Scaled size: 1400.0 x 801.0
13:01:48.686 [JavaFX Application Thread] DEBUG PrimaryStageWindow   - Scaled ratio: (0.7291666666666666, 0.7416666666666667)
13:01:48.686 [JavaFX Application Thread] DEBUG PrimaryStageWindow   - Scene size: 1400.0 x 801.0
13:01:48.686 [JavaFX Application Thread] DEBUG PrimaryStageWindow   - Stage size: 1400.0 x 829.0
13:01:48.693 [FXGL Background Thread 1 ] DEBUG Engine               - Initializing environment variables
13:01:48.803 [FXGL Background Thread 1 ] DEBUG FXGLAssetLoaderServi - User app class for loading assets: class GameApp
13:01:48.803 [FXGL Background Thread 1 ] DEBUG GameApplicationServi - Applying CSS: fxgl_dark.css
13:01:48.804 [FXGL Background Thread 1 ] DEBUG FXGLAssetLoaderServi - Loading from file system: jar:file:/Users/kylefry/.m2/repository/com/github/almasb/fxgl/11.16/fxgl-11.16.jar!/fxglassets/ui/css/fxgl_dark.css
13:01:48.872 [FXGL Background Thread 1 ] DEBUG GameApplicationServi - Initializing application scenes
13:01:49.383 [FXGL Background Thread 1 ] DEBUG GameWorld            - Game world initialized
13:01:49.444 [FXGL Background Thread 1 ] DEBUG PhysicsWorld         - Physics world initialized: appHeight=1080, physics.ppm=50.0
13:01:49.445 [FXGL Background Thread 1 ] DEBUG PhysicsWorld         - Using strategy: BRUTE_FORCE
13:01:49.447 [FXGL Background Thread 1 ] DEBUG GameScene            - Game scene initialized: 1920x1080
13:01:49.453 [FXGL Background Thread 1 ] DEBUG FXGLAssetLoaderServi - Loading from file system: file:/Users/kylefry/Desktop/RhythmKnight/Project/target/classes/assets/textures/main-menu.png
13:01:49.540 [FXGL Background Thread 1 ] DEBUG FXGLAssetLoaderServi - Loading from file system: file:/Users/kylefry/Desktop/RhythmKnight/Project/target/classes/assets/textures/rest.png
13:01:49.553 [FXGL Background Thread 1 ] DEBUG FXGL.DefaultMenu     - createMenuBodyGameMenu()
13:01:49.566 [FXGL Background Thread 1 ] DEBUG FXGL.DefaultMenu     - createOptionsMenu()
13:01:49.574 [FXGL Background Thread 1 ] DEBUG FXGLAssetLoaderServi - Loading from file system: jar:file:/Users/kylefry/.m2/repository/com/github/almasb/fxgl/11.16/fxgl-11.16.jar!/fxglassets/textures/particles/smoke.png
13:01:49.680 [FXGL Background Thread 1 ] DEBUG FXGLAssetLoaderServi - Loading from file system: jar:file:/Users/kylefry/.m2/repository/com/github/almasb/fxgl/11.16/fxgl-11.16.jar!/fxglassets/textures/particles/trace_horizontal.png
13:01:49.699 [FXGL Background Thread 1 ] DEBUG GameApplicationServi - Application scenes initialized
13:01:49.710 [FXGL Background Thread 1 ] DEBUG SystemBundleService  - Loading FXGL system data
13:01:49.713 [FXGL Background Thread 1 ] DEBUG FileSystemAccess     - Reading from: /Users/kylefry/Desktop/RhythmKnight/Project/system/fxgl.bundle
13:01:49.720 [FXGL Background Thread 1 ] DEBUG SystemBundleService  - Bundle FXGL: {}
13:01:49.720 [FXGL Background Thread 1 ] DEBUG UpdaterService       - Checking for updates
13:01:49.725 [FXGL Background Thread 4 ] DEBUG FXGLApplication      - Loading fonts
13:01:49.726 [FXGL Background Thread 1 ] DEBUG FXGLApplication      - Loading default localization
13:01:49.726 [FXGL Background Thread 4 ] DEBUG FXGLAssetLoaderServi - Loading from file system: jar:file:/Users/kylefry/.m2/repository/com/github/almasb/fxgl/11.16/fxgl-11.16.jar!/fxglassets/ui/fonts/VarelaRound-Regular.ttf
13:01:49.726 [FXGL Background Thread 1 ] DEBUG FXGLAssetLoaderServi - Loading from file system: jar:file:/Users/kylefry/.m2/repository/com/github/almasb/fxgl/11.16/fxgl-11.16.jar!/fxglassets/languages/english.lang
13:01:49.744 [FXGL Background Thread 4 ] DEBUG FXGLAssetLoaderServi - Loading from file system: jar:file:/Users/kylefry/.m2/repository/com/github/almasb/fxgl/11.16/fxgl-11.16.jar!/fxglassets/ui/fonts/Abel-Regular.ttf
13:01:49.747 [FXGL Background Thread 1 ] INFO  FXGLApplication      - FXGL initialization took: 1.054 sec
13:01:49.750 [FXGL Background Thread 4 ] DEBUG FXGLAssetLoaderServi - Loading from file system: jar:file:/Users/kylefry/.m2/repository/com/github/almasb/fxgl/11.16/fxgl-11.16.jar!/fxglassets/ui/fonts/lucida_console.ttf
13:01:49.750 [JavaFX Application Thread] DEBUG FXGLAssetLoaderServi - Loading from file system: jar:file:/Users/kylefry/.m2/repository/com/github/almasb/fxgl/11.16/fxgl-11.16.jar!/fxglassets/textures/fxgl_icon.png
13:01:49.755 [FXGL Background Thread 4 ] DEBUG FXGLAssetLoaderServi - Loading from file system: jar:file:/Users/kylefry/.m2/repository/com/github/almasb/fxgl/11.16/fxgl-11.16.jar!/fxglassets/ui/fonts/Courier-Prime.ttf
13:01:49.776 [JavaFX Application Thread] DEBUG FXGLAssetLoaderServi - Loading from file system: jar:file:/Users/kylefry/.m2/repository/com/github/almasb/fxgl/11.16/fxgl-11.16.jar!/fxglassets/textures/fxgl_default_cursor.png
13:01:49.788 [JavaFX Application Thread] DEBUG Input                - Registered new binding: Screenshot - CTRL+8
13:01:49.789 [JavaFX Application Thread] DEBUG Input                - Registered new binding: System info dump - CTRL+9
13:01:49.789 [JavaFX Application Thread] DEBUG Input                - Registered new binding: Restart - CTRL+R
13:01:49.790 [JavaFX Application Thread] DEBUG Input                - Registered new binding: Toggle Debug Camera - CTRL+C
13:01:49.792 [JavaFX Application Thread] DEBUG LoopRunner           - Starting loop
13:01:49.793 [JavaFX Application Thread] DEBUG LoopRunner           - Initializing JavaFX AnimationTimerLoop
13:01:49.796 [JavaFX Application Thread] DEBUG Input                - Clearing active input actions
13:01:49.805 [JavaFX Application Thread] DEBUG GameApplicationServi - Removing overlay from FXGLStartupScene and adding to FXGLMainMenuDummyScene
13:01:49.806 [JavaFX Application Thread] DEBUG PrimaryStageWindow   - FXGLStartupScene -> FXGLMainMenuDummyScene
13:01:49.806 [JavaFX Application Thread] DEBUG PrimaryStageWindow   - Push state: AppMainMenu
13:01:49.806 [JavaFX Application Thread] DEBUG Input                - Clearing active input actions
13:01:49.814 [JavaFX Application Thread] DEBUG GameApplicationServi - Removing overlay from FXGLMainMenuDummyScene and adding to AppMainMenu
13:01:49.815 [JavaFX Application Thread] DEBUG PrimaryStageWindow   - FXGLMainMenuDummyScene -> AppMainMenu
13:01:49.841 [JavaFX Application Thread] DEBUG FXGLApplication      - Registering font factories with UI factory
13:01:51.726 [JavaFX Application Thread] DEBUG FXGLAssetLoaderServi - Loading from file system: file:/Users/kylefry/Desktop/RhythmKnight/Project/target/classes/assets/textures/configUI.png
13:01:52.725 [FXGL Background Thread 3 ] DEBUG Engine               - Logging environment variables
13:01:52.726 [FXGL Background Thread 3 ] DEBUG Engine               - achievements: []
13:01:52.726 [FXGL Background Thread 3 ] DEBUG Engine               - actualHeight: 801.0
13:01:52.727 [FXGL Background Thread 3 ] DEBUG Engine               - actualHeightProperty: ReadOnlyDoubleProperty [value: 801.0]
13:01:52.727 [FXGL Background Thread 3 ] DEBUG Engine               - actualWidth: 1400.0
13:01:52.727 [FXGL Background Thread 3 ] DEBUG Engine               - actualWidthProperty: ReadOnlyDoubleProperty [value: 1400.0]
13:01:52.727 [FXGL Background Thread 3 ] DEBUG Engine               - appIcon: fxgl_icon.png
13:01:52.727 [FXGL Background Thread 3 ] DEBUG Engine               - applicationMode: DEVELOPER
13:01:52.728 [FXGL Background Thread 3 ] DEBUG Engine               - cSSList: [fxgl_dark.css]
13:01:52.728 [FXGL Background Thread 3 ] DEBUG Engine               - collisionDetectionStrategy: BRUTE_FORCE
13:01:52.728 [FXGL Background Thread 3 ] DEBUG Engine               - configClass: Optional.empty
13:01:52.728 [FXGL Background Thread 3 ] DEBUG Engine               - credits: []
13:01:52.728 [FXGL Background Thread 3 ] DEBUG Engine               - defaultCursor: CursorInfo(imageName=fxgl_default_cursor.png, hotspotX=7.0, hotspotY=6.0)
13:01:52.729 [FXGL Background Thread 3 ] DEBUG Engine               - devBBoxColorProperty: ObjectProperty [value: 0xff0000ff]
13:01:52.729 [FXGL Background Thread 3 ] DEBUG Engine               - devEnableDebugCameraProperty: BooleanProperty [value: false]
13:01:52.729 [FXGL Background Thread 3 ] DEBUG Engine               - devSensorColorProperty: ObjectProperty [value: 0xffff00ff]
13:01:52.729 [FXGL Background Thread 3 ] DEBUG Engine               - devShowBBoxProperty: BooleanProperty [value: false]
13:01:52.729 [FXGL Background Thread 3 ] DEBUG Engine               - devShowPositionProperty: BooleanProperty [value: false]
13:01:52.730 [FXGL Background Thread 3 ] DEBUG Engine               - enabledMenuItems: []
13:01:52.730 [FXGL Background Thread 3 ] DEBUG Engine               - engineServices: [class com.almasb.fxgl.app.services.FXGLAssetLoaderService, class com.almasb.fxgl.app.FXGLApplication$GameApplicationService, class com.almasb.fxgl.app.services.FXGLDialogService, class com.almasb.fxgl.app.services.IOTaskExecutorService, class com.almasb.fxgl.io.FileSystemService, class com.almasb.fxgl.localization.LocalizationService, class com.almasb.fxgl.app.services.SystemBundleService, class com.almasb.fxgl.profile.SaveLoadService, class com.almasb.fxgl.ui.FXGLUIFactoryServiceProvider, class com.almasb.fxgl.ui.FXGLDialogFactoryServiceProvider, class com.almasb.fxgl.audio.AudioPlayer, class com.almasb.fxgl.notification.impl.NotificationServiceProvider, class com.almasb.fxgl.achievement.AchievementService, class com.almasb.fxgl.cutscene.CutsceneService, class com.almasb.fxgl.minigames.MiniGameService, class com.almasb.fxgl.net.NetService, class com.almasb.fxgl.app.services.UpdaterService, class com.almasb.fxgl.dev.DevService]
13:01:52.730 [FXGL Background Thread 3 ] DEBUG Engine               - fontGame: Abel-Regular.ttf
13:01:52.730 [FXGL Background Thread 3 ] DEBUG Engine               - fontMono: lucida_console.ttf
13:01:52.731 [FXGL Background Thread 3 ] DEBUG Engine               - fontText: Courier-Prime.ttf
13:01:52.731 [FXGL Background Thread 3 ] DEBUG Engine               - fontUI: VarelaRound-Regular.ttf
13:01:52.731 [FXGL Background Thread 3 ] DEBUG Engine               - fullScreen: BooleanProperty [value: false]
13:01:52.731 [FXGL Background Thread 3 ] DEBUG Engine               - gameDifficulty: MEDIUM
13:01:52.732 [FXGL Background Thread 3 ] DEBUG Engine               - gameDifficultyProperty: ObjectProperty [value: MEDIUM]
13:01:52.732 [FXGL Background Thread 3 ] DEBUG Engine               - globalMusicVolume: 0.5
13:01:52.732 [FXGL Background Thread 3 ] DEBUG Engine               - globalMusicVolumeProperty: DoubleProperty [value: 0.5]
13:01:52.732 [FXGL Background Thread 3 ] DEBUG Engine               - globalSoundVolume: 0.5
13:01:52.733 [FXGL Background Thread 3 ] DEBUG Engine               - globalSoundVolumeProperty: DoubleProperty [value: 0.5]
13:01:52.733 [FXGL Background Thread 3 ] DEBUG Engine               - height: 1080
13:01:52.733 [FXGL Background Thread 3 ] DEBUG Engine               - is3D: false
13:01:52.734 [FXGL Background Thread 3 ] DEBUG Engine               - isAndroid: false
13:01:52.734 [FXGL Background Thread 3 ] DEBUG Engine               - isBrowser: false
13:01:52.735 [FXGL Background Thread 3 ] DEBUG Engine               - isClickFeedbackEnabled: false
13:01:52.735 [FXGL Background Thread 3 ] DEBUG Engine               - isCloseConfirmation: false
13:01:52.735 [FXGL Background Thread 3 ] DEBUG Engine               - isDesktop: true
13:01:52.735 [FXGL Background Thread 3 ] DEBUG Engine               - isDeveloperMenuEnabled: false
13:01:52.735 [FXGL Background Thread 3 ] DEBUG Engine               - isEntityPreloadEnabled: true
13:01:52.735 [FXGL Background Thread 3 ] DEBUG Engine               - isExperimentalTiledLargeMap: false
13:01:52.735 [FXGL Background Thread 3 ] DEBUG Engine               - isFileSystemWriteAllowed: true
13:01:52.736 [FXGL Background Thread 3 ] DEBUG Engine               - isFullScreenAllowed: false
13:01:52.736 [FXGL Background Thread 3 ] DEBUG Engine               - isFullScreenFromStart: false
13:01:52.736 [FXGL Background Thread 3 ] DEBUG Engine               - isGameMenuEnabled: true
13:01:52.736 [FXGL Background Thread 3 ] DEBUG Engine               - isIOS: false
13:01:52.736 [FXGL Background Thread 3 ] DEBUG Engine               - isIntroEnabled: false
13:01:52.736 [FXGL Background Thread 3 ] DEBUG Engine               - isLinux: false
13:01:52.736 [FXGL Background Thread 3 ] DEBUG Engine               - isMac: true
13:01:52.737 [FXGL Background Thread 3 ] DEBUG Engine               - isMainMenuEnabled: true
13:01:52.737 [FXGL Background Thread 3 ] DEBUG Engine               - isManualResizeEnabled: false
13:01:52.737 [FXGL Background Thread 3 ] DEBUG Engine               - isMobile: false
13:01:52.737 [FXGL Background Thread 3 ] DEBUG Engine               - isNative: false
13:01:52.737 [FXGL Background Thread 3 ] DEBUG Engine               - isPreserveResizeRatio: false
13:01:52.737 [FXGL Background Thread 3 ] DEBUG Engine               - isProfilingEnabled: false
13:01:52.738 [FXGL Background Thread 3 ] DEBUG Engine               - isScaleAffectedOnResize: true
13:01:52.738 [FXGL Background Thread 3 ] DEBUG Engine               - isSingleStep: false
13:01:52.738 [FXGL Background Thread 3 ] DEBUG Engine               - isUserProfileEnabled: false
13:01:52.738 [FXGL Background Thread 3 ] DEBUG Engine               - isWindows: false
13:01:52.738 [FXGL Background Thread 3 ] DEBUG Engine               - language: ObjectProperty [value: ENGLISH]
13:01:52.738 [FXGL Background Thread 3 ] DEBUG Engine               - menuKey: ESCAPE
13:01:52.739 [FXGL Background Thread 3 ] DEBUG Engine               - mouseSensitivity: 0.2
13:01:52.739 [FXGL Background Thread 3 ] DEBUG Engine               - notificationViewClass: class com.almasb.fxgl.notification.view.XboxNotificationView
13:01:52.739 [FXGL Background Thread 3 ] DEBUG Engine               - pixelsPerMeter: 50.0
13:01:52.739 [FXGL Background Thread 3 ] DEBUG Engine               - platform: MAC
13:01:52.739 [FXGL Background Thread 3 ] DEBUG Engine               - prefHeightProperty: ReadOnlyDoubleProperty [value: 1080.0]
13:01:52.739 [FXGL Background Thread 3 ] DEBUG Engine               - prefWidthProperty: ReadOnlyDoubleProperty [value: 1920.0]
13:01:52.739 [FXGL Background Thread 3 ] DEBUG Engine               - profileDir: profiles/
13:01:52.739 [FXGL Background Thread 3 ] DEBUG Engine               - profileName: StringProperty [value: DEFAULT]
13:01:52.739 [FXGL Background Thread 3 ] DEBUG Engine               - randomSeed: -1
13:01:52.740 [FXGL Background Thread 3 ] DEBUG Engine               - runtimeInfo: RuntimeInfo(platform=MAC, version=11.16, build=25.05.2021 08.16)
13:01:52.740 [FXGL Background Thread 3 ] DEBUG Engine               - saveFileExt: sav
13:01:52.740 [FXGL Background Thread 3 ] DEBUG Engine               - scaledHeightProp$fxgl: DoubleProperty [bound, value: 801.0]
13:01:52.740 [FXGL Background Thread 3 ] DEBUG Engine               - scaledWidthProp$fxgl: DoubleProperty [bound, value: 1400.0]
13:01:52.740 [FXGL Background Thread 3 ] DEBUG Engine               - sceneFactory: GameApp$1@2d8311f
13:01:52.740 [FXGL Background Thread 3 ] DEBUG Engine               - secondsIn24h: 60
13:01:52.740 [FXGL Background Thread 3 ] DEBUG Engine               - soundMenuBack: menu/back.wav
13:01:52.740 [FXGL Background Thread 3 ] DEBUG Engine               - soundMenuPress: menu/press.wav
13:01:52.740 [FXGL Background Thread 3 ] DEBUG Engine               - soundMenuSelect: menu/select.wav
13:01:52.741 [FXGL Background Thread 3 ] DEBUG Engine               - soundNotification: core/notification.wav
13:01:52.741 [FXGL Background Thread 3 ] DEBUG Engine               - stageStyle: DECORATED
13:01:52.741 [FXGL Background Thread 3 ] DEBUG Engine               - supportedLanguages: [ENGLISH, FRENCH, GERMAN, HUNGARIAN, RUSSIAN]
13:01:52.741 [FXGL Background Thread 3 ] DEBUG Engine               - ticksPerSecond: -1
13:01:52.741 [FXGL Background Thread 3 ] DEBUG Engine               - title: Rhythm Knight
13:01:52.741 [FXGL Background Thread 3 ] DEBUG Engine               - urlGithub: https://github.com/AlmasB/FXGL
13:01:52.741 [FXGL Background Thread 3 ] DEBUG Engine               - urlLeaderboard: http://fxgl-top.herokuapp.com/
13:01:52.741 [FXGL Background Thread 3 ] DEBUG Engine               - urlPOM: https://raw.githubusercontent.com/AlmasB/FXGL/release/README.md
13:01:52.742 [FXGL Background Thread 3 ] DEBUG Engine               - userAppClass: class GameApp
13:01:52.742 [FXGL Background Thread 3 ] DEBUG Engine               - version: Pre-Alpha 1
13:01:52.742 [FXGL Background Thread 3 ] DEBUG Engine               - versionCheckDays: 7
13:01:52.742 [FXGL Background Thread 3 ] DEBUG Engine               - width: 1920
13:01:52.742 [FXGL Background Thread 3 ] DEBUG Engine               - Logging services
13:01:52.742 [FXGL Background Thread 3 ] DEBUG Engine               - class com.almasb.fxgl.app.services.FXGLAssetLoaderService
13:01:52.742 [FXGL Background Thread 3 ] DEBUG Engine               - class com.almasb.fxgl.app.FXGLApplication$GameApplicationService
13:01:52.743 [FXGL Background Thread 3 ] DEBUG Engine               - class com.almasb.fxgl.app.services.FXGLDialogService
13:01:52.743 [FXGL Background Thread 3 ] DEBUG Engine               - class com.almasb.fxgl.app.services.IOTaskExecutorService
13:01:52.743 [FXGL Background Thread 3 ] DEBUG Engine               - class com.almasb.fxgl.io.FileSystemService
13:01:52.743 [FXGL Background Thread 3 ] DEBUG Engine               - class com.almasb.fxgl.localization.LocalizationService
13:01:52.743 [FXGL Background Thread 3 ] DEBUG Engine               - class com.almasb.fxgl.app.services.SystemBundleService
13:01:52.743 [FXGL Background Thread 3 ] DEBUG Engine               - class com.almasb.fxgl.profile.SaveLoadService
13:01:52.743 [FXGL Background Thread 3 ] DEBUG Engine               - class com.almasb.fxgl.ui.FXGLUIFactoryServiceProvider
13:01:52.743 [FXGL Background Thread 3 ] DEBUG Engine               - class com.almasb.fxgl.ui.FXGLDialogFactoryServiceProvider
13:01:52.743 [FXGL Background Thread 3 ] DEBUG Engine               - class com.almasb.fxgl.audio.AudioPlayer
13:01:52.743 [FXGL Background Thread 3 ] DEBUG Engine               - class com.almasb.fxgl.notification.impl.NotificationServiceProvider
13:01:52.743 [FXGL Background Thread 3 ] DEBUG Engine               - class com.almasb.fxgl.achievement.AchievementService
13:01:52.743 [FXGL Background Thread 3 ] DEBUG Engine               - class com.almasb.fxgl.cutscene.CutsceneService
13:01:52.744 [FXGL Background Thread 3 ] DEBUG Engine               - class com.almasb.fxgl.minigames.MiniGameService
13:01:52.744 [FXGL Background Thread 3 ] DEBUG Engine               - class com.almasb.fxgl.net.NetService
13:01:52.744 [FXGL Background Thread 3 ] DEBUG Engine               - class com.almasb.fxgl.app.services.UpdaterService
13:01:52.744 [FXGL Background Thread 3 ] DEBUG Engine               - class com.almasb.fxgl.dev.DevService
13:02:00.084 [JavaFX Application Thread] DEBUG Menu                 - fireNewGame()
13:02:00.084 [JavaFX Application Thread] DEBUG GameApplicationServi - Starting new game
13:02:00.084 [JavaFX Application Thread] DEBUG PrimaryStageWindow   - Pop state: AppMainMenu
13:02:00.084 [JavaFX Application Thread] DEBUG Input                - Clearing active input actions
13:02:00.085 [JavaFX Application Thread] DEBUG GameApplicationServi - Removing overlay from AppMainMenu and adding to FXGLMainMenuDummyScene
13:02:00.085 [JavaFX Application Thread] DEBUG PrimaryStageWindow   - FXGLMainMenuDummyScene <- AppMainMenu
13:02:00.085 [JavaFX Application Thread] DEBUG Input                - Clearing active input actions
13:02:00.094 [JavaFX Application Thread] DEBUG GameApplicationServi - Removing overlay from FXGLMainMenuDummyScene and adding to FXGLLoadingScene
13:02:00.095 [JavaFX Application Thread] DEBUG PrimaryStageWindow   - FXGLMainMenuDummyScene -> FXGLLoadingScene
13:02:00.095 [JavaFX Application Thread] DEBUG GameApplicationServi - Clearing previous game
13:02:00.095 [JavaFX Application Thread] DEBUG GameScene            - Clearing game scene
13:02:00.095 [JavaFX Application Thread] DEBUG GameWorld            - Clearing game world
13:02:00.096 [JavaFX Application Thread] DEBUG PhysicsWorld         - Clearing physics world
13:02:00.097 [FXGL Background Thread 2 ] DEBUG FXGLApplication      - Initializing game
13:02:00.100 [FXGL Background Thread 2 ] DEBUG FXGLAssetLoaderServi - Loading from file system: file:/Users/kylefry/Desktop/RhythmKnight/Project/target/classes/assets/sounds/Tutorial.wav
13:02:00.338 [FXGL Background Thread 2 ] DEBUG FXGLAssetLoaderServi - Loading from file system: file:/Users/kylefry/Desktop/RhythmKnight/Project/target/classes/assets/sounds/snare01.wav
13:02:00.344 [FXGL Background Thread 2 ] DEBUG FXGLAssetLoaderServi - Loading from file system: file:/Users/kylefry/Desktop/RhythmKnight/Project/target/classes/assets/textures/hex.png
13:02:00.351 [FXGL Background Thread 2 ] DEBUG FXGLAssetLoaderServi - Loading from file system: file:/Users/kylefry/Desktop/RhythmKnight/Project/target/classes/assets/textures/TutorialTilemap.png
13:02:00.409 [FXGL Background Thread 2 ] INFO  FXGLApplication      - Game initialization took: 0.312 sec
13:02:00.417 [JavaFX Application Thread] DEBUG Input                - Clearing active input actions
13:02:00.424 [JavaFX Application Thread] DEBUG GameApplicationServi - Removing overlay from FXGLLoadingScene and adding to GameScene
13:02:00.425 [JavaFX Application Thread] DEBUG PrimaryStageWindow   - FXGLLoadingScene -> GameScene
13:02:26.249 [JavaFX Application Thread] DEBUG FXGLApplication      - Exiting FXGL
13:02:26.249 [JavaFX Application Thread] DEBUG LoopRunner           - Stopping loop
13:02:26.250 [JavaFX Application Thread] DEBUG SystemBundleService  - Saving FXGL system data
13:02:26.254 [JavaFX Application Thread] DEBUG FileSystemAccess     - Writing to: /Users/kylefry/Desktop/RhythmKnight/Project/system/fxgl.bundle
13:02:26.257 [JavaFX Application Thread] DEBUG Async                - Shutting down background threads
13:02:26.257 [JavaFX Application Thread] DEBUG PrimaryStageWindow   - Closing main window
13:02:26.264 [JavaFX Application Thread] DEBUG Logger               - Closing Logger
