13:23:29.312 [main                     ] DEBUG Logger               - Configured Logger
13:23:29.316 [main                     ] DEBUG GameApplication      - Logging settings
Title: Rhythm Knight
Version: Pre-Alpha 1
Width: 1920
Height: 1080
Fullscreen: true
Intro: false
Profiling: false
Single step:false
App Mode: DEVELOPER
Menu Key: ESCAPE
Stage Style: DECORATED
Scene Factory: class GameApp$1

13:23:29.800 [JavaFX Application Thread] DEBUG FXGLApplication      - Initializing FXGL
13:23:29.801 [JavaFX Application Thread] INFO  Engine               - FXGL-11.16 (25.05.2021 08.16) on LINUX (J:16.0.1 FX:16)
13:23:29.801 [JavaFX Application Thread] DEBUG Engine               - JRE Vendor Name: Oracle Corporation
13:23:29.801 [JavaFX Application Thread] DEBUG Engine               - Running on OS: Linux version 5.8.0-55-generic
13:23:29.801 [JavaFX Application Thread] DEBUG Engine               - Architecture: amd64
13:23:29.801 [JavaFX Application Thread] INFO  Engine               - Source code and latest versions at: https://github.com/AlmasB/FXGL
13:23:29.802 [JavaFX Application Thread] INFO  Engine               -              Join the FXGL chat at: https://gitter.im/AlmasB/FXGL
13:23:29.862 [JavaFX Application Thread] DEBUG PrimaryStageWindow   - Creating a JavaFX scene
13:23:29.932 [JavaFX Application Thread] DEBUG PrimaryStageWindow   - Target settings size: 1920.0 x 1080.0
13:23:29.933 [JavaFX Application Thread] DEBUG PrimaryStageWindow   - Scaled scene size:    1920.0 x 1080.0
13:23:29.933 [JavaFX Application Thread] DEBUG PrimaryStageWindow   - Scaled ratio: (1.0, 1.0)
13:23:29.933 [JavaFX Application Thread] DEBUG PrimaryStageWindow   - Set initial scene to FXGLStartupScene
13:23:29.937 [JavaFX Application Thread] DEBUG PrimaryStageWindow   - Opening main window
13:23:29.968 [JavaFX Application Thread] DEBUG PrimaryStageWindow   - Window border size: (2.0, 29.0)
13:23:29.968 [JavaFX Application Thread] DEBUG PrimaryStageWindow   - Scaled size: 1920.0 x 1080.0
13:23:29.968 [JavaFX Application Thread] DEBUG PrimaryStageWindow   - Scaled ratio: (1.0, 1.0)
13:23:29.969 [JavaFX Application Thread] DEBUG PrimaryStageWindow   - Scene size: 1920.0 x 1080.0
13:23:29.969 [JavaFX Application Thread] DEBUG PrimaryStageWindow   - Stage size: 1922.0 x 1109.0
13:23:29.976 [FXGL Background Thread 1 ] DEBUG Engine               - Initializing environment variables
13:23:30.022 [FXGL Background Thread 1 ] DEBUG FXGLAssetLoaderServi - User app class for loading assets: class GameApp
13:23:30.022 [FXGL Background Thread 1 ] DEBUG GameApplicationServi - Applying CSS: fxgl_dark.css
13:23:30.023 [FXGL Background Thread 1 ] DEBUG FXGLAssetLoaderServi - Loading from file system: jar:file:/home/user/.m2/repository/com/github/almasb/fxgl/11.16/fxgl-11.16.jar!/fxglassets/ui/css/fxgl_dark.css
13:23:30.081 [FXGL Background Thread 1 ] DEBUG GameApplicationServi - Initializing application scenes
13:23:30.109 [FXGL Background Thread 1 ] DEBUG GameWorld            - Game world initialized
13:23:30.140 [FXGL Background Thread 1 ] DEBUG PhysicsWorld         - Physics world initialized: appHeight=1080, physics.ppm=50.0
13:23:30.140 [FXGL Background Thread 1 ] DEBUG PhysicsWorld         - Using strategy: BRUTE_FORCE
13:23:30.142 [FXGL Background Thread 1 ] DEBUG GameScene            - Game scene initialized: 1920x1080
13:23:30.145 [FXGL Background Thread 1 ] DEBUG FXGLAssetLoaderServi - Loading from file system: file:/home/user/Desktop/2340G21-RhythmKnight-experimental/Project/target/classes/assets/textures/main-menu.png
13:23:30.205 [FXGL Background Thread 1 ] DEBUG FXGLAssetLoaderServi - Loading from file system: file:/home/user/Desktop/2340G21-RhythmKnight-experimental/Project/target/classes/assets/textures/rest.png
13:23:30.215 [FXGL Background Thread 1 ] DEBUG FXGL.DefaultMenu     - createMenuBodyGameMenu()
13:23:30.221 [FXGL Background Thread 1 ] DEBUG FXGL.DefaultMenu     - createOptionsMenu()
13:23:30.224 [FXGL Background Thread 1 ] DEBUG FXGL.DefaultMenu     - createExtraMenu()
13:23:30.226 [FXGL Background Thread 1 ] DEBUG FXGLAssetLoaderServi - Loading from file system: jar:file:/home/user/.m2/repository/com/github/almasb/fxgl/11.16/fxgl-11.16.jar!/fxglassets/textures/particles/smoke.png
13:23:30.273 [FXGL Background Thread 1 ] DEBUG FXGLAssetLoaderServi - Loading from file system: jar:file:/home/user/.m2/repository/com/github/almasb/fxgl/11.16/fxgl-11.16.jar!/fxglassets/textures/particles/trace_horizontal.png
13:23:30.297 [FXGL Background Thread 1 ] DEBUG GameApplicationServi - Application scenes initialized
13:23:30.302 [FXGL Background Thread 1 ] DEBUG SystemBundleService  - Loading FXGL system data
13:23:30.304 [FXGL Background Thread 1 ] DEBUG FileSystemAccess     - Reading from: /home/user/Desktop/2340G21-RhythmKnight-experimental/Project/system/fxgl.bundle
13:23:30.310 [FXGL Background Thread 1 ] DEBUG SystemBundleService  - Bundle FXGL: {}
13:23:30.310 [FXGL Background Thread 1 ] DEBUG UpdaterService       - Checking for updates
13:23:30.335 [FXGL Background Thread 1 ] DEBUG FXGLApplication      - Loading default localization
13:23:30.335 [FXGL Background Thread 1 ] DEBUG FXGLAssetLoaderServi - Loading from file system: jar:file:/home/user/.m2/repository/com/github/almasb/fxgl/11.16/fxgl-11.16.jar!/fxglassets/languages/english.lang
13:23:30.336 [FXGL Background Thread 4 ] DEBUG FXGLApplication      - Loading fonts
13:23:30.336 [FXGL Background Thread 4 ] DEBUG FXGLAssetLoaderServi - Loading from file system: jar:file:/home/user/.m2/repository/com/github/almasb/fxgl/11.16/fxgl-11.16.jar!/fxglassets/ui/fonts/VarelaRound-Regular.ttf
13:23:30.344 [FXGL Background Thread 4 ] DEBUG FXGLAssetLoaderServi - Loading from file system: jar:file:/home/user/.m2/repository/com/github/almasb/fxgl/11.16/fxgl-11.16.jar!/fxglassets/ui/fonts/Abel-Regular.ttf
13:23:30.346 [FXGL Background Thread 4 ] DEBUG FXGLAssetLoaderServi - Loading from file system: jar:file:/home/user/.m2/repository/com/github/almasb/fxgl/11.16/fxgl-11.16.jar!/fxglassets/ui/fonts/lucida_console.ttf
13:23:30.348 [FXGL Background Thread 1 ] INFO  FXGLApplication      - FXGL initialization took: 0.372 sec
13:23:30.349 [JavaFX Application Thread] DEBUG FXGLAssetLoaderServi - Loading from file system: jar:file:/home/user/.m2/repository/com/github/almasb/fxgl/11.16/fxgl-11.16.jar!/fxglassets/textures/fxgl_icon.png
13:23:30.351 [FXGL Background Thread 4 ] DEBUG FXGLAssetLoaderServi - Loading from file system: jar:file:/home/user/.m2/repository/com/github/almasb/fxgl/11.16/fxgl-11.16.jar!/fxglassets/ui/fonts/Courier-Prime.ttf
13:23:30.356 [JavaFX Application Thread] DEBUG FXGLAssetLoaderServi - Loading from file system: jar:file:/home/user/.m2/repository/com/github/almasb/fxgl/11.16/fxgl-11.16.jar!/fxglassets/textures/fxgl_default_cursor.png
13:23:30.373 [JavaFX Application Thread] DEBUG Input                - Registered new binding: Screenshot - CTRL+8
13:23:30.374 [JavaFX Application Thread] DEBUG Input                - Registered new binding: System info dump - CTRL+9
13:23:30.374 [JavaFX Application Thread] DEBUG Input                - Registered new binding: Restart - CTRL+R
13:23:30.375 [JavaFX Application Thread] DEBUG Input                - Registered new binding: Toggle Debug Camera - CTRL+C
13:23:30.376 [JavaFX Application Thread] DEBUG LoopRunner           - Starting loop
13:23:30.376 [JavaFX Application Thread] DEBUG LoopRunner           - Initializing JavaFX AnimationTimerLoop
13:23:30.380 [JavaFX Application Thread] DEBUG Input                - Clearing active input actions
13:23:30.386 [JavaFX Application Thread] DEBUG GameApplicationServi - Removing overlay from FXGLStartupScene and adding to FXGLMainMenuDummyScene
13:23:30.386 [JavaFX Application Thread] DEBUG PrimaryStageWindow   - FXGLStartupScene -> FXGLMainMenuDummyScene
13:23:30.386 [JavaFX Application Thread] DEBUG PrimaryStageWindow   - Push state: AppMainMenu
13:23:30.386 [JavaFX Application Thread] DEBUG Input                - Clearing active input actions
13:23:30.389 [JavaFX Application Thread] DEBUG GameApplicationServi - Removing overlay from FXGLMainMenuDummyScene and adding to AppMainMenu
13:23:30.389 [JavaFX Application Thread] DEBUG PrimaryStageWindow   - FXGLMainMenuDummyScene -> AppMainMenu
13:23:30.394 [JavaFX Application Thread] DEBUG FXGLApplication      - Registering font factories with UI factory
13:23:33.318 [FXGL Background Thread 3 ] DEBUG Engine               - Logging environment variables
13:23:33.318 [FXGL Background Thread 3 ] DEBUG Engine               - achievements: []
13:23:33.319 [FXGL Background Thread 3 ] DEBUG Engine               - actualHeight: 1081.0
13:23:33.319 [FXGL Background Thread 3 ] DEBUG Engine               - actualHeightProperty: ReadOnlyDoubleProperty [value: 1081.0]
13:23:33.319 [FXGL Background Thread 3 ] DEBUG Engine               - actualWidth: 1918.0
13:23:33.319 [FXGL Background Thread 3 ] DEBUG Engine               - actualWidthProperty: ReadOnlyDoubleProperty [value: 1918.0]
13:23:33.319 [FXGL Background Thread 3 ] DEBUG Engine               - appIcon: fxgl_icon.png
13:23:33.319 [FXGL Background Thread 3 ] DEBUG Engine               - applicationMode: DEVELOPER
13:23:33.319 [FXGL Background Thread 3 ] DEBUG Engine               - cSSList: [fxgl_dark.css]
13:23:33.319 [FXGL Background Thread 3 ] DEBUG Engine               - collisionDetectionStrategy: BRUTE_FORCE
13:23:33.319 [FXGL Background Thread 3 ] DEBUG Engine               - configClass: Optional.empty
13:23:33.319 [FXGL Background Thread 3 ] DEBUG Engine               - credits: [Kyle Fry - Game Design/Programming, Albin Liang - Programming/Debugging, Jinuk Yun - Production Modeling, Ruijia Cao - Model/Design Implementation, Micah Lingle - Character/Level Design]
13:23:33.320 [FXGL Background Thread 3 ] DEBUG Engine               - defaultCursor: CursorInfo(imageName=fxgl_default_cursor.png, hotspotX=7.0, hotspotY=6.0)
13:23:33.320 [FXGL Background Thread 3 ] DEBUG Engine               - devBBoxColorProperty: ObjectProperty [value: 0xff0000ff]
13:23:33.320 [FXGL Background Thread 3 ] DEBUG Engine               - devEnableDebugCameraProperty: BooleanProperty [value: false]
13:23:33.320 [FXGL Background Thread 3 ] DEBUG Engine               - devSensorColorProperty: ObjectProperty [value: 0xffff00ff]
13:23:33.320 [FXGL Background Thread 3 ] DEBUG Engine               - devShowBBoxProperty: BooleanProperty [value: false]
13:23:33.320 [FXGL Background Thread 3 ] DEBUG Engine               - devShowPositionProperty: BooleanProperty [value: false]
13:23:33.320 [FXGL Background Thread 3 ] DEBUG Engine               - enabledMenuItems: [EXTRA]
13:23:33.321 [FXGL Background Thread 3 ] DEBUG Engine               - engineServices: [class com.almasb.fxgl.app.services.FXGLAssetLoaderService, class com.almasb.fxgl.app.FXGLApplication$GameApplicationService, class com.almasb.fxgl.app.services.FXGLDialogService, class com.almasb.fxgl.app.services.IOTaskExecutorService, class com.almasb.fxgl.io.FileSystemService, class com.almasb.fxgl.localization.LocalizationService, class com.almasb.fxgl.app.services.SystemBundleService, class com.almasb.fxgl.profile.SaveLoadService, class com.almasb.fxgl.ui.FXGLUIFactoryServiceProvider, class com.almasb.fxgl.ui.FXGLDialogFactoryServiceProvider, class com.almasb.fxgl.audio.AudioPlayer, class com.almasb.fxgl.notification.impl.NotificationServiceProvider, class com.almasb.fxgl.achievement.AchievementService, class com.almasb.fxgl.cutscene.CutsceneService, class com.almasb.fxgl.minigames.MiniGameService, class com.almasb.fxgl.net.NetService, class com.almasb.fxgl.app.services.UpdaterService, class com.almasb.fxgl.dev.DevService]
13:23:33.321 [FXGL Background Thread 3 ] DEBUG Engine               - fontGame: Abel-Regular.ttf
13:23:33.321 [FXGL Background Thread 3 ] DEBUG Engine               - fontMono: lucida_console.ttf
13:23:33.321 [FXGL Background Thread 3 ] DEBUG Engine               - fontText: Courier-Prime.ttf
13:23:33.321 [FXGL Background Thread 3 ] DEBUG Engine               - fontUI: VarelaRound-Regular.ttf
13:23:33.321 [FXGL Background Thread 3 ] DEBUG Engine               - fullScreen: BooleanProperty [value: false]
13:23:33.321 [FXGL Background Thread 3 ] DEBUG Engine               - gameDifficulty: MEDIUM
13:23:33.321 [FXGL Background Thread 3 ] DEBUG Engine               - gameDifficultyProperty: ObjectProperty [value: MEDIUM]
13:23:33.321 [FXGL Background Thread 3 ] DEBUG Engine               - globalMusicVolume: 0.5
13:23:33.321 [FXGL Background Thread 3 ] DEBUG Engine               - globalMusicVolumeProperty: DoubleProperty [value: 0.5]
13:23:33.321 [FXGL Background Thread 3 ] DEBUG Engine               - globalSoundVolume: 0.5
13:23:33.322 [FXGL Background Thread 3 ] DEBUG Engine               - globalSoundVolumeProperty: DoubleProperty [value: 0.5]
13:23:33.322 [FXGL Background Thread 3 ] DEBUG Engine               - height: 1080
13:23:33.322 [FXGL Background Thread 3 ] DEBUG Engine               - is3D: false
13:23:33.322 [FXGL Background Thread 3 ] DEBUG Engine               - isAndroid: false
13:23:33.322 [FXGL Background Thread 3 ] DEBUG Engine               - isBrowser: false
13:23:33.322 [FXGL Background Thread 3 ] DEBUG Engine               - isClickFeedbackEnabled: false
13:23:33.322 [FXGL Background Thread 3 ] DEBUG Engine               - isCloseConfirmation: false
13:23:33.322 [FXGL Background Thread 3 ] DEBUG Engine               - isDesktop: true
13:23:33.322 [FXGL Background Thread 3 ] DEBUG Engine               - isDeveloperMenuEnabled: false
13:23:33.323 [FXGL Background Thread 3 ] DEBUG Engine               - isEntityPreloadEnabled: true
13:23:33.323 [FXGL Background Thread 3 ] DEBUG Engine               - isExperimentalTiledLargeMap: false
13:23:33.323 [FXGL Background Thread 3 ] DEBUG Engine               - isFileSystemWriteAllowed: true
13:23:33.323 [FXGL Background Thread 3 ] DEBUG Engine               - isFullScreenAllowed: true
13:23:33.323 [FXGL Background Thread 3 ] DEBUG Engine               - isFullScreenFromStart: false
13:23:33.323 [FXGL Background Thread 3 ] DEBUG Engine               - isGameMenuEnabled: true
13:23:33.323 [FXGL Background Thread 3 ] DEBUG Engine               - isIOS: false
13:23:33.323 [FXGL Background Thread 3 ] DEBUG Engine               - isIntroEnabled: false
13:23:33.323 [FXGL Background Thread 3 ] DEBUG Engine               - isLinux: true
13:23:33.323 [FXGL Background Thread 3 ] DEBUG Engine               - isMac: false
13:23:33.323 [FXGL Background Thread 3 ] DEBUG Engine               - isMainMenuEnabled: true
13:23:33.324 [FXGL Background Thread 3 ] DEBUG Engine               - isManualResizeEnabled: false
13:23:33.324 [FXGL Background Thread 3 ] DEBUG Engine               - isMobile: false
13:23:33.324 [FXGL Background Thread 3 ] DEBUG Engine               - isNative: false
13:23:33.324 [FXGL Background Thread 3 ] DEBUG Engine               - isPreserveResizeRatio: false
13:23:33.324 [FXGL Background Thread 3 ] DEBUG Engine               - isProfilingEnabled: false
13:23:33.324 [FXGL Background Thread 3 ] DEBUG Engine               - isScaleAffectedOnResize: true
13:23:33.324 [FXGL Background Thread 3 ] DEBUG Engine               - isSingleStep: false
13:23:33.324 [FXGL Background Thread 3 ] DEBUG Engine               - isUserProfileEnabled: false
13:23:33.324 [FXGL Background Thread 3 ] DEBUG Engine               - isWindows: false
13:23:33.324 [FXGL Background Thread 3 ] DEBUG Engine               - language: ObjectProperty [value: ENGLISH]
13:23:33.324 [FXGL Background Thread 3 ] DEBUG Engine               - menuKey: ESCAPE
13:23:33.325 [FXGL Background Thread 3 ] DEBUG Engine               - mouseSensitivity: 0.2
13:23:33.325 [FXGL Background Thread 3 ] DEBUG Engine               - notificationViewClass: class com.almasb.fxgl.notification.view.XboxNotificationView
13:23:33.325 [FXGL Background Thread 3 ] DEBUG Engine               - pixelsPerMeter: 50.0
13:23:33.325 [FXGL Background Thread 3 ] DEBUG Engine               - platform: LINUX
13:23:33.325 [FXGL Background Thread 3 ] DEBUG Engine               - prefHeightProperty: ReadOnlyDoubleProperty [value: 1080.0]
13:23:33.325 [FXGL Background Thread 3 ] DEBUG Engine               - prefWidthProperty: ReadOnlyDoubleProperty [value: 1920.0]
13:23:33.325 [FXGL Background Thread 3 ] DEBUG Engine               - profileDir: profiles/
13:23:33.325 [FXGL Background Thread 3 ] DEBUG Engine               - profileName: StringProperty [value: DEFAULT]
13:23:33.325 [FXGL Background Thread 3 ] DEBUG Engine               - randomSeed: -1
13:23:33.325 [FXGL Background Thread 3 ] DEBUG Engine               - runtimeInfo: RuntimeInfo(platform=LINUX, version=11.16, build=25.05.2021 08.16)
13:23:33.326 [FXGL Background Thread 3 ] DEBUG Engine               - saveFileExt: sav
13:23:33.326 [FXGL Background Thread 3 ] DEBUG Engine               - scaledHeightProp$fxgl: DoubleProperty [bound, value: 1081.0]
13:23:33.326 [FXGL Background Thread 3 ] DEBUG Engine               - scaledWidthProp$fxgl: DoubleProperty [bound, value: 1918.0]
13:23:33.326 [FXGL Background Thread 3 ] DEBUG Engine               - sceneFactory: GameApp$1@4b774f39
13:23:33.326 [FXGL Background Thread 3 ] DEBUG Engine               - secondsIn24h: 60
13:23:33.326 [FXGL Background Thread 3 ] DEBUG Engine               - soundMenuBack: menu/back.wav
13:23:33.326 [FXGL Background Thread 3 ] DEBUG Engine               - soundMenuPress: menu/press.wav
13:23:33.326 [FXGL Background Thread 3 ] DEBUG Engine               - soundMenuSelect: menu/select.wav
13:23:33.326 [FXGL Background Thread 3 ] DEBUG Engine               - soundNotification: core/notification.wav
13:23:33.326 [FXGL Background Thread 3 ] DEBUG Engine               - stageStyle: DECORATED
13:23:33.326 [FXGL Background Thread 3 ] DEBUG Engine               - supportedLanguages: [ENGLISH, FRENCH, GERMAN, HUNGARIAN, RUSSIAN]
13:23:33.327 [FXGL Background Thread 3 ] DEBUG Engine               - ticksPerSecond: -1
13:23:33.327 [FXGL Background Thread 3 ] DEBUG Engine               - title: Rhythm Knight
13:23:33.327 [FXGL Background Thread 3 ] DEBUG Engine               - urlGithub: https://github.com/AlmasB/FXGL
13:23:33.327 [FXGL Background Thread 3 ] DEBUG Engine               - urlLeaderboard: http://fxgl-top.herokuapp.com/
13:23:33.327 [FXGL Background Thread 3 ] DEBUG Engine               - urlPOM: https://raw.githubusercontent.com/AlmasB/FXGL/release/README.md
13:23:33.327 [FXGL Background Thread 3 ] DEBUG Engine               - userAppClass: class GameApp
13:23:33.327 [FXGL Background Thread 3 ] DEBUG Engine               - version: Pre-Alpha 1
13:23:33.327 [FXGL Background Thread 3 ] DEBUG Engine               - versionCheckDays: 7
13:23:33.327 [FXGL Background Thread 3 ] DEBUG Engine               - width: 1920
13:23:33.327 [FXGL Background Thread 3 ] DEBUG Engine               - Logging services
13:23:33.327 [FXGL Background Thread 3 ] DEBUG Engine               - class com.almasb.fxgl.app.services.FXGLAssetLoaderService
13:23:33.327 [FXGL Background Thread 3 ] DEBUG Engine               - class com.almasb.fxgl.app.FXGLApplication$GameApplicationService
13:23:33.328 [FXGL Background Thread 3 ] DEBUG Engine               - class com.almasb.fxgl.app.services.FXGLDialogService
13:23:33.328 [FXGL Background Thread 3 ] DEBUG Engine               - class com.almasb.fxgl.app.services.IOTaskExecutorService
13:23:33.328 [FXGL Background Thread 3 ] DEBUG Engine               - class com.almasb.fxgl.io.FileSystemService
13:23:33.328 [FXGL Background Thread 3 ] DEBUG Engine               - class com.almasb.fxgl.localization.LocalizationService
13:23:33.328 [FXGL Background Thread 3 ] DEBUG Engine               - class com.almasb.fxgl.app.services.SystemBundleService
13:23:33.328 [FXGL Background Thread 3 ] DEBUG Engine               - class com.almasb.fxgl.profile.SaveLoadService
13:23:33.328 [FXGL Background Thread 3 ] DEBUG Engine               - class com.almasb.fxgl.ui.FXGLUIFactoryServiceProvider
13:23:33.328 [FXGL Background Thread 3 ] DEBUG Engine               - class com.almasb.fxgl.ui.FXGLDialogFactoryServiceProvider
13:23:33.328 [FXGL Background Thread 3 ] DEBUG Engine               - class com.almasb.fxgl.audio.AudioPlayer
13:23:33.328 [FXGL Background Thread 3 ] DEBUG Engine               - class com.almasb.fxgl.notification.impl.NotificationServiceProvider
13:23:33.328 [FXGL Background Thread 3 ] DEBUG Engine               - class com.almasb.fxgl.achievement.AchievementService
13:23:33.328 [FXGL Background Thread 3 ] DEBUG Engine               - class com.almasb.fxgl.cutscene.CutsceneService
13:23:33.328 [FXGL Background Thread 3 ] DEBUG Engine               - class com.almasb.fxgl.minigames.MiniGameService
13:23:33.328 [FXGL Background Thread 3 ] DEBUG Engine               - class com.almasb.fxgl.net.NetService
13:23:33.328 [FXGL Background Thread 3 ] DEBUG Engine               - class com.almasb.fxgl.app.services.UpdaterService
13:23:33.329 [FXGL Background Thread 3 ] DEBUG Engine               - class com.almasb.fxgl.dev.DevService
13:23:34.451 [JavaFX Application Thread] DEBUG FXGLApplication      - Exiting FXGL
13:23:34.451 [JavaFX Application Thread] DEBUG LoopRunner           - Stopping loop
13:23:34.451 [JavaFX Application Thread] DEBUG SystemBundleService  - Saving FXGL system data
13:23:34.453 [JavaFX Application Thread] DEBUG FileSystemAccess     - Writing to: /home/user/Desktop/2340G21-RhythmKnight-experimental/Project/system/fxgl.bundle
13:23:34.453 [JavaFX Application Thread] DEBUG Async                - Shutting down background threads
13:23:34.454 [JavaFX Application Thread] DEBUG PrimaryStageWindow   - Closing main window
13:23:34.455 [JavaFX Application Thread] DEBUG Logger               - Closing Logger
