16:43:26.657 [main                     ] DEBUG Logger               - Configured Logger
16:43:26.664 [main                     ] DEBUG GameApplication      - Logging settings
Title: Rhythm Knight
Version: Pre-Alpha 1
Width: 1920
Height: 1080
Fullscreen: false
Intro: false
Profiling: false
Single step:false
App Mode: DEVELOPER
Menu Key: ESCAPE
Stage Style: DECORATED
Scene Factory: class GameApp$1

16:43:27.167 [JavaFX Application Thread] DEBUG FXGLApplication      - Initializing FXGL
16:43:27.169 [JavaFX Application Thread] INFO  Engine               - FXGL-11.16 (25.05.2021 08.16) on MAC (J:16.0.1 FX:16)
16:43:27.169 [JavaFX Application Thread] DEBUG Engine               - JRE Vendor Name: Oracle Corporation
16:43:27.170 [JavaFX Application Thread] DEBUG Engine               - Running on OS: Mac OS X version 11.4
16:43:27.170 [JavaFX Application Thread] DEBUG Engine               - Architecture: x86_64
16:43:27.170 [JavaFX Application Thread] INFO  Engine               - Source code and latest versions at: https://github.com/AlmasB/FXGL
16:43:27.170 [JavaFX Application Thread] INFO  Engine               -              Join the FXGL chat at: https://gitter.im/AlmasB/FXGL
16:43:27.299 [JavaFX Application Thread] DEBUG PrimaryStageWindow   - Creating a JavaFX scene
16:43:27.299 [JavaFX Application Thread] DEBUG PrimaryStageWindow   - Target size > screen size
16:43:27.341 [JavaFX Application Thread] DEBUG PrimaryStageWindow   - Target settings size: 1920.0 x 1080.0
16:43:27.342 [JavaFX Application Thread] DEBUG PrimaryStageWindow   - Scaled scene size:    1400.0 x 801.0
16:43:27.342 [JavaFX Application Thread] DEBUG PrimaryStageWindow   - Scaled ratio: (0.7291666666666666, 0.7416666666666667)
16:43:27.343 [JavaFX Application Thread] DEBUG PrimaryStageWindow   - Set initial scene to FXGLStartupScene
16:43:27.352 [JavaFX Application Thread] DEBUG PrimaryStageWindow   - Opening main window
16:43:27.559 [JavaFX Application Thread] DEBUG PrimaryStageWindow   - Window border size: (0.0, 28.0)
16:43:27.559 [JavaFX Application Thread] DEBUG PrimaryStageWindow   - Scaled size: 1400.0 x 801.0
16:43:27.559 [JavaFX Application Thread] DEBUG PrimaryStageWindow   - Scaled ratio: (0.7291666666666666, 0.7416666666666667)
16:43:27.560 [JavaFX Application Thread] DEBUG PrimaryStageWindow   - Scene size: 1400.0 x 801.0
16:43:27.560 [JavaFX Application Thread] DEBUG PrimaryStageWindow   - Stage size: 1400.0 x 829.0
16:43:27.576 [FXGL Background Thread 1 ] DEBUG Engine               - Initializing environment variables
16:43:27.638 [FXGL Background Thread 1 ] DEBUG FXGLAssetLoaderServi - User app class for loading assets: class GameApp
16:43:27.639 [FXGL Background Thread 1 ] DEBUG GameApplicationServi - Applying CSS: fxgl_dark.css
16:43:27.639 [FXGL Background Thread 1 ] DEBUG FXGLAssetLoaderServi - Loading from file system: jar:file:/Users/kylefry/.m2/repository/com/github/almasb/fxgl/11.16/fxgl-11.16.jar!/fxglassets/ui/css/fxgl_dark.css
16:43:27.811 [FXGL Background Thread 1 ] DEBUG GameApplicationServi - Initializing application scenes
16:43:28.454 [FXGL Background Thread 1 ] DEBUG GameWorld            - Game world initialized
16:43:28.502 [FXGL Background Thread 1 ] DEBUG PhysicsWorld         - Physics world initialized: appHeight=1080, physics.ppm=50.0
16:43:28.503 [FXGL Background Thread 1 ] DEBUG PhysicsWorld         - Using strategy: BRUTE_FORCE
16:43:28.506 [FXGL Background Thread 1 ] DEBUG GameScene            - Game scene initialized: 1920x1080
16:43:28.510 [FXGL Background Thread 1 ] DEBUG FXGLAssetLoaderServi - Loading from file system: file:/Users/kylefry/Desktop/RhythmKnight/Project/target/classes/assets/textures/main-menu.png
16:43:28.601 [FXGL Background Thread 1 ] DEBUG FXGLAssetLoaderServi - Loading from file system: file:/Users/kylefry/Desktop/RhythmKnight/Project/target/classes/assets/textures/rest.png
16:43:28.616 [FXGL Background Thread 1 ] DEBUG FXGL.DefaultMenu     - createMenuBodyGameMenu()
16:43:28.624 [FXGL Background Thread 1 ] DEBUG FXGL.DefaultMenu     - createOptionsMenu()
16:43:28.630 [FXGL Background Thread 1 ] DEBUG FXGLAssetLoaderServi - Loading from file system: jar:file:/Users/kylefry/.m2/repository/com/github/almasb/fxgl/11.16/fxgl-11.16.jar!/fxglassets/textures/particles/smoke.png
16:43:28.711 [FXGL Background Thread 1 ] DEBUG FXGLAssetLoaderServi - Loading from file system: jar:file:/Users/kylefry/.m2/repository/com/github/almasb/fxgl/11.16/fxgl-11.16.jar!/fxglassets/textures/particles/trace_horizontal.png
16:43:28.746 [FXGL Background Thread 1 ] DEBUG GameApplicationServi - Application scenes initialized
16:43:28.756 [FXGL Background Thread 1 ] DEBUG SystemBundleService  - Loading FXGL system data
16:43:28.761 [FXGL Background Thread 1 ] DEBUG FileSystemAccess     - Reading from: /Users/kylefry/Desktop/RhythmKnight/Project/system/fxgl.bundle
16:43:28.767 [FXGL Background Thread 1 ] DEBUG SystemBundleService  - Bundle FXGL: {}
16:43:28.767 [FXGL Background Thread 1 ] DEBUG UpdaterService       - Checking for updates
16:43:28.770 [FXGL Background Thread 4 ] DEBUG FXGLApplication      - Loading fonts
16:43:28.771 [FXGL Background Thread 1 ] DEBUG FXGLApplication      - Loading default localization
16:43:28.771 [FXGL Background Thread 4 ] DEBUG FXGLAssetLoaderServi - Loading from file system: jar:file:/Users/kylefry/.m2/repository/com/github/almasb/fxgl/11.16/fxgl-11.16.jar!/fxglassets/ui/fonts/VarelaRound-Regular.ttf
16:43:28.772 [FXGL Background Thread 1 ] DEBUG FXGLAssetLoaderServi - Loading from file system: jar:file:/Users/kylefry/.m2/repository/com/github/almasb/fxgl/11.16/fxgl-11.16.jar!/fxglassets/languages/english.lang
16:43:28.793 [FXGL Background Thread 1 ] INFO  FXGLApplication      - FXGL initialization took: 1.217 sec
16:43:28.793 [FXGL Background Thread 4 ] DEBUG FXGLAssetLoaderServi - Loading from file system: jar:file:/Users/kylefry/.m2/repository/com/github/almasb/fxgl/11.16/fxgl-11.16.jar!/fxglassets/ui/fonts/Abel-Regular.ttf
16:43:28.796 [JavaFX Application Thread] DEBUG FXGLAssetLoaderServi - Loading from file system: jar:file:/Users/kylefry/.m2/repository/com/github/almasb/fxgl/11.16/fxgl-11.16.jar!/fxglassets/textures/fxgl_icon.png
16:43:28.797 [FXGL Background Thread 4 ] DEBUG FXGLAssetLoaderServi - Loading from file system: jar:file:/Users/kylefry/.m2/repository/com/github/almasb/fxgl/11.16/fxgl-11.16.jar!/fxglassets/ui/fonts/lucida_console.ttf
16:43:28.802 [FXGL Background Thread 4 ] DEBUG FXGLAssetLoaderServi - Loading from file system: jar:file:/Users/kylefry/.m2/repository/com/github/almasb/fxgl/11.16/fxgl-11.16.jar!/fxglassets/ui/fonts/Courier-Prime.ttf
16:43:28.823 [JavaFX Application Thread] DEBUG FXGLAssetLoaderServi - Loading from file system: jar:file:/Users/kylefry/.m2/repository/com/github/almasb/fxgl/11.16/fxgl-11.16.jar!/fxglassets/textures/fxgl_default_cursor.png
16:43:28.837 [JavaFX Application Thread] DEBUG Input                - Registered new binding: Screenshot - CTRL+8
16:43:28.837 [JavaFX Application Thread] DEBUG Input                - Registered new binding: System info dump - CTRL+9
16:43:28.837 [JavaFX Application Thread] DEBUG Input                - Registered new binding: Restart - CTRL+R
16:43:28.838 [JavaFX Application Thread] DEBUG Input                - Registered new binding: Toggle Debug Camera - CTRL+C
16:43:28.840 [JavaFX Application Thread] DEBUG LoopRunner           - Starting loop
16:43:28.840 [JavaFX Application Thread] DEBUG LoopRunner           - Initializing JavaFX AnimationTimerLoop
16:43:28.843 [JavaFX Application Thread] DEBUG Input                - Clearing active input actions
16:43:28.852 [JavaFX Application Thread] DEBUG GameApplicationServi - Removing overlay from FXGLStartupScene and adding to FXGLMainMenuDummyScene
16:43:28.853 [JavaFX Application Thread] DEBUG PrimaryStageWindow   - FXGLStartupScene -> FXGLMainMenuDummyScene
16:43:28.853 [JavaFX Application Thread] DEBUG PrimaryStageWindow   - Push state: AppMainMenu
16:43:28.853 [JavaFX Application Thread] DEBUG Input                - Clearing active input actions
16:43:28.859 [JavaFX Application Thread] DEBUG GameApplicationServi - Removing overlay from FXGLMainMenuDummyScene and adding to AppMainMenu
16:43:28.859 [JavaFX Application Thread] DEBUG PrimaryStageWindow   - FXGLMainMenuDummyScene -> AppMainMenu
16:43:28.886 [JavaFX Application Thread] DEBUG FXGLApplication      - Registering font factories with UI factory
16:43:29.803 [JavaFX Application Thread] DEBUG Menu                 - fireNewGame()
16:43:29.803 [JavaFX Application Thread] DEBUG GameApplicationServi - Starting new game
16:43:29.804 [JavaFX Application Thread] DEBUG PrimaryStageWindow   - Pop state: AppMainMenu
16:43:29.804 [JavaFX Application Thread] DEBUG Input                - Clearing active input actions
16:43:29.805 [JavaFX Application Thread] DEBUG GameApplicationServi - Removing overlay from AppMainMenu and adding to FXGLMainMenuDummyScene
16:43:29.806 [JavaFX Application Thread] DEBUG PrimaryStageWindow   - FXGLMainMenuDummyScene <- AppMainMenu
16:43:29.806 [JavaFX Application Thread] DEBUG Input                - Clearing active input actions
16:43:29.816 [JavaFX Application Thread] DEBUG GameApplicationServi - Removing overlay from FXGLMainMenuDummyScene and adding to FXGLLoadingScene
16:43:29.817 [JavaFX Application Thread] DEBUG PrimaryStageWindow   - FXGLMainMenuDummyScene -> FXGLLoadingScene
16:43:29.817 [JavaFX Application Thread] DEBUG GameApplicationServi - Clearing previous game
16:43:29.817 [JavaFX Application Thread] DEBUG GameScene            - Clearing game scene
16:43:29.817 [JavaFX Application Thread] DEBUG GameWorld            - Clearing game world
16:43:29.818 [JavaFX Application Thread] DEBUG PhysicsWorld         - Clearing physics world
16:43:29.819 [FXGL Background Thread 2 ] DEBUG FXGLApplication      - Initializing game
16:43:29.820 [FXGL Background Thread 2 ] DEBUG FXGLAssetLoaderServi - Loading from file system: file:/Users/kylefry/Desktop/RhythmKnight/Project/target/classes/assets/sounds/Tutorial.wav
16:43:29.977 [FXGL Background Thread 2 ] DEBUG FXGLAssetLoaderServi - Loading from file system: file:/Users/kylefry/Desktop/RhythmKnight/Project/target/classes/assets/textures/hex.png
16:43:29.982 [FXGL Background Thread 2 ] DEBUG FXGLAssetLoaderServi - Loading from file system: file:/Users/kylefry/Desktop/RhythmKnight/Project/target/classes/assets/textures/TutorialTilemap.png
16:43:30.029 [FXGL Background Thread 2 ] INFO  FXGLApplication      - Game initialization took: 0.210 sec
16:43:30.031 [JavaFX Application Thread] DEBUG Input                - Clearing active input actions
16:43:30.039 [JavaFX Application Thread] DEBUG GameApplicationServi - Removing overlay from FXGLLoadingScene and adding to GameScene
16:43:30.039 [JavaFX Application Thread] DEBUG PrimaryStageWindow   - FXGLLoadingScene -> GameScene
16:43:31.770 [FXGL Background Thread 3 ] DEBUG Engine               - Logging environment variables
16:43:31.770 [FXGL Background Thread 3 ] DEBUG Engine               - achievements: []
16:43:31.771 [FXGL Background Thread 3 ] DEBUG Engine               - actualHeight: 801.0
16:43:31.771 [FXGL Background Thread 3 ] DEBUG Engine               - actualHeightProperty: ReadOnlyDoubleProperty [value: 801.0]
16:43:31.771 [FXGL Background Thread 3 ] DEBUG Engine               - actualWidth: 1400.0
16:43:31.772 [FXGL Background Thread 3 ] DEBUG Engine               - actualWidthProperty: ReadOnlyDoubleProperty [value: 1400.0]
16:43:31.772 [FXGL Background Thread 3 ] DEBUG Engine               - appIcon: fxgl_icon.png
16:43:31.773 [FXGL Background Thread 3 ] DEBUG Engine               - applicationMode: DEVELOPER
16:43:31.773 [FXGL Background Thread 3 ] DEBUG Engine               - cSSList: [fxgl_dark.css]
16:43:31.774 [FXGL Background Thread 3 ] DEBUG Engine               - collisionDetectionStrategy: BRUTE_FORCE
16:43:31.775 [FXGL Background Thread 3 ] DEBUG Engine               - configClass: Optional.empty
16:43:31.776 [FXGL Background Thread 3 ] DEBUG Engine               - credits: []
16:43:31.777 [FXGL Background Thread 3 ] DEBUG Engine               - defaultCursor: CursorInfo(imageName=fxgl_default_cursor.png, hotspotX=7.0, hotspotY=6.0)
16:43:31.779 [FXGL Background Thread 3 ] DEBUG Engine               - devBBoxColorProperty: ObjectProperty [value: 0xff0000ff]
16:43:31.780 [FXGL Background Thread 3 ] DEBUG Engine               - devEnableDebugCameraProperty: BooleanProperty [value: false]
16:43:31.780 [FXGL Background Thread 3 ] DEBUG Engine               - devSensorColorProperty: ObjectProperty [value: 0xffff00ff]
16:43:31.780 [FXGL Background Thread 3 ] DEBUG Engine               - devShowBBoxProperty: BooleanProperty [value: false]
16:43:31.780 [FXGL Background Thread 3 ] DEBUG Engine               - devShowPositionProperty: BooleanProperty [value: false]
16:43:31.781 [FXGL Background Thread 3 ] DEBUG Engine               - enabledMenuItems: []
16:43:31.781 [FXGL Background Thread 3 ] DEBUG Engine               - engineServices: [class com.almasb.fxgl.app.services.FXGLAssetLoaderService, class com.almasb.fxgl.app.FXGLApplication$GameApplicationService, class com.almasb.fxgl.app.services.FXGLDialogService, class com.almasb.fxgl.app.services.IOTaskExecutorService, class com.almasb.fxgl.io.FileSystemService, class com.almasb.fxgl.localization.LocalizationService, class com.almasb.fxgl.app.services.SystemBundleService, class com.almasb.fxgl.profile.SaveLoadService, class com.almasb.fxgl.ui.FXGLUIFactoryServiceProvider, class com.almasb.fxgl.ui.FXGLDialogFactoryServiceProvider, class com.almasb.fxgl.audio.AudioPlayer, class com.almasb.fxgl.notification.impl.NotificationServiceProvider, class com.almasb.fxgl.achievement.AchievementService, class com.almasb.fxgl.cutscene.CutsceneService, class com.almasb.fxgl.minigames.MiniGameService, class com.almasb.fxgl.net.NetService, class com.almasb.fxgl.app.services.UpdaterService, class com.almasb.fxgl.dev.DevService]
16:43:31.781 [FXGL Background Thread 3 ] DEBUG Engine               - fontGame: Abel-Regular.ttf
16:43:31.782 [FXGL Background Thread 3 ] DEBUG Engine               - fontMono: lucida_console.ttf
16:43:31.782 [FXGL Background Thread 3 ] DEBUG Engine               - fontText: Courier-Prime.ttf
16:43:31.782 [FXGL Background Thread 3 ] DEBUG Engine               - fontUI: VarelaRound-Regular.ttf
16:43:31.783 [FXGL Background Thread 3 ] DEBUG Engine               - fullScreen: BooleanProperty [value: false]
16:43:31.783 [FXGL Background Thread 3 ] DEBUG Engine               - gameDifficulty: MEDIUM
16:43:31.783 [FXGL Background Thread 3 ] DEBUG Engine               - gameDifficultyProperty: ObjectProperty [value: MEDIUM]
16:43:31.783 [FXGL Background Thread 3 ] DEBUG Engine               - globalMusicVolume: 0.5
16:43:31.783 [FXGL Background Thread 3 ] DEBUG Engine               - globalMusicVolumeProperty: DoubleProperty [value: 0.5]
16:43:31.783 [FXGL Background Thread 3 ] DEBUG Engine               - globalSoundVolume: 0.5
16:43:31.783 [FXGL Background Thread 3 ] DEBUG Engine               - globalSoundVolumeProperty: DoubleProperty [value: 0.5]
16:43:31.784 [FXGL Background Thread 3 ] DEBUG Engine               - height: 1080
16:43:31.784 [FXGL Background Thread 3 ] DEBUG Engine               - is3D: false
16:43:31.784 [FXGL Background Thread 3 ] DEBUG Engine               - isAndroid: false
16:43:31.784 [FXGL Background Thread 3 ] DEBUG Engine               - isBrowser: false
16:43:31.784 [FXGL Background Thread 3 ] DEBUG Engine               - isClickFeedbackEnabled: false
16:43:31.784 [FXGL Background Thread 3 ] DEBUG Engine               - isCloseConfirmation: false
16:43:31.785 [FXGL Background Thread 3 ] DEBUG Engine               - isDesktop: true
16:43:31.785 [FXGL Background Thread 3 ] DEBUG Engine               - isDeveloperMenuEnabled: false
16:43:31.785 [FXGL Background Thread 3 ] DEBUG Engine               - isEntityPreloadEnabled: true
16:43:31.785 [FXGL Background Thread 3 ] DEBUG Engine               - isExperimentalTiledLargeMap: false
16:43:31.785 [FXGL Background Thread 3 ] DEBUG Engine               - isFileSystemWriteAllowed: true
16:43:31.785 [FXGL Background Thread 3 ] DEBUG Engine               - isFullScreenAllowed: false
16:43:31.786 [FXGL Background Thread 3 ] DEBUG Engine               - isFullScreenFromStart: false
16:43:31.786 [FXGL Background Thread 3 ] DEBUG Engine               - isGameMenuEnabled: true
16:43:31.786 [FXGL Background Thread 3 ] DEBUG Engine               - isIOS: false
16:43:31.786 [FXGL Background Thread 3 ] DEBUG Engine               - isIntroEnabled: false
16:43:31.786 [FXGL Background Thread 3 ] DEBUG Engine               - isLinux: false
16:43:31.786 [FXGL Background Thread 3 ] DEBUG Engine               - isMac: true
16:43:31.787 [FXGL Background Thread 3 ] DEBUG Engine               - isMainMenuEnabled: true
16:43:31.787 [FXGL Background Thread 3 ] DEBUG Engine               - isManualResizeEnabled: false
16:43:31.787 [FXGL Background Thread 3 ] DEBUG Engine               - isMobile: false
16:43:31.787 [FXGL Background Thread 3 ] DEBUG Engine               - isNative: false
16:43:31.787 [FXGL Background Thread 3 ] DEBUG Engine               - isPreserveResizeRatio: false
16:43:31.787 [FXGL Background Thread 3 ] DEBUG Engine               - isProfilingEnabled: false
16:43:31.787 [FXGL Background Thread 3 ] DEBUG Engine               - isScaleAffectedOnResize: true
16:43:31.787 [FXGL Background Thread 3 ] DEBUG Engine               - isSingleStep: false
16:43:31.787 [FXGL Background Thread 3 ] DEBUG Engine               - isUserProfileEnabled: false
16:43:31.787 [FXGL Background Thread 3 ] DEBUG Engine               - isWindows: false
16:43:31.788 [FXGL Background Thread 3 ] DEBUG Engine               - language: ObjectProperty [value: ENGLISH]
16:43:31.788 [FXGL Background Thread 3 ] DEBUG Engine               - menuKey: ESCAPE
16:43:31.788 [FXGL Background Thread 3 ] DEBUG Engine               - mouseSensitivity: 0.2
16:43:31.788 [FXGL Background Thread 3 ] DEBUG Engine               - notificationViewClass: class com.almasb.fxgl.notification.view.XboxNotificationView
16:43:31.788 [FXGL Background Thread 3 ] DEBUG Engine               - pixelsPerMeter: 50.0
16:43:31.789 [FXGL Background Thread 3 ] DEBUG Engine               - platform: MAC
16:43:31.789 [FXGL Background Thread 3 ] DEBUG Engine               - prefHeightProperty: ReadOnlyDoubleProperty [value: 1080.0]
16:43:31.789 [FXGL Background Thread 3 ] DEBUG Engine               - prefWidthProperty: ReadOnlyDoubleProperty [value: 1920.0]
16:43:31.789 [FXGL Background Thread 3 ] DEBUG Engine               - profileDir: profiles/
16:43:31.790 [FXGL Background Thread 3 ] DEBUG Engine               - profileName: StringProperty [value: DEFAULT]
16:43:31.790 [FXGL Background Thread 3 ] DEBUG Engine               - randomSeed: -1
16:43:31.791 [FXGL Background Thread 3 ] DEBUG Engine               - runtimeInfo: RuntimeInfo(platform=MAC, version=11.16, build=25.05.2021 08.16)
16:43:31.791 [FXGL Background Thread 3 ] DEBUG Engine               - saveFileExt: sav
16:43:31.791 [FXGL Background Thread 3 ] DEBUG Engine               - scaledHeightProp$fxgl: DoubleProperty [bound, value: 801.0]
16:43:31.791 [FXGL Background Thread 3 ] DEBUG Engine               - scaledWidthProp$fxgl: DoubleProperty [bound, value: 1400.0]
16:43:31.791 [FXGL Background Thread 3 ] DEBUG Engine               - sceneFactory: GameApp$1@bfa6ea8
16:43:31.792 [FXGL Background Thread 3 ] DEBUG Engine               - secondsIn24h: 60
16:43:31.792 [FXGL Background Thread 3 ] DEBUG Engine               - soundMenuBack: menu/back.wav
16:43:31.792 [FXGL Background Thread 3 ] DEBUG Engine               - soundMenuPress: menu/press.wav
16:43:31.792 [FXGL Background Thread 3 ] DEBUG Engine               - soundMenuSelect: menu/select.wav
16:43:31.792 [FXGL Background Thread 3 ] DEBUG Engine               - soundNotification: core/notification.wav
16:43:31.792 [FXGL Background Thread 3 ] DEBUG Engine               - stageStyle: DECORATED
16:43:31.792 [FXGL Background Thread 3 ] DEBUG Engine               - supportedLanguages: [ENGLISH, FRENCH, GERMAN, HUNGARIAN, RUSSIAN]
16:43:31.792 [FXGL Background Thread 3 ] DEBUG Engine               - ticksPerSecond: -1
16:43:31.793 [FXGL Background Thread 3 ] DEBUG Engine               - title: Rhythm Knight
16:43:31.793 [FXGL Background Thread 3 ] DEBUG Engine               - urlGithub: https://github.com/AlmasB/FXGL
16:43:31.793 [FXGL Background Thread 3 ] DEBUG Engine               - urlLeaderboard: http://fxgl-top.herokuapp.com/
16:43:31.793 [FXGL Background Thread 3 ] DEBUG Engine               - urlPOM: https://raw.githubusercontent.com/AlmasB/FXGL/release/README.md
16:43:31.793 [FXGL Background Thread 3 ] DEBUG Engine               - userAppClass: class GameApp
16:43:31.793 [FXGL Background Thread 3 ] DEBUG Engine               - version: Pre-Alpha 1
16:43:31.793 [FXGL Background Thread 3 ] DEBUG Engine               - versionCheckDays: 7
16:43:31.793 [FXGL Background Thread 3 ] DEBUG Engine               - width: 1920
16:43:31.794 [FXGL Background Thread 3 ] DEBUG Engine               - Logging services
16:43:31.794 [FXGL Background Thread 3 ] DEBUG Engine               - class com.almasb.fxgl.app.services.FXGLAssetLoaderService
16:43:31.794 [FXGL Background Thread 3 ] DEBUG Engine               - class com.almasb.fxgl.app.FXGLApplication$GameApplicationService
16:43:31.794 [FXGL Background Thread 3 ] DEBUG Engine               - class com.almasb.fxgl.app.services.FXGLDialogService
16:43:31.794 [FXGL Background Thread 3 ] DEBUG Engine               - class com.almasb.fxgl.app.services.IOTaskExecutorService
16:43:31.794 [FXGL Background Thread 3 ] DEBUG Engine               - class com.almasb.fxgl.io.FileSystemService
16:43:31.794 [FXGL Background Thread 3 ] DEBUG Engine               - class com.almasb.fxgl.localization.LocalizationService
16:43:31.794 [FXGL Background Thread 3 ] DEBUG Engine               - class com.almasb.fxgl.app.services.SystemBundleService
16:43:31.795 [FXGL Background Thread 3 ] DEBUG Engine               - class com.almasb.fxgl.profile.SaveLoadService
16:43:31.795 [FXGL Background Thread 3 ] DEBUG Engine               - class com.almasb.fxgl.ui.FXGLUIFactoryServiceProvider
16:43:31.795 [FXGL Background Thread 3 ] DEBUG Engine               - class com.almasb.fxgl.ui.FXGLDialogFactoryServiceProvider
16:43:31.795 [FXGL Background Thread 3 ] DEBUG Engine               - class com.almasb.fxgl.audio.AudioPlayer
16:43:31.795 [FXGL Background Thread 3 ] DEBUG Engine               - class com.almasb.fxgl.notification.impl.NotificationServiceProvider
16:43:31.795 [FXGL Background Thread 3 ] DEBUG Engine               - class com.almasb.fxgl.achievement.AchievementService
16:43:31.795 [FXGL Background Thread 3 ] DEBUG Engine               - class com.almasb.fxgl.cutscene.CutsceneService
16:43:31.796 [FXGL Background Thread 3 ] DEBUG Engine               - class com.almasb.fxgl.minigames.MiniGameService
16:43:31.796 [FXGL Background Thread 3 ] DEBUG Engine               - class com.almasb.fxgl.net.NetService
16:43:31.796 [FXGL Background Thread 3 ] DEBUG Engine               - class com.almasb.fxgl.app.services.UpdaterService
16:43:31.796 [FXGL Background Thread 3 ] DEBUG Engine               - class com.almasb.fxgl.dev.DevService
16:43:52.121 [JavaFX Application Thread] DEBUG FXGLApplication      - Exiting FXGL
16:43:52.121 [JavaFX Application Thread] DEBUG LoopRunner           - Stopping loop
16:43:52.121 [JavaFX Application Thread] DEBUG SystemBundleService  - Saving FXGL system data
16:43:52.123 [JavaFX Application Thread] DEBUG FileSystemAccess     - Writing to: /Users/kylefry/Desktop/RhythmKnight/Project/system/fxgl.bundle
16:43:52.125 [JavaFX Application Thread] DEBUG Async                - Shutting down background threads
16:43:52.125 [JavaFX Application Thread] DEBUG PrimaryStageWindow   - Closing main window
16:43:52.133 [JavaFX Application Thread] DEBUG Logger               - Closing Logger
